

================================================================
== Vitis HLS Report for 'dut_Pipeline_VITIS_LOOP_27_3'
================================================================
* Date:           Thu Apr 23 22:10:21 2026

* Version:        2025.1 (Build 6135595 on May 21 2025)
* Project:        mcts.prj
* Solution:       solution1 (Vivado IP Flow Target)
* Product family: zynquplus
* Target device:  xck26-sfvc784-2LV-c


================================================================
== Performance Estimates
================================================================
+ Timing: 
    * Summary: 
    +--------+----------+----------+------------+
    |  Clock |  Target  | Estimated| Uncertainty|
    +--------+----------+----------+------------+
    |ap_clk  |  10.00 ns|  7.157 ns|     2.70 ns|
    +--------+----------+----------+------------+

+ Latency: 
    * Summary: 
    +---------+---------+----------+----------+-----+-----+------------------------------------------------+
    |  Latency (cycles) |  Latency (absolute) |  Interval |                    Pipeline                    |
    |   min   |   max   |    min   |    max   | min | max |                      Type                      |
    +---------+---------+----------+----------+-----+-----+------------------------------------------------+
    |       10|       10|  0.100 us|  0.100 us|    9|    9|  loop auto-rewind stp (delay=0 clock cycles(s))|
    +---------+---------+----------+----------+-----+-----+------------------------------------------------+

    + Detail: 
        * Instance: 
        N/A

        * Loop: 
        +-------------------+---------+---------+----------+-----------+-----------+------+----------+
        |                   |  Latency (cycles) | Iteration|  Initiation Interval  | Trip |          |
        |     Loop Name     |   min   |   max   |  Latency |  achieved |   target  | Count| Pipelined|
        +-------------------+---------+---------+----------+-----------+-----------+------+----------+
        |- VITIS_LOOP_27_3  |        8|        8|         5|          4|          1|     2|       yes|
        +-------------------+---------+---------+----------+-----------+-----------+------+----------+



================================================================
== Utilization Estimates
================================================================
* Summary: 
+-----------------+---------+------+--------+--------+-----+
|       Name      | BRAM_18K|  DSP |   FF   |   LUT  | URAM|
+-----------------+---------+------+--------+--------+-----+
|DSP              |        -|     -|       -|       -|    -|
|Expression       |        -|     -|       0|     910|    -|
|FIFO             |        -|     -|       -|       -|    -|
|Instance         |        -|     -|       0|    2304|    -|
|Memory           |        -|     -|       -|       -|    -|
|Multiplexer      |        -|     -|       0|      98|    -|
|Register         |        -|     -|     229|       -|    -|
+-----------------+---------+------+--------+--------+-----+
|Total            |        0|     0|     229|    3312|    0|
+-----------------+---------+------+--------+--------+-----+
|Available        |      288|  1248|  234240|  117120|   64|
+-----------------+---------+------+--------+--------+-----+
|Utilization (%)  |        0|     0|      ~0|       2|    0|
+-----------------+---------+------+--------+--------+-----+

+ Detail: 
    * Instance: 
    +-------------------------------------+---------------------------------+---------+----+---+----+-----+
    |               Instance              |              Module             | BRAM_18K| DSP| FF| LUT| URAM|
    +-------------------------------------+---------------------------------+---------+----+---+----+-----+
    |bitset_49ns_49ns_6ns_1ns_49_1_1_U36  |bitset_49ns_49ns_6ns_1ns_49_1_1  |        0|   0|  0|  72|    0|
    |bitset_49ns_49ns_6ns_1ns_49_1_1_U37  |bitset_49ns_49ns_6ns_1ns_49_1_1  |        0|   0|  0|  72|    0|
    |bitset_49ns_49ns_6ns_1ns_49_1_1_U38  |bitset_49ns_49ns_6ns_1ns_49_1_1  |        0|   0|  0|  72|    0|
    |bitset_49ns_49ns_6ns_1ns_49_1_1_U39  |bitset_49ns_49ns_6ns_1ns_49_1_1  |        0|   0|  0|  72|    0|
    |bitset_49ns_49ns_6ns_1ns_49_1_1_U40  |bitset_49ns_49ns_6ns_1ns_49_1_1  |        0|   0|  0|  72|    0|
    |bitset_49ns_49ns_6ns_1ns_49_1_1_U41  |bitset_49ns_49ns_6ns_1ns_49_1_1  |        0|   0|  0|  72|    0|
    |bitset_49ns_49ns_6ns_1ns_49_1_1_U42  |bitset_49ns_49ns_6ns_1ns_49_1_1  |        0|   0|  0|  72|    0|
    |bitset_49ns_49ns_6ns_1ns_49_1_1_U43  |bitset_49ns_49ns_6ns_1ns_49_1_1  |        0|   0|  0|  72|    0|
    |bitset_49ns_49ns_6ns_1ns_49_1_1_U44  |bitset_49ns_49ns_6ns_1ns_49_1_1  |        0|   0|  0|  72|    0|
    |bitset_49ns_49ns_6ns_1ns_49_1_1_U45  |bitset_49ns_49ns_6ns_1ns_49_1_1  |        0|   0|  0|  72|    0|
    |bitset_49ns_49ns_6ns_1ns_49_1_1_U46  |bitset_49ns_49ns_6ns_1ns_49_1_1  |        0|   0|  0|  72|    0|
    |bitset_49ns_49ns_6ns_1ns_49_1_1_U47  |bitset_49ns_49ns_6ns_1ns_49_1_1  |        0|   0|  0|  72|    0|
    |bitset_49ns_49ns_6ns_1ns_49_1_1_U48  |bitset_49ns_49ns_6ns_1ns_49_1_1  |        0|   0|  0|  72|    0|
    |bitset_49ns_49ns_6ns_1ns_49_1_1_U49  |bitset_49ns_49ns_6ns_1ns_49_1_1  |        0|   0|  0|  72|    0|
    |bitset_49ns_49ns_6ns_1ns_49_1_1_U50  |bitset_49ns_49ns_6ns_1ns_49_1_1  |        0|   0|  0|  72|    0|
    |bitset_49ns_49ns_6ns_1ns_49_1_1_U51  |bitset_49ns_49ns_6ns_1ns_49_1_1  |        0|   0|  0|  72|    0|
    |bitset_49ns_49ns_6ns_1ns_49_1_1_U52  |bitset_49ns_49ns_6ns_1ns_49_1_1  |        0|   0|  0|  72|    0|
    |bitset_49ns_49ns_6ns_1ns_49_1_1_U53  |bitset_49ns_49ns_6ns_1ns_49_1_1  |        0|   0|  0|  72|    0|
    |bitset_49ns_49ns_6ns_1ns_49_1_1_U54  |bitset_49ns_49ns_6ns_1ns_49_1_1  |        0|   0|  0|  72|    0|
    |bitset_49ns_49ns_6ns_1ns_49_1_1_U55  |bitset_49ns_49ns_6ns_1ns_49_1_1  |        0|   0|  0|  72|    0|
    |bitset_49ns_49ns_6ns_1ns_49_1_1_U56  |bitset_49ns_49ns_6ns_1ns_49_1_1  |        0|   0|  0|  72|    0|
    |bitset_49ns_49ns_6ns_1ns_49_1_1_U57  |bitset_49ns_49ns_6ns_1ns_49_1_1  |        0|   0|  0|  72|    0|
    |bitset_49ns_49ns_6ns_1ns_49_1_1_U58  |bitset_49ns_49ns_6ns_1ns_49_1_1  |        0|   0|  0|  72|    0|
    |bitset_49ns_49ns_6ns_1ns_49_1_1_U59  |bitset_49ns_49ns_6ns_1ns_49_1_1  |        0|   0|  0|  72|    0|
    |bitset_49ns_49ns_6ns_1ns_49_1_1_U60  |bitset_49ns_49ns_6ns_1ns_49_1_1  |        0|   0|  0|  72|    0|
    |bitset_49ns_49ns_6ns_1ns_49_1_1_U61  |bitset_49ns_49ns_6ns_1ns_49_1_1  |        0|   0|  0|  72|    0|
    |bitset_49ns_49ns_6ns_1ns_49_1_1_U62  |bitset_49ns_49ns_6ns_1ns_49_1_1  |        0|   0|  0|  72|    0|
    |bitset_49ns_49ns_6ns_1ns_49_1_1_U63  |bitset_49ns_49ns_6ns_1ns_49_1_1  |        0|   0|  0|  72|    0|
    |bitset_49ns_49ns_6ns_1ns_49_1_1_U64  |bitset_49ns_49ns_6ns_1ns_49_1_1  |        0|   0|  0|  72|    0|
    |bitset_49ns_49ns_6ns_1ns_49_1_1_U65  |bitset_49ns_49ns_6ns_1ns_49_1_1  |        0|   0|  0|  72|    0|
    |bitset_49ns_49ns_6ns_1ns_49_1_1_U66  |bitset_49ns_49ns_6ns_1ns_49_1_1  |        0|   0|  0|  72|    0|
    |bitset_49ns_49ns_6ns_1ns_49_1_1_U67  |bitset_49ns_49ns_6ns_1ns_49_1_1  |        0|   0|  0|  72|    0|
    +-------------------------------------+---------------------------------+---------+----+---+----+-----+
    |Total                                |                                 |        0|   0|  0|2304|    0|
    +-------------------------------------+---------------------------------+---------+----+---+----+-----+

    * DSP: 
    N/A

    * Memory: 
    N/A

    * FIFO: 
    N/A

    * Expression: 
    +---------------------------------------+----------+----+---+----+------------+------------+
    |             Variable Name             | Operation| DSP| FF| LUT| Bitwidth P0| Bitwidth P1|
    +---------------------------------------+----------+----+---+----+------------+------------+
    |word_2_fu_210_p2                       |         +|   0|  0|   9|           2|           1|
    |ap_block_pp0_stage1_11001_grp1         |       and|   0|  0|   2|           1|           1|
    |ap_block_state2_pp0_stage1_iter0_grp1  |       and|   0|  0|   2|           1|           1|
    |icmp_ln27_fu_204_p2                    |      icmp|   0|  0|  10|           2|           3|
    |icmp_ln31_10_fu_1064_p2                |      icmp|   0|  0|  13|           6|           5|
    |icmp_ln31_11_fu_1094_p2                |      icmp|   0|  0|  13|           6|           5|
    |icmp_ln31_12_fu_1124_p2                |      icmp|   0|  0|  13|           6|           5|
    |icmp_ln31_13_fu_1154_p2                |      icmp|   0|  0|  13|           6|           5|
    |icmp_ln31_14_fu_1184_p2                |      icmp|   0|  0|  13|           6|           5|
    |icmp_ln31_1_fu_800_p2                  |      icmp|   0|  0|  13|           6|           5|
    |icmp_ln31_2_fu_830_p2                  |      icmp|   0|  0|  13|           6|           5|
    |icmp_ln31_3_fu_860_p2                  |      icmp|   0|  0|  13|           6|           5|
    |icmp_ln31_4_fu_890_p2                  |      icmp|   0|  0|  13|           6|           5|
    |icmp_ln31_5_fu_920_p2                  |      icmp|   0|  0|  13|           6|           5|
    |icmp_ln31_6_fu_948_p2                  |      icmp|   0|  0|  13|           6|           5|
    |icmp_ln31_7_fu_978_p2                  |      icmp|   0|  0|  13|           6|           5|
    |icmp_ln31_8_fu_1008_p2                 |      icmp|   0|  0|  13|           6|           5|
    |icmp_ln31_9_fu_1034_p2                 |      icmp|   0|  0|  13|           6|           5|
    |icmp_ln31_fu_770_p2                    |      icmp|   0|  0|  13|           6|           5|
    |player2_19_fu_785_p3                   |    select|   0|  0|  46|           1|          49|
    |player2_21_fu_815_p3                   |    select|   0|  0|  46|           1|          49|
    |player2_23_fu_845_p3                   |    select|   0|  0|  46|           1|          49|
    |player2_25_fu_875_p3                   |    select|   0|  0|  46|           1|          49|
    |player2_27_fu_905_p3                   |    select|   0|  0|  46|           1|          49|
    |player2_29_fu_934_p3                   |    select|   0|  0|  46|           1|          49|
    |player2_31_fu_963_p3                   |    select|   0|  0|  46|           1|          49|
    |player2_33_fu_993_p3                   |    select|   0|  0|  46|           1|          49|
    |player2_35_fu_1021_p3                  |    select|   0|  0|  46|           1|          49|
    |player2_37_fu_1049_p3                  |    select|   0|  0|  46|           1|          49|
    |player2_39_fu_1079_p3                  |    select|   0|  0|  46|           1|          49|
    |player2_41_fu_1109_p3                  |    select|   0|  0|  46|           1|          49|
    |player2_43_fu_1139_p3                  |    select|   0|  0|  46|           1|          49|
    |player2_45_fu_1169_p3                  |    select|   0|  0|  46|           1|          49|
    |player2_47_fu_1199_p3                  |    select|   0|  0|  46|           1|          49|
    |ap_enable_pp0                          |       xor|   0|  0|   2|           1|           2|
    +---------------------------------------+----------+----+---+----+------------+------------+
    |Total                                  |          |   0|  0| 910|         112|         818|
    +---------------------------------------+----------+----+---+----+------------+------------+

    * Multiplexer: 
    +-----------------------------+----+-----------+-----+-----------+
    |             Name            | LUT| Input Size| Bits| Total Bits|
    +-----------------------------+----+-----------+-----+-----------+
    |ap_NS_fsm                    |  26|          5|    1|          5|
    |ap_done_int                  |   9|          2|    1|          2|
    |ap_enable_reg_pp0_iter0      |   9|          2|    1|          2|
    |ap_enable_reg_pp0_iter0_reg  |   9|          2|    1|          2|
    |ap_enable_reg_pp0_iter1      |   9|          2|    1|          2|
    |ap_sig_allocacmp_word_1      |   9|          2|    2|          4|
    |player2_fu_170               |   9|          2|   49|         98|
    |strm_in_blk_n                |   9|          2|    1|          2|
    |word_fu_174                  |   9|          2|    2|          4|
    +-----------------------------+----+-----------+-----+-----------+
    |Total                        |  98|         21|   59|        121|
    +-----------------------------+----+-----------+-----+-----------+

    * Register: 
    +-----------------------------+----+----+-----+-----------+
    |             Name            | FF | LUT| Bits| Const Bits|
    +-----------------------------+----+----+-----+-----------+
    |ap_CS_fsm                    |   4|   0|    4|          0|
    |ap_done_reg                  |   1|   0|    1|          0|
    |ap_enable_reg_pp0_iter0_reg  |   1|   0|    1|          0|
    |ap_enable_reg_pp0_iter1      |   1|   0|    1|          0|
    |empty_reg_1235               |   1|   0|    1|          0|
    |icmp_ln27_reg_1231           |   1|   0|    1|          0|
    |icmp_ln31_8_reg_1393         |   1|   0|    1|          0|
    |idx_25_reg_1388              |   1|   0|    6|          5|
    |player2_12_reg_1271          |  49|   0|   49|          0|
    |player2_27_reg_1376          |  49|   0|   49|          0|
    |player2_33_reg_1382          |  49|   0|   49|          0|
    |player2_fu_170               |  49|   0|   49|          0|
    |tmp_273_reg_1276             |   1|   0|    1|          0|
    |tmp_275_reg_1281             |   1|   0|    1|          0|
    |tmp_277_reg_1286             |   1|   0|    1|          0|
    |tmp_279_reg_1291             |   1|   0|    1|          0|
    |tmp_281_reg_1296             |   1|   0|    1|          0|
    |tmp_283_reg_1301             |   1|   0|    1|          0|
    |tmp_285_reg_1306             |   1|   0|    1|          0|
    |tmp_287_reg_1311             |   1|   0|    1|          0|
    |tmp_289_reg_1316             |   1|   0|    1|          0|
    |tmp_291_reg_1321             |   1|   0|    1|          0|
    |tmp_293_reg_1326             |   1|   0|    1|          0|
    |tmp_295_reg_1331             |   1|   0|    1|          0|
    |tmp_297_reg_1336             |   1|   0|    1|          0|
    |tmp_299_reg_1341             |   1|   0|    1|          0|
    |tmp_301_reg_1346             |   1|   0|    1|          0|
    |tmp_303_reg_1351             |   1|   0|    1|          0|
    |tmp_305_reg_1356             |   1|   0|    1|          0|
    |tmp_307_reg_1361             |   1|   0|    1|          0|
    |tmp_309_reg_1366             |   1|   0|    1|          0|
    |tmp_311_reg_1371             |   1|   0|    1|          0|
    |word_fu_174                  |   2|   0|    2|          0|
    +-----------------------------+----+----+-----+-----------+
    |Total                        | 229|   0|  234|          5|
    +-----------------------------+----+----+-----+-----------+



================================================================
== Interface
================================================================
* Summary: 
+--------------------+-----+-----+------------+------------------------------+--------------+
|      RTL Ports     | Dir | Bits|  Protocol  |         Source Object        |    C Type    |
+--------------------+-----+-----+------------+------------------------------+--------------+
|ap_clk              |   in|    1|  ap_ctrl_hs|  dut_Pipeline_VITIS_LOOP_27_3|  return value|
|ap_rst              |   in|    1|  ap_ctrl_hs|  dut_Pipeline_VITIS_LOOP_27_3|  return value|
|ap_start            |   in|    1|  ap_ctrl_hs|  dut_Pipeline_VITIS_LOOP_27_3|  return value|
|ap_done             |  out|    1|  ap_ctrl_hs|  dut_Pipeline_VITIS_LOOP_27_3|  return value|
|ap_idle             |  out|    1|  ap_ctrl_hs|  dut_Pipeline_VITIS_LOOP_27_3|  return value|
|ap_ready            |  out|    1|  ap_ctrl_hs|  dut_Pipeline_VITIS_LOOP_27_3|  return value|
|strm_in_dout        |   in|   32|     ap_fifo|                       strm_in|       pointer|
|strm_in_empty_n     |   in|    1|     ap_fifo|                       strm_in|       pointer|
|strm_in_read        |  out|    1|     ap_fifo|                       strm_in|       pointer|
|player2_out         |  out|   49|      ap_vld|                   player2_out|       pointer|
|player2_out_ap_vld  |  out|    1|      ap_vld|                   player2_out|       pointer|
+--------------------+-----+-----+------------+------------------------------+--------------+

