

================================================================
== Vitis HLS Report for 'dut_Pipeline_VITIS_LOOP_17_1'
================================================================
* Date:           Thu Apr 23 22:10:21 2026

* Version:        2025.1 (Build 6135595 on May 21 2025)
* Project:        mcts.prj
* Solution:       solution1 (Vivado IP Flow Target)
* Product family: zynquplus
* Target device:  xck26-sfvc784-2LV-c


================================================================
== Performance Estimates
================================================================
+ Timing: 
    * Summary: 
    +--------+----------+----------+------------+
    |  Clock |  Target  | Estimated| Uncertainty|
    +--------+----------+----------+------------+
    |ap_clk  |  10.00 ns|  7.157 ns|     2.70 ns|
    +--------+----------+----------+------------+

+ Latency: 
    * Summary: 
    +---------+---------+----------+----------+-----+-----+------------------------------------------------+
    |  Latency (cycles) |  Latency (absolute) |  Interval |                    Pipeline                    |
    |   min   |   max   |    min   |    max   | min | max |                      Type                      |
    +---------+---------+----------+----------+-----+-----+------------------------------------------------+
    |       10|       10|  0.100 us|  0.100 us|    9|    9|  loop auto-rewind stp (delay=0 clock cycles(s))|
    +---------+---------+----------+----------+-----+-----+------------------------------------------------+

    + Detail: 
        * Instance: 
        N/A

        * Loop: 
        +-------------------+---------+---------+----------+-----------+-----------+------+----------+
        |                   |  Latency (cycles) | Iteration|  Initiation Interval  | Trip |          |
        |     Loop Name     |   min   |   max   |  Latency |  achieved |   target  | Count| Pipelined|
        +-------------------+---------+---------+----------+-----------+-----------+------+----------+
        |- VITIS_LOOP_17_1  |        8|        8|         5|          4|          1|     2|       yes|
        +-------------------+---------+---------+----------+-----------+-----------+------+----------+



================================================================
== Utilization Estimates
================================================================
* Summary: 
+-----------------+---------+------+--------+--------+-----+
|       Name      | BRAM_18K|  DSP |   FF   |   LUT  | URAM|
+-----------------+---------+------+--------+--------+-----+
|DSP              |        -|     -|       -|       -|    -|
|Expression       |        -|     -|       0|     910|    -|
|FIFO             |        -|     -|       -|       -|    -|
|Instance         |        -|     -|       0|    2304|    -|
|Memory           |        -|     -|       -|       -|    -|
|Multiplexer      |        -|     -|       0|      98|    -|
|Register         |        -|     -|     229|       -|    -|
+-----------------+---------+------+--------+--------+-----+
|Total            |        0|     0|     229|    3312|    0|
+-----------------+---------+------+--------+--------+-----+
|Available        |      288|  1248|  234240|  117120|   64|
+-----------------+---------+------+--------+--------+-----+
|Utilization (%)  |        0|     0|      ~0|       2|    0|
+-----------------+---------+------+--------+--------+-----+

+ Detail: 
    * Instance: 
    +-------------------------------------+---------------------------------+---------+----+---+----+-----+
    |               Instance              |              Module             | BRAM_18K| DSP| FF| LUT| URAM|
    +-------------------------------------+---------------------------------+---------+----+---+----+-----+
    |bitset_49ns_49ns_6ns_1ns_49_1_1_U1   |bitset_49ns_49ns_6ns_1ns_49_1_1  |        0|   0|  0|  72|    0|
    |bitset_49ns_49ns_6ns_1ns_49_1_1_U2   |bitset_49ns_49ns_6ns_1ns_49_1_1  |        0|   0|  0|  72|    0|
    |bitset_49ns_49ns_6ns_1ns_49_1_1_U3   |bitset_49ns_49ns_6ns_1ns_49_1_1  |        0|   0|  0|  72|    0|
    |bitset_49ns_49ns_6ns_1ns_49_1_1_U4   |bitset_49ns_49ns_6ns_1ns_49_1_1  |        0|   0|  0|  72|    0|
    |bitset_49ns_49ns_6ns_1ns_49_1_1_U5   |bitset_49ns_49ns_6ns_1ns_49_1_1  |        0|   0|  0|  72|    0|
    |bitset_49ns_49ns_6ns_1ns_49_1_1_U6   |bitset_49ns_49ns_6ns_1ns_49_1_1  |        0|   0|  0|  72|    0|
    |bitset_49ns_49ns_6ns_1ns_49_1_1_U7   |bitset_49ns_49ns_6ns_1ns_49_1_1  |        0|   0|  0|  72|    0|
    |bitset_49ns_49ns_6ns_1ns_49_1_1_U8   |bitset_49ns_49ns_6ns_1ns_49_1_1  |        0|   0|  0|  72|    0|
    |bitset_49ns_49ns_6ns_1ns_49_1_1_U9   |bitset_49ns_49ns_6ns_1ns_49_1_1  |        0|   0|  0|  72|    0|
    |bitset_49ns_49ns_6ns_1ns_49_1_1_U10  |bitset_49ns_49ns_6ns_1ns_49_1_1  |        0|   0|  0|  72|    0|
    |bitset_49ns_49ns_6ns_1ns_49_1_1_U11  |bitset_49ns_49ns_6ns_1ns_49_1_1  |        0|   0|  0|  72|    0|
    |bitset_49ns_49ns_6ns_1ns_49_1_1_U12  |bitset_49ns_49ns_6ns_1ns_49_1_1  |        0|   0|  0|  72|    0|
    |bitset_49ns_49ns_6ns_1ns_49_1_1_U13  |bitset_49ns_49ns_6ns_1ns_49_1_1  |        0|   0|  0|  72|    0|
    |bitset_49ns_49ns_6ns_1ns_49_1_1_U14  |bitset_49ns_49ns_6ns_1ns_49_1_1  |        0|   0|  0|  72|    0|
    |bitset_49ns_49ns_6ns_1ns_49_1_1_U15  |bitset_49ns_49ns_6ns_1ns_49_1_1  |        0|   0|  0|  72|    0|
    |bitset_49ns_49ns_6ns_1ns_49_1_1_U16  |bitset_49ns_49ns_6ns_1ns_49_1_1  |        0|   0|  0|  72|    0|
    |bitset_49ns_49ns_6ns_1ns_49_1_1_U17  |bitset_49ns_49ns_6ns_1ns_49_1_1  |        0|   0|  0|  72|    0|
    |bitset_49ns_49ns_6ns_1ns_49_1_1_U18  |bitset_49ns_49ns_6ns_1ns_49_1_1  |        0|   0|  0|  72|    0|
    |bitset_49ns_49ns_6ns_1ns_49_1_1_U19  |bitset_49ns_49ns_6ns_1ns_49_1_1  |        0|   0|  0|  72|    0|
    |bitset_49ns_49ns_6ns_1ns_49_1_1_U20  |bitset_49ns_49ns_6ns_1ns_49_1_1  |        0|   0|  0|  72|    0|
    |bitset_49ns_49ns_6ns_1ns_49_1_1_U21  |bitset_49ns_49ns_6ns_1ns_49_1_1  |        0|   0|  0|  72|    0|
    |bitset_49ns_49ns_6ns_1ns_49_1_1_U22  |bitset_49ns_49ns_6ns_1ns_49_1_1  |        0|   0|  0|  72|    0|
    |bitset_49ns_49ns_6ns_1ns_49_1_1_U23  |bitset_49ns_49ns_6ns_1ns_49_1_1  |        0|   0|  0|  72|    0|
    |bitset_49ns_49ns_6ns_1ns_49_1_1_U24  |bitset_49ns_49ns_6ns_1ns_49_1_1  |        0|   0|  0|  72|    0|
    |bitset_49ns_49ns_6ns_1ns_49_1_1_U25  |bitset_49ns_49ns_6ns_1ns_49_1_1  |        0|   0|  0|  72|    0|
    |bitset_49ns_49ns_6ns_1ns_49_1_1_U26  |bitset_49ns_49ns_6ns_1ns_49_1_1  |        0|   0|  0|  72|    0|
    |bitset_49ns_49ns_6ns_1ns_49_1_1_U27  |bitset_49ns_49ns_6ns_1ns_49_1_1  |        0|   0|  0|  72|    0|
    |bitset_49ns_49ns_6ns_1ns_49_1_1_U28  |bitset_49ns_49ns_6ns_1ns_49_1_1  |        0|   0|  0|  72|    0|
    |bitset_49ns_49ns_6ns_1ns_49_1_1_U29  |bitset_49ns_49ns_6ns_1ns_49_1_1  |        0|   0|  0|  72|    0|
    |bitset_49ns_49ns_6ns_1ns_49_1_1_U30  |bitset_49ns_49ns_6ns_1ns_49_1_1  |        0|   0|  0|  72|    0|
    |bitset_49ns_49ns_6ns_1ns_49_1_1_U31  |bitset_49ns_49ns_6ns_1ns_49_1_1  |        0|   0|  0|  72|    0|
    |bitset_49ns_49ns_6ns_1ns_49_1_1_U32  |bitset_49ns_49ns_6ns_1ns_49_1_1  |        0|   0|  0|  72|    0|
    +-------------------------------------+---------------------------------+---------+----+---+----+-----+
    |Total                                |                                 |        0|   0|  0|2304|    0|
    +-------------------------------------+---------------------------------+---------+----+---+----+-----+

    * DSP: 
    N/A

    * Memory: 
    N/A

    * FIFO: 
    N/A

    * Expression: 
    +---------------------------------------+----------+----+---+----+------------+------------+
    |             Variable Name             | Operation| DSP| FF| LUT| Bitwidth P0| Bitwidth P1|
    +---------------------------------------+----------+----+---+----+------------+------------+
    |word_4_fu_210_p2                       |         +|   0|  0|   9|           2|           1|
    |ap_block_pp0_stage1_11001_grp1         |       and|   0|  0|   2|           1|           1|
    |ap_block_state2_pp0_stage1_iter0_grp1  |       and|   0|  0|   2|           1|           1|
    |icmp_ln17_fu_204_p2                    |      icmp|   0|  0|  10|           2|           3|
    |icmp_ln21_10_fu_1064_p2                |      icmp|   0|  0|  13|           6|           5|
    |icmp_ln21_11_fu_1094_p2                |      icmp|   0|  0|  13|           6|           5|
    |icmp_ln21_12_fu_1124_p2                |      icmp|   0|  0|  13|           6|           5|
    |icmp_ln21_13_fu_1154_p2                |      icmp|   0|  0|  13|           6|           5|
    |icmp_ln21_14_fu_1184_p2                |      icmp|   0|  0|  13|           6|           5|
    |icmp_ln21_1_fu_800_p2                  |      icmp|   0|  0|  13|           6|           5|
    |icmp_ln21_2_fu_830_p2                  |      icmp|   0|  0|  13|           6|           5|
    |icmp_ln21_3_fu_860_p2                  |      icmp|   0|  0|  13|           6|           5|
    |icmp_ln21_4_fu_890_p2                  |      icmp|   0|  0|  13|           6|           5|
    |icmp_ln21_5_fu_920_p2                  |      icmp|   0|  0|  13|           6|           5|
    |icmp_ln21_6_fu_948_p2                  |      icmp|   0|  0|  13|           6|           5|
    |icmp_ln21_7_fu_978_p2                  |      icmp|   0|  0|  13|           6|           5|
    |icmp_ln21_8_fu_1008_p2                 |      icmp|   0|  0|  13|           6|           5|
    |icmp_ln21_9_fu_1034_p2                 |      icmp|   0|  0|  13|           6|           5|
    |icmp_ln21_fu_770_p2                    |      icmp|   0|  0|  13|           6|           5|
    |player1_19_fu_785_p3                   |    select|   0|  0|  46|           1|          49|
    |player1_20_fu_815_p3                   |    select|   0|  0|  46|           1|          49|
    |player1_22_fu_845_p3                   |    select|   0|  0|  46|           1|          49|
    |player1_24_fu_875_p3                   |    select|   0|  0|  46|           1|          49|
    |player1_26_fu_905_p3                   |    select|   0|  0|  46|           1|          49|
    |player1_28_fu_934_p3                   |    select|   0|  0|  46|           1|          49|
    |player1_30_fu_963_p3                   |    select|   0|  0|  46|           1|          49|
    |player1_32_fu_993_p3                   |    select|   0|  0|  46|           1|          49|
    |player1_34_fu_1021_p3                  |    select|   0|  0|  46|           1|          49|
    |player1_36_fu_1049_p3                  |    select|   0|  0|  46|           1|          49|
    |player1_38_fu_1079_p3                  |    select|   0|  0|  46|           1|          49|
    |player1_40_fu_1109_p3                  |    select|   0|  0|  46|           1|          49|
    |player1_42_fu_1139_p3                  |    select|   0|  0|  46|           1|          49|
    |player1_44_fu_1169_p3                  |    select|   0|  0|  46|           1|          49|
    |player1_46_fu_1199_p3                  |    select|   0|  0|  46|           1|          49|
    |ap_enable_pp0                          |       xor|   0|  0|   2|           1|           2|
    +---------------------------------------+----------+----+---+----+------------+------------+
    |Total                                  |          |   0|  0| 910|         112|         818|
    +---------------------------------------+----------+----+---+----+------------+------------+

    * Multiplexer: 
    +-----------------------------+----+-----------+-----+-----------+
    |             Name            | LUT| Input Size| Bits| Total Bits|
    +-----------------------------+----+-----------+-----+-----------+
    |ap_NS_fsm                    |  26|          5|    1|          5|
    |ap_done_int                  |   9|          2|    1|          2|
    |ap_enable_reg_pp0_iter0      |   9|          2|    1|          2|
    |ap_enable_reg_pp0_iter0_reg  |   9|          2|    1|          2|
    |ap_enable_reg_pp0_iter1      |   9|          2|    1|          2|
    |ap_sig_allocacmp_word_3      |   9|          2|    2|          4|
    |player1_fu_170               |   9|          2|   49|         98|
    |strm_in_blk_n                |   9|          2|    1|          2|
    |word_fu_174                  |   9|          2|    2|          4|
    +-----------------------------+----+-----------+-----+-----------+
    |Total                        |  98|         21|   59|        121|
    +-----------------------------+----+-----------+-----+-----------+

    * Register: 
    +-----------------------------+----+----+-----+-----------+
    |             Name            | FF | LUT| Bits| Const Bits|
    +-----------------------------+----+----+-----+-----------+
    |ap_CS_fsm                    |   4|   0|    4|          0|
    |ap_done_reg                  |   1|   0|    1|          0|
    |ap_enable_reg_pp0_iter0_reg  |   1|   0|    1|          0|
    |ap_enable_reg_pp0_iter1      |   1|   0|    1|          0|
    |empty_reg_1235               |   1|   0|    1|          0|
    |icmp_ln17_reg_1231           |   1|   0|    1|          0|
    |icmp_ln21_8_reg_1393         |   1|   0|    1|          0|
    |idx_48_reg_1388              |   1|   0|    6|          5|
    |player1_12_reg_1271          |  49|   0|   49|          0|
    |player1_26_reg_1376          |  49|   0|   49|          0|
    |player1_32_reg_1382          |  49|   0|   49|          0|
    |player1_fu_170               |  49|   0|   49|          0|
    |tmp_334_reg_1276             |   1|   0|    1|          0|
    |tmp_336_reg_1281             |   1|   0|    1|          0|
    |tmp_338_reg_1286             |   1|   0|    1|          0|
    |tmp_340_reg_1291             |   1|   0|    1|          0|
    |tmp_342_reg_1296             |   1|   0|    1|          0|
    |tmp_344_reg_1301             |   1|   0|    1|          0|
    |tmp_346_reg_1306             |   1|   0|    1|          0|
    |tmp_348_reg_1311             |   1|   0|    1|          0|
    |tmp_350_reg_1316             |   1|   0|    1|          0|
    |tmp_352_reg_1321             |   1|   0|    1|          0|
    |tmp_354_reg_1326             |   1|   0|    1|          0|
    |tmp_356_reg_1331             |   1|   0|    1|          0|
    |tmp_358_reg_1336             |   1|   0|    1|          0|
    |tmp_360_reg_1341             |   1|   0|    1|          0|
    |tmp_362_reg_1346             |   1|   0|    1|          0|
    |tmp_364_reg_1351             |   1|   0|    1|          0|
    |tmp_366_reg_1356             |   1|   0|    1|          0|
    |tmp_368_reg_1361             |   1|   0|    1|          0|
    |tmp_370_reg_1366             |   1|   0|    1|          0|
    |tmp_372_reg_1371             |   1|   0|    1|          0|
    |word_fu_174                  |   2|   0|    2|          0|
    +-----------------------------+----+----+-----+-----------+
    |Total                        | 229|   0|  234|          5|
    +-----------------------------+----+----+-----+-----------+



================================================================
== Interface
================================================================
* Summary: 
+-----------------------+-----+-----+------------+------------------------------+--------------+
|       RTL Ports       | Dir | Bits|  Protocol  |         Source Object        |    C Type    |
+-----------------------+-----+-----+------------+------------------------------+--------------+
|ap_clk                 |   in|    1|  ap_ctrl_hs|  dut_Pipeline_VITIS_LOOP_17_1|  return value|
|ap_rst                 |   in|    1|  ap_ctrl_hs|  dut_Pipeline_VITIS_LOOP_17_1|  return value|
|ap_start               |   in|    1|  ap_ctrl_hs|  dut_Pipeline_VITIS_LOOP_17_1|  return value|
|ap_done                |  out|    1|  ap_ctrl_hs|  dut_Pipeline_VITIS_LOOP_17_1|  return value|
|ap_idle                |  out|    1|  ap_ctrl_hs|  dut_Pipeline_VITIS_LOOP_17_1|  return value|
|ap_ready               |  out|    1|  ap_ctrl_hs|  dut_Pipeline_VITIS_LOOP_17_1|  return value|
|strm_in_dout           |   in|   32|     ap_fifo|                       strm_in|       pointer|
|strm_in_empty_n        |   in|    1|     ap_fifo|                       strm_in|       pointer|
|strm_in_read           |  out|    1|     ap_fifo|                       strm_in|       pointer|
|player1_48_out         |  out|   49|      ap_vld|                player1_48_out|       pointer|
|player1_48_out_ap_vld  |  out|    1|      ap_vld|                player1_48_out|       pointer|
+-----------------------+-----+-----+------------+------------------------------+--------------+

