

================================================================
== Vitis HLS Report for 'forward_Pipeline_VITIS_LOOP_259_1'
================================================================
* Date:           Thu Apr 23 22:10:25 2026

* Version:        2025.1 (Build 6135595 on May 21 2025)
* Project:        mcts.prj
* Solution:       solution1 (Vivado IP Flow Target)
* Product family: zynquplus
* Target device:  xck26-sfvc784-2LV-c


================================================================
== Performance Estimates
================================================================
+ Timing: 
    * Summary: 
    +--------+----------+----------+------------+
    |  Clock |  Target  | Estimated| Uncertainty|
    +--------+----------+----------+------------+
    |ap_clk  |  10.00 ns|  6.171 ns|     2.70 ns|
    +--------+----------+----------+------------+

+ Latency: 
    * Summary: 
    +---------+---------+----------+----------+-----+-----+------------------------------------------------+
    |  Latency (cycles) |  Latency (absolute) |  Interval |                    Pipeline                    |
    |   min   |   max   |    min   |    max   | min | max |                      Type                      |
    +---------+---------+----------+----------+-----+-----+------------------------------------------------+
    |        ?|        ?|         ?|         ?|    0|    0|  loop auto-rewind stp (delay=0 clock cycles(s))|
    +---------+---------+----------+----------+-----+-----+------------------------------------------------+

    + Detail: 
        * Instance: 
        +------------------------+-------------+---------+---------+-----------+-----------+-----+-----+---------+
        |                        |             |  Latency (cycles) |   Latency (absolute)  |  Interval | Pipeline|
        |        Instance        |    Module   |   min   |   max   |    min    |    max    | min | max |   Type  |
        +------------------------+-------------+---------+---------+-----------+-----------+-----+-----+---------+
        |grp_log_32_16_s_fu_182  |log_32_16_s  |        4|        4|  40.000 ns|  40.000 ns|    1|    1|      yes|
        +------------------------+-------------+---------+---------+-----------+-----------+-----+-----+---------+

        * Loop: 
        +--------------------+---------+---------+----------+-----------+-----------+------+----------+
        |                    |  Latency (cycles) | Iteration|  Initiation Interval  | Trip |          |
        |      Loop Name     |   min   |   max   |  Latency |  achieved |   target  | Count| Pipelined|
        +--------------------+---------+---------+----------+-----------+-----------+------+----------+
        |- VITIS_LOOP_259_1  |        ?|        ?|        53|         30|          1|     ?|       yes|
        +--------------------+---------+---------+----------+-----------+-----------+------+----------+



================================================================
== Utilization Estimates
================================================================
* Summary: 
+-----------------+---------+------+--------+--------+-----+
|       Name      | BRAM_18K|  DSP |   FF   |   LUT  | URAM|
+-----------------+---------+------+--------+--------+-----+
|DSP              |        -|     1|       -|       -|    -|
|Expression       |        -|     -|       0|     327|    -|
|FIFO             |        -|     -|       -|       -|    -|
|Instance         |        1|     4|    5843|    4790|    -|
|Memory           |        -|     -|       -|       -|    -|
|Multiplexer      |        -|     -|       0|     281|    -|
|Register         |        -|     -|     452|       -|    -|
+-----------------+---------+------+--------+--------+-----+
|Total            |        1|     5|    6295|    5398|    0|
+-----------------+---------+------+--------+--------+-----+
|Available        |      288|  1248|  234240|  117120|   64|
+-----------------+---------+------+--------+--------+-----+
|Utilization (%)  |       ~0|    ~0|       2|       4|    0|
+-----------------+---------+------+--------+--------+-----+

+ Detail: 
    * Instance: 
    +----------------------------+-----------------------+---------+----+------+------+-----+
    |          Instance          |         Module        | BRAM_18K| DSP|  FF  |  LUT | URAM|
    +----------------------------+-----------------------+---------+----+------+------+-----+
    |grp_log_32_16_s_fu_182      |log_32_16_s            |        1|   4|  2513|  2264|    0|
    |mul_20s_3ns_20_1_1_U145     |mul_20s_3ns_20_1_1     |        0|   0|     0|    11|    0|
    |sdiv_20ns_4ns_20_24_1_U144  |sdiv_20ns_4ns_20_24_1  |        0|   0|  1047|   777|    0|
    |sdiv_24s_32ns_20_28_1_U146  |sdiv_24s_32ns_20_28_1  |        0|   0|  2283|  1738|    0|
    +----------------------------+-----------------------+---------+----+------+------+-----+
    |Total                       |                       |        1|   4|  5843|  4790|    0|
    +----------------------------+-----------------------+---------+----+------+------+-----+

    * DSP: 
    +------------------------------------+-------------------------------+--------------+
    |              Instance              |             Module            |  Expression  |
    +------------------------------------+-------------------------------+--------------+
    |mac_mulsub_20s_3ns_20s_23_4_1_U147  |mac_mulsub_20s_3ns_20s_23_4_1  |  i0 - i1 * i2|
    +------------------------------------+-------------------------------+--------------+

    * Memory: 
    N/A

    * FIFO: 
    N/A

    * Expression: 
    +-----------------------------+----------+----+---+----+------------+------------+
    |        Variable Name        | Operation| DSP| FF| LUT| Bitwidth P0| Bitwidth P1|
    +-----------------------------+----------+----+---+----+------------+------------+
    |add_ln269_fu_270_p2          |         +|   0|  0|  39|          32|          32|
    |add_ln270_fu_350_p2          |         +|   0|  0|  27|          20|          20|
    |perspectiveReward_fu_328_p0  |         -|   0|  0|  27|          16|          20|
    |addr_cmp14_fu_257_p2         |      icmp|   0|  0|  71|          64|          64|
    |addr_cmp_fu_300_p2           |      icmp|   0|  0|  71|          64|          64|
    |icmp_ln259_fu_233_p2         |      icmp|   0|  0|  39|          32|           2|
    |reuse_select15_fu_262_p3     |    select|   0|  0|  32|           1|          32|
    |reuse_select_fu_312_p3       |    select|   0|  0|  19|           1|          20|
    |ap_enable_pp0                |       xor|   0|  0|   2|           1|           2|
    +-----------------------------+----------+----+---+----+------------+------------+
    |Total                        |          |   0|  0| 327|         231|         256|
    +-----------------------------+----------+----+---+----+------------+------------+

    * Multiplexer: 
    +----------------------------------------------+-----+-----------+-----+-----------+
    |                     Name                     | LUT | Input Size| Bits| Total Bits|
    +----------------------------------------------+-----+-----------+-----+-----------+
    |ap_NS_fsm                                     |  145|         31|    1|         31|
    |ap_done_int                                   |    9|          2|    1|          2|
    |ap_enable_reg_pp0_iter0                       |    9|          2|    1|          2|
    |ap_enable_reg_pp0_iter0_reg                   |    9|          2|    1|          2|
    |ap_enable_reg_pp0_iter1                       |    9|          2|    1|          2|
    |ap_phi_mux_perspectiveReward_1_phi_fu_176_p4  |    9|          2|   20|         40|
    |ap_sig_allocacmp_node_1                       |    9|          2|   32|         64|
    |ap_sig_allocacmp_reuse_reg_load               |    9|          2|   20|         40|
    |node_fu_74                                    |    9|          2|   32|         64|
    |reuse_addr_reg11_fu_58                        |    9|          2|   64|        128|
    |reuse_addr_reg_fu_66                          |    9|          2|   64|        128|
    |reuse_reg10_fu_62                             |    9|          2|   32|         64|
    |reuse_reg_fu_70                               |    9|          2|   20|         40|
    |this_meanQ_address0_local                     |   14|          3|   13|         39|
    |this_visitCounts_address0_local               |   14|          3|   13|         39|
    +----------------------------------------------+-----+-----------+-----+-----------+
    |Total                                         |  281|         61|  315|        685|
    +----------------------------------------------+-----+-----------+-----+-----------+

    * Register: 
    +--------------------------------------------------+----+----+-----+-----------+
    |                       Name                       | FF | LUT| Bits| Const Bits|
    +--------------------------------------------------+----+----+-----+-----------+
    |add_ln269_reg_463                                 |  32|   0|   32|          0|
    |addr_cmp_reg_483                                  |   1|   0|    1|          0|
    |ap_CS_fsm                                         |  30|   0|   30|          0|
    |ap_done_reg                                       |   1|   0|    1|          0|
    |ap_enable_reg_pp0_iter0_reg                       |   1|   0|    1|          0|
    |ap_enable_reg_pp0_iter1                           |   1|   0|    1|          0|
    |ap_phi_reg_pp0_iter0_perspectiveReward_1_reg_173  |  20|   0|   20|          0|
    |conv7_i_i159_i_cast_reg_410                       |   3|   0|   20|         17|
    |icmp_ln259_reg_426                                |   1|   0|    1|          0|
    |node_fu_74                                        |  32|   0|   32|          0|
    |ref_tmp20_i_reg_478                               |  32|   0|   32|          0|
    |reuse_addr_reg11_fu_58                            |  64|   0|   64|          0|
    |reuse_addr_reg_fu_66                              |  64|   0|   64|          0|
    |reuse_reg10_fu_62                                 |  32|   0|   32|          0|
    |reuse_reg_fu_70                                   |  20|   0|   20|          0|
    |reuse_select_reg_488                              |  20|   0|   20|          0|
    |this_isREDs_load_reg_459                          |   1|   0|    1|          0|
    |this_meanQ_addr_reg_454                           |  13|   0|   13|          0|
    |this_meanQ_addr_reg_454_pp0_iter1_reg             |  13|   0|   13|          0|
    |this_meanQ_load_reg_468                           |  20|   0|   20|          0|
    |this_visitCounts_addr_reg_449                     |  13|   0|   13|          0|
    |visitCount_cast3_cast_reg_416                     |   3|   0|   23|         20|
    |zext_ln125_cast_reg_421                           |   3|   0|   32|         29|
    |zext_ln260_reg_430                                |  32|   0|   64|         32|
    +--------------------------------------------------+----+----+-----+-----------+
    |Total                                             | 452|   0|  550|         98|
    +--------------------------------------------------+----+----+-----+-----------+



================================================================
== Interface
================================================================
* Summary: 
+------------------------------+-----+-----+------------+-----------------------------------+--------------+
|           RTL Ports          | Dir | Bits|  Protocol  |           Source Object           |    C Type    |
+------------------------------+-----+-----+------------+-----------------------------------+--------------+
|ap_clk                        |   in|    1|  ap_ctrl_hs|  forward_Pipeline_VITIS_LOOP_259_1|  return value|
|ap_rst                        |   in|    1|  ap_ctrl_hs|  forward_Pipeline_VITIS_LOOP_259_1|  return value|
|ap_start                      |   in|    1|  ap_ctrl_hs|  forward_Pipeline_VITIS_LOOP_259_1|  return value|
|ap_done                       |  out|    1|  ap_ctrl_hs|  forward_Pipeline_VITIS_LOOP_259_1|  return value|
|ap_idle                       |  out|    1|  ap_ctrl_hs|  forward_Pipeline_VITIS_LOOP_259_1|  return value|
|ap_ready                      |  out|    1|  ap_ctrl_hs|  forward_Pipeline_VITIS_LOOP_259_1|  return value|
|node_2                        |   in|   32|     ap_none|                             node_2|        scalar|
|reward_2                      |   in|   20|     ap_none|                           reward_2|        scalar|
|this_visitCounts_address0     |  out|   13|   ap_memory|                   this_visitCounts|         array|
|this_visitCounts_ce0          |  out|    1|   ap_memory|                   this_visitCounts|         array|
|this_visitCounts_we0          |  out|    1|   ap_memory|                   this_visitCounts|         array|
|this_visitCounts_d0           |  out|   32|   ap_memory|                   this_visitCounts|         array|
|this_visitCounts_q0           |   in|   32|   ap_memory|                   this_visitCounts|         array|
|zext_ln125                    |   in|    3|     ap_none|                         zext_ln125|        scalar|
|this_meanQ_address0           |  out|   13|   ap_memory|                         this_meanQ|         array|
|this_meanQ_ce0                |  out|    1|   ap_memory|                         this_meanQ|         array|
|this_meanQ_we0                |  out|    1|   ap_memory|                         this_meanQ|         array|
|this_meanQ_d0                 |  out|   20|   ap_memory|                         this_meanQ|         array|
|this_meanQ_q0                 |   in|   20|   ap_memory|                         this_meanQ|         array|
|visitCount_cast3              |   in|    3|     ap_none|                   visitCount_cast3|        scalar|
|this_logVisitCounts_address0  |  out|   13|   ap_memory|                this_logVisitCounts|         array|
|this_logVisitCounts_ce0       |  out|    1|   ap_memory|                this_logVisitCounts|         array|
|this_logVisitCounts_we0       |  out|    1|   ap_memory|                this_logVisitCounts|         array|
|this_logVisitCounts_d0        |  out|   32|   ap_memory|                this_logVisitCounts|         array|
|this_parents_address0         |  out|   13|   ap_memory|                       this_parents|         array|
|this_parents_ce0              |  out|    1|   ap_memory|                       this_parents|         array|
|this_parents_q0               |   in|   32|   ap_memory|                       this_parents|         array|
|this_isREDs_address0          |  out|   13|   ap_memory|                        this_isREDs|         array|
|this_isREDs_ce0               |  out|    1|   ap_memory|                        this_isREDs|         array|
|this_isREDs_q0                |   in|    1|   ap_memory|                        this_isREDs|         array|
|conv7_i_i159_i                |   in|    3|     ap_none|                     conv7_i_i159_i|        scalar|
+------------------------------+-----+-----+------------+-----------------------------------+--------------+

