

================================================================
== Vitis HLS Report for 'forward_Pipeline_VITIS_LOOP_73_1'
================================================================
* Date:           Thu Apr 23 22:10:22 2026

* Version:        2025.1 (Build 6135595 on May 21 2025)
* Project:        mcts.prj
* Solution:       solution1 (Vivado IP Flow Target)
* Product family: zynquplus
* Target device:  xck26-sfvc784-2LV-c


================================================================
== Performance Estimates
================================================================
+ Timing: 
    * Summary: 
    +--------+----------+----------+------------+
    |  Clock |  Target  | Estimated| Uncertainty|
    +--------+----------+----------+------------+
    |ap_clk  |  10.00 ns|  1.635 ns|     2.70 ns|
    +--------+----------+----------+------------+

+ Latency: 
    * Summary: 
    +---------+---------+-----------+----------+-----+-----+------------------------------------------------+
    |  Latency (cycles) |  Latency (absolute)  |  Interval |                    Pipeline                    |
    |   min   |   max   |    min    |    max   | min | max |                      Type                      |
    +---------+---------+-----------+----------+-----+-----+------------------------------------------------+
    |        2|       51|  20.000 ns|  0.510 us|    1|   50|  loop auto-rewind stp (delay=0 clock cycles(s))|
    +---------+---------+-----------+----------+-----+-----+------------------------------------------------+

    + Detail: 
        * Instance: 
        N/A

        * Loop: 
        +-------------------+---------+---------+----------+-----------+-----------+--------+----------+
        |                   |  Latency (cycles) | Iteration|  Initiation Interval  |  Trip  |          |
        |     Loop Name     |   min   |   max   |  Latency |  achieved |   target  |  Count | Pipelined|
        +-------------------+---------+---------+----------+-----------+-----------+--------+----------+
        |- VITIS_LOOP_73_1  |        0|       49|         1|          1|          1|  0 ~ 49|       yes|
        +-------------------+---------+---------+----------+-----------+-----------+--------+----------+



================================================================
== Utilization Estimates
================================================================
* Summary: 
+-----------------+---------+------+--------+--------+-----+
|       Name      | BRAM_18K|  DSP |   FF   |   LUT  | URAM|
+-----------------+---------+------+--------+--------+-----+
|DSP              |        -|     -|       -|       -|    -|
|Expression       |        -|     -|       0|      28|    -|
|FIFO             |        -|     -|       -|       -|    -|
|Instance         |        -|     -|       0|      17|    -|
|Memory           |        -|     -|       -|       -|    -|
|Multiplexer      |        -|     -|       0|      64|    -|
|Register         |        -|     -|       9|       -|    -|
+-----------------+---------+------+--------+--------+-----+
|Total            |        0|     0|       9|     109|    0|
+-----------------+---------+------+--------+--------+-----+
|Available        |      288|  1248|  234240|  117120|   64|
+-----------------+---------+------+--------+--------+-----+
|Utilization (%)  |        0|     0|      ~0|      ~0|    0|
+-----------------+---------+------+--------+--------+-----+

+ Detail: 
    * Instance: 
    +----------------------------------+------------------------------+---------+----+---+----+-----+
    |             Instance             |            Module            | BRAM_18K| DSP| FF| LUT| URAM|
    +----------------------------------+------------------------------+---------+----+---+----+-----+
    |bitselect_1ns_49ns_6ns_1_1_1_U85  |bitselect_1ns_49ns_6ns_1_1_1  |        0|   0|  0|  17|    0|
    +----------------------------------+------------------------------+---------+----+---+----+-----+
    |Total                             |                              |        0|   0|  0|  17|    0|
    +----------------------------------+------------------------------+---------+----+---+----+-----+

    * DSP: 
    N/A

    * Memory: 
    N/A

    * FIFO: 
    N/A

    * Expression: 
    +--------------------+----------+----+---+----+------------+------------+
    |    Variable Name   | Operation| DSP| FF| LUT| Bitwidth P0| Bitwidth P1|
    +--------------------+----------+----+---+----+------------+------------+
    |a_2_fu_84_p2        |         +|   0|  0|  13|           6|           1|
    |ap_condition_81     |       and|   0|  0|   2|           1|           1|
    |icmp_ln73_fu_78_p2  |      icmp|   0|  0|  13|           6|           5|
    +--------------------+----------+----+---+----+------------+------------+
    |Total               |          |   0|  0|  28|          13|           7|
    +--------------------+----------+----+---+----+------------+------------+

    * Multiplexer: 
    +---------------------------------------+----+-----------+-----+-----------+
    |                  Name                 | LUT| Input Size| Bits| Total Bits|
    +---------------------------------------+----+-----------+-----+-----------+
    |a_1_fu_40                              |   9|          2|    6|         12|
    |action_out                             |  14|          3|    6|         18|
    |ap_done_int                            |   9|          2|    1|          2|
    |ap_phi_mux_UnifiedRetVal_phi_fu_61_p4  |  14|          3|    1|          3|
    |ap_return                              |   9|          2|    1|          2|
    |ap_sig_allocacmp_action                |   9|          2|    6|         12|
    +---------------------------------------+----+-----------+-----+-----------+
    |Total                                  |  64|         14|   21|         49|
    +---------------------------------------+----+-----------+-----+-----------+

    * Register: 
    +----------------+---+----+-----+-----------+
    |      Name      | FF| LUT| Bits| Const Bits|
    +----------------+---+----+-----+-----------+
    |a_1_fu_40       |  6|   0|    6|          0|
    |ap_CS_fsm       |  1|   0|    1|          0|
    |ap_done_reg     |  1|   0|    1|          0|
    |ap_return_preg  |  1|   0|    1|          0|
    +----------------+---+----+-----+-----------+
    |Total           |  9|   0|    9|          0|
    +----------------+---+----+-----+-----------+



================================================================
== Interface
================================================================
* Summary: 
+-------------------+-----+-----+------------+----------------------------------+--------------+
|     RTL Ports     | Dir | Bits|  Protocol  |           Source Object          |    C Type    |
+-------------------+-----+-----+------------+----------------------------------+--------------+
|ap_clk             |   in|    1|  ap_ctrl_hs|  forward_Pipeline_VITIS_LOOP_73_1|  return value|
|ap_rst             |   in|    1|  ap_ctrl_hs|  forward_Pipeline_VITIS_LOOP_73_1|  return value|
|ap_start           |   in|    1|  ap_ctrl_hs|  forward_Pipeline_VITIS_LOOP_73_1|  return value|
|ap_done            |  out|    1|  ap_ctrl_hs|  forward_Pipeline_VITIS_LOOP_73_1|  return value|
|ap_idle            |  out|    1|  ap_ctrl_hs|  forward_Pipeline_VITIS_LOOP_73_1|  return value|
|ap_ready           |  out|    1|  ap_ctrl_hs|  forward_Pipeline_VITIS_LOOP_73_1|  return value|
|ap_return          |  out|    1|  ap_ctrl_hs|  forward_Pipeline_VITIS_LOOP_73_1|  return value|
|untried            |   in|   49|     ap_none|                           untried|        scalar|
|action_out         |  out|    6|      ap_vld|                        action_out|       pointer|
|action_out_ap_vld  |  out|    1|      ap_vld|                        action_out|       pointer|
+-------------------+-----+-----+------------+----------------------------------+--------------+

