

================================================================
== Vitis HLS Report for 'forward_Pipeline_VITIS_LOOP_114_15'
================================================================
* Date:           Thu Apr 23 22:10:24 2026

* Version:        2025.1 (Build 6135595 on May 21 2025)
* Project:        mcts.prj
* Solution:       solution1 (Vivado IP Flow Target)
* Product family: zynquplus
* Target device:  xck26-sfvc784-2LV-c


================================================================
== Performance Estimates
================================================================
+ Timing: 
    * Summary: 
    +--------+----------+----------+------------+
    |  Clock |  Target  | Estimated| Uncertainty|
    +--------+----------+----------+------------+
    |ap_clk  |  10.00 ns|  2.091 ns|     2.70 ns|
    +--------+----------+----------+------------+

+ Latency: 
    * Summary: 
    +---------+---------+----------+----------+-----+-----+------------------------------------------------+
    |  Latency (cycles) |  Latency (absolute) |  Interval |                    Pipeline                    |
    |   min   |   max   |    min   |    max   | min | max |                      Type                      |
    +---------+---------+----------+----------+-----+-----+------------------------------------------------+
    |        ?|        ?|         ?|         ?|    0|    0|  loop auto-rewind stp (delay=0 clock cycles(s))|
    +---------+---------+----------+----------+-----+-----+------------------------------------------------+

    + Detail: 
        * Instance: 
        N/A

        * Loop: 
        +--------------------+---------+---------+----------+-----------+-----------+------+----------+
        |                    |  Latency (cycles) | Iteration|  Initiation Interval  | Trip |          |
        |      Loop Name     |   min   |   max   |  Latency |  achieved |   target  | Count| Pipelined|
        +--------------------+---------+---------+----------+-----------+-----------+------+----------+
        |- VITIS_LOOP_114_1  |        ?|        ?|         1|          1|          1|     ?|       yes|
        +--------------------+---------+---------+----------+-----------+-----------+------+----------+



================================================================
== Utilization Estimates
================================================================
* Summary: 
+-----------------+---------+------+--------+--------+-----+
|       Name      | BRAM_18K|  DSP |   FF   |   LUT  | URAM|
+-----------------+---------+------+--------+--------+-----+
|DSP              |        -|     -|       -|       -|    -|
|Expression       |        -|     -|       0|     381|    -|
|FIFO             |        -|     -|       -|       -|    -|
|Instance         |        -|     -|       -|       -|    -|
|Memory           |        -|     -|       -|       -|    -|
|Multiplexer      |        -|     -|       0|      18|    -|
|Register         |        -|     -|      51|       -|    -|
+-----------------+---------+------+--------+--------+-----+
|Total            |        0|     0|      51|     399|    0|
+-----------------+---------+------+--------+--------+-----+
|Available        |      288|  1248|  234240|  117120|   64|
+-----------------+---------+------+--------+--------+-----+
|Utilization (%)  |        0|     0|      ~0|      ~0|    0|
+-----------------+---------+------+--------+--------+-----+

+ Detail: 
    * Instance: 
    N/A

    * DSP: 
    N/A

    * Memory: 
    N/A

    * FIFO: 
    N/A

    * Expression: 
    +-----------------------+----------+----+---+----+------------+------------+
    |     Variable Name     | Operation| DSP| FF| LUT| Bitwidth P0| Bitwidth P1|
    +-----------------------+----------+----+---+----+------------+------------+
    |and_ln123_fu_488_p2    |       and|   0|  0|  49|          49|          49|
    |icmp_ln125_fu_500_p2   |      icmp|   0|  0|  56|          49|          49|
    |or_ln123_17_fu_332_p2  |        or|   0|  0|  48|          48|          48|
    |or_ln123_18_fu_408_p2  |        or|   0|  0|  41|          41|          41|
    |or_ln123_19_fu_468_p2  |        or|   0|  0|  48|          48|          48|
    |or_ln123_20_fu_482_p2  |        or|   0|  0|  49|          49|          49|
    |or_ln123_21_fu_494_p2  |        or|   0|  0|  49|          49|          49|
    |or_ln123_fu_296_p2     |        or|   0|  0|  41|          41|          41|
    +-----------------------+----------+----+---+----+------------+------------+
    |Total                  |          |   0|  0| 381|         374|         374|
    +-----------------------+----------+----+---+----+------------+------------+

    * Multiplexer: 
    +-------------------------------+----+-----------+-----+-----------+
    |              Name             | LUT| Input Size| Bits| Total Bits|
    +-------------------------------+----+-----------+-----+-----------+
    |ap_done_int                    |   9|          2|    1|          2|
    |ap_phi_mux_prev_phi_fu_124_p4  |   9|          2|   49|         98|
    +-------------------------------+----+-----------+-----+-----------+
    |Total                          |  18|          4|   50|        100|
    +-------------------------------+----+-----------+-----+-----------+

    * Register: 
    +--------------+----+----+-----+-----------+
    |     Name     | FF | LUT| Bits| Const Bits|
    +--------------+----+----+-----+-----------+
    |ap_CS_fsm     |   1|   0|    1|          0|
    |ap_done_reg   |   1|   0|    1|          0|
    |prev_reg_121  |  49|   0|   49|          0|
    +--------------+----+----+-----+-----------+
    |Total         |  51|   0|   51|          0|
    +--------------+----+----+-----+-----------+



================================================================
== Interface
================================================================
* Summary: 
+-----------------------------+-----+-----+------------+------------------------------------+--------------+
|          RTL Ports          | Dir | Bits|  Protocol  |            Source Object           |    C Type    |
+-----------------------------+-----+-----+------------+------------------------------------+--------------+
|ap_clk                       |   in|    1|  ap_ctrl_hs|  forward_Pipeline_VITIS_LOOP_114_15|  return value|
|ap_rst                       |   in|    1|  ap_ctrl_hs|  forward_Pipeline_VITIS_LOOP_114_15|  return value|
|ap_start                     |   in|    1|  ap_ctrl_hs|  forward_Pipeline_VITIS_LOOP_114_15|  return value|
|ap_done                      |  out|    1|  ap_ctrl_hs|  forward_Pipeline_VITIS_LOOP_114_15|  return value|
|ap_idle                      |  out|    1|  ap_ctrl_hs|  forward_Pipeline_VITIS_LOOP_114_15|  return value|
|ap_ready                     |  out|    1|  ap_ctrl_hs|  forward_Pipeline_VITIS_LOOP_114_15|  return value|
|connected                    |   in|   49|     ap_none|                           connected|        scalar|
|gameState_hexGame_player1_8  |   in|   49|     ap_none|         gameState_hexGame_player1_8|        scalar|
|prev_9_out                   |  out|   49|      ap_vld|                          prev_9_out|       pointer|
|prev_9_out_ap_vld            |  out|    1|      ap_vld|                          prev_9_out|       pointer|
+-----------------------------+-----+-----+------------+------------------------------------+--------------+

