

================================================================
== Vitis HLS Report for 'forward_Pipeline_VITIS_LOOP_114_16'
================================================================
* Date:           Thu Apr 23 22:10:24 2026

* Version:        2025.1 (Build 6135595 on May 21 2025)
* Project:        mcts.prj
* Solution:       solution1 (Vivado IP Flow Target)
* Product family: zynquplus
* Target device:  xck26-sfvc784-2LV-c


================================================================
== Performance Estimates
================================================================
+ Timing: 
    * Summary: 
    +--------+----------+----------+------------+
    |  Clock |  Target  | Estimated| Uncertainty|
    +--------+----------+----------+------------+
    |ap_clk  |  10.00 ns|  1.664 ns|     2.70 ns|
    +--------+----------+----------+------------+

+ Latency: 
    * Summary: 
    +---------+---------+----------+----------+-----+-----+------------------------------------------------+
    |  Latency (cycles) |  Latency (absolute) |  Interval |                    Pipeline                    |
    |   min   |   max   |    min   |    max   | min | max |                      Type                      |
    +---------+---------+----------+----------+-----+-----+------------------------------------------------+
    |        ?|        ?|         ?|         ?|    0|    0|  loop auto-rewind stp (delay=0 clock cycles(s))|
    +---------+---------+----------+----------+-----+-----+------------------------------------------------+

    + Detail: 
        * Instance: 
        N/A

        * Loop: 
        +--------------------+---------+---------+----------+-----------+-----------+------+----------+
        |                    |  Latency (cycles) | Iteration|  Initiation Interval  | Trip |          |
        |      Loop Name     |   min   |   max   |  Latency |  achieved |   target  | Count| Pipelined|
        +--------------------+---------+---------+----------+-----------+-----------+------+----------+
        |- VITIS_LOOP_114_1  |        ?|        ?|         1|          1|          1|     ?|       yes|
        +--------------------+---------+---------+----------+-----------+-----------+------+----------+



================================================================
== Utilization Estimates
================================================================
* Summary: 
+-----------------+---------+------+--------+--------+-----+
|       Name      | BRAM_18K|  DSP |   FF   |   LUT  | URAM|
+-----------------+---------+------+--------+--------+-----+
|DSP              |        -|     -|       -|       -|    -|
|Expression       |        -|     -|       0|     383|    -|
|FIFO             |        -|     -|       -|       -|    -|
|Instance         |        -|     -|       -|       -|    -|
|Memory           |        -|     -|       -|       -|    -|
|Multiplexer      |        -|     -|       0|      27|    -|
|Register         |        -|     -|      52|       -|    -|
+-----------------+---------+------+--------+--------+-----+
|Total            |        0|     0|      52|     410|    0|
+-----------------+---------+------+--------+--------+-----+
|Available        |      288|  1248|  234240|  117120|   64|
+-----------------+---------+------+--------+--------+-----+
|Utilization (%)  |        0|     0|      ~0|      ~0|    0|
+-----------------+---------+------+--------+--------+-----+

+ Detail: 
    * Instance: 
    N/A

    * DSP: 
    N/A

    * Memory: 
    N/A

    * FIFO: 
    N/A

    * Expression: 
    +-----------------------+----------+----+---+----+------------+------------+
    |     Variable Name     | Operation| DSP| FF| LUT| Bitwidth P0| Bitwidth P1|
    +-----------------------+----------+----+---+----+------------+------------+
    |and_ln123_fu_516_p2    |       and|   0|  0|  49|          49|          49|
    |icmp_ln125_fu_527_p2   |      icmp|   0|  0|  56|          49|          49|
    |or_ln123_12_fu_359_p2  |        or|   0|  0|  48|          48|          48|
    |or_ln123_13_fu_436_p2  |        or|   0|  0|  41|          41|          41|
    |or_ln123_14_fu_496_p2  |        or|   0|  0|  48|          48|          48|
    |or_ln123_15_fu_510_p2  |        or|   0|  0|  49|          49|          49|
    |or_ln123_16_fu_521_p2  |        or|   0|  0|  49|          49|          49|
    |or_ln123_fu_322_p2     |        or|   0|  0|  41|          41|          41|
    |ap_enable_pp0          |       xor|   0|  0|   2|           1|           2|
    +-----------------------+----------+----+---+----+------------+------------+
    |Total                  |          |   0|  0| 383|         375|         376|
    +-----------------------+----------+----+---+----+------------+------------+

    * Multiplexer: 
    +-------------------------+----+-----------+-----+-----------+
    |           Name          | LUT| Input Size| Bits| Total Bits|
    +-------------------------+----+-----------+-----+-----------+
    |ap_done_int              |   9|          2|    1|          2|
    |ap_enable_reg_pp0_iter1  |   9|          2|    1|          2|
    |prev_fu_108              |   9|          2|   49|         98|
    +-------------------------+----+-----------+-----+-----------+
    |Total                    |  27|          6|   51|        102|
    +-------------------------+----+-----------+-----+-----------+

    * Register: 
    +-------------------------+----+----+-----+-----------+
    |           Name          | FF | LUT| Bits| Const Bits|
    +-------------------------+----+----+-----+-----------+
    |ap_CS_fsm                |   1|   0|    1|          0|
    |ap_done_reg              |   1|   0|    1|          0|
    |ap_enable_reg_pp0_iter1  |   1|   0|    1|          0|
    |prev_fu_108              |  49|   0|   49|          0|
    +-------------------------+----+----+-----+-----------+
    |Total                    |  52|   0|   52|          0|
    +-------------------------+----+----+-----+-----------+



================================================================
== Interface
================================================================
* Summary: 
+-----------------------------+-----+-----+------------+------------------------------------+--------------+
|          RTL Ports          | Dir | Bits|  Protocol  |            Source Object           |    C Type    |
+-----------------------------+-----+-----+------------+------------------------------------+--------------+
|ap_clk                       |   in|    1|  ap_ctrl_hs|  forward_Pipeline_VITIS_LOOP_114_16|  return value|
|ap_rst                       |   in|    1|  ap_ctrl_hs|  forward_Pipeline_VITIS_LOOP_114_16|  return value|
|ap_start                     |   in|    1|  ap_ctrl_hs|  forward_Pipeline_VITIS_LOOP_114_16|  return value|
|ap_done                      |  out|    1|  ap_ctrl_hs|  forward_Pipeline_VITIS_LOOP_114_16|  return value|
|ap_idle                      |  out|    1|  ap_ctrl_hs|  forward_Pipeline_VITIS_LOOP_114_16|  return value|
|ap_ready                     |  out|    1|  ap_ctrl_hs|  forward_Pipeline_VITIS_LOOP_114_16|  return value|
|connected_12                 |   in|   49|     ap_none|                        connected_12|        scalar|
|gameState_hexGame_player2_8  |   in|   49|     ap_none|         gameState_hexGame_player2_8|        scalar|
|prev_10_out                  |  out|   43|      ap_vld|                         prev_10_out|       pointer|
|prev_10_out_ap_vld           |  out|    1|      ap_vld|                         prev_10_out|       pointer|
|p_out                        |  out|    1|      ap_vld|                               p_out|       pointer|
|p_out_ap_vld                 |  out|    1|      ap_vld|                               p_out|       pointer|
|p_out1                       |  out|    1|      ap_vld|                              p_out1|       pointer|
|p_out1_ap_vld                |  out|    1|      ap_vld|                              p_out1|       pointer|
+-----------------------------+-----+-----+------------+------------------------------------+--------------+

