

================================================================
== Vitis HLS Report for 'log_32_16_s'
================================================================
* Date:           Thu Apr 23 22:10:25 2026

* Version:        2025.1 (Build 6135595 on May 21 2025)
* Project:        mcts.prj
* Solution:       solution1 (Vivado IP Flow Target)
* Product family: zynquplus
* Target device:  xck26-sfvc784-2LV-c


================================================================
== Performance Estimates
================================================================
+ Timing: 
    * Summary: 
    +--------+----------+----------+------------+
    |  Clock |  Target  | Estimated| Uncertainty|
    +--------+----------+----------+------------+
    |ap_clk  |  10.00 ns|  5.073 ns|     2.70 ns|
    +--------+----------+----------+------------+

+ Latency: 
    * Summary: 
    +---------+---------+-----------+-----------+-----+-----+---------+
    |  Latency (cycles) |   Latency (absolute)  |  Interval | Pipeline|
    |   min   |   max   |    min    |    max    | min | max |   Type  |
    +---------+---------+-----------+-----------+-----+-----+---------+
    |        4|        4|  40.000 ns|  40.000 ns|    1|    1|      yes|
    +---------+---------+-----------+-----------+-----+-----+---------+

    + Detail: 
        * Instance: 
        N/A

        * Loop: 
        N/A



================================================================
== Utilization Estimates
================================================================
* Summary: 
+-----------------+---------+------+--------+--------+-----+
|       Name      | BRAM_18K|  DSP |   FF   |   LUT  | URAM|
+-----------------+---------+------+--------+--------+-----+
|DSP              |        -|     1|       -|       -|    -|
|Expression       |        -|     -|       0|     599|    -|
|FIFO             |        -|     -|       -|       -|    -|
|Instance         |        -|     3|       0|     105|    -|
|Memory           |        1|     -|      24|      11|    -|
|Multiplexer      |        -|     -|       0|     493|    -|
|Register         |        -|     -|    2489|    1056|    -|
+-----------------+---------+------+--------+--------+-----+
|Total            |        1|     4|    2513|    2264|    0|
+-----------------+---------+------+--------+--------+-----+
|Available        |      288|  1248|  234240|  117120|   64|
+-----------------+---------+------+--------+--------+-----+
|Utilization (%)  |       ~0|    ~0|       1|       1|    0|
+-----------------+---------+------+--------+--------+-----+

+ Detail: 
    * Instance: 
    +--------------------------+---------------------+---------+----+---+----+-----+
    |         Instance         |        Module       | BRAM_18K| DSP| FF| LUT| URAM|
    +--------------------------+---------------------+---------+----+---+----+-----+
    |mul_36ns_6ns_42_1_1_U132  |mul_36ns_6ns_42_1_1  |        0|   2|  0|  24|    0|
    |mul_6s_23ns_27_1_1_U133   |mul_6s_23ns_27_1_1   |        0|   1|  0|  31|    0|
    |mul_9ns_9ns_18_1_1_U134   |mul_9ns_9ns_18_1_1   |        0|   0|  0|  50|    0|
    +--------------------------+---------------------+---------+----+---+----+-----+
    |Total                     |                     |        0|   3|  0| 105|    0|
    +--------------------------+---------------------+---------+----+---+----+-----+

    * DSP: 
    +--------------------------------------+---------------------------------+--------------+
    |               Instance               |              Module             |  Expression  |
    +--------------------------------------+---------------------------------+--------------+
    |mac_mulsub_24ns_4ns_29ns_29_4_1_U135  |mac_mulsub_24ns_4ns_29ns_29_4_1  |  i0 - i1 * i2|
    +--------------------------------------+---------------------------------+--------------+

    * Memory: 
    +-----------------------------------------------------------+---------------------------------------------------------------------------------+---------+----+----+-----+------+-----+------+-------------+
    |                           Memory                          |                                      Module                                     | BRAM_18K| FF | LUT| URAM| Words| Bits| Banks| W*Bits*Banks|
    +-----------------------------------------------------------+---------------------------------------------------------------------------------+---------+----+----+-----+------+-----+------+-------------+
    |log_apfixed_reduce_log0_lut_table_ap_fixed_0_5_64_array_U  |log_32_16_s_log_apfixed_reduce_log0_lut_table_ap_fixed_0_5_64_array_ROM_AUTO_1R  |        1|   0|   0|    0|    64|   22|     1|         1408|
    |log_apfixed_reduce_log_inverse_lut_table_array_U           |log_32_16_s_log_apfixed_reduce_log_inverse_lut_table_array_ROM_AUTO_1R           |        0|   6|   6|    0|    64|    6|     1|          384|
    |log_apfixed_reduce_log_lut_table_ap_fixed_4_4_16_array_U   |log_32_16_s_log_apfixed_reduce_log_lut_table_ap_fixed_4_4_16_array_ROM_AUTO_1R   |        0|  18|   5|    0|    16|   18|     1|          288|
    +-----------------------------------------------------------+---------------------------------------------------------------------------------+---------+----+----+-----+------+-----+------+-------------+
    |Total                                                      |                                                                                 |        1|  24|  11|    0|   144|   46|     3|         2080|
    +-----------------------------------------------------------+---------------------------------------------------------------------------------+---------+----+----+-----+------+-----+------+-------------+

    * FIFO: 
    N/A

    * Expression: 
    +----------------------------+----------+----+---+----+------------+------------+
    |        Variable Name       | Operation| DSP| FF| LUT| Bitwidth P0| Bitwidth P1|
    +----------------------------+----------+----+---+----+------------+------------+
    |add_ln158_fu_2004_p2        |         +|   0|  0|  36|          29|          29|
    |add_ln753_1_fu_2145_p2      |         +|   0|  0|  28|          28|          28|
    |add_ln753_fu_2023_p2        |         +|   0|  0|  29|          22|          22|
    |log_base_1_fu_2181_p2       |         +|   0|  0|  35|          28|          28|
    |log_base_fu_2151_p2         |         +|   0|  0|  28|          28|          28|
    |sub_ln750_fu_2110_p2        |         -|   0|  0|  33|          26|          26|
    |and_ln705_10_fu_1029_p2     |       and|   0|  0|   2|           1|           1|
    |and_ln705_11_fu_1070_p2     |       and|   0|  0|   2|           1|           1|
    |and_ln705_12_fu_1111_p2     |       and|   0|  0|   2|           1|           1|
    |and_ln705_13_fu_1152_p2     |       and|   0|  0|   2|           1|           1|
    |and_ln705_14_fu_1193_p2     |       and|   0|  0|   2|           1|           1|
    |and_ln705_15_fu_1234_p2     |       and|   0|  0|   2|           1|           1|
    |and_ln705_16_fu_1275_p2     |       and|   0|  0|   2|           1|           1|
    |and_ln705_17_fu_1316_p2     |       and|   0|  0|   2|           1|           1|
    |and_ln705_18_fu_1357_p2     |       and|   0|  0|   2|           1|           1|
    |and_ln705_19_fu_1398_p2     |       and|   0|  0|   2|           1|           1|
    |and_ln705_1_fu_660_p2       |       and|   0|  0|   2|           1|           1|
    |and_ln705_20_fu_1439_p2     |       and|   0|  0|   2|           1|           1|
    |and_ln705_21_fu_1480_p2     |       and|   0|  0|   2|           1|           1|
    |and_ln705_22_fu_1521_p2     |       and|   0|  0|   2|           1|           1|
    |and_ln705_23_fu_1562_p2     |       and|   0|  0|   2|           1|           1|
    |and_ln705_24_fu_1603_p2     |       and|   0|  0|   2|           1|           1|
    |and_ln705_25_fu_1644_p2     |       and|   0|  0|   2|           1|           1|
    |and_ln705_26_fu_1685_p2     |       and|   0|  0|   2|           1|           1|
    |and_ln705_27_fu_1726_p2     |       and|   0|  0|   2|           1|           1|
    |and_ln705_28_fu_1767_p2     |       and|   0|  0|   2|           1|           1|
    |and_ln705_29_fu_1804_p2     |       and|   0|  0|   2|           1|           1|
    |and_ln705_2_fu_701_p2       |       and|   0|  0|   2|           1|           1|
    |and_ln705_30_fu_1843_p2     |       and|   0|  0|   2|           1|           1|
    |and_ln705_3_fu_742_p2       |       and|   0|  0|   2|           1|           1|
    |and_ln705_4_fu_783_p2       |       and|   0|  0|   2|           1|           1|
    |and_ln705_5_fu_824_p2       |       and|   0|  0|   2|           1|           1|
    |and_ln705_6_fu_865_p2       |       and|   0|  0|   2|           1|           1|
    |and_ln705_7_fu_906_p2       |       and|   0|  0|   2|           1|           1|
    |and_ln705_8_fu_947_p2       |       and|   0|  0|   2|           1|           1|
    |and_ln705_9_fu_988_p2       |       and|   0|  0|   2|           1|           1|
    |and_ln705_fu_637_p2         |       and|   0|  0|   2|           1|           1|
    |ap_condition_1660           |       and|   0|  0|   2|           1|           1|
    |ap_condition_1665           |       and|   0|  0|   2|           1|           1|
    |ap_condition_1670           |       and|   0|  0|   2|           1|           1|
    |ap_condition_1676           |       and|   0|  0|   2|           1|           1|
    |ap_condition_1683           |       and|   0|  0|   2|           1|           1|
    |ap_condition_1691           |       and|   0|  0|   2|           1|           1|
    |ap_condition_1700           |       and|   0|  0|   2|           1|           1|
    |ap_condition_1710           |       and|   0|  0|   2|           1|           1|
    |ap_condition_1713           |       and|   0|  0|   2|           1|           1|
    |ap_condition_1717           |       and|   0|  0|   2|           1|           1|
    |ap_condition_1722           |       and|   0|  0|   2|           1|           1|
    |ap_condition_1728           |       and|   0|  0|   2|           1|           1|
    |ap_condition_1735           |       and|   0|  0|   2|           1|           1|
    |ap_condition_1743           |       and|   0|  0|   2|           1|           1|
    |ap_condition_1752           |       and|   0|  0|   2|           1|           1|
    |ap_condition_1762           |       and|   0|  0|   2|           1|           1|
    |ap_condition_1773           |       and|   0|  0|   2|           1|           1|
    |ap_condition_1785           |       and|   0|  0|   2|           1|           1|
    |ap_condition_1798           |       and|   0|  0|   2|           1|           1|
    |ap_condition_1812           |       and|   0|  0|   2|           1|           1|
    |ap_condition_1827           |       and|   0|  0|   2|           1|           1|
    |ap_condition_1843           |       and|   0|  0|   2|           1|           1|
    |ap_condition_1860           |       and|   0|  0|   2|           1|           1|
    |ap_condition_1878           |       and|   0|  0|   2|           1|           1|
    |ap_condition_1897           |       and|   0|  0|   2|           1|           1|
    |ap_condition_1917           |       and|   0|  0|   2|           1|           1|
    |ap_condition_1938           |       and|   0|  0|   2|           1|           1|
    |ap_condition_1960           |       and|   0|  0|   2|           1|           1|
    |ap_condition_1983           |       and|   0|  0|   2|           1|           1|
    |ap_condition_2008           |       and|   0|  0|   2|           1|           1|
    |ap_condition_328            |       and|   0|  0|   2|           1|           1|
    |ap_condition_337            |       and|   0|  0|   2|           1|           1|
    |ap_condition_341            |       and|   0|  0|   2|           1|           1|
    |ap_condition_345            |       and|   0|  0|   2|           1|           1|
    |ap_condition_349            |       and|   0|  0|   2|           1|           1|
    |ap_condition_353            |       and|   0|  0|   2|           1|           1|
    |ap_condition_357            |       and|   0|  0|   2|           1|           1|
    |ap_condition_361            |       and|   0|  0|   2|           1|           1|
    |ap_condition_365            |       and|   0|  0|   2|           1|           1|
    |ap_condition_369            |       and|   0|  0|   2|           1|           1|
    |ap_condition_373            |       and|   0|  0|   2|           1|           1|
    |ap_condition_377            |       and|   0|  0|   2|           1|           1|
    |ap_condition_381            |       and|   0|  0|   2|           1|           1|
    |ap_condition_385            |       and|   0|  0|   2|           1|           1|
    |ap_condition_389            |       and|   0|  0|   2|           1|           1|
    |ap_condition_393            |       and|   0|  0|   2|           1|           1|
    |ap_condition_397            |       and|   0|  0|   2|           1|           1|
    |ap_condition_401            |       and|   0|  0|   2|           1|           1|
    |ap_condition_405            |       and|   0|  0|   2|           1|           1|
    |ap_condition_409            |       and|   0|  0|   2|           1|           1|
    |ap_condition_413            |       and|   0|  0|   2|           1|           1|
    |ap_condition_417            |       and|   0|  0|   2|           1|           1|
    |ap_condition_421            |       and|   0|  0|   2|           1|           1|
    |ap_condition_425            |       and|   0|  0|   2|           1|           1|
    |ap_condition_429            |       and|   0|  0|   2|           1|           1|
    |ap_condition_433            |       and|   0|  0|   2|           1|           1|
    |ap_condition_437            |       and|   0|  0|   2|           1|           1|
    |ap_condition_441            |       and|   0|  0|   2|           1|           1|
    |ap_condition_445            |       and|   0|  0|   2|           1|           1|
    |ap_condition_449            |       and|   0|  0|   2|           1|           1|
    |ap_condition_453            |       and|   0|  0|   2|           1|           1|
    |icmp_ln677_fu_598_p2        |      icmp|   0|  0|  39|          32|           1|
    |select_ln156_fu_1974_p3     |    select|   0|  0|  29|           1|          29|
    |select_ln705_10_fu_1082_p3  |    select|   0|  0|   2|           1|           1|
    |select_ln705_11_fu_1123_p3  |    select|   0|  0|   2|           1|           1|
    |select_ln705_12_fu_1164_p3  |    select|   0|  0|   2|           1|           1|
    |select_ln705_13_fu_1205_p3  |    select|   0|  0|   2|           1|           1|
    |select_ln705_14_fu_1246_p3  |    select|   0|  0|   2|           1|           1|
    |select_ln705_15_fu_1287_p3  |    select|   0|  0|   2|           1|           1|
    |select_ln705_16_fu_1328_p3  |    select|   0|  0|   2|           1|           1|
    |select_ln705_17_fu_1369_p3  |    select|   0|  0|   2|           1|           1|
    |select_ln705_18_fu_1410_p3  |    select|   0|  0|   2|           1|           1|
    |select_ln705_19_fu_1451_p3  |    select|   0|  0|   2|           1|           1|
    |select_ln705_1_fu_713_p3    |    select|   0|  0|   2|           1|           1|
    |select_ln705_20_fu_1492_p3  |    select|   0|  0|   2|           1|           1|
    |select_ln705_21_fu_1533_p3  |    select|   0|  0|   2|           1|           1|
    |select_ln705_22_fu_1574_p3  |    select|   0|  0|   2|           1|           1|
    |select_ln705_23_fu_1615_p3  |    select|   0|  0|   2|           1|           1|
    |select_ln705_24_fu_1656_p3  |    select|   0|  0|   2|           1|           1|
    |select_ln705_25_fu_1697_p3  |    select|   0|  0|   2|           1|           1|
    |select_ln705_26_fu_1738_p3  |    select|   0|  0|   2|           1|           1|
    |select_ln705_27_fu_1779_p3  |    select|   0|  0|   2|           1|           1|
    |select_ln705_28_fu_1816_p3  |    select|   0|  0|   2|           1|           1|
    |select_ln705_29_fu_1857_p3  |    select|   0|  0|  34|           1|          36|
    |select_ln705_2_fu_754_p3    |    select|   0|  0|   2|           1|           1|
    |select_ln705_30_fu_2028_p3  |    select|   0|  0|   6|           1|           6|
    |select_ln705_3_fu_795_p3    |    select|   0|  0|   2|           1|           1|
    |select_ln705_4_fu_836_p3    |    select|   0|  0|   2|           1|           1|
    |select_ln705_5_fu_877_p3    |    select|   0|  0|   2|           1|           1|
    |select_ln705_6_fu_918_p3    |    select|   0|  0|   2|           1|           1|
    |select_ln705_7_fu_959_p3    |    select|   0|  0|   2|           1|           1|
    |select_ln705_8_fu_1000_p3   |    select|   0|  0|   2|           1|           1|
    |select_ln705_9_fu_1041_p3   |    select|   0|  0|   2|           1|           1|
    |select_ln705_fu_672_p3      |    select|   0|  0|   2|           1|           1|
    |xor_ln705_10_fu_1076_p2     |       xor|   0|  0|   2|           1|           2|
    |xor_ln705_11_fu_1117_p2     |       xor|   0|  0|   2|           1|           2|
    |xor_ln705_12_fu_1158_p2     |       xor|   0|  0|   2|           1|           2|
    |xor_ln705_13_fu_1199_p2     |       xor|   0|  0|   2|           1|           2|
    |xor_ln705_14_fu_1240_p2     |       xor|   0|  0|   2|           1|           2|
    |xor_ln705_15_fu_1281_p2     |       xor|   0|  0|   2|           1|           2|
    |xor_ln705_16_fu_1322_p2     |       xor|   0|  0|   2|           1|           2|
    |xor_ln705_17_fu_1363_p2     |       xor|   0|  0|   2|           1|           2|
    |xor_ln705_18_fu_1404_p2     |       xor|   0|  0|   2|           1|           2|
    |xor_ln705_19_fu_1445_p2     |       xor|   0|  0|   2|           1|           2|
    |xor_ln705_1_fu_707_p2       |       xor|   0|  0|   2|           1|           2|
    |xor_ln705_20_fu_1486_p2     |       xor|   0|  0|   2|           1|           2|
    |xor_ln705_21_fu_1527_p2     |       xor|   0|  0|   2|           1|           2|
    |xor_ln705_22_fu_1568_p2     |       xor|   0|  0|   2|           1|           2|
    |xor_ln705_23_fu_1609_p2     |       xor|   0|  0|   2|           1|           2|
    |xor_ln705_24_fu_1650_p2     |       xor|   0|  0|   2|           1|           2|
    |xor_ln705_25_fu_1691_p2     |       xor|   0|  0|   2|           1|           2|
    |xor_ln705_26_fu_1732_p2     |       xor|   0|  0|   2|           1|           2|
    |xor_ln705_27_fu_1773_p2     |       xor|   0|  0|   2|           1|           2|
    |xor_ln705_28_fu_1810_p2     |       xor|   0|  0|   2|           1|           2|
    |xor_ln705_29_fu_1837_p2     |       xor|   0|  0|   2|           1|           2|
    |xor_ln705_2_fu_748_p2       |       xor|   0|  0|   2|           1|           2|
    |xor_ln705_3_fu_789_p2       |       xor|   0|  0|   2|           1|           2|
    |xor_ln705_4_fu_830_p2       |       xor|   0|  0|   2|           1|           2|
    |xor_ln705_5_fu_871_p2       |       xor|   0|  0|   2|           1|           2|
    |xor_ln705_6_fu_912_p2       |       xor|   0|  0|   2|           1|           2|
    |xor_ln705_7_fu_953_p2       |       xor|   0|  0|   2|           1|           2|
    |xor_ln705_8_fu_994_p2       |       xor|   0|  0|   2|           1|           2|
    |xor_ln705_9_fu_1035_p2      |       xor|   0|  0|   2|           1|           2|
    |xor_ln705_fu_666_p2         |       xor|   0|  0|   2|           1|           2|
    +----------------------------+----------+----+---+----+------------+------------+
    |Total                       |          |   0|  0| 599|         347|         414|
    +----------------------------+----------+----+---+----+------------+------------+

    * Multiplexer: 
    +---------------------------------------+-----+-----------+-----+-----------+
    |                  Name                 | LUT | Input Size| Bits| Total Bits|
    +---------------------------------------+-----+-----------+-----+-----------+
    |ap_phi_mux_b_exp_03_phi_fu_486_p64     |    9|          2|    6|         12|
    |ap_phi_mux_b_frac_05_phi_fu_376_p64    |  152|         33|   36|       1188|
    |ap_phi_mux_index0_2_phi_fu_446_p4      |   14|          3|    6|         18|
    |ap_phi_mux_r_phi_fu_587_p4             |    9|          2|   32|         64|
    |ap_phi_reg_pp0_iter1_b_exp_03_reg_452  |  148|         32|    6|        192|
    |ap_phi_reg_pp0_iter1_r_reg_583         |    9|          2|   32|         64|
    |b_frac_05_reg_373                      |  152|         33|   36|       1188|
    +---------------------------------------+-----+-----------+-----+-----------+
    |Total                                  |  493|        107|  154|       2726|
    +---------------------------------------+-----+-----------+-----+-----------+

    * Register: 
    +---------------------------------------+----+----+-----+-----------+
    |                  Name                 | FF | LUT| Bits| Const Bits|
    +---------------------------------------+----+----+-----+-----------+
    |add_ln158_reg_2367                     |  29|   0|   29|          0|
    |add_ln158_reg_2367_pp0_iter2_reg       |  29|   0|   29|          0|
    |add_ln753_reg_2382                     |  22|   0|   22|          0|
    |add_ln753_reg_2382_pp0_iter3_reg       |  22|   0|   22|          0|
    |and_ln705_30_reg_2340                  |   1|   0|    1|          0|
    |and_ln705_reg_2215                     |   1|   0|    1|          0|
    |ap_phi_reg_pp0_iter1_b_exp_03_reg_452  |   6|   0|    6|          0|
    |ap_phi_reg_pp0_iter1_r_reg_583         |  32|   0|   32|          0|
    |ap_phi_reg_pp0_iter2_b_exp_03_reg_452  |   6|   0|    6|          0|
    |ap_phi_reg_pp0_iter2_r_reg_583         |  32|   0|   32|          0|
    |ap_phi_reg_pp0_iter3_b_exp_03_reg_452  |   6|   0|    6|          0|
    |ap_phi_reg_pp0_iter3_r_reg_583         |  32|   0|   32|          0|
    |ap_phi_reg_pp0_iter4_b_exp_03_reg_452  |   6|   0|    6|          0|
    |ap_phi_reg_pp0_iter4_r_reg_583         |  32|   0|   32|          0|
    |b_frac_05_reg_373                      |  36|   0|   36|          0|
    |icmp_ln677_reg_2211                    |   1|   0|    1|          0|
    |log_sum_reg_2357                       |  22|   0|   22|          0|
    |select_ln705_10_reg_2259               |   1|   0|    1|          0|
    |select_ln705_11_reg_2263               |   1|   0|    1|          0|
    |select_ln705_12_reg_2267               |   1|   0|    1|          0|
    |select_ln705_13_reg_2271               |   1|   0|    1|          0|
    |select_ln705_14_reg_2275               |   1|   0|    1|          0|
    |select_ln705_15_reg_2279               |   1|   0|    1|          0|
    |select_ln705_16_reg_2283               |   1|   0|    1|          0|
    |select_ln705_17_reg_2287               |   1|   0|    1|          0|
    |select_ln705_18_reg_2291               |   1|   0|    1|          0|
    |select_ln705_19_reg_2295               |   1|   0|    1|          0|
    |select_ln705_1_reg_2223                |   1|   0|    1|          0|
    |select_ln705_20_reg_2299               |   1|   0|    1|          0|
    |select_ln705_21_reg_2303               |   1|   0|    1|          0|
    |select_ln705_22_reg_2307               |   1|   0|    1|          0|
    |select_ln705_23_reg_2311               |   1|   0|    1|          0|
    |select_ln705_24_reg_2315               |   1|   0|    1|          0|
    |select_ln705_25_reg_2319               |   1|   0|    1|          0|
    |select_ln705_26_reg_2323               |   1|   0|    1|          0|
    |select_ln705_27_reg_2327               |   1|   0|    1|          0|
    |select_ln705_28_reg_2336               |   1|   0|    1|          0|
    |select_ln705_2_reg_2227                |   1|   0|    1|          0|
    |select_ln705_3_reg_2231                |   1|   0|    1|          0|
    |select_ln705_4_reg_2235                |   1|   0|    1|          0|
    |select_ln705_5_reg_2239                |   1|   0|    1|          0|
    |select_ln705_6_reg_2243                |   1|   0|    1|          0|
    |select_ln705_7_reg_2247                |   1|   0|    1|          0|
    |select_ln705_8_reg_2251                |   1|   0|    1|          0|
    |select_ln705_9_reg_2255                |   1|   0|    1|          0|
    |select_ln705_reg_2219                  |   1|   0|    1|          0|
    |trunc_ln705_reg_2331                   |   1|   0|    1|          0|
    |x_int_reg                              |  32|   0|   32|          0|
    |and_ln705_30_reg_2340                  |  64|  32|    1|          0|
    |and_ln705_reg_2215                     |  64|  32|    1|          0|
    |icmp_ln677_reg_2211                    |  64|  32|    1|          0|
    |select_ln705_10_reg_2259               |  64|  32|    1|          0|
    |select_ln705_11_reg_2263               |  64|  32|    1|          0|
    |select_ln705_12_reg_2267               |  64|  32|    1|          0|
    |select_ln705_13_reg_2271               |  64|  32|    1|          0|
    |select_ln705_14_reg_2275               |  64|  32|    1|          0|
    |select_ln705_15_reg_2279               |  64|  32|    1|          0|
    |select_ln705_16_reg_2283               |  64|  32|    1|          0|
    |select_ln705_17_reg_2287               |  64|  32|    1|          0|
    |select_ln705_18_reg_2291               |  64|  32|    1|          0|
    |select_ln705_19_reg_2295               |  64|  32|    1|          0|
    |select_ln705_1_reg_2223                |  64|  32|    1|          0|
    |select_ln705_20_reg_2299               |  64|  32|    1|          0|
    |select_ln705_21_reg_2303               |  64|  32|    1|          0|
    |select_ln705_22_reg_2307               |  64|  32|    1|          0|
    |select_ln705_23_reg_2311               |  64|  32|    1|          0|
    |select_ln705_24_reg_2315               |  64|  32|    1|          0|
    |select_ln705_25_reg_2319               |  64|  32|    1|          0|
    |select_ln705_26_reg_2323               |  64|  32|    1|          0|
    |select_ln705_27_reg_2327               |  64|  32|    1|          0|
    |select_ln705_28_reg_2336               |  64|  32|    1|          0|
    |select_ln705_2_reg_2227                |  64|  32|    1|          0|
    |select_ln705_3_reg_2231                |  64|  32|    1|          0|
    |select_ln705_4_reg_2235                |  64|  32|    1|          0|
    |select_ln705_5_reg_2239                |  64|  32|    1|          0|
    |select_ln705_6_reg_2243                |  64|  32|    1|          0|
    |select_ln705_7_reg_2247                |  64|  32|    1|          0|
    |select_ln705_8_reg_2251                |  64|  32|    1|          0|
    |select_ln705_9_reg_2255                |  64|  32|    1|          0|
    |select_ln705_reg_2219                  |  64|  32|    1|          0|
    |trunc_ln705_reg_2331                   |  64|  32|    1|          0|
    +---------------------------------------+----+----+-----+-----------+
    |Total                                  |2489|1056|  410|          0|
    +---------------------------------------+----+----+-----+-----------+



================================================================
== Interface
================================================================
* Summary: 
+-----------+-----+-----+------------+--------------+--------------+
| RTL Ports | Dir | Bits|  Protocol  | Source Object|    C Type    |
+-----------+-----+-----+------------+--------------+--------------+
|ap_clk     |   in|    1|  ap_ctrl_hs|   log<32, 16>|  return value|
|ap_rst     |   in|    1|  ap_ctrl_hs|   log<32, 16>|  return value|
|ap_return  |  out|   32|  ap_ctrl_hs|   log<32, 16>|  return value|
|x          |   in|   32|     ap_none|             x|        scalar|
+-----------+-----+-----+------------+--------------+--------------+

