

================================================================
== Vitis HLS Report for 'search_Pipeline_VITIS_LOOP_42_1'
================================================================
* Date:           Thu Apr 23 22:10:21 2026

* Version:        2025.1 (Build 6135595 on May 21 2025)
* Project:        mcts.prj
* Solution:       solution1 (Vivado IP Flow Target)
* Product family: zynquplus
* Target device:  xck26-sfvc784-2LV-c


================================================================
== Performance Estimates
================================================================
+ Timing: 
    * Summary: 
    +--------+----------+----------+------------+
    |  Clock |  Target  | Estimated| Uncertainty|
    +--------+----------+----------+------------+
    |ap_clk  |  10.00 ns|  1.892 ns|     2.70 ns|
    +--------+----------+----------+------------+

+ Latency: 
    * Summary: 
    +---------+---------+----------+----------+-----+-----+------------------------------------------------+
    |  Latency (cycles) |  Latency (absolute) |  Interval |                    Pipeline                    |
    |   min   |   max   |    min   |    max   | min | max |                      Type                      |
    +---------+---------+----------+----------+-----+-----+------------------------------------------------+
    |       51|       51|  0.510 us|  0.510 us|   50|   50|  loop auto-rewind stp (delay=0 clock cycles(s))|
    +---------+---------+----------+----------+-----+-----+------------------------------------------------+

    + Detail: 
        * Instance: 
        N/A

        * Loop: 
        +-------------------+---------+---------+----------+-----------+-----------+------+----------+
        |                   |  Latency (cycles) | Iteration|  Initiation Interval  | Trip |          |
        |     Loop Name     |   min   |   max   |  Latency |  achieved |   target  | Count| Pipelined|
        +-------------------+---------+---------+----------+-----------+-----------+------+----------+
        |- VITIS_LOOP_42_1  |       49|       49|         1|          1|          1|    49|       yes|
        +-------------------+---------+---------+----------+-----------+-----------+------+----------+



================================================================
== Utilization Estimates
================================================================
* Summary: 
+-----------------+---------+------+--------+--------+-----+
|       Name      | BRAM_18K|  DSP |   FF   |   LUT  | URAM|
+-----------------+---------+------+--------+--------+-----+
|DSP              |        -|     -|       -|       -|    -|
|Expression       |        -|     -|       0|      99|    -|
|FIFO             |        -|     -|       -|       -|    -|
|Instance         |        -|     -|       0|      17|    -|
|Memory           |        -|     -|       -|       -|    -|
|Multiplexer      |        -|     -|       0|      36|    -|
|Register         |        -|     -|      41|       -|    -|
+-----------------+---------+------+--------+--------+-----+
|Total            |        0|     0|      41|     152|    0|
+-----------------+---------+------+--------+--------+-----+
|Available        |      288|  1248|  234240|  117120|   64|
+-----------------+---------+------+--------+--------+-----+
|Utilization (%)  |        0|     0|      ~0|      ~0|    0|
+-----------------+---------+------+--------+--------+-----+

+ Detail: 
    * Instance: 
    +----------------------------------+------------------------------+---------+----+---+----+-----+
    |             Instance             |            Module            | BRAM_18K| DSP| FF| LUT| URAM|
    +----------------------------------+------------------------------+---------+----+---+----+-----+
    |bitselect_1ns_49ns_6ns_1_1_1_U70  |bitselect_1ns_49ns_6ns_1_1_1  |        0|   0|  0|  17|    0|
    +----------------------------------+------------------------------+---------+----+---+----+-----+
    |Total                             |                              |        0|   0|  0|  17|    0|
    +----------------------------------+------------------------------+---------+----+---+----+-----+

    * DSP: 
    N/A

    * Memory: 
    N/A

    * FIFO: 
    N/A

    * Expression: 
    +----------------------------+----------+----+---+----+------------+------------+
    |        Variable Name       | Operation| DSP| FF| LUT| Bitwidth P0| Bitwidth P1|
    +----------------------------+----------+----+---+----+------------+------------+
    |add_ln44_fu_90_p2           |         +|   0|  0|  39|          32|           1|
    |i_2_fu_74_p2                |         +|   0|  0|  13|           6|           1|
    |icmp_ln42_fu_68_p2          |      icmp|   0|  0|  13|           6|           5|
    |numLegalActions_1_fu_96_p3  |    select|   0|  0|  32|           1|          32|
    |ap_enable_pp0               |       xor|   0|  0|   2|           1|           2|
    +----------------------------+----------+----+---+----+------------+------------+
    |Total                       |          |   0|  0|  99|          46|          41|
    +----------------------------+----------+----+---+----+------------+------------+

    * Multiplexer: 
    +-------------------------+----+-----------+-----+-----------+
    |           Name          | LUT| Input Size| Bits| Total Bits|
    +-------------------------+----+-----------+-----+-----------+
    |ap_done_int              |   9|          2|    1|          2|
    |ap_enable_reg_pp0_iter1  |   9|          2|    1|          2|
    |i_fu_38                  |   9|          2|    6|         12|
    |numLegalActions_fu_34    |   9|          2|   32|         64|
    +-------------------------+----+-----------+-----+-----------+
    |Total                    |  36|          8|   40|         80|
    +-------------------------+----+-----------+-----+-----------+

    * Register: 
    +-------------------------+----+----+-----+-----------+
    |           Name          | FF | LUT| Bits| Const Bits|
    +-------------------------+----+----+-----+-----------+
    |ap_CS_fsm                |   1|   0|    1|          0|
    |ap_done_reg              |   1|   0|    1|          0|
    |ap_enable_reg_pp0_iter1  |   1|   0|    1|          0|
    |i_fu_38                  |   6|   0|    6|          0|
    |numLegalActions_fu_34    |  32|   0|   32|          0|
    +-------------------------+----+----+-----+-----------+
    |Total                    |  41|   0|   41|          0|
    +-------------------------+----+----+-----+-----------+



================================================================
== Interface
================================================================
* Summary: 
+----------------------------+-----+-----+------------+---------------------------------+--------------+
|          RTL Ports         | Dir | Bits|  Protocol  |          Source Object          |    C Type    |
+----------------------------+-----+-----+------------+---------------------------------+--------------+
|ap_clk                      |   in|    1|  ap_ctrl_hs|  search_Pipeline_VITIS_LOOP_42_1|  return value|
|ap_rst                      |   in|    1|  ap_ctrl_hs|  search_Pipeline_VITIS_LOOP_42_1|  return value|
|ap_start                    |   in|    1|  ap_ctrl_hs|  search_Pipeline_VITIS_LOOP_42_1|  return value|
|ap_done                     |  out|    1|  ap_ctrl_hs|  search_Pipeline_VITIS_LOOP_42_1|  return value|
|ap_idle                     |  out|    1|  ap_ctrl_hs|  search_Pipeline_VITIS_LOOP_42_1|  return value|
|ap_ready                    |  out|    1|  ap_ctrl_hs|  search_Pipeline_VITIS_LOOP_42_1|  return value|
|gameState_legalActionMap    |   in|   49|     ap_none|         gameState_legalActionMap|        scalar|
|numLegalActions_out         |  out|   32|      ap_vld|              numLegalActions_out|       pointer|
|numLegalActions_out_ap_vld  |  out|    1|      ap_vld|              numLegalActions_out|       pointer|
+----------------------------+-----+-----+------------+---------------------------------+--------------+

