

================================================================
== Vitis HLS Report for 'search_Pipeline_VITIS_LOOP_27_1'
================================================================
* Date:           Thu Apr 23 22:10:26 2026

* Version:        2025.1 (Build 6135595 on May 21 2025)
* Project:        mcts.prj
* Solution:       solution1 (Vivado IP Flow Target)
* Product family: zynquplus
* Target device:  xck26-sfvc784-2LV-c


================================================================
== Performance Estimates
================================================================
+ Timing: 
    * Summary: 
    +--------+----------+----------+------------+
    |  Clock |  Target  | Estimated| Uncertainty|
    +--------+----------+----------+------------+
    |ap_clk  |  10.00 ns|  3.129 ns|     2.70 ns|
    +--------+----------+----------+------------+

+ Latency: 
    * Summary: 
    +---------+---------+----------+----------+-----+-----+------------------------------------------------+
    |  Latency (cycles) |  Latency (absolute) |  Interval |                    Pipeline                    |
    |   min   |   max   |    min   |    max   | min | max |                      Type                      |
    +---------+---------+----------+----------+-----+-----+------------------------------------------------+
    |        ?|        ?|         ?|         ?|    0|    0|  loop auto-rewind stp (delay=0 clock cycles(s))|
    +---------+---------+----------+----------+-----+-----+------------------------------------------------+

    + Detail: 
        * Instance: 
        N/A

        * Loop: 
        +-------------------+---------+---------+----------+-----------+-----------+------+----------+
        |                   |  Latency (cycles) | Iteration|  Initiation Interval  | Trip |          |
        |     Loop Name     |   min   |   max   |  Latency |  achieved |   target  | Count| Pipelined|
        +-------------------+---------+---------+----------+-----------+-----------+------+----------+
        |- VITIS_LOOP_27_1  |        ?|        ?|         2|          1|          1|     ?|       yes|
        +-------------------+---------+---------+----------+-----------+-----------+------+----------+



================================================================
== Utilization Estimates
================================================================
* Summary: 
+-----------------+---------+------+--------+--------+-----+
|       Name      | BRAM_18K|  DSP |   FF   |   LUT  | URAM|
+-----------------+---------+------+--------+--------+-----+
|DSP              |        -|     -|       -|       -|    -|
|Expression       |        -|     -|       0|     144|    -|
|FIFO             |        -|     -|       -|       -|    -|
|Instance         |        -|     -|       -|       -|    -|
|Memory           |        -|     -|       -|       -|    -|
|Multiplexer      |        -|     -|       0|      59|    -|
|Register         |        -|     -|     133|       -|    -|
+-----------------+---------+------+--------+--------+-----+
|Total            |        0|     0|     133|     203|    0|
+-----------------+---------+------+--------+--------+-----+
|Available        |      288|  1248|  234240|  117120|   64|
+-----------------+---------+------+--------+--------+-----+
|Utilization (%)  |        0|     0|      ~0|      ~0|    0|
+-----------------+---------+------+--------+--------+-----+

+ Detail: 
    * Instance: 
    N/A

    * DSP: 
    N/A

    * Memory: 
    N/A

    * FIFO: 
    N/A

    * Expression: 
    +-----------------------------+----------+----+---+----+------------+------------+
    |        Variable Name        | Operation| DSP| FF| LUT| Bitwidth P0| Bitwidth P1|
    +-----------------------------+----------+----+---+----+------------+------------+
    |icmp_ln27_fu_97_p2           |      icmp|   0|  0|  39|          32|           2|
    |icmp_ln30_fu_120_p2          |      icmp|   0|  0|  39|          32|          32|
    |bestChildNode_2_fu_126_p3    |    select|   0|  0|  32|           1|          32|
    |bestChildVisits_1_fu_133_p3  |    select|   0|  0|  32|           1|          32|
    |ap_enable_pp0                |       xor|   0|  0|   2|           1|           2|
    +-----------------------------+----------+----+---+----+------------+------------+
    |Total                        |          |   0|  0| 144|          67|         100|
    +-----------------------------+----------+----+---+----+------------+------------+

    * Multiplexer: 
    +----------------------------------+----+-----------+-----+-----------+
    |               Name               | LUT| Input Size| Bits| Total Bits|
    +----------------------------------+----+-----------+-----+-----------+
    |ap_done_int                       |   9|          2|    1|          2|
    |ap_loop_exit_ready_pp0_iter1_reg  |   9|          2|    1|          2|
    |ap_sig_allocacmp_child_1          |  14|          3|   32|         96|
    |bestChildNode_fu_36               |   9|          2|   32|         64|
    |bestChildVisits_fu_32             |   9|          2|   32|         64|
    |child_fu_28                       |   9|          2|   32|         64|
    +----------------------------------+----+-----------+-----+-----------+
    |Total                             |  59|         13|  130|        292|
    +----------------------------------+----+-----------+-----+-----------+

    * Register: 
    +----------------------------------+----+----+-----+-----------+
    |               Name               | FF | LUT| Bits| Const Bits|
    +----------------------------------+----+----+-----+-----------+
    |ap_CS_fsm                         |   1|   0|    1|          0|
    |ap_done_reg                       |   1|   0|    1|          0|
    |ap_enable_reg_pp0_iter1           |   1|   0|    1|          0|
    |ap_loop_exit_ready_pp0_iter1_reg  |   1|   0|    1|          0|
    |bestChildNode_fu_36               |  32|   0|   32|          0|
    |bestChildVisits_fu_32             |  32|   0|   32|          0|
    |child_1_reg_177                   |  32|   0|   32|          0|
    |child_fu_28                       |  32|   0|   32|          0|
    |icmp_ln27_reg_182                 |   1|   0|    1|          0|
    +----------------------------------+----+----+-----+-----------+
    |Total                             | 133|   0|  133|          0|
    +----------------------------------+----+----+-----+-----------+



================================================================
== Interface
================================================================
* Summary: 
+----------------------------+-----+-----+------------+---------------------------------+--------------+
|          RTL Ports         | Dir | Bits|  Protocol  |          Source Object          |    C Type    |
+----------------------------+-----+-----+------------+---------------------------------+--------------+
|ap_clk                      |   in|    1|  ap_ctrl_hs|  search_Pipeline_VITIS_LOOP_27_1|  return value|
|ap_rst                      |   in|    1|  ap_ctrl_hs|  search_Pipeline_VITIS_LOOP_27_1|  return value|
|ap_start                    |   in|    1|  ap_ctrl_hs|  search_Pipeline_VITIS_LOOP_27_1|  return value|
|ap_done                     |  out|    1|  ap_ctrl_hs|  search_Pipeline_VITIS_LOOP_27_1|  return value|
|ap_idle                     |  out|    1|  ap_ctrl_hs|  search_Pipeline_VITIS_LOOP_27_1|  return value|
|ap_ready                    |  out|    1|  ap_ctrl_hs|  search_Pipeline_VITIS_LOOP_27_1|  return value|
|bestChildNode_3             |   in|   32|     ap_none|                  bestChildNode_3|        scalar|
|this_visitCounts_address0   |  out|   13|   ap_memory|                 this_visitCounts|         array|
|this_visitCounts_ce0        |  out|    1|   ap_memory|                 this_visitCounts|         array|
|this_visitCounts_q0         |   in|   32|   ap_memory|                 this_visitCounts|         array|
|this_nextSiblings_address0  |  out|   13|   ap_memory|                this_nextSiblings|         array|
|this_nextSiblings_ce0       |  out|    1|   ap_memory|                this_nextSiblings|         array|
|this_nextSiblings_q0        |   in|   32|   ap_memory|                this_nextSiblings|         array|
|bestChildNode_out           |  out|   13|      ap_vld|                bestChildNode_out|       pointer|
|bestChildNode_out_ap_vld    |  out|    1|      ap_vld|                bestChildNode_out|       pointer|
+----------------------------+-----+-----+------------+---------------------------------+--------------+

