==============================================================
Vitis HLS - High-Level Synthesis from C, C++ and OpenCL v2025.1 (64-bit)
Tool Version Limit: 2025.05
Copyright 1986-2022 Xilinx, Inc. All Rights Reserved.
Copyright 2022-2025 Advanced Micro Devices, Inc. All Rights Reserved.

==============================================================
INFO: [HLS 200-1505] Using default flow_target 'vivado'
INFO: [HLS 200-1510] Running: set_part xck26-sfvc784-2LV-c 
INFO: [HLS 200-1611] Setting target device to 'xck26-sfvc784-2LV-c'
INFO: [HLS 200-1510] Running: create_clock -period 10 
INFO: [SYN 201-201] Setting up clock 'default' with a period of 10ns.
INFO: [HLS 200-1510] Running: csim_design 
INFO: [SIM 211-2] *************** CSIM start ***************
INFO: [SIM 211-4] CSIM will launch CLANG as the compiler.
INFO: [HLS 200-2036] Building debug C Simulation binaries
INFO: [SIM 211-1] CSim done with 0 errors.
INFO: [SIM 211-3] *************** CSIM finish ***************
INFO: [HLS 200-2161] Finished Command csim_design Elapsed time: 00:04:44; Allocated memory: 0.000 MB.
INFO: [HLS 200-1510] Running: csynth_design 
INFO: [HLS 200-111] Finished File checks and directory preparation: CPU user time: 2.54 seconds. CPU system time: 0.18 seconds. Elapsed time: 3.2 seconds; current allocated memory: 217.152 MB.
INFO: [HLS 200-10] Analyzing design file 'dut.cpp' ... 
WARNING: [HLS 207-1016] unknown warning group '-Wmisleading-indentation', ignored (/scratch/Xilinx/2025.1/Vitis/common/technology/autopilot/etc/hls_sqrt_apfixed.h:16:34)
INFO: [HLS 200-10] Analyzing design file 'rand.cpp' ... 
INFO: [HLS 200-10] Analyzing design file 'MCTSSearcher.cpp' ... 
WARNING: [HLS 207-1016] unknown warning group '-Wmisleading-indentation', ignored (/scratch/Xilinx/2025.1/Vitis/common/technology/autopilot/etc/hls_sqrt_apfixed.h:16:34)
WARNING: [HLS 207-5292] unused parameter 'boardState' (MCTSSearcher.cpp:88:77)
INFO: [HLS 200-10] Analyzing design file 'GameState.cpp' ... 
WARNING: [HLS 207-1016] unknown warning group '-Wmisleading-indentation', ignored (/scratch/Xilinx/2025.1/Vitis/common/technology/autopilot/etc/hls_sqrt_apfixed.h:16:34)
INFO: [HLS 200-111] Finished Source Code Analysis and Preprocessing: CPU user time: 111.03 seconds. CPU system time: 4.18 seconds. Elapsed time: 121.32 seconds; current allocated memory: 228.836 MB.
INFO: [HLS 200-777] Using interface defaults for 'Vivado' flow target.
INFO: [HLS 200-1995] There were 41,673 instructions in the design after the 'Compile/Link' phase of compilation. See the Design Size Report for more details (/home/course/aakash27/hex-fpga/mcts.prj/solution1/syn/report/csynth_design_size.rpt:2)
INFO: [HLS 200-1995] There were 17,333 instructions in the design after the 'Unroll/Inline (step 1)' phase of compilation. See the Design Size Report for more details (/home/course/aakash27/hex-fpga/mcts.prj/solution1/syn/report/csynth_design_size.rpt:2)
INFO: [HLS 200-1995] There were 8,890 instructions in the design after the 'Unroll/Inline (step 2)' phase of compilation. See the Design Size Report for more details (/home/course/aakash27/hex-fpga/mcts.prj/solution1/syn/report/csynth_design_size.rpt:2)
INFO: [HLS 200-1995] There were 8,686 instructions in the design after the 'Unroll/Inline (step 3)' phase of compilation. See the Design Size Report for more details (/home/course/aakash27/hex-fpga/mcts.prj/solution1/syn/report/csynth_design_size.rpt:2)
INFO: [HLS 200-1995] There were 7,521 instructions in the design after the 'Unroll/Inline (step 4)' phase of compilation. See the Design Size Report for more details (/home/course/aakash27/hex-fpga/mcts.prj/solution1/syn/report/csynth_design_size.rpt:2)
INFO: [HLS 200-1995] There were 7,410 instructions in the design after the 'Array/Struct (step 1)' phase of compilation. See the Design Size Report for more details (/home/course/aakash27/hex-fpga/mcts.prj/solution1/syn/report/csynth_design_size.rpt:2)
INFO: [HLS 200-1995] There were 7,410 instructions in the design after the 'Array/Struct (step 2)' phase of compilation. See the Design Size Report for more details (/home/course/aakash27/hex-fpga/mcts.prj/solution1/syn/report/csynth_design_size.rpt:2)
INFO: [HLS 200-1995] There were 7,410 instructions in the design after the 'Array/Struct (step 3)' phase of compilation. See the Design Size Report for more details (/home/course/aakash27/hex-fpga/mcts.prj/solution1/syn/report/csynth_design_size.rpt:2)
INFO: [HLS 200-1995] There were 7,410 instructions in the design after the 'Array/Struct (step 4)' phase of compilation. See the Design Size Report for more details (/home/course/aakash27/hex-fpga/mcts.prj/solution1/syn/report/csynth_design_size.rpt:2)
INFO: [HLS 200-1995] There were 7,546 instructions in the design after the 'Array/Struct (step 5)' phase of compilation. See the Design Size Report for more details (/home/course/aakash27/hex-fpga/mcts.prj/solution1/syn/report/csynth_design_size.rpt:2)
INFO: [HLS 200-1995] There were 7,546 instructions in the design after the 'Performance (step 1)' phase of compilation. See the Design Size Report for more details (/home/course/aakash27/hex-fpga/mcts.prj/solution1/syn/report/csynth_design_size.rpt:2)
INFO: [HLS 200-1995] There were 7,706 instructions in the design after the 'Performance (step 2)' phase of compilation. See the Design Size Report for more details (/home/course/aakash27/hex-fpga/mcts.prj/solution1/syn/report/csynth_design_size.rpt:2)
INFO: [HLS 200-1995] There were 7,702 instructions in the design after the 'Performance (step 3)' phase of compilation. See the Design Size Report for more details (/home/course/aakash27/hex-fpga/mcts.prj/solution1/syn/report/csynth_design_size.rpt:2)
INFO: [HLS 200-1995] There were 7,702 instructions in the design after the 'Performance (step 4)' phase of compilation. See the Design Size Report for more details (/home/course/aakash27/hex-fpga/mcts.prj/solution1/syn/report/csynth_design_size.rpt:2)
INFO: [HLS 200-1995] There were 7,570 instructions in the design after the 'HW Transforms (step 1)' phase of compilation. See the Design Size Report for more details (/home/course/aakash27/hex-fpga/mcts.prj/solution1/syn/report/csynth_design_size.rpt:2)
INFO: [HLS 200-1995] There were 7,648 instructions in the design after the 'HW Transforms (step 2)' phase of compilation. See the Design Size Report for more details (/home/course/aakash27/hex-fpga/mcts.prj/solution1/syn/report/csynth_design_size.rpt:2)
INFO: [HLS 214-291] Loop 'VITIS_LOOP_703_1' is marked as complete unroll implied by the pipeline pragma (/scratch/Xilinx/2025.1/Vitis/common/technology/autopilot/etc/hls_log_apfixed.h:703:31)
INFO: [HLS 214-291] Loop 'VITIS_LOOP_271_2' is marked as complete unroll implied by the pipeline pragma (/scratch/Xilinx/2025.1/Vitis/common/technology/autopilot/etc/hls_sqrt_apfixed.h:271:27)
INFO: [HLS 214-291] Loop 'VITIS_LOOP_243_1' is marked as complete unroll implied by the pipeline pragma (/scratch/Xilinx/2025.1/Vitis/common/technology/autopilot/etc/hls_sqrt_apfixed.h:243:27)
INFO: [HLS 214-186] Unrolling loop 'VITIS_LOOP_282_1' (MCTSSearcher.cpp:282:23) in function 'search' completely with a factor of 2 (MCTSSearcher.cpp:280:0)
INFO: [HLS 214-186] Unrolling loop 'VITIS_LOOP_169_3' (MCTSSearcher.cpp:169:27) in function 'MCTSSearcher<5000>::forward' completely with a factor of 4 (MCTSSearcher.cpp:124:0)
INFO: [HLS 214-186] Unrolling loop 'VITIS_LOOP_703_1' (/scratch/Xilinx/2025.1/Vitis/common/technology/autopilot/etc/hls_log_apfixed.h:703:31) in function 'log_apfixed_reduce::log<32, 16>' completely with a factor of 32 (/scratch/Xilinx/2025.1/Vitis/common/technology/autopilot/etc/hls_log_apfixed.h:474:0)
INFO: [HLS 214-186] Unrolling loop 'VITIS_LOOP_189_1' (MCTSSearcher.cpp:189:23) in function 'MCTSSearcher<5000>::rollout' completely with a factor of 49 (MCTSSearcher.cpp:181:0)
INFO: [HLS 214-186] Unrolling loop 'VITIS_LOOP_271_2' (/scratch/Xilinx/2025.1/Vitis/common/technology/autopilot/etc/hls_sqrt_apfixed.h:271:27) in function 'sqrt_fixed<32, 16>' completely with a factor of 17 (/scratch/Xilinx/2025.1/Vitis/common/technology/autopilot/etc/hls_sqrt_apfixed.h:20:0)
INFO: [HLS 214-186] Unrolling loop 'VITIS_LOOP_243_1' (/scratch/Xilinx/2025.1/Vitis/common/technology/autopilot/etc/hls_sqrt_apfixed.h:243:27) in function 'sqrt_fixed<32, 16>' completely with a factor of 8 (/scratch/Xilinx/2025.1/Vitis/common/technology/autopilot/etc/hls_sqrt_apfixed.h:20:0)
INFO: [HLS 214-178] Inlining function 'RNG::RNG(unsigned long)' into 'MCTSSearcher<5000>::MCTSSearcher(unsigned long)' (./MCTSSearcher.h:41:0)
INFO: [HLS 214-178] Inlining function 'Hex<7u>::player1() const (.117.148.167)' into 'GameState::GameState(Hex<7u>)' (./GameState.h:22:0)
INFO: [HLS 214-178] Inlining function 'Hex<7u>::player2() const (.114.145.164)' into 'GameState::GameState(Hex<7u>)' (./GameState.h:22:0)
INFO: [HLS 214-178] Inlining function 'GameState::GameState(Hex<7u>)' into 'GameState::clone()' (GameState.cpp:7:0)
INFO: [HLS 214-178] Inlining function 'Hex<7u>::place(int) (.120.151.170)' into 'GameState::makeMove(int)' (GameState.cpp:12:0)
INFO: [HLS 214-178] Inlining function 'Hex<7u>::player1() const (.117.148.167)' into 'GameState::makeMove(int)' (GameState.cpp:12:0)
INFO: [HLS 214-178] Inlining function 'Hex<7u>::player2() const (.114.145.164)' into 'GameState::makeMove(int)' (GameState.cpp:12:0)
INFO: [HLS 214-178] Inlining function 'MCTSSearcher<5000>::pickUntriedAction(int, GameState)' into 'MCTSSearcher<5000>::expand(int, GameState)' (MCTSSearcher.cpp:53:0)
INFO: [HLS 214-178] Inlining function 'MCTSSearcher<5000>::createNode(int, int, GameState)' into 'MCTSSearcher<5000>::expand(int, GameState)' (MCTSSearcher.cpp:53:0)
INFO: [HLS 214-178] Inlining function 'Hex<7u>::flood(ap_uint<49>, ap_uint<49>)' into 'Hex<7u>::checkWin() const (.108.139.158)' (./hex.h:70:0)
INFO: [HLS 214-178] Inlining function 'Hex<7u>::checkWin() const (.108.139.158)' into 'GameState::isTerminal() (.98.105.136.155.183)' (GameState.cpp:29:0)
INFO: [HLS 214-178] Inlining function 'RNG::next()' into 'RNG::randInt(int)' (./rand.h:26:0)
INFO: [HLS 214-178] Inlining function 'GameState::isTerminal() (.98.105.136.155.183)' into 'GameState::getTerminalValue(bool) (.93)' (GameState.cpp:33:0)
INFO: [HLS 214-178] Inlining function 'Hex<7u>::isPlayer1Turn() const (.126.133.176)' into 'GameState::getTerminalValue(bool) (.93)' (GameState.cpp:33:0)
INFO: [HLS 214-178] Inlining function 'GameState::isTerminal() (.98.105.136.155.183)' into 'MCTSSearcher<5000>::rollout(GameState)' (MCTSSearcher.cpp:181:0)
INFO: [HLS 214-178] Inlining function 'RNG::randInt(int)' into 'MCTSSearcher<5000>::rollout(GameState)' (MCTSSearcher.cpp:181:0)
INFO: [HLS 214-178] Inlining function 'GameState::makeMove(int)' into 'MCTSSearcher<5000>::rollout(GameState)' (MCTSSearcher.cpp:181:0)
INFO: [HLS 214-178] Inlining function 'GameState::getTerminalValue(bool) (.93)' into 'MCTSSearcher<5000>::rollout(GameState)' (MCTSSearcher.cpp:181:0)
INFO: [HLS 214-178] Inlining function 'void log_apfixed_reduce::range_reduce<ap_fixed<29, 7, (ap_q_mode)5, (ap_o_mode)3, 0>, 4, 4, 24, 15>(ap_ufixed<24, -(4), (ap_q_mode)5, (ap_o_mode)3, 0>, ap_fixed<29, 7, (ap_q_mode)5, (ap_o_mode)3, 0>&, ap_ufixed<15, -(((4) + (4)) - (1)), (ap_q_mode)5, (ap_o_mode)3, 0>&)' into 'ap_ufixed<15, -7, (ap_q_mode)5, (ap_o_mode)3, 0> log_apfixed_reduce::log_traits<2>::range_reduction<24>(ap_ufixed<24, -4, (ap_q_mode)5, (ap_o_mode)3, 0>, ap_fixed<29, 7, (ap_q_mode)5, (ap_o_mode)3, 0>&)' (/scratch/Xilinx/2025.1/Vitis/common/technology/autopilot/etc/hls_log_apfixed.h:223:0)
INFO: [HLS 214-178] Inlining function 'ap_ufixed<15, -7, (ap_q_mode)5, (ap_o_mode)3, 0> log_apfixed_reduce::log_traits<2>::range_reduction<24>(ap_ufixed<24, -4, (ap_q_mode)5, (ap_o_mode)3, 0>, ap_fixed<29, 7, (ap_q_mode)5, (ap_o_mode)3, 0>&)' into 'ap_fixed<32, 16, (ap_q_mode)5, (ap_o_mode)3, 0> log_apfixed_reduce::log<32, 16>(ap_fixed<32, 16, (ap_q_mode)5, (ap_o_mode)3, 0>)' (/scratch/Xilinx/2025.1/Vitis/common/technology/autopilot/etc/hls_log_apfixed.h:474:0)
INFO: [HLS 214-178] Inlining function 'mcts_log(ap_fixed<32, 16, (ap_q_mode)5, (ap_o_mode)3, 0>)' into 'MCTSSearcher<5000>::backup(ap_fixed<20, 5, (ap_q_mode)5, (ap_o_mode)3, 0>, int, int)' (MCTSSearcher.cpp:256:0)
INFO: [HLS 214-178] Inlining function 'mcts_sqrt(ap_fixed<32, 16, (ap_q_mode)5, (ap_o_mode)3, 0>)' into 'MCTSSearcher<5000>::forward(GameState)' (MCTSSearcher.cpp:124:0)
INFO: [HLS 214-178] Inlining function 'GameState::makeMove(int)' into 'MCTSSearcher<5000>::forward(GameState)' (MCTSSearcher.cpp:124:0)
INFO: [HLS 214-178] Inlining function 'MCTSSearcher<5000>::expand(int, GameState)' into 'MCTSSearcher<5000>::forward(GameState)' (MCTSSearcher.cpp:124:0)
INFO: [HLS 214-178] Inlining function 'GameState::isTerminal() (.98.105.136.155.183)' into 'MCTSSearcher<5000>::forward(GameState)' (MCTSSearcher.cpp:124:0)
INFO: [HLS 214-178] Inlining function 'GameState::getTerminalValue(bool) (.93)' into 'MCTSSearcher<5000>::forward(GameState)' (MCTSSearcher.cpp:124:0)
INFO: [HLS 214-178] Inlining function 'MCTSSearcher<5000>::backup(ap_fixed<20, 5, (ap_q_mode)5, (ap_o_mode)3, 0>, int, int)' into 'MCTSSearcher<5000>::forward(GameState)' (MCTSSearcher.cpp:124:0)
INFO: [HLS 214-178] Inlining function 'GameState::GameState(Hex<7u>)' into 'MCTSSearcher<5000>::mainLoop(Hex<7u>)' (MCTSSearcher.cpp:40:0)
INFO: [HLS 214-178] Inlining function 'GameState::getNumLegalActions()' into 'MCTSSearcher<5000>::mainLoop(Hex<7u>)' (MCTSSearcher.cpp:40:0)
INFO: [HLS 214-178] Inlining function 'GameState::clone()' into 'MCTSSearcher<5000>::mainLoop(Hex<7u>)' (MCTSSearcher.cpp:40:0)
INFO: [HLS 214-178] Inlining function 'MCTSSearcher<5000>::mainLoop(Hex<7u>)' into 'MCTSSearcher<5000>::search(Hex<7u>, bool)' (MCTSSearcher.cpp:11:0)
INFO: [HLS 214-178] Inlining function 'MCTSSearcher<5000>::MCTSSearcher(unsigned long)' into 'search(Hex<7u>, bool)' (MCTSSearcher.cpp:280:0)
INFO: [HLS 214-178] Inlining function 'Hex<7u>::Hex()' into 'dut(hls::stream<ap_uint<32>, 0>&, hls::stream<ap_uint<32>, 0>&)' (dut.cpp:6:0)
INFO: [HLS 214-178] Inlining function 'Hex<7u>::setPlayer1(ap_uint<49>)' into 'dut(hls::stream<ap_uint<32>, 0>&, hls::stream<ap_uint<32>, 0>&)' (dut.cpp:6:0)
INFO: [HLS 214-178] Inlining function 'Hex<7u>::setPlayer2(ap_uint<49>)' into 'dut(hls::stream<ap_uint<32>, 0>&, hls::stream<ap_uint<32>, 0>&)' (dut.cpp:6:0)
INFO: [HLS 214-178] Inlining function 'Hex<7u>::setPlayer1Turn(bool)' into 'dut(hls::stream<ap_uint<32>, 0>&, hls::stream<ap_uint<32>, 0>&)' (dut.cpp:6:0)
INFO: [HLS 214-178] Inlining function 'Hex<7u>::setLastMove(int)' into 'dut(hls::stream<ap_uint<32>, 0>&, hls::stream<ap_uint<32>, 0>&)' (dut.cpp:6:0)
INFO: [HLS 214-376] automatically set the pipeline for Loop< VITIS_LOOP_114_1> at ./hex.h:114:27 
INFO: [HLS 214-376] automatically set the pipeline for Loop< VITIS_LOOP_140_2> at MCTSSearcher.cpp:140:27 
INFO: [HLS 214-376] automatically set the pipeline for Loop< VITIS_LOOP_259_1> at MCTSSearcher.cpp:259:23 
INFO: [HLS 214-376] automatically set the pipeline for Loop< VITIS_LOOP_42_1> at ./GameState.h:42:26 
INFO: [HLS 214-376] automatically set the pipeline for Loop< VITIS_LOOP_27_1> at MCTSSearcher.cpp:27:22 
INFO: [HLS 214-376] automatically set the pipeline for Loop< VITIS_LOOP_17_1> at dut.cpp:17:22 
INFO: [HLS 214-376] automatically set the pipeline for Loop< VITIS_LOOP_27_3> at dut.cpp:27:22 
INFO: [HLS 214-291] Loop 'VITIS_LOOP_29_4' is marked as complete unroll implied by the pipeline pragma (dut.cpp:29:26)
INFO: [HLS 214-291] Loop 'VITIS_LOOP_19_2' is marked as complete unroll implied by the pipeline pragma (dut.cpp:19:26)
INFO: [HLS 214-186] Unrolling loop 'VITIS_LOOP_29_4' (dut.cpp:29:26) in function 'dut' completely with a factor of 32 (dut.cpp:6:0)
INFO: [HLS 214-186] Unrolling loop 'VITIS_LOOP_19_2' (dut.cpp:19:26) in function 'dut' completely with a factor of 32 (dut.cpp:6:0)
INFO: [HLS 200-111] Finished Compiling Optimization and Transform: CPU user time: 6.36 seconds. CPU system time: 0.55 seconds. Elapsed time: 10.32 seconds; current allocated memory: 240.309 MB.
INFO: [HLS 200-111] Finished Checking Pragmas: CPU user time: 0 seconds. CPU system time: 0 seconds. Elapsed time: 0 seconds; current allocated memory: 240.309 MB.
INFO: [HLS 200-10] Starting code transformations ...
INFO: [HLS 200-111] Finished Standard Transforms: CPU user time: 0.11 seconds. CPU system time: 0.01 seconds. Elapsed time: 0.17 seconds; current allocated memory: 244.797 MB.
INFO: [HLS 200-10] Checking synthesizability ...
INFO: [XFORM 203-602] Inlining function 'search' into 'dut' (dut.cpp:49) automatically.
WARNING: [SYNCHK 200-23] dut.cpp:22: variable-indexed range selection may cause suboptimal QoR.
INFO: [SYNCHK 200-10] 0 error(s), 1 warning(s).
INFO: [HLS 200-111] Finished Checking Synthesizability: CPU user time: 0.15 seconds. CPU system time: 0 seconds. Elapsed time: 0.2 seconds; current allocated memory: 247.000 MB.
INFO: [XFORM 203-602] Inlining function 'search' into 'dut' (dut.cpp:49) automatically.
INFO: [XFORM 203-401] Performing if-conversion on hyperblock from (/scratch/Xilinx/2025.1/Vitis/common/technology/autopilot/etc/hls_sqrt_apfixed.h:21:9) to (/scratch/Xilinx/2025.1/Vitis/common/technology/autopilot/etc/hls_sqrt_apfixed.h:349:1) in function 'sqrt_fixed<32, 16>'... converting 115 basic blocks.
INFO: [XFORM 203-401] Performing if-conversion on hyperblock from (/scratch/Xilinx/2025.1/Vitis/common/technology/autopilot/etc/hls_log_apfixed.h:702:42) to (/scratch/Xilinx/2025.1/Vitis/common/technology/autopilot/etc/hls_log_apfixed.h:722:17) in function 'log_apfixed_reduce::log<32, 16>'... converting 33 basic blocks.
INFO: [XFORM 203-401] Performing if-conversion on hyperblock from (dut.cpp:14:31) to (dut.cpp:17:22) in function 'dut'... converting 31 basic blocks.
INFO: [XFORM 203-401] Performing if-conversion on hyperblock from (dut.cpp:15:31) to (dut.cpp:27:22) in function 'dut'... converting 31 basic blocks.
INFO: [XFORM 203-401] Performing if-conversion on hyperblock from (MCTSSearcher.cpp:231:9) in function 'MCTSSearcher<5000>::rollout'... converting 3 basic blocks.
INFO: [XFORM 203-401] Performing if-conversion on hyperblock from (MCTSSearcher.cpp:227:13) to (MCTSSearcher.cpp:200:23) in function 'MCTSSearcher<5000>::rollout'... converting 4 basic blocks.
INFO: [XFORM 203-401] Performing if-conversion on hyperblock from (MCTSSearcher.cpp:152:22) to (MCTSSearcher.cpp:127:23) in function 'MCTSSearcher<5000>::forward'... converting 4 basic blocks.
INFO: [XFORM 203-11] Balancing expressions in function 'log_apfixed_reduce::log<32, 16>' (/scratch/Xilinx/2025.1/Vitis/common/technology/autopilot/etc/hls_log_apfixed.h:152:6)...3 expression(s) balanced.
INFO: [XFORM 203-11] Balancing expressions in function 'MCTSSearcher<5000>::rollout' (MCTSSearcher.cpp:0)...68 expression(s) balanced.
INFO: [XFORM 203-11] Balancing expressions in function 'MCTSSearcher<5000>::forward' (MCTSSearcher.cpp:0)...23 expression(s) balanced.
INFO: [HLS 200-111] Finished Loop, function and other optimizations: CPU user time: 0.65 seconds. CPU system time: 0.01 seconds. Elapsed time: 0.79 seconds; current allocated memory: 273.367 MB.
WARNING: [HLS 200-960] Cannot flatten loop 'VITIS_LOOP_127_1' (MCTSSearcher.cpp:127:23) in function 'MCTSSearcher<5000>::forward' the outer loop is not a perfect loop because there is nontrivial logic before entering the inner loop.
INFO: [HLS 200-111] Finished Architecture Synthesis: CPU user time: 0.89 seconds. CPU system time: 0.05 seconds. Elapsed time: 1.15 seconds; current allocated memory: 472.285 MB.
INFO: [HLS 200-10] Starting hardware synthesis ...
INFO: [HLS 200-10] Synthesizing 'dut' ...
WARNING: [SYN 201-103] Legalizing function name 'sqrt_fixed<32, 16>' to 'sqrt_fixed_32_16_s'.
WARNING: [SYN 201-103] Legalizing function name 'log<32, 16>' to 'log_32_16_s'.
INFO: [HLS 200-10] ----------------------------------------------------------------
INFO: [HLS 200-42] -- Implementing module 'dut_Pipeline_VITIS_LOOP_17_1' 
INFO: [HLS 200-10] ----------------------------------------------------------------
INFO: [SCHED 204-11] Starting scheduling ...
INFO: [SCHED 204-61] Pipelining loop 'VITIS_LOOP_17_1'.
WARNING: [HLS 200-880] The II Violation in module 'dut_Pipeline_VITIS_LOOP_17_1' (loop 'VITIS_LOOP_17_1'): Unable to enforce a carried dependence constraint (II = 1, distance = 1, offset = 1) between 'bitset' operation 49 bit ('player1', dut.cpp:22) and 'bitset' operation 49 bit ('player1', dut.cpp:22).
WARNING: [HLS 200-880] The II Violation in module 'dut_Pipeline_VITIS_LOOP_17_1' (loop 'VITIS_LOOP_17_1'): Unable to enforce a carried dependence constraint (II = 2, distance = 1, offset = 1) between 'bitset' operation 49 bit ('player1', dut.cpp:22) and 'bitset' operation 49 bit ('player1', dut.cpp:22).
WARNING: [HLS 200-880] The II Violation in module 'dut_Pipeline_VITIS_LOOP_17_1' (loop 'VITIS_LOOP_17_1'): Unable to enforce a carried dependence constraint (II = 3, distance = 1, offset = 1) between 'select' operation 49 bit ('player1', dut.cpp:21) and 'bitset' operation 49 bit ('player1', dut.cpp:22).
INFO: [HLS 200-1470] Pipelining result : Target II = NA, Final II = 4, Depth = 5, loop 'VITIS_LOOP_17_1'
INFO: [SCHED 204-11] Finished scheduling.
INFO: [HLS 200-111] Finished Scheduling: CPU user time: 0.15 seconds. CPU system time: 0.04 seconds. Elapsed time: 0.27 seconds; current allocated memory: 475.980 MB.
INFO: [BIND 205-100] Starting micro-architecture generation ...
INFO: [BIND 205-101] Performing variable lifetime analysis.
INFO: [BIND 205-101] Exploring resource sharing.
INFO: [BIND 205-101] Binding ...
INFO: [BIND 205-100] Finished micro-architecture generation.
INFO: [HLS 200-111] Finished Binding: CPU user time: 0.04 seconds. CPU system time: 0.01 seconds. Elapsed time: 0.06 seconds; current allocated memory: 475.980 MB.
INFO: [HLS 200-10] ----------------------------------------------------------------
INFO: [HLS 200-42] -- Implementing module 'dut_Pipeline_VITIS_LOOP_27_3' 
INFO: [HLS 200-10] ----------------------------------------------------------------
INFO: [SCHED 204-11] Starting scheduling ...
INFO: [SCHED 204-61] Pipelining loop 'VITIS_LOOP_27_3'.
WARNING: [HLS 200-880] The II Violation in module 'dut_Pipeline_VITIS_LOOP_27_3' (loop 'VITIS_LOOP_27_3'): Unable to enforce a carried dependence constraint (II = 1, distance = 1, offset = 1) between 'bitset' operation 49 bit ('player2', dut.cpp:32) and 'bitset' operation 49 bit ('player2', dut.cpp:32).
WARNING: [HLS 200-880] The II Violation in module 'dut_Pipeline_VITIS_LOOP_27_3' (loop 'VITIS_LOOP_27_3'): Unable to enforce a carried dependence constraint (II = 2, distance = 1, offset = 1) between 'bitset' operation 49 bit ('player2', dut.cpp:32) and 'bitset' operation 49 bit ('player2', dut.cpp:32).
WARNING: [HLS 200-880] The II Violation in module 'dut_Pipeline_VITIS_LOOP_27_3' (loop 'VITIS_LOOP_27_3'): Unable to enforce a carried dependence constraint (II = 3, distance = 1, offset = 1) between 'select' operation 49 bit ('player2', dut.cpp:31) and 'bitset' operation 49 bit ('player2', dut.cpp:32).
INFO: [HLS 200-1470] Pipelining result : Target II = NA, Final II = 4, Depth = 5, loop 'VITIS_LOOP_27_3'
INFO: [SCHED 204-11] Finished scheduling.
INFO: [HLS 200-111] Finished Scheduling: CPU user time: 0.11 seconds. CPU system time: 0.01 seconds. Elapsed time: 0.18 seconds; current allocated memory: 477.289 MB.
INFO: [BIND 205-100] Starting micro-architecture generation ...
INFO: [BIND 205-101] Performing variable lifetime analysis.
INFO: [BIND 205-101] Exploring resource sharing.
INFO: [BIND 205-101] Binding ...
INFO: [BIND 205-100] Finished micro-architecture generation.
INFO: [HLS 200-111] Finished Binding: CPU user time: 0.04 seconds. CPU system time: 0 seconds. Elapsed time: 0.09 seconds; current allocated memory: 477.289 MB.
INFO: [HLS 200-10] ----------------------------------------------------------------
INFO: [HLS 200-42] -- Implementing module 'search_Pipeline_VITIS_LOOP_42_1' 
INFO: [HLS 200-10] ----------------------------------------------------------------
INFO: [SCHED 204-11] Starting scheduling ...
INFO: [SCHED 204-61] Pipelining loop 'VITIS_LOOP_42_1'.
INFO: [HLS 200-1470] Pipelining result : Target II = NA, Final II = 1, Depth = 2, loop 'VITIS_LOOP_42_1'
INFO: [SCHED 204-11] Finished scheduling.
INFO: [HLS 200-111] Finished Scheduling: CPU user time: 0.05 seconds. CPU system time: 0 seconds. Elapsed time: 0.09 seconds; current allocated memory: 477.289 MB.
INFO: [BIND 205-100] Starting micro-architecture generation ...
INFO: [BIND 205-101] Performing variable lifetime analysis.
INFO: [BIND 205-101] Exploring resource sharing.
INFO: [BIND 205-101] Binding ...
INFO: [BIND 205-100] Finished micro-architecture generation.
INFO: [HLS 200-111] Finished Binding: CPU user time: 0.01 seconds. CPU system time: 0.01 seconds. Elapsed time: 0.03 seconds; current allocated memory: 477.289 MB.
INFO: [HLS 200-10] ----------------------------------------------------------------
INFO: [HLS 200-42] -- Implementing module 'sqrt_fixed_32_16_s' 
INFO: [HLS 200-10] ----------------------------------------------------------------
INFO: [SCHED 204-11] Starting scheduling ...
INFO: [SCHED 204-61] Pipelining function 'sqrt_fixed<32, 16>'.
INFO: [HLS 200-1470] Pipelining result : Target II = NA, Final II = 1, Depth = 7, function 'sqrt_fixed<32, 16>'
INFO: [SCHED 204-11] Finished scheduling.
INFO: [HLS 200-111] Finished Scheduling: CPU user time: 0.62 seconds. CPU system time: 0 seconds. Elapsed time: 0.73 seconds; current allocated memory: 494.277 MB.
INFO: [BIND 205-100] Starting micro-architecture generation ...
INFO: [BIND 205-101] Performing variable lifetime analysis.
INFO: [BIND 205-101] Exploring resource sharing.
INFO: [BIND 205-101] Binding ...
INFO: [BIND 205-100] Finished micro-architecture generation.
INFO: [HLS 200-111] Finished Binding: CPU user time: 0.08 seconds. CPU system time: 0.01 seconds. Elapsed time: 0.17 seconds; current allocated memory: 494.277 MB.
INFO: [HLS 200-10] ----------------------------------------------------------------
INFO: [HLS 200-42] -- Implementing module 'forward_Pipeline_VITIS_LOOP_140_2' 
INFO: [HLS 200-10] ----------------------------------------------------------------
INFO: [SCHED 204-11] Starting scheduling ...
INFO: [HLS 200-486] Changing DSP latency (root=add_ln144) to 3 in order to utilize available DSP registers.
INFO: [SCHED 204-61] Pipelining loop 'VITIS_LOOP_140_2'.
INFO: [HLS 200-1470] Pipelining result : Target II = NA, Final II = 1, Depth = 49, loop 'VITIS_LOOP_140_2'
INFO: [SCHED 204-11] Finished scheduling.
INFO: [HLS 200-111] Finished Scheduling: CPU user time: 0.08 seconds. CPU system time: 0 seconds. Elapsed time: 0.17 seconds; current allocated memory: 494.277 MB.
INFO: [BIND 205-100] Starting micro-architecture generation ...
INFO: [BIND 205-101] Performing variable lifetime analysis.
INFO: [BIND 205-101] Exploring resource sharing.
INFO: [BIND 205-101] Binding ...
INFO: [BIND 205-100] Finished micro-architecture generation.
INFO: [HLS 200-111] Finished Binding: CPU user time: 0.02 seconds. CPU system time: 0.01 seconds. Elapsed time: 0.06 seconds; current allocated memory: 494.277 MB.
INFO: [HLS 200-10] ----------------------------------------------------------------
INFO: [HLS 200-42] -- Implementing module 'forward_Pipeline_VITIS_LOOP_73_1' 
INFO: [HLS 200-10] ----------------------------------------------------------------
INFO: [SCHED 204-11] Starting scheduling ...
INFO: [SCHED 204-61] Pipelining loop 'VITIS_LOOP_73_1'.
INFO: [HLS 200-1470] Pipelining result : Target II = 1, Final II = 1, Depth = 1, loop 'VITIS_LOOP_73_1'
INFO: [SCHED 204-11] Finished scheduling.
INFO: [HLS 200-111] Finished Scheduling: CPU user time: 0.03 seconds. CPU system time: 0 seconds. Elapsed time: 0.07 seconds; current allocated memory: 494.277 MB.
INFO: [BIND 205-100] Starting micro-architecture generation ...
INFO: [BIND 205-101] Performing variable lifetime analysis.
INFO: [BIND 205-101] Exploring resource sharing.
INFO: [BIND 205-101] Binding ...
INFO: [BIND 205-100] Finished micro-architecture generation.
INFO: [HLS 200-111] Finished Binding: CPU user time: 0.01 seconds. CPU system time: 0 seconds. Elapsed time: 0.03 seconds; current allocated memory: 494.277 MB.
INFO: [HLS 200-10] ----------------------------------------------------------------
INFO: [HLS 200-42] -- Implementing module 'forward_Pipeline_VITIS_LOOP_114_14' 
INFO: [HLS 200-10] ----------------------------------------------------------------
INFO: [SCHED 204-11] Starting scheduling ...
INFO: [SCHED 204-61] Pipelining loop 'VITIS_LOOP_114_1'.
INFO: [HLS 200-1470] Pipelining result : Target II = NA, Final II = 1, Depth = 2, loop 'VITIS_LOOP_114_1'
INFO: [SCHED 204-11] Finished scheduling.
INFO: [HLS 200-111] Finished Scheduling: CPU user time: 0.05 seconds. CPU system time: 0.01 seconds. Elapsed time: 0.08 seconds; current allocated memory: 494.277 MB.
INFO: [BIND 205-100] Starting micro-architecture generation ...
INFO: [BIND 205-101] Performing variable lifetime analysis.
INFO: [BIND 205-101] Exploring resource sharing.
INFO: [BIND 205-101] Binding ...
INFO: [BIND 205-100] Finished micro-architecture generation.
INFO: [HLS 200-111] Finished Binding: CPU user time: 0.02 seconds. CPU system time: 0 seconds. Elapsed time: 0.04 seconds; current allocated memory: 494.277 MB.
INFO: [HLS 200-10] ----------------------------------------------------------------
INFO: [HLS 200-42] -- Implementing module 'forward_Pipeline_VITIS_LOOP_114_1' 
INFO: [HLS 200-10] ----------------------------------------------------------------
INFO: [SCHED 204-11] Starting scheduling ...
INFO: [SCHED 204-61] Pipelining loop 'VITIS_LOOP_114_1'.
INFO: [HLS 200-1470] Pipelining result : Target II = NA, Final II = 1, Depth = 1, loop 'VITIS_LOOP_114_1'
INFO: [SCHED 204-11] Finished scheduling.
INFO: [HLS 200-111] Finished Scheduling: CPU user time: 0.04 seconds. CPU system time: 0 seconds. Elapsed time: 0.07 seconds; current allocated memory: 494.277 MB.
INFO: [BIND 205-100] Starting micro-architecture generation ...
INFO: [BIND 205-101] Performing variable lifetime analysis.
INFO: [BIND 205-101] Exploring resource sharing.
INFO: [BIND 205-101] Binding ...
INFO: [BIND 205-100] Finished micro-architecture generation.
INFO: [HLS 200-111] Finished Binding: CPU user time: 0.02 seconds. CPU system time: 0 seconds. Elapsed time: 0.03 seconds; current allocated memory: 494.277 MB.
INFO: [HLS 200-10] ----------------------------------------------------------------
INFO: [HLS 200-42] -- Implementing module 'rollout_Pipeline_VITIS_LOOP_114_1' 
INFO: [HLS 200-10] ----------------------------------------------------------------
INFO: [SCHED 204-11] Starting scheduling ...
INFO: [SCHED 204-61] Pipelining loop 'VITIS_LOOP_114_1'.
INFO: [HLS 200-1470] Pipelining result : Target II = NA, Final II = 1, Depth = 1, loop 'VITIS_LOOP_114_1'
INFO: [SCHED 204-11] Finished scheduling.
INFO: [HLS 200-111] Finished Scheduling: CPU user time: 0.04 seconds. CPU system time: 0.01 seconds. Elapsed time: 0.07 seconds; current allocated memory: 494.277 MB.
INFO: [BIND 205-100] Starting micro-architecture generation ...
INFO: [BIND 205-101] Performing variable lifetime analysis.
INFO: [BIND 205-101] Exploring resource sharing.
INFO: [BIND 205-101] Binding ...
INFO: [BIND 205-100] Finished micro-architecture generation.
INFO: [HLS 200-111] Finished Binding: CPU user time: 0.01 seconds. CPU system time: 0 seconds. Elapsed time: 0.04 seconds; current allocated memory: 494.277 MB.
INFO: [HLS 200-10] ----------------------------------------------------------------
INFO: [HLS 200-42] -- Implementing module 'rollout_Pipeline_VITIS_LOOP_114_11' 
INFO: [HLS 200-10] ----------------------------------------------------------------
INFO: [SCHED 204-11] Starting scheduling ...
INFO: [SCHED 204-61] Pipelining loop 'VITIS_LOOP_114_1'.
INFO: [HLS 200-1470] Pipelining result : Target II = NA, Final II = 1, Depth = 2, loop 'VITIS_LOOP_114_1'
INFO: [SCHED 204-11] Finished scheduling.
INFO: [HLS 200-111] Finished Scheduling: CPU user time: 0.04 seconds. CPU system time: 0 seconds. Elapsed time: 0.08 seconds; current allocated memory: 494.277 MB.
INFO: [BIND 205-100] Starting micro-architecture generation ...
INFO: [BIND 205-101] Performing variable lifetime analysis.
INFO: [BIND 205-101] Exploring resource sharing.
INFO: [BIND 205-101] Binding ...
INFO: [BIND 205-100] Finished micro-architecture generation.
INFO: [HLS 200-111] Finished Binding: CPU user time: 0.01 seconds. CPU system time: 0 seconds. Elapsed time: 0.03 seconds; current allocated memory: 494.277 MB.
INFO: [HLS 200-10] ----------------------------------------------------------------
INFO: [HLS 200-42] -- Implementing module 'rollout_Pipeline_VITIS_LOOP_114_12' 
INFO: [HLS 200-10] ----------------------------------------------------------------
INFO: [SCHED 204-11] Starting scheduling ...
INFO: [SCHED 204-61] Pipelining loop 'VITIS_LOOP_114_1'.
INFO: [HLS 200-1470] Pipelining result : Target II = NA, Final II = 1, Depth = 1, loop 'VITIS_LOOP_114_1'
INFO: [SCHED 204-11] Finished scheduling.
INFO: [HLS 200-111] Finished Scheduling: CPU user time: 0.04 seconds. CPU system time: 0.01 seconds. Elapsed time: 0.08 seconds; current allocated memory: 494.277 MB.
INFO: [BIND 205-100] Starting micro-architecture generation ...
INFO: [BIND 205-101] Performing variable lifetime analysis.
INFO: [BIND 205-101] Exploring resource sharing.
INFO: [BIND 205-101] Binding ...
INFO: [BIND 205-100] Finished micro-architecture generation.
INFO: [HLS 200-111] Finished Binding: CPU user time: 0.02 seconds. CPU system time: 0 seconds. Elapsed time: 0.03 seconds; current allocated memory: 494.277 MB.
INFO: [HLS 200-10] ----------------------------------------------------------------
INFO: [HLS 200-42] -- Implementing module 'rollout_Pipeline_VITIS_LOOP_114_13' 
INFO: [HLS 200-10] ----------------------------------------------------------------
INFO: [SCHED 204-11] Starting scheduling ...
INFO: [SCHED 204-61] Pipelining loop 'VITIS_LOOP_114_1'.
INFO: [HLS 200-1470] Pipelining result : Target II = NA, Final II = 1, Depth = 2, loop 'VITIS_LOOP_114_1'
INFO: [SCHED 204-11] Finished scheduling.
INFO: [HLS 200-111] Finished Scheduling: CPU user time: 0.04 seconds. CPU system time: 0.01 seconds. Elapsed time: 0.08 seconds; current allocated memory: 494.277 MB.
INFO: [BIND 205-100] Starting micro-architecture generation ...
INFO: [BIND 205-101] Performing variable lifetime analysis.
INFO: [BIND 205-101] Exploring resource sharing.
INFO: [BIND 205-101] Binding ...
INFO: [BIND 205-100] Finished micro-architecture generation.
INFO: [HLS 200-111] Finished Binding: CPU user time: 0.02 seconds. CPU system time: 0 seconds. Elapsed time: 0.04 seconds; current allocated memory: 494.277 MB.
INFO: [HLS 200-10] ----------------------------------------------------------------
INFO: [HLS 200-42] -- Implementing module 'rollout_Pipeline_VITIS_LOOP_230_3' 
INFO: [HLS 200-10] ----------------------------------------------------------------
INFO: [SCHED 204-11] Starting scheduling ...
INFO: [SCHED 204-61] Pipelining loop 'VITIS_LOOP_230_3'.
INFO: [HLS 200-1470] Pipelining result : Target II = 1, Final II = 1, Depth = 2, loop 'VITIS_LOOP_230_3'
INFO: [SCHED 204-11] Finished scheduling.
INFO: [HLS 200-111] Finished Scheduling: CPU user time: 0.03 seconds. CPU system time: 0.01 seconds. Elapsed time: 0.06 seconds; current allocated memory: 494.277 MB.
INFO: [BIND 205-100] Starting micro-architecture generation ...
INFO: [BIND 205-101] Performing variable lifetime analysis.
INFO: [BIND 205-101] Exploring resource sharing.
INFO: [BIND 205-101] Binding ...
INFO: [BIND 205-100] Finished micro-architecture generation.
INFO: [HLS 200-111] Finished Binding: CPU user time: 0.01 seconds. CPU system time: 0 seconds. Elapsed time: 0.03 seconds; current allocated memory: 494.277 MB.
INFO: [HLS 200-10] ----------------------------------------------------------------
INFO: [HLS 200-42] -- Implementing module 'rollout' 
INFO: [HLS 200-10] ----------------------------------------------------------------
INFO: [SCHED 204-11] Starting scheduling ...
INFO: [SCHED 204-11] Finished scheduling.
INFO: [HLS 200-111] Finished Scheduling: CPU user time: 0.11 seconds. CPU system time: 0.01 seconds. Elapsed time: 0.18 seconds; current allocated memory: 494.277 MB.
INFO: [BIND 205-100] Starting micro-architecture generation ...
INFO: [BIND 205-101] Performing variable lifetime analysis.
INFO: [BIND 205-101] Exploring resource sharing.
INFO: [BIND 205-101] Binding ...
INFO: [BIND 205-100] Finished micro-architecture generation.
INFO: [HLS 200-111] Finished Binding: CPU user time: 0.08 seconds. CPU system time: 0 seconds. Elapsed time: 0.13 seconds; current allocated memory: 494.277 MB.
INFO: [HLS 200-10] ----------------------------------------------------------------
INFO: [HLS 200-42] -- Implementing module 'forward_Pipeline_VITIS_LOOP_114_15' 
INFO: [HLS 200-10] ----------------------------------------------------------------
INFO: [SCHED 204-11] Starting scheduling ...
INFO: [SCHED 204-61] Pipelining loop 'VITIS_LOOP_114_1'.
INFO: [HLS 200-1470] Pipelining result : Target II = NA, Final II = 1, Depth = 1, loop 'VITIS_LOOP_114_1'
INFO: [SCHED 204-11] Finished scheduling.
INFO: [HLS 200-111] Finished Scheduling: CPU user time: 0.06 seconds. CPU system time: 0 seconds. Elapsed time: 0.12 seconds; current allocated memory: 494.277 MB.
INFO: [BIND 205-100] Starting micro-architecture generation ...
INFO: [BIND 205-101] Performing variable lifetime analysis.
INFO: [BIND 205-101] Exploring resource sharing.
INFO: [BIND 205-101] Binding ...
INFO: [BIND 205-100] Finished micro-architecture generation.
INFO: [HLS 200-111] Finished Binding: CPU user time: 0.02 seconds. CPU system time: 0 seconds. Elapsed time: 0.04 seconds; current allocated memory: 494.277 MB.
INFO: [HLS 200-10] ----------------------------------------------------------------
INFO: [HLS 200-42] -- Implementing module 'forward_Pipeline_VITIS_LOOP_114_16' 
INFO: [HLS 200-10] ----------------------------------------------------------------
INFO: [SCHED 204-11] Starting scheduling ...
INFO: [SCHED 204-61] Pipelining loop 'VITIS_LOOP_114_1'.
INFO: [HLS 200-1470] Pipelining result : Target II = NA, Final II = 1, Depth = 2, loop 'VITIS_LOOP_114_1'
INFO: [SCHED 204-11] Finished scheduling.
INFO: [HLS 200-111] Finished Scheduling: CPU user time: 0.03 seconds. CPU system time: 0.01 seconds. Elapsed time: 0.07 seconds; current allocated memory: 494.277 MB.
INFO: [BIND 205-100] Starting micro-architecture generation ...
INFO: [BIND 205-101] Performing variable lifetime analysis.
INFO: [BIND 205-101] Exploring resource sharing.
INFO: [BIND 205-101] Binding ...
INFO: [BIND 205-100] Finished micro-architecture generation.
INFO: [HLS 200-111] Finished Binding: CPU user time: 0.02 seconds. CPU system time: 0.01 seconds. Elapsed time: 0.04 seconds; current allocated memory: 494.277 MB.
INFO: [HLS 200-10] ----------------------------------------------------------------
INFO: [HLS 200-42] -- Implementing module 'log_32_16_s' 
INFO: [HLS 200-10] ----------------------------------------------------------------
INFO: [SCHED 204-11] Starting scheduling ...
INFO: [HLS 200-486] Changing DSP latency (root=sub_ln158) to 3 in order to utilize available DSP registers.
INFO: [SCHED 204-61] Pipelining function 'log<32, 16>'.
INFO: [HLS 200-1470] Pipelining result : Target II = NA, Final II = 1, Depth = 5, function 'log<32, 16>'
INFO: [SCHED 204-11] Finished scheduling.
INFO: [HLS 200-111] Finished Scheduling: CPU user time: 0.17 seconds. CPU system time: 0 seconds. Elapsed time: 0.27 seconds; current allocated memory: 494.277 MB.
INFO: [BIND 205-100] Starting micro-architecture generation ...
INFO: [BIND 205-101] Performing variable lifetime analysis.
INFO: [BIND 205-101] Exploring resource sharing.
INFO: [BIND 205-101] Binding ...
INFO: [BIND 205-100] Finished micro-architecture generation.
INFO: [HLS 200-111] Finished Binding: CPU user time: 0.08 seconds. CPU system time: 0 seconds. Elapsed time: 0.16 seconds; current allocated memory: 494.277 MB.
INFO: [HLS 200-10] ----------------------------------------------------------------
INFO: [HLS 200-42] -- Implementing module 'forward_Pipeline_VITIS_LOOP_259_1' 
INFO: [HLS 200-10] ----------------------------------------------------------------
INFO: [SCHED 204-11] Starting scheduling ...
INFO: [HLS 200-486] Changing DSP latency (root=sub_ln270) to 3 in order to utilize available DSP registers.
INFO: [SCHED 204-61] Pipelining loop 'VITIS_LOOP_259_1'.
WARNING: [HLS 200-880] The II Violation in module 'forward_Pipeline_VITIS_LOOP_259_1' (loop 'VITIS_LOOP_259_1'): Unable to enforce a carried dependence constraint (II = 1, distance = 2, offset = 1) between 'store' operation 0 bit ('this_meanQ_addr_write_ln270', MCTSSearcher.cpp:270->MCTSSearcher.cpp:177) of variable 'add_ln270', MCTSSearcher.cpp:270->MCTSSearcher.cpp:177 on array 'this_meanQ' and 'load' operation 20 bit ('this_meanQ_load', MCTSSearcher.cpp:270->MCTSSearcher.cpp:177) on array 'this_meanQ'.
WARNING: [HLS 200-880] The II Violation in module 'forward_Pipeline_VITIS_LOOP_259_1' (loop 'VITIS_LOOP_259_1'): Unable to enforce a carried dependence constraint (II = 2, distance = 2, offset = 1) between 'store' operation 0 bit ('this_meanQ_addr_write_ln270', MCTSSearcher.cpp:270->MCTSSearcher.cpp:177) of variable 'add_ln270', MCTSSearcher.cpp:270->MCTSSearcher.cpp:177 on array 'this_meanQ' and 'load' operation 20 bit ('this_meanQ_load', MCTSSearcher.cpp:270->MCTSSearcher.cpp:177) on array 'this_meanQ'.
WARNING: [HLS 200-880] The II Violation in module 'forward_Pipeline_VITIS_LOOP_259_1' (loop 'VITIS_LOOP_259_1'): Unable to enforce a carried dependence constraint (II = 3, distance = 2, offset = 1) between 'store' operation 0 bit ('this_meanQ_addr_write_ln270', MCTSSearcher.cpp:270->MCTSSearcher.cpp:177) of variable 'add_ln270', MCTSSearcher.cpp:270->MCTSSearcher.cpp:177 on array 'this_meanQ' and 'load' operation 20 bit ('this_meanQ_load', MCTSSearcher.cpp:270->MCTSSearcher.cpp:177) on array 'this_meanQ'.
WARNING: [HLS 200-880] The II Violation in module 'forward_Pipeline_VITIS_LOOP_259_1' (loop 'VITIS_LOOP_259_1'): Unable to enforce a carried dependence constraint (II = 4, distance = 2, offset = 1) between 'store' operation 0 bit ('this_meanQ_addr_write_ln270', MCTSSearcher.cpp:270->MCTSSearcher.cpp:177) of variable 'add_ln270', MCTSSearcher.cpp:270->MCTSSearcher.cpp:177 on array 'this_meanQ' and 'load' operation 20 bit ('this_meanQ_load', MCTSSearcher.cpp:270->MCTSSearcher.cpp:177) on array 'this_meanQ'.
WARNING: [HLS 200-880] The II Violation in module 'forward_Pipeline_VITIS_LOOP_259_1' (loop 'VITIS_LOOP_259_1'): Unable to enforce a carried dependence constraint (II = 19, distance = 1, offset = 0) between 'store' operation 0 bit ('reuse_reg_write_ln270', MCTSSearcher.cpp:270->MCTSSearcher.cpp:177) of variable 'add_ln270', MCTSSearcher.cpp:270->MCTSSearcher.cpp:177 on local variable 'reuse_reg' and 'load' operation 20 bit ('reuse_reg_load') on local variable 'reuse_reg'.
WARNING: [HLS 200-880] The II Violation in module 'forward_Pipeline_VITIS_LOOP_259_1' (loop 'VITIS_LOOP_259_1'): Unable to enforce a carried dependence constraint (II = 27, distance = 1, offset = 0) between 'store' operation 0 bit ('reuse_reg_write_ln270', MCTSSearcher.cpp:270->MCTSSearcher.cpp:177) of variable 'add_ln270', MCTSSearcher.cpp:270->MCTSSearcher.cpp:177 on local variable 'reuse_reg' and 'load' operation 20 bit ('reuse_reg_load') on local variable 'reuse_reg'.
WARNING: [HLS 200-880] The II Violation in module 'forward_Pipeline_VITIS_LOOP_259_1' (loop 'VITIS_LOOP_259_1'): Unable to enforce a carried dependence constraint (II = 29, distance = 1, offset = 0) between 'store' operation 0 bit ('reuse_reg_write_ln270', MCTSSearcher.cpp:270->MCTSSearcher.cpp:177) of variable 'add_ln270', MCTSSearcher.cpp:270->MCTSSearcher.cpp:177 on local variable 'reuse_reg' and 'load' operation 20 bit ('reuse_reg_load') on local variable 'reuse_reg'.
INFO: [HLS 200-1470] Pipelining result : Target II = NA, Final II = 30, Depth = 53, loop 'VITIS_LOOP_259_1'
INFO: [SCHED 204-11] Finished scheduling.
INFO: [HLS 200-111] Finished Scheduling: CPU user time: 0.1 seconds. CPU system time: 0.01 seconds. Elapsed time: 0.18 seconds; current allocated memory: 494.277 MB.
INFO: [BIND 205-100] Starting micro-architecture generation ...
INFO: [BIND 205-101] Performing variable lifetime analysis.
INFO: [BIND 205-101] Exploring resource sharing.
INFO: [BIND 205-101] Binding ...
INFO: [BIND 205-100] Finished micro-architecture generation.
INFO: [HLS 200-111] Finished Binding: CPU user time: 0.02 seconds. CPU system time: 0 seconds. Elapsed time: 0.05 seconds; current allocated memory: 494.277 MB.
INFO: [HLS 200-10] ----------------------------------------------------------------
INFO: [HLS 200-42] -- Implementing module 'forward' 
INFO: [HLS 200-10] ----------------------------------------------------------------
INFO: [SCHED 204-11] Starting scheduling ...
INFO: [SCHED 204-11] Finished scheduling.
INFO: [HLS 200-111] Finished Scheduling: CPU user time: 0.14 seconds. CPU system time: 0 seconds. Elapsed time: 0.18 seconds; current allocated memory: 494.730 MB.
INFO: [BIND 205-100] Starting micro-architecture generation ...
INFO: [BIND 205-101] Performing variable lifetime analysis.
INFO: [BIND 205-101] Exploring resource sharing.
INFO: [BIND 205-101] Binding ...
INFO: [BIND 205-100] Finished micro-architecture generation.
INFO: [HLS 200-111] Finished Binding: CPU user time: 0.05 seconds. CPU system time: 0.01 seconds. Elapsed time: 0.1 seconds; current allocated memory: 494.730 MB.
INFO: [HLS 200-10] ----------------------------------------------------------------
INFO: [HLS 200-42] -- Implementing module 'search_Pipeline_VITIS_LOOP_27_1' 
INFO: [HLS 200-10] ----------------------------------------------------------------
INFO: [SCHED 204-11] Starting scheduling ...
INFO: [SCHED 204-61] Pipelining loop 'VITIS_LOOP_27_1'.
INFO: [HLS 200-1470] Pipelining result : Target II = NA, Final II = 1, Depth = 2, loop 'VITIS_LOOP_27_1'
INFO: [SCHED 204-11] Finished scheduling.
INFO: [HLS 200-111] Finished Scheduling: CPU user time: 0.07 seconds. CPU system time: 0 seconds. Elapsed time: 0.13 seconds; current allocated memory: 494.730 MB.
INFO: [BIND 205-100] Starting micro-architecture generation ...
INFO: [BIND 205-101] Performing variable lifetime analysis.
INFO: [BIND 205-101] Exploring resource sharing.
INFO: [BIND 205-101] Binding ...
INFO: [BIND 205-100] Finished micro-architecture generation.
INFO: [HLS 200-111] Finished Binding: CPU user time: 0.02 seconds. CPU system time: 0 seconds. Elapsed time: 0.03 seconds; current allocated memory: 494.730 MB.
INFO: [HLS 200-10] ----------------------------------------------------------------
INFO: [HLS 200-42] -- Implementing module 'search' 
INFO: [HLS 200-10] ----------------------------------------------------------------
INFO: [SCHED 204-11] Starting scheduling ...
INFO: [SCHED 204-11] Finished scheduling.
INFO: [HLS 200-111] Finished Scheduling: CPU user time: 0.04 seconds. CPU system time: 0 seconds. Elapsed time: 0.08 seconds; current allocated memory: 494.742 MB.
INFO: [BIND 205-100] Starting micro-architecture generation ...
INFO: [BIND 205-101] Performing variable lifetime analysis.
INFO: [BIND 205-101] Exploring resource sharing.
INFO: [BIND 205-101] Binding ...
INFO: [BIND 205-100] Finished micro-architecture generation.
INFO: [HLS 200-111] Finished Binding: CPU user time: 0.02 seconds. CPU system time: 0.01 seconds. Elapsed time: 0.05 seconds; current allocated memory: 494.742 MB.
INFO: [HLS 200-10] ----------------------------------------------------------------
INFO: [HLS 200-42] -- Implementing module 'dut' 
INFO: [HLS 200-10] ----------------------------------------------------------------
INFO: [SCHED 204-11] Starting scheduling ...
INFO: [SCHED 204-11] Finished scheduling.
INFO: [HLS 200-111] Finished Scheduling: CPU user time: 0.07 seconds. CPU system time: 0 seconds. Elapsed time: 0.09 seconds; current allocated memory: 495.297 MB.
INFO: [BIND 205-100] Starting micro-architecture generation ...
INFO: [BIND 205-101] Performing variable lifetime analysis.
INFO: [BIND 205-101] Exploring resource sharing.
INFO: [BIND 205-101] Binding ...
INFO: [BIND 205-100] Finished micro-architecture generation.
INFO: [HLS 200-111] Finished Binding: CPU user time: 0.03 seconds. CPU system time: 0.01 seconds. Elapsed time: 0.05 seconds; current allocated memory: 495.297 MB.
INFO: [HLS 200-10] ----------------------------------------------------------------
INFO: [HLS 200-10] -- Generating RTL for module 'dut_Pipeline_VITIS_LOOP_17_1' 
INFO: [HLS 200-10] ----------------------------------------------------------------
INFO: [HLS 200-1030] Apply Unified Pipeline Control on module 'dut_Pipeline_VITIS_LOOP_17_1' pipeline 'VITIS_LOOP_17_1' pipeline type 'loop pipeline'
INFO: [RTGEN 206-100] Generating core module 'bitset_49ns_49ns_6ns_1ns_49_1_1': 32 instance(s).
INFO: [RTGEN 206-100] Finished creating RTL model for 'dut_Pipeline_VITIS_LOOP_17_1'.
INFO: [HLS 200-111] Finished Creating RTL model: CPU user time: 0.09 seconds. CPU system time: 0.01 seconds. Elapsed time: 0.17 seconds; current allocated memory: 496.137 MB.
INFO: [HLS 200-10] ----------------------------------------------------------------
INFO: [HLS 200-10] -- Generating RTL for module 'dut_Pipeline_VITIS_LOOP_27_3' 
INFO: [HLS 200-10] ----------------------------------------------------------------
INFO: [HLS 200-1030] Apply Unified Pipeline Control on module 'dut_Pipeline_VITIS_LOOP_27_3' pipeline 'VITIS_LOOP_27_3' pipeline type 'loop pipeline'
INFO: [RTGEN 206-100] Generating core module 'bitset_49ns_49ns_6ns_1ns_49_1_1': 32 instance(s).
INFO: [RTGEN 206-100] Finished creating RTL model for 'dut_Pipeline_VITIS_LOOP_27_3'.
INFO: [HLS 200-111] Finished Creating RTL model: CPU user time: 0.15 seconds. CPU system time: 0.01 seconds. Elapsed time: 0.27 seconds; current allocated memory: 500.543 MB.
INFO: [HLS 200-10] ----------------------------------------------------------------
INFO: [HLS 200-10] -- Generating RTL for module 'search_Pipeline_VITIS_LOOP_42_1' 
INFO: [HLS 200-10] ----------------------------------------------------------------
INFO: [HLS 200-1030] Apply Unified Pipeline Control on module 'search_Pipeline_VITIS_LOOP_42_1' pipeline 'VITIS_LOOP_42_1' pipeline type 'loop pipeline'
INFO: [RTGEN 206-100] Generating core module 'bitselect_1ns_49ns_6ns_1_1_1': 1 instance(s).
INFO: [RTGEN 206-100] Finished creating RTL model for 'search_Pipeline_VITIS_LOOP_42_1'.
INFO: [HLS 200-111] Finished Creating RTL model: CPU user time: 0.11 seconds. CPU system time: 0.01 seconds. Elapsed time: 0.22 seconds; current allocated memory: 504.789 MB.
INFO: [HLS 200-10] ----------------------------------------------------------------
INFO: [HLS 200-10] -- Generating RTL for module 'sqrt_fixed_32_16_s' 
INFO: [HLS 200-10] ----------------------------------------------------------------
INFO: [RTGEN 206-100] Finished creating RTL model for 'sqrt_fixed_32_16_s'.
INFO: [HLS 200-111] Finished Creating RTL model: CPU user time: 0.17 seconds. CPU system time: 0.01 seconds. Elapsed time: 0.27 seconds; current allocated memory: 507.980 MB.
INFO: [HLS 200-10] ----------------------------------------------------------------
INFO: [HLS 200-10] -- Generating RTL for module 'forward_Pipeline_VITIS_LOOP_140_2' 
INFO: [HLS 200-10] ----------------------------------------------------------------
INFO: [HLS 200-1030] Apply Unified Pipeline Control on module 'forward_Pipeline_VITIS_LOOP_140_2' pipeline 'VITIS_LOOP_140_2' pipeline type 'loop pipeline'
INFO: [RTGEN 206-100] Generating core module 'mac_muladd_24ns_16ns_36s_41_4_1': 1 instance(s).
INFO: [RTGEN 206-100] Generating core module 'sdiv_32ns_32ns_32_36_1': 1 instance(s).
INFO: [RTGEN 206-100] Finished creating RTL model for 'forward_Pipeline_VITIS_LOOP_140_2'.
INFO: [HLS 200-111] Finished Creating RTL model: CPU user time: 0.29 seconds. CPU system time: 0.03 seconds. Elapsed time: 0.51 seconds; current allocated memory: 519.133 MB.
INFO: [HLS 200-10] ----------------------------------------------------------------
INFO: [HLS 200-10] -- Generating RTL for module 'forward_Pipeline_VITIS_LOOP_73_1' 
INFO: [HLS 200-10] ----------------------------------------------------------------
INFO: [RTGEN 206-100] Generating core module 'bitselect_1ns_49ns_6ns_1_1_1': 1 instance(s).
INFO: [RTGEN 206-100] Finished creating RTL model for 'forward_Pipeline_VITIS_LOOP_73_1'.
INFO: [HLS 200-111] Finished Creating RTL model: CPU user time: 0.11 seconds. CPU system time: 0.01 seconds. Elapsed time: 0.36 seconds; current allocated memory: 521.324 MB.
INFO: [HLS 200-10] ----------------------------------------------------------------
INFO: [HLS 200-10] -- Generating RTL for module 'forward_Pipeline_VITIS_LOOP_114_14' 
INFO: [HLS 200-10] ----------------------------------------------------------------
INFO: [HLS 200-1030] Apply Unified Pipeline Control on module 'forward_Pipeline_VITIS_LOOP_114_14' pipeline 'VITIS_LOOP_114_1' pipeline type 'loop pipeline'
INFO: [RTGEN 206-100] Finished creating RTL model for 'forward_Pipeline_VITIS_LOOP_114_14'.
INFO: [HLS 200-111] Finished Creating RTL model: CPU user time: 0.07 seconds. CPU system time: 0.01 seconds. Elapsed time: 0.16 seconds; current allocated memory: 521.957 MB.
INFO: [HLS 200-10] ----------------------------------------------------------------
INFO: [HLS 200-10] -- Generating RTL for module 'forward_Pipeline_VITIS_LOOP_114_1' 
INFO: [HLS 200-10] ----------------------------------------------------------------
INFO: [RTGEN 206-100] Finished creating RTL model for 'forward_Pipeline_VITIS_LOOP_114_1'.
INFO: [HLS 200-111] Finished Creating RTL model: CPU user time: 0.08 seconds. CPU system time: 0.01 seconds. Elapsed time: 0.16 seconds; current allocated memory: 523.547 MB.
INFO: [HLS 200-10] ----------------------------------------------------------------
INFO: [HLS 200-10] -- Generating RTL for module 'rollout_Pipeline_VITIS_LOOP_114_1' 
INFO: [HLS 200-10] ----------------------------------------------------------------
INFO: [RTGEN 206-100] Finished creating RTL model for 'rollout_Pipeline_VITIS_LOOP_114_1'.
INFO: [HLS 200-111] Finished Creating RTL model: CPU user time: 0.07 seconds. CPU system time: 0.01 seconds. Elapsed time: 0.15 seconds; current allocated memory: 525.035 MB.
INFO: [HLS 200-10] ----------------------------------------------------------------
INFO: [HLS 200-10] -- Generating RTL for module 'rollout_Pipeline_VITIS_LOOP_114_11' 
INFO: [HLS 200-10] ----------------------------------------------------------------
INFO: [HLS 200-1030] Apply Unified Pipeline Control on module 'rollout_Pipeline_VITIS_LOOP_114_11' pipeline 'VITIS_LOOP_114_1' pipeline type 'loop pipeline'
INFO: [RTGEN 206-100] Finished creating RTL model for 'rollout_Pipeline_VITIS_LOOP_114_11'.
INFO: [HLS 200-111] Finished Creating RTL model: CPU user time: 0.08 seconds. CPU system time: 0.01 seconds. Elapsed time: 0.18 seconds; current allocated memory: 526.469 MB.
INFO: [HLS 200-10] ----------------------------------------------------------------
INFO: [HLS 200-10] -- Generating RTL for module 'rollout_Pipeline_VITIS_LOOP_114_12' 
INFO: [HLS 200-10] ----------------------------------------------------------------
INFO: [RTGEN 206-100] Finished creating RTL model for 'rollout_Pipeline_VITIS_LOOP_114_12'.
INFO: [HLS 200-111] Finished Creating RTL model: CPU user time: 0.08 seconds. CPU system time: 0.01 seconds. Elapsed time: 0.16 seconds; current allocated memory: 527.199 MB.
INFO: [HLS 200-10] ----------------------------------------------------------------
INFO: [HLS 200-10] -- Generating RTL for module 'rollout_Pipeline_VITIS_LOOP_114_13' 
INFO: [HLS 200-10] ----------------------------------------------------------------
INFO: [HLS 200-1030] Apply Unified Pipeline Control on module 'rollout_Pipeline_VITIS_LOOP_114_13' pipeline 'VITIS_LOOP_114_1' pipeline type 'loop pipeline'
INFO: [RTGEN 206-100] Finished creating RTL model for 'rollout_Pipeline_VITIS_LOOP_114_13'.
INFO: [HLS 200-111] Finished Creating RTL model: CPU user time: 0.08 seconds. CPU system time: 0.01 seconds. Elapsed time: 0.18 seconds; current allocated memory: 529.602 MB.
INFO: [HLS 200-10] ----------------------------------------------------------------
INFO: [HLS 200-10] -- Generating RTL for module 'rollout_Pipeline_VITIS_LOOP_230_3' 
INFO: [HLS 200-10] ----------------------------------------------------------------
INFO: [HLS 200-1030] Apply Unified Pipeline Control on module 'rollout_Pipeline_VITIS_LOOP_230_3' pipeline 'VITIS_LOOP_230_3' pipeline type 'loop pipeline'
INFO: [RTGEN 206-100] Generating core module 'bitselect_1ns_49ns_6ns_1_1_1': 1 instance(s).
INFO: [RTGEN 206-100] Finished creating RTL model for 'rollout_Pipeline_VITIS_LOOP_230_3'.
INFO: [HLS 200-111] Finished Creating RTL model: CPU user time: 0.08 seconds. CPU system time: 0.01 seconds. Elapsed time: 0.15 seconds; current allocated memory: 531.262 MB.
INFO: [HLS 200-10] ----------------------------------------------------------------
INFO: [HLS 200-10] -- Generating RTL for module 'rollout' 
INFO: [HLS 200-10] ----------------------------------------------------------------
INFO: [RTGEN 206-100] Generating core module 'urem_64ns_64ns_32_68_seq_1': 1 instance(s).
INFO: [RTGEN 206-100] Finished creating RTL model for 'rollout'.
INFO: [HLS 200-111] Finished Creating RTL model: CPU user time: 0.12 seconds. CPU system time: 0.02 seconds. Elapsed time: 0.23 seconds; current allocated memory: 532.355 MB.
INFO: [HLS 200-10] ----------------------------------------------------------------
INFO: [HLS 200-10] -- Generating RTL for module 'forward_Pipeline_VITIS_LOOP_114_15' 
INFO: [HLS 200-10] ----------------------------------------------------------------
INFO: [RTGEN 206-100] Finished creating RTL model for 'forward_Pipeline_VITIS_LOOP_114_15'.
INFO: [HLS 200-111] Finished Creating RTL model: CPU user time: 0.17 seconds. CPU system time: 0.02 seconds. Elapsed time: 0.35 seconds; current allocated memory: 540.633 MB.
INFO: [HLS 200-10] ----------------------------------------------------------------
INFO: [HLS 200-10] -- Generating RTL for module 'forward_Pipeline_VITIS_LOOP_114_16' 
INFO: [HLS 200-10] ----------------------------------------------------------------
INFO: [HLS 200-1030] Apply Unified Pipeline Control on module 'forward_Pipeline_VITIS_LOOP_114_16' pipeline 'VITIS_LOOP_114_1' pipeline type 'loop pipeline'
INFO: [RTGEN 206-100] Finished creating RTL model for 'forward_Pipeline_VITIS_LOOP_114_16'.
INFO: [HLS 200-111] Finished Creating RTL model: CPU user time: 0.09 seconds. CPU system time: 0.01 seconds. Elapsed time: 0.17 seconds; current allocated memory: 542.441 MB.
INFO: [HLS 200-10] ----------------------------------------------------------------
INFO: [HLS 200-10] -- Generating RTL for module 'log_32_16_s' 
INFO: [HLS 200-10] ----------------------------------------------------------------
INFO: [RTGEN 206-100] Generating core module 'mac_mulsub_24ns_4ns_29ns_29_4_1': 1 instance(s).
INFO: [RTGEN 206-100] Generating core module 'mul_36ns_6ns_42_1_1': 1 instance(s).
INFO: [RTGEN 206-100] Generating core module 'mul_6s_23ns_27_1_1': 1 instance(s).
INFO: [RTGEN 206-100] Generating core module 'mul_9ns_9ns_18_1_1': 1 instance(s).
INFO: [RTGEN 206-100] Finished creating RTL model for 'log_32_16_s'.
INFO: [RTMG 210-279] Implementing memory 'dut_log_32_16_s_log_apfixed_reduce_log_inverse_lut_table_array_ROM_AUTO_1R' using auto ROMs.
INFO: [RTMG 210-279] Implementing memory 'dut_log_32_16_s_log_apfixed_reduce_log0_lut_table_ap_fixed_0_5_64_array_ROM_AUTO_1R' using auto ROMs.
INFO: [RTMG 210-279] Implementing memory 'dut_log_32_16_s_log_apfixed_reduce_log_lut_table_ap_fixed_4_4_16_array_ROM_AUTO_1R' using auto ROMs.
INFO: [HLS 200-111] Finished Creating RTL model: CPU user time: 0.18 seconds. CPU system time: 0.01 seconds. Elapsed time: 0.33 seconds; current allocated memory: 544.090 MB.
INFO: [HLS 200-10] ----------------------------------------------------------------
INFO: [HLS 200-10] -- Generating RTL for module 'forward_Pipeline_VITIS_LOOP_259_1' 
INFO: [HLS 200-10] ----------------------------------------------------------------
INFO: [HLS 200-1030] Apply Unified Pipeline Control on module 'forward_Pipeline_VITIS_LOOP_259_1' pipeline 'VITIS_LOOP_259_1' pipeline type 'loop pipeline'
INFO: [RTGEN 206-100] Generating core module 'mac_mulsub_20s_3ns_20s_23_4_1': 1 instance(s).
INFO: [RTGEN 206-100] Generating core module 'mul_20s_3ns_20_1_1': 1 instance(s).
INFO: [RTGEN 206-100] Generating core module 'sdiv_20ns_4ns_20_24_1': 1 instance(s).
INFO: [RTGEN 206-100] Generating core module 'sdiv_24s_32ns_20_28_1': 1 instance(s).
INFO: [RTGEN 206-100] Finished creating RTL model for 'forward_Pipeline_VITIS_LOOP_259_1'.
INFO: [HLS 200-111] Finished Creating RTL model: CPU user time: 0.23 seconds. CPU system time: 0.01 seconds. Elapsed time: 0.42 seconds; current allocated memory: 553.035 MB.
INFO: [HLS 200-10] ----------------------------------------------------------------
INFO: [HLS 200-10] -- Generating RTL for module 'forward' 
INFO: [HLS 200-10] ----------------------------------------------------------------
INFO: [RTGEN 206-100] Finished creating RTL model for 'forward'.
INFO: [HLS 200-111] Finished Creating RTL model: CPU user time: 0.14 seconds. CPU system time: 0.02 seconds. Elapsed time: 0.31 seconds; current allocated memory: 556.191 MB.
INFO: [HLS 200-10] ----------------------------------------------------------------
INFO: [HLS 200-10] -- Generating RTL for module 'search_Pipeline_VITIS_LOOP_27_1' 
INFO: [HLS 200-10] ----------------------------------------------------------------
INFO: [HLS 200-1030] Apply Unified Pipeline Control on module 'search_Pipeline_VITIS_LOOP_27_1' pipeline 'VITIS_LOOP_27_1' pipeline type 'loop pipeline'
INFO: [RTGEN 206-100] Finished creating RTL model for 'search_Pipeline_VITIS_LOOP_27_1'.
INFO: [HLS 200-111] Finished Creating RTL model: CPU user time: 0.17 seconds. CPU system time: 0.01 seconds. Elapsed time: 0.34 seconds; current allocated memory: 563.500 MB.
INFO: [HLS 200-10] ----------------------------------------------------------------
INFO: [HLS 200-10] -- Generating RTL for module 'search' 
INFO: [HLS 200-10] ----------------------------------------------------------------
INFO: [RTGEN 206-100] Finished creating RTL model for 'search'.
INFO: [HLS 200-111] Finished Creating RTL model: CPU user time: 0.08 seconds. CPU system time: 0.01 seconds. Elapsed time: 0.2 seconds; current allocated memory: 564.930 MB.
INFO: [HLS 200-10] ----------------------------------------------------------------
INFO: [HLS 200-10] -- Generating RTL for module 'dut' 
INFO: [HLS 200-10] ----------------------------------------------------------------
INFO: [RTGEN 206-500] Setting interface mode on port 'dut/strm_in' to 'ap_fifo'.
INFO: [RTGEN 206-500] Setting interface mode on port 'dut/strm_out' to 'ap_fifo'.
INFO: [RTGEN 206-500] Setting interface mode on function 'dut' to 'ap_ctrl_hs'.
INFO: [RTGEN 206-100] Finished creating RTL model for 'dut'.
INFO: [RTMG 210-278] Implementing memory 'dut_searcher_visitCounts_RAM_AUTO_1R1W' using auto RAMs.
INFO: [RTMG 210-278] Implementing memory 'dut_searcher_meanQ_RAM_AUTO_1R1W' using auto RAMs.
INFO: [RTMG 210-278] Implementing memory 'dut_searcher_terminals_RAM_AUTO_1R1W' using auto RAMs.
INFO: [RTMG 210-278] Implementing memory 'dut_searcher_childActions_RAM_AUTO_1R1W' using auto RAMs.
INFO: [RTMG 210-278] Implementing memory 'dut_searcher_triedMask_RAM_AUTO_1R1W' using auto RAMs.
INFO: [HLS 200-111] Finished Creating RTL model: CPU user time: 0.12 seconds. CPU system time: 0.01 seconds. Elapsed time: 0.27 seconds; current allocated memory: 567.117 MB.
INFO: [HLS 200-111] Finished Generating all RTL models: CPU user time: 0.43 seconds. CPU system time: 0.14 seconds. Elapsed time: 2.2 seconds; current allocated memory: 569.578 MB.
INFO: [HLS 200-111] Finished Updating report files: CPU user time: 1.65 seconds. CPU system time: 0.14 seconds. Elapsed time: 2.48 seconds; current allocated memory: 586.504 MB.
INFO: [VHDL 208-304] Generating VHDL RTL for dut.
INFO: [VLOG 209-307] Generating Verilog RTL for dut.
INFO: [HLS 200-790] **** Loop Constraint Status: All loop constraints were NOT satisfied.
INFO: [HLS 200-789] **** Estimated Fmax: 139.52 MHz
INFO: [HLS 200-2161] Finished Command csynth_design Elapsed time: 00:02:32; Allocated memory: 369.883 MB.
INFO: [HLS 200-1510] Running: export_design -format ip_catalog 
INFO: [IMPL 213-8] Exporting RTL as a Vivado IP.
INFO: [HLS 200-802] Generated output file mcts.prj/solution1/impl/export.zip
INFO: [HLS 200-2161] Finished Command export_design Elapsed time: 00:00:19; Allocated memory: 4.004 MB.
