/home/course/aakash27/hex-fpga/mcts.prj/solution1/.autopilot/db/dut.pp.0.cpp:2257:5: warning: Added loop label VITIS_LOOP_676_1:   [xilinx-label-all-loops]
    for (unsigned i = low; i != high+1; ++i) {
    ^~~
    VITIS_LOOP_676_1: 
/home/course/aakash27/hex-fpga/mcts.prj/solution1/.autopilot/db/dut.pp.0.cpp:2257:5: note: FIX-IT applied suggested code changes
/home/course/aakash27/hex-fpga/mcts.prj/solution1/.autopilot/db/dut.pp.0.cpp:2271:5: warning: Added loop label VITIS_LOOP_690_1:   [xilinx-label-all-loops]
    for (unsigned i = low; i != high+1; ++i) {
    ^~~
    VITIS_LOOP_690_1: 
/home/course/aakash27/hex-fpga/mcts.prj/solution1/.autopilot/db/dut.pp.0.cpp:2271:5: note: FIX-IT applied suggested code changes
/home/course/aakash27/hex-fpga/mcts.prj/solution1/.autopilot/db/dut.pp.0.cpp:2285:5: warning: Added loop label VITIS_LOOP_704_1:   [xilinx-label-all-loops]
    for (unsigned i = low; i != high+1; ++i) {
    ^~~
    VITIS_LOOP_704_1: 
/home/course/aakash27/hex-fpga/mcts.prj/solution1/.autopilot/db/dut.pp.0.cpp:2285:5: note: FIX-IT applied suggested code changes
/home/course/aakash27/hex-fpga/mcts.prj/solution1/.autopilot/db/dut.pp.0.cpp:4253:7: warning: Added loop label VITIS_LOOP_1248_1:   [xilinx-label-all-loops]
      for (i = 0; i < __N - 1; ++i) {
      ^~~
      VITIS_LOOP_1248_1: 
/home/course/aakash27/hex-fpga/mcts.prj/solution1/.autopilot/db/dut.pp.0.cpp:4253:7: note: FIX-IT applied suggested code changes
/home/course/aakash27/hex-fpga/mcts.prj/solution1/.autopilot/db/dut.pp.0.cpp:16079:72: error: Invalid Directive: for current device, ROM_1P + LUTRAM is invalid combination for BIND_STORAGE's option 'type + impl' [clang-diagnostic-error]
#pragma HLS BIND_STORAGE variable=fourth_order_double::sin_cos_K0 type=ROM_1P impl=LUTRAM
                                                                       ^
/home/course/aakash27/hex-fpga/mcts.prj/solution1/.autopilot/db/dut.pp.0.cpp:16080:72: error: Invalid Directive: for current device, ROM_1P + LUTRAM is invalid combination for BIND_STORAGE's option 'type + impl' [clang-diagnostic-error]
#pragma HLS BIND_STORAGE variable=fourth_order_double::sin_cos_K1 type=ROM_1P impl=LUTRAM
                                                                       ^
/home/course/aakash27/hex-fpga/mcts.prj/solution1/.autopilot/db/dut.pp.0.cpp:16081:72: error: Invalid Directive: for current device, ROM_1P + LUTRAM is invalid combination for BIND_STORAGE's option 'type + impl' [clang-diagnostic-error]
#pragma HLS BIND_STORAGE variable=fourth_order_double::sin_cos_K2 type=ROM_1P impl=LUTRAM
                                                                       ^
/home/course/aakash27/hex-fpga/mcts.prj/solution1/.autopilot/db/dut.pp.0.cpp:16082:72: error: Invalid Directive: for current device, ROM_1P + LUTRAM is invalid combination for BIND_STORAGE's option 'type + impl' [clang-diagnostic-error]
#pragma HLS BIND_STORAGE variable=fourth_order_double::sin_cos_K3 type=ROM_1P impl=LUTRAM
                                                                       ^
/home/course/aakash27/hex-fpga/mcts.prj/solution1/.autopilot/db/dut.pp.0.cpp:16083:72: error: Invalid Directive: for current device, ROM_1P + LUTRAM is invalid combination for BIND_STORAGE's option 'type + impl' [clang-diagnostic-error]
#pragma HLS BIND_STORAGE variable=fourth_order_double::sin_cos_K4 type=ROM_1P impl=LUTRAM
                                                                       ^
/home/course/aakash27/hex-fpga/mcts.prj/solution1/.autopilot/db/dut.pp.0.cpp:16113:68: error: Invalid Directive: for current device, ROM_1P + LUTRAM is invalid combination for BIND_STORAGE's option 'type + impl' [clang-diagnostic-error]
#pragma HLS BIND_STORAGE variable=fourth_order_double::cos_K0 type=ROM_1P impl=LUTRAM
                                                                   ^
/home/course/aakash27/hex-fpga/mcts.prj/solution1/.autopilot/db/dut.pp.0.cpp:16114:68: error: Invalid Directive: for current device, ROM_1P + LUTRAM is invalid combination for BIND_STORAGE's option 'type + impl' [clang-diagnostic-error]
#pragma HLS BIND_STORAGE variable=fourth_order_double::cos_K1 type=ROM_1P impl=LUTRAM
                                                                   ^
/home/course/aakash27/hex-fpga/mcts.prj/solution1/.autopilot/db/dut.pp.0.cpp:16115:68: error: Invalid Directive: for current device, ROM_1P + LUTRAM is invalid combination for BIND_STORAGE's option 'type + impl' [clang-diagnostic-error]
#pragma HLS BIND_STORAGE variable=fourth_order_double::cos_K2 type=ROM_1P impl=LUTRAM
                                                                   ^
/home/course/aakash27/hex-fpga/mcts.prj/solution1/.autopilot/db/dut.pp.0.cpp:16116:68: error: Invalid Directive: for current device, ROM_1P + LUTRAM is invalid combination for BIND_STORAGE's option 'type + impl' [clang-diagnostic-error]
#pragma HLS BIND_STORAGE variable=fourth_order_double::cos_K3 type=ROM_1P impl=LUTRAM
                                                                   ^
/home/course/aakash27/hex-fpga/mcts.prj/solution1/.autopilot/db/dut.pp.0.cpp:16117:68: error: Invalid Directive: for current device, ROM_1P + LUTRAM is invalid combination for BIND_STORAGE's option 'type + impl' [clang-diagnostic-error]
#pragma HLS BIND_STORAGE variable=fourth_order_double::cos_K4 type=ROM_1P impl=LUTRAM
                                                                   ^
/home/course/aakash27/hex-fpga/mcts.prj/solution1/.autopilot/db/dut.pp.0.cpp:16118:68: error: Invalid Directive: for current device, ROM_1P + LUTRAM is invalid combination for BIND_STORAGE's option 'type + impl' [clang-diagnostic-error]
#pragma HLS BIND_STORAGE variable=fourth_order_double::sin_K0 type=ROM_1P impl=LUTRAM
                                                                   ^
/home/course/aakash27/hex-fpga/mcts.prj/solution1/.autopilot/db/dut.pp.0.cpp:16119:68: error: Invalid Directive: for current device, ROM_1P + LUTRAM is invalid combination for BIND_STORAGE's option 'type + impl' [clang-diagnostic-error]
#pragma HLS BIND_STORAGE variable=fourth_order_double::sin_K1 type=ROM_1P impl=LUTRAM
                                                                   ^
/home/course/aakash27/hex-fpga/mcts.prj/solution1/.autopilot/db/dut.pp.0.cpp:16120:68: error: Invalid Directive: for current device, ROM_1P + LUTRAM is invalid combination for BIND_STORAGE's option 'type + impl' [clang-diagnostic-error]
#pragma HLS BIND_STORAGE variable=fourth_order_double::sin_K2 type=ROM_1P impl=LUTRAM
                                                                   ^
/home/course/aakash27/hex-fpga/mcts.prj/solution1/.autopilot/db/dut.pp.0.cpp:16121:68: error: Invalid Directive: for current device, ROM_1P + LUTRAM is invalid combination for BIND_STORAGE's option 'type + impl' [clang-diagnostic-error]
#pragma HLS BIND_STORAGE variable=fourth_order_double::sin_K3 type=ROM_1P impl=LUTRAM
                                                                   ^
/home/course/aakash27/hex-fpga/mcts.prj/solution1/.autopilot/db/dut.pp.0.cpp:16122:68: error: Invalid Directive: for current device, ROM_1P + LUTRAM is invalid combination for BIND_STORAGE's option 'type + impl' [clang-diagnostic-error]
#pragma HLS BIND_STORAGE variable=fourth_order_double::sin_K4 type=ROM_1P impl=LUTRAM
                                                                   ^
/home/course/aakash27/hex-fpga/mcts.prj/solution1/.autopilot/db/dut.pp.0.cpp:16172:71: error: Invalid Directive: for current device, ROM_1P + LUTRAM is invalid combination for BIND_STORAGE's option 'type + impl' [clang-diagnostic-error]
#pragma HLS BIND_STORAGE variable=second_order_float::sin_cos_K0 type=ROM_1P impl=LUTRAM
                                                                      ^
/home/course/aakash27/hex-fpga/mcts.prj/solution1/.autopilot/db/dut.pp.0.cpp:16173:71: error: Invalid Directive: for current device, ROM_1P + LUTRAM is invalid combination for BIND_STORAGE's option 'type + impl' [clang-diagnostic-error]
#pragma HLS BIND_STORAGE variable=second_order_float::sin_cos_K1 type=ROM_1P impl=LUTRAM
                                                                      ^
/home/course/aakash27/hex-fpga/mcts.prj/solution1/.autopilot/db/dut.pp.0.cpp:16174:71: error: Invalid Directive: for current device, ROM_1P + LUTRAM is invalid combination for BIND_STORAGE's option 'type + impl' [clang-diagnostic-error]
#pragma HLS BIND_STORAGE variable=second_order_float::sin_cos_K2 type=ROM_1P impl=LUTRAM
                                                                      ^
/home/course/aakash27/hex-fpga/mcts.prj/solution1/.autopilot/db/dut.pp.0.cpp:16201:67: error: Invalid Directive: for current device, ROM_1P + LUTRAM is invalid combination for BIND_STORAGE's option 'type + impl' [clang-diagnostic-error]
#pragma HLS BIND_STORAGE variable=second_order_float::cos_K0 type=ROM_1P impl=LUTRAM
                                                                  ^
/home/course/aakash27/hex-fpga/mcts.prj/solution1/.autopilot/db/dut.pp.0.cpp:16202:67: error: Invalid Directive: for current device, ROM_1P + LUTRAM is invalid combination for BIND_STORAGE's option 'type + impl' [clang-diagnostic-error]
#pragma HLS BIND_STORAGE variable=second_order_float::cos_K1 type=ROM_1P impl=LUTRAM
                                                                  ^
/home/course/aakash27/hex-fpga/mcts.prj/solution1/.autopilot/db/dut.pp.0.cpp:16203:67: error: Invalid Directive: for current device, ROM_1P + LUTRAM is invalid combination for BIND_STORAGE's option 'type + impl' [clang-diagnostic-error]
#pragma HLS BIND_STORAGE variable=second_order_float::cos_K2 type=ROM_1P impl=LUTRAM
                                                                  ^
/home/course/aakash27/hex-fpga/mcts.prj/solution1/.autopilot/db/dut.pp.0.cpp:16204:67: error: Invalid Directive: for current device, ROM_1P + LUTRAM is invalid combination for BIND_STORAGE's option 'type + impl' [clang-diagnostic-error]
#pragma HLS BIND_STORAGE variable=second_order_float::sin_K0 type=ROM_1P impl=LUTRAM
                                                                  ^
/home/course/aakash27/hex-fpga/mcts.prj/solution1/.autopilot/db/dut.pp.0.cpp:16205:67: error: Invalid Directive: for current device, ROM_1P + LUTRAM is invalid combination for BIND_STORAGE's option 'type + impl' [clang-diagnostic-error]
#pragma HLS BIND_STORAGE variable=second_order_float::sin_K1 type=ROM_1P impl=LUTRAM
                                                                  ^
/home/course/aakash27/hex-fpga/mcts.prj/solution1/.autopilot/db/dut.pp.0.cpp:16206:67: error: Invalid Directive: for current device, ROM_1P + LUTRAM is invalid combination for BIND_STORAGE's option 'type + impl' [clang-diagnostic-error]
#pragma HLS BIND_STORAGE variable=second_order_float::sin_K2 type=ROM_1P impl=LUTRAM
                                                                  ^
/home/course/aakash27/hex-fpga/mcts.prj/solution1/.autopilot/db/dut.pp.0.cpp:16242:73: error: Invalid Directive: for current device, ROM_1P + LUTRAM is invalid combination for BIND_STORAGE's option 'type + impl' [clang-diagnostic-error]
#pragma HLS BIND_STORAGE variable=first_order_fixed_16::sin_cos_K0 type=ROM_1P impl=LUTRAM
                                                                        ^
/home/course/aakash27/hex-fpga/mcts.prj/solution1/.autopilot/db/dut.pp.0.cpp:16243:73: error: Invalid Directive: for current device, ROM_1P + LUTRAM is invalid combination for BIND_STORAGE's option 'type + impl' [clang-diagnostic-error]
#pragma HLS BIND_STORAGE variable=first_order_fixed_16::sin_cos_K1 type=ROM_1P impl=LUTRAM
                                                                        ^
/home/course/aakash27/hex-fpga/mcts.prj/solution1/.autopilot/db/dut.pp.0.cpp:16517:5: warning: Added loop label VITIS_LOOP_61_1:   [xilinx-label-all-loops]
    for (int n=0; n<Nmax; n++){
    ^~~
    VITIS_LOOP_61_1: 
/home/course/aakash27/hex-fpga/mcts.prj/solution1/.autopilot/db/dut.pp.0.cpp:16517:5: note: FIX-IT applied suggested code changes
/home/course/aakash27/hex-fpga/mcts.prj/solution1/.autopilot/db/dut.pp.0.cpp:16563:5: warning: Added loop label VITIS_LOOP_117_1:   [xilinx-label-all-loops]
    for (int n=0; n<Nmax; n++){
    ^~~
    VITIS_LOOP_117_1: 
/home/course/aakash27/hex-fpga/mcts.prj/solution1/.autopilot/db/dut.pp.0.cpp:16563:5: note: FIX-IT applied suggested code changes
/home/course/aakash27/hex-fpga/mcts.prj/solution1/.autopilot/db/dut.pp.0.cpp:16726:9: warning: Added loop label VITIS_LOOP_289_1:   [xilinx-label-all-loops]
        for(int i=0;i<W-1;i++){
        ^~~
        VITIS_LOOP_289_1: 
/home/course/aakash27/hex-fpga/mcts.prj/solution1/.autopilot/db/dut.pp.0.cpp:16726:9: note: FIX-IT applied suggested code changes
/home/course/aakash27/hex-fpga/mcts.prj/solution1/.autopilot/db/dut.pp.0.cpp:16878:9: warning: Added loop label VITIS_LOOP_449_1:   [xilinx-label-all-loops]
        for(int i=0;i<W-1;i++){
        ^~~
        VITIS_LOOP_449_1: 
/home/course/aakash27/hex-fpga/mcts.prj/solution1/.autopilot/db/dut.pp.0.cpp:16878:9: note: FIX-IT applied suggested code changes
/home/course/aakash27/hex-fpga/mcts.prj/solution1/.autopilot/db/dut.pp.0.cpp:17058:5: warning: Added loop label VITIS_LOOP_629_1:   [xilinx-label-all-loops]
    for(int i=0;i<W+1;i++){
    ^~~
    VITIS_LOOP_629_1: 
/home/course/aakash27/hex-fpga/mcts.prj/solution1/.autopilot/db/dut.pp.0.cpp:17058:5: note: FIX-IT applied suggested code changes
/home/course/aakash27/hex-fpga/mcts.prj/solution1/.autopilot/db/dut.pp.0.cpp:17062:5: warning: Added loop label VITIS_LOOP_633_2:   [xilinx-label-all-loops]
    for(int i=0;i<W+1;i++){
    ^~~
    VITIS_LOOP_633_2: 
/home/course/aakash27/hex-fpga/mcts.prj/solution1/.autopilot/db/dut.pp.0.cpp:17062:5: note: FIX-IT applied suggested code changes
/home/course/aakash27/hex-fpga/mcts.prj/solution1/.autopilot/db/dut.pp.0.cpp:17172:5: warning: Added loop label VITIS_LOOP_743_1:   [xilinx-label-all-loops]
    for (int n=0; n<Nmax; n++){
    ^~~
    VITIS_LOOP_743_1: 
/home/course/aakash27/hex-fpga/mcts.prj/solution1/.autopilot/db/dut.pp.0.cpp:17172:5: note: FIX-IT applied suggested code changes
/home/course/aakash27/hex-fpga/mcts.prj/solution1/.autopilot/db/dut.pp.0.cpp:17262:7: warning: Added loop label VITIS_LOOP_840_1:   [xilinx-label-all-loops]
      for(int i=0;i<W-1;i++){
      ^~~
      VITIS_LOOP_840_1: 
/home/course/aakash27/hex-fpga/mcts.prj/solution1/.autopilot/db/dut.pp.0.cpp:17262:7: note: FIX-IT applied suggested code changes
/home/course/aakash27/hex-fpga/mcts.prj/solution1/.autopilot/db/dut.pp.0.cpp:17281:7: warning: Added loop label VITIS_LOOP_859_2:   [xilinx-label-all-loops]
      for(int i=0;i<W-1;i++){
      ^~~
      VITIS_LOOP_859_2: 
/home/course/aakash27/hex-fpga/mcts.prj/solution1/.autopilot/db/dut.pp.0.cpp:17281:7: note: FIX-IT applied suggested code changes
/home/course/aakash27/hex-fpga/mcts.prj/solution1/.autopilot/db/dut.pp.0.cpp:17571:5: warning: Added loop label VITIS_LOOP_1173_1:   [xilinx-label-all-loops]
    for(int i=0; i<Nmax; i++) {
    ^~~
    VITIS_LOOP_1173_1: 
/home/course/aakash27/hex-fpga/mcts.prj/solution1/.autopilot/db/dut.pp.0.cpp:17571:5: note: FIX-IT applied suggested code changes
/home/course/aakash27/hex-fpga/mcts.prj/solution1/.autopilot/db/dut.pp.0.cpp:17654:5: warning: Added loop label VITIS_LOOP_1256_1:   [xilinx-label-all-loops]
    for(int i=0; i<Nmax; i++) {
    ^~~
    VITIS_LOOP_1256_1: 
/home/course/aakash27/hex-fpga/mcts.prj/solution1/.autopilot/db/dut.pp.0.cpp:17654:5: note: FIX-IT applied suggested code changes
/home/course/aakash27/hex-fpga/mcts.prj/solution1/.autopilot/db/dut.pp.0.cpp:18060:13: warning: Added loop label VITIS_LOOP_68_1:   [xilinx-label-all-loops]
            for (int j = 3; j >= I_+1; j--) {
            ^~~
            VITIS_LOOP_68_1: 
/home/course/aakash27/hex-fpga/mcts.prj/solution1/.autopilot/db/dut.pp.0.cpp:18060:13: note: FIX-IT applied suggested code changes
/home/course/aakash27/hex-fpga/mcts.prj/solution1/.autopilot/db/dut.pp.0.cpp:18066:17: warning: Added loop label VITIS_LOOP_74_2:   [xilinx-label-all-loops]
                for (int j = 3; j >= I_+1; j--){
                ^~~
                VITIS_LOOP_74_2: 
/home/course/aakash27/hex-fpga/mcts.prj/solution1/.autopilot/db/dut.pp.0.cpp:18066:17: note: FIX-IT applied suggested code changes
/home/course/aakash27/hex-fpga/mcts.prj/solution1/.autopilot/db/dut.pp.0.cpp:18070:17: warning: Added loop label VITIS_LOOP_78_3:   [xilinx-label-all-loops]
                for (int j = I_; j >= 0; j--){
                ^~~
                VITIS_LOOP_78_3: 
/home/course/aakash27/hex-fpga/mcts.prj/solution1/.autopilot/db/dut.pp.0.cpp:18070:17: note: FIX-IT applied suggested code changes
/home/course/aakash27/hex-fpga/mcts.prj/solution1/.autopilot/db/dut.pp.0.cpp:18117:13: warning: Added loop label VITIS_LOOP_145_4:   [xilinx-label-all-loops]
            for (int j = 9; j >= I_+4; j--) {
            ^~~
            VITIS_LOOP_145_4: 
/home/course/aakash27/hex-fpga/mcts.prj/solution1/.autopilot/db/dut.pp.0.cpp:18117:13: note: FIX-IT applied suggested code changes
/home/course/aakash27/hex-fpga/mcts.prj/solution1/.autopilot/db/dut.pp.0.cpp:18123:17: warning: Added loop label VITIS_LOOP_151_5:   [xilinx-label-all-loops]
                for (int j = 9; j >= I_+4; j--){
                ^~~
                VITIS_LOOP_151_5: 
/home/course/aakash27/hex-fpga/mcts.prj/solution1/.autopilot/db/dut.pp.0.cpp:18123:17: note: FIX-IT applied suggested code changes
/home/course/aakash27/hex-fpga/mcts.prj/solution1/.autopilot/db/dut.pp.0.cpp:18127:17: warning: Added loop label VITIS_LOOP_155_6:   [xilinx-label-all-loops]
                for (int j = I_+3; j >= 0; j--){
                ^~~
                VITIS_LOOP_155_6: 
/home/course/aakash27/hex-fpga/mcts.prj/solution1/.autopilot/db/dut.pp.0.cpp:18127:17: note: FIX-IT applied suggested code changes
/home/course/aakash27/hex-fpga/mcts.prj/solution1/.autopilot/db/dut.pp.0.cpp:18142:9: warning: Added loop label VITIS_LOOP_170_7:   [xilinx-label-all-loops]
        for (int j = 14; j < 22; j++){
        ^~~
        VITIS_LOOP_170_7: 
/home/course/aakash27/hex-fpga/mcts.prj/solution1/.autopilot/db/dut.pp.0.cpp:18142:9: note: FIX-IT applied suggested code changes
/home/course/aakash27/hex-fpga/mcts.prj/solution1/.autopilot/db/dut.pp.0.cpp:18150:17: warning: Added loop label VITIS_LOOP_178_8:   [xilinx-label-all-loops]
                for (int j = 0; j < 22; j++){
                ^~~
                VITIS_LOOP_178_8: 
/home/course/aakash27/hex-fpga/mcts.prj/solution1/.autopilot/db/dut.pp.0.cpp:18150:17: note: FIX-IT applied suggested code changes
/home/course/aakash27/hex-fpga/mcts.prj/solution1/.autopilot/db/dut.pp.0.cpp:18215:13: warning: Added loop label VITIS_LOOP_243_9:   [xilinx-label-all-loops]
            for (int j = 21; j >= I_+10; j--) {
            ^~~
            VITIS_LOOP_243_9: 
/home/course/aakash27/hex-fpga/mcts.prj/solution1/.autopilot/db/dut.pp.0.cpp:18215:13: note: FIX-IT applied suggested code changes
/home/course/aakash27/hex-fpga/mcts.prj/solution1/.autopilot/db/dut.pp.0.cpp:18221:17: warning: Added loop label VITIS_LOOP_249_10:   [xilinx-label-all-loops]
                for (int j = 21; j >= I_+10; j--) {
                ^~~
                VITIS_LOOP_249_10: 
/home/course/aakash27/hex-fpga/mcts.prj/solution1/.autopilot/db/dut.pp.0.cpp:18221:17: note: FIX-IT applied suggested code changes
/home/course/aakash27/hex-fpga/mcts.prj/solution1/.autopilot/db/dut.pp.0.cpp:18225:17: warning: Added loop label VITIS_LOOP_253_11:   [xilinx-label-all-loops]
                for (int j = I_+9; j >= 0; j--) {
                ^~~
                VITIS_LOOP_253_11: 
/home/course/aakash27/hex-fpga/mcts.prj/solution1/.autopilot/db/dut.pp.0.cpp:18225:17: note: FIX-IT applied suggested code changes
/home/course/aakash27/hex-fpga/mcts.prj/solution1/.autopilot/db/dut.pp.0.cpp:18240:9: warning: Added loop label VITIS_LOOP_268_12:   [xilinx-label-all-loops]
        for (int j = 27; j < 46; j++){
        ^~~
        VITIS_LOOP_268_12: 
/home/course/aakash27/hex-fpga/mcts.prj/solution1/.autopilot/db/dut.pp.0.cpp:18240:9: note: FIX-IT applied suggested code changes
/home/course/aakash27/hex-fpga/mcts.prj/solution1/.autopilot/db/dut.pp.0.cpp:18248:17: warning: Added loop label VITIS_LOOP_276_13:   [xilinx-label-all-loops]
                for (int j = 0; j < 46; j++) {
                ^~~
                VITIS_LOOP_276_13: 
/home/course/aakash27/hex-fpga/mcts.prj/solution1/.autopilot/db/dut.pp.0.cpp:18248:17: note: FIX-IT applied suggested code changes
/home/course/aakash27/hex-fpga/mcts.prj/solution1/.autopilot/db/dut.pp.0.cpp:18477:13: warning: Added loop label VITIS_LOOP_505_14:   [xilinx-label-all-loops]
            for (int j = 45; j >= I_+22; j--) {
            ^~~
            VITIS_LOOP_505_14: 
/home/course/aakash27/hex-fpga/mcts.prj/solution1/.autopilot/db/dut.pp.0.cpp:18477:13: note: FIX-IT applied suggested code changes
/home/course/aakash27/hex-fpga/mcts.prj/solution1/.autopilot/db/dut.pp.0.cpp:18483:17: warning: Added loop label VITIS_LOOP_511_15:   [xilinx-label-all-loops]
                for (int j = 45; j >= I_+22; j--){
                ^~~
                VITIS_LOOP_511_15: 
/home/course/aakash27/hex-fpga/mcts.prj/solution1/.autopilot/db/dut.pp.0.cpp:18483:17: note: FIX-IT applied suggested code changes
/home/course/aakash27/hex-fpga/mcts.prj/solution1/.autopilot/db/dut.pp.0.cpp:18487:17: warning: Added loop label VITIS_LOOP_515_16:   [xilinx-label-all-loops]
                for (int j = I_+21; j >= 0; j--) {
                ^~~
                VITIS_LOOP_515_16: 
/home/course/aakash27/hex-fpga/mcts.prj/solution1/.autopilot/db/dut.pp.0.cpp:18487:17: note: FIX-IT applied suggested code changes
/home/course/aakash27/hex-fpga/mcts.prj/solution1/.autopilot/db/dut.pp.0.cpp:18497:9: warning: Added loop label VITIS_LOOP_525_17:   [xilinx-label-all-loops]
        for (int j = 32-F_; j < 32+I_; j++){
        ^~~
        VITIS_LOOP_525_17: 
/home/course/aakash27/hex-fpga/mcts.prj/solution1/.autopilot/db/dut.pp.0.cpp:18497:9: note: FIX-IT applied suggested code changes
/home/course/aakash27/hex-fpga/mcts.prj/solution1/.autopilot/db/dut.pp.0.cpp:18501:9: warning: Added loop label VITIS_LOOP_529_18:   [xilinx-label-all-loops]
        for (int j = 32+I_; j <= 64; j++){
        ^~~
        VITIS_LOOP_529_18: 
/home/course/aakash27/hex-fpga/mcts.prj/solution1/.autopilot/db/dut.pp.0.cpp:18501:9: note: FIX-IT applied suggested code changes
/home/course/aakash27/hex-fpga/mcts.prj/solution1/.autopilot/db/dut.pp.0.cpp:18511:9: warning: Added loop label VITIS_LOOP_539_19:   [xilinx-label-all-loops]
        for (int j = 37; j < 64; j++) {
        ^~~
        VITIS_LOOP_539_19: 
/home/course/aakash27/hex-fpga/mcts.prj/solution1/.autopilot/db/dut.pp.0.cpp:18511:9: note: FIX-IT applied suggested code changes
/home/course/aakash27/hex-fpga/mcts.prj/solution1/.autopilot/db/dut.pp.0.cpp:18519:17: warning: Added loop label VITIS_LOOP_547_20:   [xilinx-label-all-loops]
                for (int j = 0; j < 64; j++){
                ^~~
                VITIS_LOOP_547_20: 
/home/course/aakash27/hex-fpga/mcts.prj/solution1/.autopilot/db/dut.pp.0.cpp:18519:17: note: FIX-IT applied suggested code changes
/home/course/aakash27/hex-fpga/mcts.prj/solution1/.autopilot/db/dut.pp.0.cpp:18880:13: warning: Added loop label VITIS_LOOP_908_21:   [xilinx-label-all-loops]
            for (int j = 63; j >= I_+31; j--) {
            ^~~
            VITIS_LOOP_908_21: 
/home/course/aakash27/hex-fpga/mcts.prj/solution1/.autopilot/db/dut.pp.0.cpp:18880:13: note: FIX-IT applied suggested code changes
/home/course/aakash27/hex-fpga/mcts.prj/solution1/.autopilot/db/dut.pp.0.cpp:18886:17: warning: Added loop label VITIS_LOOP_914_22:   [xilinx-label-all-loops]
                for (int j = 63; j >= I_+31; j--) {
                ^~~
                VITIS_LOOP_914_22: 
/home/course/aakash27/hex-fpga/mcts.prj/solution1/.autopilot/db/dut.pp.0.cpp:18886:17: note: FIX-IT applied suggested code changes
/home/course/aakash27/hex-fpga/mcts.prj/solution1/.autopilot/db/dut.pp.0.cpp:18890:17: warning: Added loop label VITIS_LOOP_918_23:   [xilinx-label-all-loops]
                for (int j = I_+30; j >= 0; j--) {
                ^~~
                VITIS_LOOP_918_23: 
/home/course/aakash27/hex-fpga/mcts.prj/solution1/.autopilot/db/dut.pp.0.cpp:18890:17: note: FIX-IT applied suggested code changes
/home/course/aakash27/hex-fpga/mcts.prj/solution1/.autopilot/db/dut.pp.0.cpp:19006:13: warning: Added loop label VITIS_LOOP_1034_1:   [xilinx-label-all-loops]
            for (int j = 4; j >= I_+1; j--) {
            ^~~
            VITIS_LOOP_1034_1: 
/home/course/aakash27/hex-fpga/mcts.prj/solution1/.autopilot/db/dut.pp.0.cpp:19006:13: note: FIX-IT applied suggested code changes
/home/course/aakash27/hex-fpga/mcts.prj/solution1/.autopilot/db/dut.pp.0.cpp:19012:17: warning: Added loop label VITIS_LOOP_1040_2:   [xilinx-label-all-loops]
                for (int j = 4; j >= I_+1; j--) {
                ^~~
                VITIS_LOOP_1040_2: 
/home/course/aakash27/hex-fpga/mcts.prj/solution1/.autopilot/db/dut.pp.0.cpp:19012:17: note: FIX-IT applied suggested code changes
/home/course/aakash27/hex-fpga/mcts.prj/solution1/.autopilot/db/dut.pp.0.cpp:19016:17: warning: Added loop label VITIS_LOOP_1044_3:   [xilinx-label-all-loops]
                for (int j = I_; j >= 0; j--) {
                ^~~
                VITIS_LOOP_1044_3: 
/home/course/aakash27/hex-fpga/mcts.prj/solution1/.autopilot/db/dut.pp.0.cpp:19016:17: note: FIX-IT applied suggested code changes
/home/course/aakash27/hex-fpga/mcts.prj/solution1/.autopilot/db/dut.pp.0.cpp:19103:13: warning: Added loop label VITIS_LOOP_1131_4:   [xilinx-label-all-loops]
            for (int j = 10; j >= I_+4; j--) {
            ^~~
            VITIS_LOOP_1131_4: 
/home/course/aakash27/hex-fpga/mcts.prj/solution1/.autopilot/db/dut.pp.0.cpp:19103:13: note: FIX-IT applied suggested code changes
/home/course/aakash27/hex-fpga/mcts.prj/solution1/.autopilot/db/dut.pp.0.cpp:19109:17: warning: Added loop label VITIS_LOOP_1137_5:   [xilinx-label-all-loops]
                for (int j = 10; j >= I_+4; j--) {
                ^~~
                VITIS_LOOP_1137_5: 
/home/course/aakash27/hex-fpga/mcts.prj/solution1/.autopilot/db/dut.pp.0.cpp:19109:17: note: FIX-IT applied suggested code changes
/home/course/aakash27/hex-fpga/mcts.prj/solution1/.autopilot/db/dut.pp.0.cpp:19113:17: warning: Added loop label VITIS_LOOP_1141_6:   [xilinx-label-all-loops]
                for (int j = I_+3; j >= 0; j--) {
                ^~~
                VITIS_LOOP_1141_6: 
/home/course/aakash27/hex-fpga/mcts.prj/solution1/.autopilot/db/dut.pp.0.cpp:19113:17: note: FIX-IT applied suggested code changes
/home/course/aakash27/hex-fpga/mcts.prj/solution1/.autopilot/db/dut.pp.0.cpp:19132:9: warning: Added loop label VITIS_LOOP_1160_7:   [xilinx-label-all-loops]
        for (int j = wf+3; j < w-1; j++) {
        ^~~
        VITIS_LOOP_1160_7: 
/home/course/aakash27/hex-fpga/mcts.prj/solution1/.autopilot/db/dut.pp.0.cpp:19132:9: note: FIX-IT applied suggested code changes
/home/course/aakash27/hex-fpga/mcts.prj/solution1/.autopilot/db/dut.pp.0.cpp:19139:17: warning: Added loop label VITIS_LOOP_1167_8:   [xilinx-label-all-loops]
                for (int j = 0; j < 22; j++) {
                ^~~
                VITIS_LOOP_1167_8: 
/home/course/aakash27/hex-fpga/mcts.prj/solution1/.autopilot/db/dut.pp.0.cpp:19139:17: note: FIX-IT applied suggested code changes
/home/course/aakash27/hex-fpga/mcts.prj/solution1/.autopilot/db/dut.pp.0.cpp:19255:13: warning: Added loop label VITIS_LOOP_1283_9:   [xilinx-label-all-loops]
            for (int j = 22; j >= I_+10; j--) {
            ^~~
            VITIS_LOOP_1283_9: 
/home/course/aakash27/hex-fpga/mcts.prj/solution1/.autopilot/db/dut.pp.0.cpp:19255:13: note: FIX-IT applied suggested code changes
/home/course/aakash27/hex-fpga/mcts.prj/solution1/.autopilot/db/dut.pp.0.cpp:19261:17: warning: Added loop label VITIS_LOOP_1289_10:   [xilinx-label-all-loops]
                for (int j = 22; j >= I_+10; j--){
                ^~~
                VITIS_LOOP_1289_10: 
/home/course/aakash27/hex-fpga/mcts.prj/solution1/.autopilot/db/dut.pp.0.cpp:19261:17: note: FIX-IT applied suggested code changes
/home/course/aakash27/hex-fpga/mcts.prj/solution1/.autopilot/db/dut.pp.0.cpp:19265:17: warning: Added loop label VITIS_LOOP_1293_11:   [xilinx-label-all-loops]
                for (int j = I_+9; j >= 0; j--) {
                ^~~
                VITIS_LOOP_1293_11: 
/home/course/aakash27/hex-fpga/mcts.prj/solution1/.autopilot/db/dut.pp.0.cpp:19265:17: note: FIX-IT applied suggested code changes
/home/course/aakash27/hex-fpga/mcts.prj/solution1/.autopilot/db/dut.pp.0.cpp:19285:9: warning: Added loop label VITIS_LOOP_1313_12:   [xilinx-label-all-loops]
        for (int j = wf+4; j < w-1; j++){
        ^~~
        VITIS_LOOP_1313_12: 
/home/course/aakash27/hex-fpga/mcts.prj/solution1/.autopilot/db/dut.pp.0.cpp:19285:9: note: FIX-IT applied suggested code changes
/home/course/aakash27/hex-fpga/mcts.prj/solution1/.autopilot/db/dut.pp.0.cpp:19292:17: warning: Added loop label VITIS_LOOP_1320_13:   [xilinx-label-all-loops]
                for (int j = 0; j < 46; j++) {
                ^~~
                VITIS_LOOP_1320_13: 
/home/course/aakash27/hex-fpga/mcts.prj/solution1/.autopilot/db/dut.pp.0.cpp:19292:17: note: FIX-IT applied suggested code changes
/home/course/aakash27/hex-fpga/mcts.prj/solution1/.autopilot/db/dut.pp.0.cpp:19554:13: warning: Added loop label VITIS_LOOP_1582_14:   [xilinx-label-all-loops]
            for (int j = 46; j >= I_+22; j--) {
            ^~~
            VITIS_LOOP_1582_14: 
/home/course/aakash27/hex-fpga/mcts.prj/solution1/.autopilot/db/dut.pp.0.cpp:19554:13: note: FIX-IT applied suggested code changes
/home/course/aakash27/hex-fpga/mcts.prj/solution1/.autopilot/db/dut.pp.0.cpp:19560:17: warning: Added loop label VITIS_LOOP_1588_15:   [xilinx-label-all-loops]
                for (int j = 46; j >= I_+22; j--) {
                ^~~
                VITIS_LOOP_1588_15: 
/home/course/aakash27/hex-fpga/mcts.prj/solution1/.autopilot/db/dut.pp.0.cpp:19560:17: note: FIX-IT applied suggested code changes
/home/course/aakash27/hex-fpga/mcts.prj/solution1/.autopilot/db/dut.pp.0.cpp:19564:17: warning: Added loop label VITIS_LOOP_1592_16:   [xilinx-label-all-loops]
                for (int j = I_+21; j >= 0; j--) {
                ^~~
                VITIS_LOOP_1592_16: 
/home/course/aakash27/hex-fpga/mcts.prj/solution1/.autopilot/db/dut.pp.0.cpp:19564:17: note: FIX-IT applied suggested code changes
/home/course/aakash27/hex-fpga/mcts.prj/solution1/.autopilot/db/dut.pp.0.cpp:19588:9: warning: Added loop label VITIS_LOOP_1616_17:   [xilinx-label-all-loops]
        for (int j = wf+5; j < w-1; j++){
        ^~~
        VITIS_LOOP_1616_17: 
/home/course/aakash27/hex-fpga/mcts.prj/solution1/.autopilot/db/dut.pp.0.cpp:19588:9: note: FIX-IT applied suggested code changes
/home/course/aakash27/hex-fpga/mcts.prj/solution1/.autopilot/db/dut.pp.0.cpp:19595:17: warning: Added loop label VITIS_LOOP_1623_18:   [xilinx-label-all-loops]
                for (int j = 0; j < 64; j++) {
                ^~~
                VITIS_LOOP_1623_18: 
/home/course/aakash27/hex-fpga/mcts.prj/solution1/.autopilot/db/dut.pp.0.cpp:19595:17: note: FIX-IT applied suggested code changes
/home/course/aakash27/hex-fpga/mcts.prj/solution1/.autopilot/db/dut.pp.0.cpp:20025:13: warning: Added loop label VITIS_LOOP_2053_19:   [xilinx-label-all-loops]
            for (int j = 64; j >= I_+31; j--) {
            ^~~
            VITIS_LOOP_2053_19: 
/home/course/aakash27/hex-fpga/mcts.prj/solution1/.autopilot/db/dut.pp.0.cpp:20025:13: note: FIX-IT applied suggested code changes
/home/course/aakash27/hex-fpga/mcts.prj/solution1/.autopilot/db/dut.pp.0.cpp:20031:17: warning: Added loop label VITIS_LOOP_2059_20:   [xilinx-label-all-loops]
                for (int j = 64; j >= I_+31; j--) {
                ^~~
                VITIS_LOOP_2059_20: 
/home/course/aakash27/hex-fpga/mcts.prj/solution1/.autopilot/db/dut.pp.0.cpp:20031:17: note: FIX-IT applied suggested code changes
/home/course/aakash27/hex-fpga/mcts.prj/solution1/.autopilot/db/dut.pp.0.cpp:20035:17: warning: Added loop label VITIS_LOOP_2063_21:   [xilinx-label-all-loops]
                for (int j = I_+30; j >= 0; j--) {
                ^~~
                VITIS_LOOP_2063_21: 
/home/course/aakash27/hex-fpga/mcts.prj/solution1/.autopilot/db/dut.pp.0.cpp:20035:17: note: FIX-IT applied suggested code changes
/home/course/aakash27/hex-fpga/mcts.prj/solution1/.autopilot/db/dut.pp.0.cpp:20164:13: warning: Added loop label VITIS_LOOP_2192_1:   [xilinx-label-all-loops]
            for(int j=3; j>=I+1; j--) {
            ^~~
            VITIS_LOOP_2192_1: 
/home/course/aakash27/hex-fpga/mcts.prj/solution1/.autopilot/db/dut.pp.0.cpp:20164:13: note: FIX-IT applied suggested code changes
/home/course/aakash27/hex-fpga/mcts.prj/solution1/.autopilot/db/dut.pp.0.cpp:20171:17: warning: Added loop label VITIS_LOOP_2199_2:   [xilinx-label-all-loops]
                for(int j=3; j>=I+1; j--) {
                ^~~
                VITIS_LOOP_2199_2: 
/home/course/aakash27/hex-fpga/mcts.prj/solution1/.autopilot/db/dut.pp.0.cpp:20171:17: note: FIX-IT applied suggested code changes
/home/course/aakash27/hex-fpga/mcts.prj/solution1/.autopilot/db/dut.pp.0.cpp:20175:17: warning: Added loop label VITIS_LOOP_2203_3:   [xilinx-label-all-loops]
                for(int j=I; j>=0; j--) {
                ^~~
                VITIS_LOOP_2203_3: 
/home/course/aakash27/hex-fpga/mcts.prj/solution1/.autopilot/db/dut.pp.0.cpp:20175:17: note: FIX-IT applied suggested code changes
/home/course/aakash27/hex-fpga/mcts.prj/solution1/.autopilot/db/dut.pp.0.cpp:20222:13: warning: Added loop label VITIS_LOOP_2250_4:   [xilinx-label-all-loops]
            for(int j=7; j>=3+I; j--) {
            ^~~
            VITIS_LOOP_2250_4: 
/home/course/aakash27/hex-fpga/mcts.prj/solution1/.autopilot/db/dut.pp.0.cpp:20222:13: note: FIX-IT applied suggested code changes
/home/course/aakash27/hex-fpga/mcts.prj/solution1/.autopilot/db/dut.pp.0.cpp:20229:17: warning: Added loop label VITIS_LOOP_2257_5:   [xilinx-label-all-loops]
                for(int j=7; j>=3+I; j--) {
                ^~~
                VITIS_LOOP_2257_5: 
/home/course/aakash27/hex-fpga/mcts.prj/solution1/.autopilot/db/dut.pp.0.cpp:20229:17: note: FIX-IT applied suggested code changes
/home/course/aakash27/hex-fpga/mcts.prj/solution1/.autopilot/db/dut.pp.0.cpp:20233:17: warning: Added loop label VITIS_LOOP_2261_6:   [xilinx-label-all-loops]
                for(int j=I+2; j>=0; j--) {
                ^~~
                VITIS_LOOP_2261_6: 
/home/course/aakash27/hex-fpga/mcts.prj/solution1/.autopilot/db/dut.pp.0.cpp:20233:17: note: FIX-IT applied suggested code changes
/home/course/aakash27/hex-fpga/mcts.prj/solution1/.autopilot/db/dut.pp.0.cpp:20251:9: warning: Added loop label VITIS_LOOP_2279_7:   [xilinx-label-all-loops]
        for(int j=11; j<16; j++) {
        ^~~
        VITIS_LOOP_2279_7: 
/home/course/aakash27/hex-fpga/mcts.prj/solution1/.autopilot/db/dut.pp.0.cpp:20251:9: note: FIX-IT applied suggested code changes
/home/course/aakash27/hex-fpga/mcts.prj/solution1/.autopilot/db/dut.pp.0.cpp:20306:13: warning: Added loop label VITIS_LOOP_2334_8:   [xilinx-label-all-loops]
            for(int j=15; j>=7+I; j--) {
            ^~~
            VITIS_LOOP_2334_8: 
/home/course/aakash27/hex-fpga/mcts.prj/solution1/.autopilot/db/dut.pp.0.cpp:20306:13: note: FIX-IT applied suggested code changes
/home/course/aakash27/hex-fpga/mcts.prj/solution1/.autopilot/db/dut.pp.0.cpp:20313:17: warning: Added loop label VITIS_LOOP_2341_9:   [xilinx-label-all-loops]
                for(int j=15; j>=7+I; j--) {
                ^~~
                VITIS_LOOP_2341_9: 
/home/course/aakash27/hex-fpga/mcts.prj/solution1/.autopilot/db/dut.pp.0.cpp:20313:17: note: FIX-IT applied suggested code changes
/home/course/aakash27/hex-fpga/mcts.prj/solution1/.autopilot/db/dut.pp.0.cpp:20317:17: warning: Added loop label VITIS_LOOP_2345_10:   [xilinx-label-all-loops]
                for(int j=6+I; j>=0; j--) {
                ^~~
                VITIS_LOOP_2345_10: 
/home/course/aakash27/hex-fpga/mcts.prj/solution1/.autopilot/db/dut.pp.0.cpp:20317:17: note: FIX-IT applied suggested code changes
/home/course/aakash27/hex-fpga/mcts.prj/solution1/.autopilot/db/dut.pp.0.cpp:20335:9: warning: Added loop label VITIS_LOOP_2363_11:   [xilinx-label-all-loops]
        for(int j=20; j<32; j++) {
        ^~~
        VITIS_LOOP_2363_11: 
/home/course/aakash27/hex-fpga/mcts.prj/solution1/.autopilot/db/dut.pp.0.cpp:20335:9: note: FIX-IT applied suggested code changes
/home/course/aakash27/hex-fpga/mcts.prj/solution1/.autopilot/db/dut.pp.0.cpp:20424:13: warning: Added loop label VITIS_LOOP_2452_12:   [xilinx-label-all-loops]
            for(int j=31; j>=I+15; j--) {
            ^~~
            VITIS_LOOP_2452_12: 
/home/course/aakash27/hex-fpga/mcts.prj/solution1/.autopilot/db/dut.pp.0.cpp:20424:13: note: FIX-IT applied suggested code changes
/home/course/aakash27/hex-fpga/mcts.prj/solution1/.autopilot/db/dut.pp.0.cpp:20431:17: warning: Added loop label VITIS_LOOP_2459_13:   [xilinx-label-all-loops]
                for(int j=31; j>=I+15; j--) {
                ^~~
                VITIS_LOOP_2459_13: 
/home/course/aakash27/hex-fpga/mcts.prj/solution1/.autopilot/db/dut.pp.0.cpp:20431:17: note: FIX-IT applied suggested code changes
/home/course/aakash27/hex-fpga/mcts.prj/solution1/.autopilot/db/dut.pp.0.cpp:20435:17: warning: Added loop label VITIS_LOOP_2463_14:   [xilinx-label-all-loops]
                for(int j=I+14; j>=0; j--) {
                ^~~
                VITIS_LOOP_2463_14: 
/home/course/aakash27/hex-fpga/mcts.prj/solution1/.autopilot/db/dut.pp.0.cpp:20435:17: note: FIX-IT applied suggested code changes
/home/course/aakash27/hex-fpga/mcts.prj/solution1/.autopilot/db/dut.pp.0.cpp:20445:9: warning: Added loop label VITIS_LOOP_2473_15:   [xilinx-label-all-loops]
        for(int j=32-F; j<32+I; j++) {
        ^~~
        VITIS_LOOP_2473_15: 
/home/course/aakash27/hex-fpga/mcts.prj/solution1/.autopilot/db/dut.pp.0.cpp:20445:9: note: FIX-IT applied suggested code changes
/home/course/aakash27/hex-fpga/mcts.prj/solution1/.autopilot/db/dut.pp.0.cpp:20449:9: warning: Added loop label VITIS_LOOP_2477_16:   [xilinx-label-all-loops]
        for(int j=32+I; j<=64; j++) {
        ^~~
        VITIS_LOOP_2477_16: 
/home/course/aakash27/hex-fpga/mcts.prj/solution1/.autopilot/db/dut.pp.0.cpp:20449:9: note: FIX-IT applied suggested code changes
/home/course/aakash27/hex-fpga/mcts.prj/solution1/.autopilot/db/dut.pp.0.cpp:20460:9: warning: Added loop label VITIS_LOOP_2488_17:   [xilinx-label-all-loops]
        for(int j=37; j<64; j++) {
        ^~~
        VITIS_LOOP_2488_17: 
/home/course/aakash27/hex-fpga/mcts.prj/solution1/.autopilot/db/dut.pp.0.cpp:20460:9: note: FIX-IT applied suggested code changes
/home/course/aakash27/hex-fpga/mcts.prj/solution1/.autopilot/db/dut.pp.0.cpp:20468:17: warning: Added loop label VITIS_LOOP_2496_18:   [xilinx-label-all-loops]
                for(int j=0; j<64; j++) {
                ^~~
                VITIS_LOOP_2496_18: 
/home/course/aakash27/hex-fpga/mcts.prj/solution1/.autopilot/db/dut.pp.0.cpp:20468:17: note: FIX-IT applied suggested code changes
/home/course/aakash27/hex-fpga/mcts.prj/solution1/.autopilot/db/dut.pp.0.cpp:20793:13: warning: Added loop label VITIS_LOOP_2821_19:   [xilinx-label-all-loops]
            for(int j=63; j>=I+31; j--) {
            ^~~
            VITIS_LOOP_2821_19: 
/home/course/aakash27/hex-fpga/mcts.prj/solution1/.autopilot/db/dut.pp.0.cpp:20793:13: note: FIX-IT applied suggested code changes
/home/course/aakash27/hex-fpga/mcts.prj/solution1/.autopilot/db/dut.pp.0.cpp:20800:17: warning: Added loop label VITIS_LOOP_2828_20:   [xilinx-label-all-loops]
                for(int j=63; j>=I+31; j--) {
                ^~~
                VITIS_LOOP_2828_20: 
/home/course/aakash27/hex-fpga/mcts.prj/solution1/.autopilot/db/dut.pp.0.cpp:20800:17: note: FIX-IT applied suggested code changes
/home/course/aakash27/hex-fpga/mcts.prj/solution1/.autopilot/db/dut.pp.0.cpp:20804:17: warning: Added loop label VITIS_LOOP_2832_21:   [xilinx-label-all-loops]
                for(int j=I+30; j>=0; j--) {
                ^~~
                VITIS_LOOP_2832_21: 
/home/course/aakash27/hex-fpga/mcts.prj/solution1/.autopilot/db/dut.pp.0.cpp:20804:17: note: FIX-IT applied suggested code changes
/home/course/aakash27/hex-fpga/mcts.prj/solution1/.autopilot/db/dut.pp.0.cpp:20892:4: warning: Added loop label VITIS_LOOP_2920_1:   [xilinx-label-all-loops]
   for(int j = 5; j>=I_+2; j--) {
   ^~~
   VITIS_LOOP_2920_1: 
/home/course/aakash27/hex-fpga/mcts.prj/solution1/.autopilot/db/dut.pp.0.cpp:20892:4: note: FIX-IT applied suggested code changes
/home/course/aakash27/hex-fpga/mcts.prj/solution1/.autopilot/db/dut.pp.0.cpp:20899:5: warning: Added loop label VITIS_LOOP_2927_2:   [xilinx-label-all-loops]
    for(int j = 5; j>=I_+2; j--) {
    ^~~
    VITIS_LOOP_2927_2: 
/home/course/aakash27/hex-fpga/mcts.prj/solution1/.autopilot/db/dut.pp.0.cpp:20899:5: note: FIX-IT applied suggested code changes
/home/course/aakash27/hex-fpga/mcts.prj/solution1/.autopilot/db/dut.pp.0.cpp:20903:5: warning: Added loop label VITIS_LOOP_2931_3:   [xilinx-label-all-loops]
    for(int j = I_+1; j>=0; j--) {
    ^~~
    VITIS_LOOP_2931_3: 
/home/course/aakash27/hex-fpga/mcts.prj/solution1/.autopilot/db/dut.pp.0.cpp:20903:5: note: FIX-IT applied suggested code changes
/home/course/aakash27/hex-fpga/mcts.prj/solution1/.autopilot/db/dut.pp.0.cpp:20918:3: warning: Added loop label VITIS_LOOP_2946_4:   [xilinx-label-all-loops]
  for(int j = 11; j >=7; j--) {
  ^~~
  VITIS_LOOP_2946_4: 
/home/course/aakash27/hex-fpga/mcts.prj/solution1/.autopilot/db/dut.pp.0.cpp:20918:3: note: FIX-IT applied suggested code changes
/home/course/aakash27/hex-fpga/mcts.prj/solution1/.autopilot/db/dut.pp.0.cpp:20950:4: warning: Added loop label VITIS_LOOP_2978_5:   [xilinx-label-all-loops]
   for(int j = 11; j >= I_+5; j--) {
   ^~~
   VITIS_LOOP_2978_5: 
/home/course/aakash27/hex-fpga/mcts.prj/solution1/.autopilot/db/dut.pp.0.cpp:20950:4: note: FIX-IT applied suggested code changes
/home/course/aakash27/hex-fpga/mcts.prj/solution1/.autopilot/db/dut.pp.0.cpp:20957:5: warning: Added loop label VITIS_LOOP_2985_6:   [xilinx-label-all-loops]
    for(int j = 11; j>= I_+5; j--) {
    ^~~
    VITIS_LOOP_2985_6: 
/home/course/aakash27/hex-fpga/mcts.prj/solution1/.autopilot/db/dut.pp.0.cpp:20957:5: note: FIX-IT applied suggested code changes
/home/course/aakash27/hex-fpga/mcts.prj/solution1/.autopilot/db/dut.pp.0.cpp:20961:5: warning: Added loop label VITIS_LOOP_2989_7:   [xilinx-label-all-loops]
    for(int j = I_+4; j>=0; j--) {
    ^~~
    VITIS_LOOP_2989_7: 
/home/course/aakash27/hex-fpga/mcts.prj/solution1/.autopilot/db/dut.pp.0.cpp:20961:5: note: FIX-IT applied suggested code changes
/home/course/aakash27/hex-fpga/mcts.prj/solution1/.autopilot/db/dut.pp.0.cpp:20976:3: warning: Added loop label VITIS_LOOP_3004_8:   [xilinx-label-all-loops]
  for(int j = 25; j>=15; j--) {
  ^~~
  VITIS_LOOP_3004_8: 
/home/course/aakash27/hex-fpga/mcts.prj/solution1/.autopilot/db/dut.pp.0.cpp:20976:3: note: FIX-IT applied suggested code changes
/home/course/aakash27/hex-fpga/mcts.prj/solution1/.autopilot/db/dut.pp.0.cpp:21026:4: warning: Added loop label VITIS_LOOP_3054_9:   [xilinx-label-all-loops]
   for(int j = 25; j>= I_+12; j--) {
   ^~~
   VITIS_LOOP_3054_9: 
/home/course/aakash27/hex-fpga/mcts.prj/solution1/.autopilot/db/dut.pp.0.cpp:21026:4: note: FIX-IT applied suggested code changes
/home/course/aakash27/hex-fpga/mcts.prj/solution1/.autopilot/db/dut.pp.0.cpp:21033:5: warning: Added loop label VITIS_LOOP_3061_10:   [xilinx-label-all-loops]
    for(int j = 25; j>=I_+12; j--) {
    ^~~
    VITIS_LOOP_3061_10: 
/home/course/aakash27/hex-fpga/mcts.prj/solution1/.autopilot/db/dut.pp.0.cpp:21033:5: note: FIX-IT applied suggested code changes
/home/course/aakash27/hex-fpga/mcts.prj/solution1/.autopilot/db/dut.pp.0.cpp:21037:5: warning: Added loop label VITIS_LOOP_3065_11:   [xilinx-label-all-loops]
    for(int j = I_+11; j>=0; j--) {
    ^~~
    VITIS_LOOP_3065_11: 
/home/course/aakash27/hex-fpga/mcts.prj/solution1/.autopilot/db/dut.pp.0.cpp:21037:5: note: FIX-IT applied suggested code changes
/home/course/aakash27/hex-fpga/mcts.prj/solution1/.autopilot/db/dut.pp.0.cpp:21052:3: warning: Added loop label VITIS_LOOP_3080_12:   [xilinx-label-all-loops]
  for(int j = 51; j >= 29; j--) {
  ^~~
  VITIS_LOOP_3080_12: 
/home/course/aakash27/hex-fpga/mcts.prj/solution1/.autopilot/db/dut.pp.0.cpp:21052:3: note: FIX-IT applied suggested code changes
/home/course/aakash27/hex-fpga/mcts.prj/solution1/.autopilot/db/dut.pp.0.cpp:21189:4: warning: Added loop label VITIS_LOOP_3217_13:   [xilinx-label-all-loops]
   for(int j = 51; j >= 25 + I_; j--) {
   ^~~
   VITIS_LOOP_3217_13: 
/home/course/aakash27/hex-fpga/mcts.prj/solution1/.autopilot/db/dut.pp.0.cpp:21189:4: note: FIX-IT applied suggested code changes
/home/course/aakash27/hex-fpga/mcts.prj/solution1/.autopilot/db/dut.pp.0.cpp:21196:5: warning: Added loop label VITIS_LOOP_3224_14:   [xilinx-label-all-loops]
    for(int j = 51; j>=25 + I_; j--) {
    ^~~
    VITIS_LOOP_3224_14: 
/home/course/aakash27/hex-fpga/mcts.prj/solution1/.autopilot/db/dut.pp.0.cpp:21196:5: note: FIX-IT applied suggested code changes
/home/course/aakash27/hex-fpga/mcts.prj/solution1/.autopilot/db/dut.pp.0.cpp:21200:5: warning: Added loop label VITIS_LOOP_3228_15:   [xilinx-label-all-loops]
    for(int j = 24 + I_; j >= 0; j--) {
    ^~~
    VITIS_LOOP_3228_15: 
/home/course/aakash27/hex-fpga/mcts.prj/solution1/.autopilot/db/dut.pp.0.cpp:21200:5: note: FIX-IT applied suggested code changes
/home/course/aakash27/hex-fpga/mcts.prj/solution1/.autopilot/db/dut.pp.0.cpp:21215:3: warning: Added loop label VITIS_LOOP_3243_16:   [xilinx-label-all-loops]
  for(int j = 63; j >= 36; j--) {
  ^~~
  VITIS_LOOP_3243_16: 
/home/course/aakash27/hex-fpga/mcts.prj/solution1/.autopilot/db/dut.pp.0.cpp:21215:3: note: FIX-IT applied suggested code changes
/home/course/aakash27/hex-fpga/mcts.prj/solution1/.autopilot/db/dut.pp.0.cpp:21375:4: warning: Added loop label VITIS_LOOP_3403_17:   [xilinx-label-all-loops]
   for(int j = 63; j >= 31 + I_; j--) {
   ^~~
   VITIS_LOOP_3403_17: 
/home/course/aakash27/hex-fpga/mcts.prj/solution1/.autopilot/db/dut.pp.0.cpp:21375:4: note: FIX-IT applied suggested code changes
/home/course/aakash27/hex-fpga/mcts.prj/solution1/.autopilot/db/dut.pp.0.cpp:21382:5: warning: Added loop label VITIS_LOOP_3410_18:   [xilinx-label-all-loops]
    for(int j = 63; j >= 31 + I_; j--) {
    ^~~
    VITIS_LOOP_3410_18: 
/home/course/aakash27/hex-fpga/mcts.prj/solution1/.autopilot/db/dut.pp.0.cpp:21382:5: note: FIX-IT applied suggested code changes
/home/course/aakash27/hex-fpga/mcts.prj/solution1/.autopilot/db/dut.pp.0.cpp:21386:5: warning: Added loop label VITIS_LOOP_3414_19:   [xilinx-label-all-loops]
    for(int j = 30 + I_; j >= 0; j--) {
    ^~~
    VITIS_LOOP_3414_19: 
/home/course/aakash27/hex-fpga/mcts.prj/solution1/.autopilot/db/dut.pp.0.cpp:21386:5: note: FIX-IT applied suggested code changes
/home/course/aakash27/hex-fpga/mcts.prj/solution1/.autopilot/db/dut.pp.0.cpp:22101:13: warning: Added loop label VITIS_LOOP_703_1:   [xilinx-label-all-loops]
            for (b_exp = I_-1; b_exp >= -F_; b_exp--) {
            ^~~
            VITIS_LOOP_703_1: 
/home/course/aakash27/hex-fpga/mcts.prj/solution1/.autopilot/db/dut.pp.0.cpp:22101:13: note: FIX-IT applied suggested code changes
/home/course/aakash27/hex-fpga/mcts.prj/solution1/.autopilot/db/dut.pp.0.cpp:22319:13: warning: Added loop label VITIS_LOOP_921_1:   [xilinx-label-all-loops]
            for (b_exp = I_-1; b_exp >= -F_; b_exp--) {
            ^~~
            VITIS_LOOP_921_1: 
/home/course/aakash27/hex-fpga/mcts.prj/solution1/.autopilot/db/dut.pp.0.cpp:22319:13: note: FIX-IT applied suggested code changes
/home/course/aakash27/hex-fpga/mcts.prj/solution1/.autopilot/db/dut.pp.0.cpp:22736:13: warning: Added loop label VITIS_LOOP_1345_1:   [xilinx-label-all-loops]
            for (b_exp = I_-1; b_exp >= -F_; b_exp--) {
            ^~~
            VITIS_LOOP_1345_1: 
/home/course/aakash27/hex-fpga/mcts.prj/solution1/.autopilot/db/dut.pp.0.cpp:22736:13: note: FIX-IT applied suggested code changes
/home/course/aakash27/hex-fpga/mcts.prj/solution1/.autopilot/db/dut.pp.0.cpp:23059:9: warning: Added loop label VITIS_LOOP_243_1:   [xilinx-label-all-loops]
        for ( int pos = msbr-1; pos >= 0; pos-- ) {
        ^~~
        VITIS_LOOP_243_1: 
/home/course/aakash27/hex-fpga/mcts.prj/solution1/.autopilot/db/dut.pp.0.cpp:23059:9: note: FIX-IT applied suggested code changes
/home/course/aakash27/hex-fpga/mcts.prj/solution1/.autopilot/db/dut.pp.0.cpp:23087:9: warning: Added loop label VITIS_LOOP_271_2:   [xilinx-label-all-loops]
        for ( int pos = -1; pos >= -F_-1; pos-- ) {
        ^~~
        VITIS_LOOP_271_2: 
/home/course/aakash27/hex-fpga/mcts.prj/solution1/.autopilot/db/dut.pp.0.cpp:23087:9: note: FIX-IT applied suggested code changes
/home/course/aakash27/hex-fpga/mcts.prj/solution1/.autopilot/db/dut.pp.0.cpp:23791:13: warning: Added loop label VITIS_LOOP_48_1:   [xilinx-label-all-loops]
            for (int j = 0; j < W_-1; j++){
            ^~~
            VITIS_LOOP_48_1: 
/home/course/aakash27/hex-fpga/mcts.prj/solution1/.autopilot/db/dut.pp.0.cpp:23791:13: note: FIX-IT applied suggested code changes
/home/course/aakash27/hex-fpga/mcts.prj/solution1/.autopilot/db/dut.pp.0.cpp:23844:5: warning: Added loop label VITIS_LOOP_109_2:   [xilinx-label-all-loops]
    for (int j = F_l+F_+I_m-1; j < F_l+W_+5; j++){
    ^~~
    VITIS_LOOP_109_2: 
/home/course/aakash27/hex-fpga/mcts.prj/solution1/.autopilot/db/dut.pp.0.cpp:23844:5: note: FIX-IT applied suggested code changes
/home/course/aakash27/hex-fpga/mcts.prj/solution1/.autopilot/db/dut.pp.0.cpp:23858:13: warning: Added loop label VITIS_LOOP_123_3:   [xilinx-label-all-loops]
            for (int j = WO_m-1; j >= W_-1; j--) {
            ^~~
            VITIS_LOOP_123_3: 
/home/course/aakash27/hex-fpga/mcts.prj/solution1/.autopilot/db/dut.pp.0.cpp:23858:13: note: FIX-IT applied suggested code changes
/home/course/aakash27/hex-fpga/mcts.prj/solution1/.autopilot/db/dut.pp.0.cpp:23888:13: warning: Added loop label VITIS_LOOP_153_4:   [xilinx-label-all-loops]
            for (int j = W_-2; j >= 0; j--){
            ^~~
            VITIS_LOOP_153_4: 
/home/course/aakash27/hex-fpga/mcts.prj/solution1/.autopilot/db/dut.pp.0.cpp:23888:13: note: FIX-IT applied suggested code changes
/home/course/aakash27/hex-fpga/mcts.prj/solution1/.autopilot/db/dut.pp.0.cpp:23973:12: warning: Added loop label VITIS_LOOP_281_1:   [xilinx-label-all-loops]
           for(int i = wf_log+we_log-2; i > WI_e - 2; --i) {
           ^~~
           VITIS_LOOP_281_1: 
/home/course/aakash27/hex-fpga/mcts.prj/solution1/.autopilot/db/dut.pp.0.cpp:23973:12: note: FIX-IT applied suggested code changes
/home/course/aakash27/hex-fpga/mcts.prj/solution1/.autopilot/db/dut.pp.0.cpp:23993:16: warning: Added loop label VITIS_LOOP_301_2:   [xilinx-label-all-loops]
               for (int j = WO_e-1; j >= W_-1; j--) {
               ^~~
               VITIS_LOOP_301_2: 
/home/course/aakash27/hex-fpga/mcts.prj/solution1/.autopilot/db/dut.pp.0.cpp:23993:16: note: FIX-IT applied suggested code changes
/home/course/aakash27/hex-fpga/mcts.prj/solution1/.autopilot/db/dut.pp.0.cpp:24007:20: warning: Added loop label VITIS_LOOP_315_3:   [xilinx-label-all-loops]
                   for(int i = 0; i < W_-1; ++i) {
                   ^~~
                   VITIS_LOOP_315_3: 
/home/course/aakash27/hex-fpga/mcts.prj/solution1/.autopilot/db/dut.pp.0.cpp:24007:20: note: FIX-IT applied suggested code changes
/home/course/aakash27/hex-fpga/mcts.prj/solution1/.autopilot/db/dut.pp.0.cpp:24100:12: warning: Added loop label VITIS_LOOP_433_1:   [xilinx-label-all-loops]
           for (int j =WO_d-1; j >= W_-1; j--) {
           ^~~
           VITIS_LOOP_433_1: 
/home/course/aakash27/hex-fpga/mcts.prj/solution1/.autopilot/db/dut.pp.0.cpp:24100:12: note: FIX-IT applied suggested code changes
/home/course/aakash27/hex-fpga/mcts.prj/solution1/.autopilot/db/dut.pp.0.cpp:24114:15: warning: Added loop label VITIS_LOOP_447_2:   [xilinx-label-all-loops]
              for(int i = 0; i < W_-1; ++i) {
              ^~~
              VITIS_LOOP_447_2: 
/home/course/aakash27/hex-fpga/mcts.prj/solution1/.autopilot/db/dut.pp.0.cpp:24114:15: note: FIX-IT applied suggested code changes
/home/course/aakash27/hex-fpga/mcts.prj/solution1/.autopilot/db/dut.pp.0.cpp:24234:13: warning: Added loop label VITIS_LOOP_33_1:   [xilinx-label-all-loops]
            for (int i = 0; i < W_-1; i++){
            ^~~
            VITIS_LOOP_33_1: 
/home/course/aakash27/hex-fpga/mcts.prj/solution1/.autopilot/db/dut.pp.0.cpp:24234:13: note: FIX-IT applied suggested code changes
/home/course/aakash27/hex-fpga/mcts.prj/solution1/.autopilot/db/dut.pp.0.cpp:24358:13: warning: Added loop label VITIS_LOOP_183_1:   [xilinx-label-all-loops]
            for (int i = 0; i < W_-1; i++){
            ^~~
            VITIS_LOOP_183_1: 
/home/course/aakash27/hex-fpga/mcts.prj/solution1/.autopilot/db/dut.pp.0.cpp:24358:13: note: FIX-IT applied suggested code changes
/home/course/aakash27/hex-fpga/mcts.prj/solution1/.autopilot/db/dut.pp.0.cpp:24413:13: warning: Added loop label VITIS_LOOP_248_1:   [xilinx-label-all-loops]
            for (int i = 0; i < W_-1; i++){
            ^~~
            VITIS_LOOP_248_1: 
/home/course/aakash27/hex-fpga/mcts.prj/solution1/.autopilot/db/dut.pp.0.cpp:24413:13: note: FIX-IT applied suggested code changes
/home/course/aakash27/hex-fpga/mcts.prj/solution1/.autopilot/db/dut.pp.0.cpp:24680:5: warning: Added loop label VITIS_LOOP_44_1:   [xilinx-label-all-loops]
    for(int l = loop_nm; l > 0; --l){
    ^~~
    VITIS_LOOP_44_1: 
/home/course/aakash27/hex-fpga/mcts.prj/solution1/.autopilot/db/dut.pp.0.cpp:24680:5: note: FIX-IT applied suggested code changes
/home/course/aakash27/hex-fpga/mcts.prj/solution1/.autopilot/db/dut.pp.0.cpp:24931:2: warning: Added loop label VITIS_LOOP_16_1:   [xilinx-label-all-loops]
 for (int i=0; i<W_;i++)
 ^~~
 VITIS_LOOP_16_1: 
/home/course/aakash27/hex-fpga/mcts.prj/solution1/.autopilot/db/dut.pp.0.cpp:24931:2: note: FIX-IT applied suggested code changes
/home/course/aakash27/hex-fpga/mcts.prj/solution1/.autopilot/db/dut.pp.0.cpp:24942:2: warning: Added loop label VITIS_LOOP_27_1:   [xilinx-label-all-loops]
 for (int i=0; i<W_;i++)
 ^~~
 VITIS_LOOP_27_1: 
/home/course/aakash27/hex-fpga/mcts.prj/solution1/.autopilot/db/dut.pp.0.cpp:24942:2: note: FIX-IT applied suggested code changes
/home/course/aakash27/hex-fpga/mcts.prj/solution1/.autopilot/db/dut.pp.0.cpp:24953:2: warning: Added loop label VITIS_LOOP_38_1:   [xilinx-label-all-loops]
 for (int i=0; i<I_;i++)
 ^~~
 VITIS_LOOP_38_1: 
/home/course/aakash27/hex-fpga/mcts.prj/solution1/.autopilot/db/dut.pp.0.cpp:24953:2: note: FIX-IT applied suggested code changes
/home/course/aakash27/hex-fpga/mcts.prj/solution1/.autopilot/db/dut.pp.0.cpp:24964:2: warning: Added loop label VITIS_LOOP_49_1:   [xilinx-label-all-loops]
 for (int i=0; i<I_;i++)
 ^~~
 VITIS_LOOP_49_1: 
/home/course/aakash27/hex-fpga/mcts.prj/solution1/.autopilot/db/dut.pp.0.cpp:24964:2: note: FIX-IT applied suggested code changes
/home/course/aakash27/hex-fpga/mcts.prj/solution1/.autopilot/db/dut.pp.0.cpp:24975:2: warning: Added loop label VITIS_LOOP_60_1:   [xilinx-label-all-loops]
 for (int i=0; i<W_;i++)
 ^~~
 VITIS_LOOP_60_1: 
/home/course/aakash27/hex-fpga/mcts.prj/solution1/.autopilot/db/dut.pp.0.cpp:24975:2: note: FIX-IT applied suggested code changes
/home/course/aakash27/hex-fpga/mcts.prj/solution1/.autopilot/db/dut.pp.0.cpp:24986:2: warning: Added loop label VITIS_LOOP_71_1:   [xilinx-label-all-loops]
 for (int i=0; i<W_;i++)
 ^~~
 VITIS_LOOP_71_1: 
/home/course/aakash27/hex-fpga/mcts.prj/solution1/.autopilot/db/dut.pp.0.cpp:24986:2: note: FIX-IT applied suggested code changes
/home/course/aakash27/hex-fpga/mcts.prj/solution1/.autopilot/db/dut.pp.0.cpp:24997:2: warning: Added loop label VITIS_LOOP_82_1:   [xilinx-label-all-loops]
 for (int i=0; i<I_;i++)
 ^~~
 VITIS_LOOP_82_1: 
/home/course/aakash27/hex-fpga/mcts.prj/solution1/.autopilot/db/dut.pp.0.cpp:24997:2: note: FIX-IT applied suggested code changes
/home/course/aakash27/hex-fpga/mcts.prj/solution1/.autopilot/db/dut.pp.0.cpp:25008:2: warning: Added loop label VITIS_LOOP_93_1:   [xilinx-label-all-loops]
 for (int i=0; i<I_;i++)
 ^~~
 VITIS_LOOP_93_1: 
/home/course/aakash27/hex-fpga/mcts.prj/solution1/.autopilot/db/dut.pp.0.cpp:25008:2: note: FIX-IT applied suggested code changes
/home/course/aakash27/hex-fpga/mcts.prj/solution1/.autopilot/db/dut.pp.0.cpp:27367:12: warning: Added loop label VITIS_LOOP_26_1:   [xilinx-label-all-loops]
           for(int i = 0; i < W_-1; ++i) {
           ^~~
           VITIS_LOOP_26_1: 
/home/course/aakash27/hex-fpga/mcts.prj/solution1/.autopilot/db/dut.pp.0.cpp:27367:12: note: FIX-IT applied suggested code changes
/home/course/aakash27/hex-fpga/mcts.prj/solution1/.autopilot/db/dut.pp.0.cpp:27431:7: warning: Added loop label VITIS_LOOP_40_1:   [xilinx-label-all-loops]
      for(int pos = msbr - 1 ; pos >= -F-1; pos--) {
      ^~~
      VITIS_LOOP_40_1: 
/home/course/aakash27/hex-fpga/mcts.prj/solution1/.autopilot/db/dut.pp.0.cpp:27431:7: note: FIX-IT applied suggested code changes
/home/course/aakash27/hex-fpga/mcts.prj/solution1/.autopilot/db/dut.pp.0.cpp:27548:9: warning: Added loop label VITIS_LOOP_49_1:   [xilinx-label-all-loops]
        for(int pos = msbr - 1; pos >= 0; pos--) {
        ^~~
        VITIS_LOOP_49_1: 
/home/course/aakash27/hex-fpga/mcts.prj/solution1/.autopilot/db/dut.pp.0.cpp:27548:9: note: FIX-IT applied suggested code changes
/home/course/aakash27/hex-fpga/mcts.prj/solution1/.autopilot/db/dut.pp.0.cpp:27573:5: warning: Added loop label VITIS_LOOP_81_2:   [xilinx-label-all-loops]
    for(int pos = -1; pos >= -F-1; pos--) {
    ^~~
    VITIS_LOOP_81_2: 
/home/course/aakash27/hex-fpga/mcts.prj/solution1/.autopilot/db/dut.pp.0.cpp:27573:5: note: FIX-IT applied suggested code changes
/home/course/aakash27/hex-fpga/mcts.prj/solution1/.autopilot/db/dut.pp.0.cpp:27643:8: warning: Added loop label VITIS_LOOP_169_3:   [xilinx-label-all-loops]
       for(int i = 0; i < W - 1; ++i) {
       ^~~
       VITIS_LOOP_169_3: 
/home/course/aakash27/hex-fpga/mcts.prj/solution1/.autopilot/db/dut.pp.0.cpp:27643:8: note: FIX-IT applied suggested code changes
/home/course/aakash27/hex-fpga/mcts.prj/solution1/.autopilot/db/dut.pp.0.cpp:29983:9: warning: Added loop label VITIS_LOOP_114_1:   [xilinx-label-all-loops]
        do {
        ^~
        VITIS_LOOP_114_1: 
/home/course/aakash27/hex-fpga/mcts.prj/solution1/.autopilot/db/dut.pp.0.cpp:29983:9: note: FIX-IT applied suggested code changes
/home/course/aakash27/hex-fpga/mcts.prj/solution1/.autopilot/db/dut.pp.0.cpp:30037:9: warning: Added loop label VITIS_LOOP_42_1:   [xilinx-label-all-loops]
        for (int i = 0; i < HEX_SIZE * HEX_SIZE; i++) {
        ^~~
        VITIS_LOOP_42_1: 
/home/course/aakash27/hex-fpga/mcts.prj/solution1/.autopilot/db/dut.pp.0.cpp:30037:9: note: FIX-IT applied suggested code changes
/home/course/aakash27/hex-fpga/mcts.prj/solution1/.autopilot/db/dut.pp.0.cpp:58676:5: warning: Added loop label VITIS_LOOP_17_1:   [xilinx-label-all-loops]
    for (int word = 0; word < board_words; word++) {
    ^~~
    VITIS_LOOP_17_1: 
/home/course/aakash27/hex-fpga/mcts.prj/solution1/.autopilot/db/dut.pp.0.cpp:58676:5: note: FIX-IT applied suggested code changes
/home/course/aakash27/hex-fpga/mcts.prj/solution1/.autopilot/db/dut.pp.0.cpp:58678:9: warning: Added loop label VITIS_LOOP_19_2:   [xilinx-label-all-loops]
        for (int bit = 0; bit < 32; bit++) {
        ^~~
        VITIS_LOOP_19_2: 
/home/course/aakash27/hex-fpga/mcts.prj/solution1/.autopilot/db/dut.pp.0.cpp:58678:9: note: FIX-IT applied suggested code changes
/home/course/aakash27/hex-fpga/mcts.prj/solution1/.autopilot/db/dut.pp.0.cpp:58686:5: warning: Added loop label VITIS_LOOP_27_3:   [xilinx-label-all-loops]
    for (int word = 0; word < board_words; word++) {
    ^~~
    VITIS_LOOP_27_3: 
/home/course/aakash27/hex-fpga/mcts.prj/solution1/.autopilot/db/dut.pp.0.cpp:58686:5: note: FIX-IT applied suggested code changes
/home/course/aakash27/hex-fpga/mcts.prj/solution1/.autopilot/db/dut.pp.0.cpp:58688:9: warning: Added loop label VITIS_LOOP_29_4:   [xilinx-label-all-loops]
        for (int bit = 0; bit < 32; bit++) {
        ^~~
        VITIS_LOOP_29_4: 
/home/course/aakash27/hex-fpga/mcts.prj/solution1/.autopilot/db/dut.pp.0.cpp:58688:9: note: FIX-IT applied suggested code changes
