

================================================================
== Vitis HLS Report for 'dut'
================================================================
* Date:           Thu Apr 23 22:10:21 2026

* Version:        2025.1 (Build 6135595 on May 21 2025)
* Project:        mcts.prj
* Solution:       solution1 (Vivado IP Flow Target)
* Product family: zynquplus
* Target device:  xck26-sfvc784-2LV-c


================================================================
== Performance Estimates
================================================================
+ Timing: 
    * Summary: 
    +--------+----------+----------+------------+
    |  Clock |  Target  | Estimated| Uncertainty|
    +--------+----------+----------+------------+
    |ap_clk  |  10.00 ns|  7.167 ns|     2.70 ns|
    +--------+----------+----------+------------+

+ Latency: 
    * Summary: 
    +---------+---------+----------+----------+-----+-----+---------+
    |  Latency (cycles) |  Latency (absolute) |  Interval | Pipeline|
    |   min   |   max   |    min   |    max   | min | max |   Type  |
    +---------+---------+----------+----------+-----+-----+---------+
    |        ?|        ?|         ?|         ?|    ?|    ?|       no|
    +---------+---------+----------+----------+-----+-----+---------+

    + Detail: 
        * Instance: 
        +-----------------------------------------+------------------------------+---------+---------+----------+----------+-----+-----+------------------------------------------------+
        |                                         |                              |  Latency (cycles) |  Latency (absolute) |  Interval |                    Pipeline                    |
        |                 Instance                |            Module            |   min   |   max   |    min   |    max   | min | max |                      Type                      |
        +-----------------------------------------+------------------------------+---------+---------+----------+----------+-----+-----+------------------------------------------------+
        |grp_dut_Pipeline_VITIS_LOOP_17_1_fu_233  |dut_Pipeline_VITIS_LOOP_17_1  |       10|       10|  0.100 us|  0.100 us|    9|    9|  loop auto-rewind stp (delay=0 clock cycles(s))|
        |grp_dut_Pipeline_VITIS_LOOP_27_3_fu_240  |dut_Pipeline_VITIS_LOOP_27_3  |       10|       10|  0.100 us|  0.100 us|    9|    9|  loop auto-rewind stp (delay=0 clock cycles(s))|
        |grp_search_fu_247                        |search                        |        ?|        ?|         ?|         ?|    ?|    ?|                                              no|
        +-----------------------------------------+------------------------------+---------+---------+----------+----------+-----+-----+------------------------------------------------+

        * Loop: 
        N/A

============================================================
+ Verbose Summary: Synthesis Manager
============================================================
InlineROM: 1
ExposeGlobal: 0
============================================================
+ Verbose Summary: CDFG Model
============================================================
IsTopModel: 1
ResetActiveHigh: 1
IsCombinational: 0
IsDatapathOnly: 0
HasWiredReturn: 1
HasMFsm: 0
HasVarLatency: 1
IsPipeline: 0
IsRtlPipelined: 0
IsInstanceOverlapped: 0
IsDontTouch: 0
HasImplIP: 0
IsGatedGlobalClock: 0


============================================================
+ Verbose Summary: Schedule
============================================================
* Number of FSM states : 12
* Pipeline : 0
* Dataflow Pipeline: 0

* FSM state transitions: 
1 --> 2 
2 --> 3 
3 --> 4 
4 --> 5 
5 --> 6 
6 --> 7 
7 --> 8 
8 --> 9 
9 --> 10 
10 --> 11 
11 --> 12 
12 --> 

* FSM state operations: 

State 1 <SV = 0> <Delay = 1.23>
ST_1 : Operation 13 [1/1] (0.00ns)   --->   "%player2_loc = alloca i64 1"   --->   Operation 13 'alloca' 'player2_loc' <Predicate = true> <Delay = 0.00>
ST_1 : Operation 14 [1/1] (0.00ns)   --->   "%player1_48_loc = alloca i64 1"   --->   Operation 14 'alloca' 'player1_48_loc' <Predicate = true> <Delay = 0.00>
ST_1 : Operation 15 [1/1] (1.23ns)   --->   "%searcher_visitCounts = alloca i64 1" [MCTSSearcher.cpp:284->dut.cpp:49]   --->   Operation 15 'alloca' 'searcher_visitCounts' <Predicate = true> <Delay = 1.23> <CoreInst = "RAM">   --->   Core 82 'RAM' <Latency = 1> <II = 1> <Delay = 1.23> <Storage> <Opcode : 'load' 'store'> <Ports = 2> <Width = 32> <Depth = 5100> <RAM>
ST_1 : Operation 16 [1/1] (1.23ns)   --->   "%searcher_meanQ = alloca i64 1" [MCTSSearcher.cpp:284->dut.cpp:49]   --->   Operation 16 'alloca' 'searcher_meanQ' <Predicate = true> <Delay = 1.23> <CoreInst = "RAM">   --->   Core 82 'RAM' <Latency = 1> <II = 1> <Delay = 1.23> <Storage> <Opcode : 'load' 'store'> <Ports = 2> <Width = 20> <Depth = 5100> <RAM>
ST_1 : Operation 17 [1/1] (1.23ns)   --->   "%searcher_parents = alloca i64 1" [MCTSSearcher.cpp:284->dut.cpp:49]   --->   Operation 17 'alloca' 'searcher_parents' <Predicate = true> <Delay = 1.23> <CoreInst = "RAM">   --->   Core 82 'RAM' <Latency = 1> <II = 1> <Delay = 1.23> <Storage> <Opcode : 'load' 'store'> <Ports = 2> <Width = 32> <Depth = 5100> <RAM>
ST_1 : Operation 18 [1/1] (1.23ns)   --->   "%searcher_firstChilds = alloca i64 1" [MCTSSearcher.cpp:284->dut.cpp:49]   --->   Operation 18 'alloca' 'searcher_firstChilds' <Predicate = true> <Delay = 1.23> <CoreInst = "RAM">   --->   Core 82 'RAM' <Latency = 1> <II = 1> <Delay = 1.23> <Storage> <Opcode : 'load' 'store'> <Ports = 2> <Width = 32> <Depth = 5100> <RAM>
ST_1 : Operation 19 [1/1] (1.23ns)   --->   "%searcher_numChildren = alloca i64 1" [MCTSSearcher.cpp:284->dut.cpp:49]   --->   Operation 19 'alloca' 'searcher_numChildren' <Predicate = true> <Delay = 1.23> <CoreInst = "RAM">   --->   Core 82 'RAM' <Latency = 1> <II = 1> <Delay = 1.23> <Storage> <Opcode : 'load' 'store'> <Ports = 2> <Width = 32> <Depth = 5100> <RAM>
ST_1 : Operation 20 [1/1] (1.23ns)   --->   "%searcher_nextSiblings = alloca i64 1" [MCTSSearcher.cpp:284->dut.cpp:49]   --->   Operation 20 'alloca' 'searcher_nextSiblings' <Predicate = true> <Delay = 1.23>
ST_1 : Operation 21 [1/1] (1.23ns)   --->   "%searcher_numLegalActions = alloca i64 1" [MCTSSearcher.cpp:284->dut.cpp:49]   --->   Operation 21 'alloca' 'searcher_numLegalActions' <Predicate = true> <Delay = 1.23>
ST_1 : Operation 22 [1/1] (1.23ns)   --->   "%searcher_terminals = alloca i64 1" [MCTSSearcher.cpp:284->dut.cpp:49]   --->   Operation 22 'alloca' 'searcher_terminals' <Predicate = true> <Delay = 1.23> <CoreInst = "RAM">   --->   Core 82 'RAM' <Latency = 1> <II = 1> <Delay = 1.23> <Storage> <Opcode : 'load' 'store'> <Ports = 2> <Width = 1> <Depth = 5100> <RAM>
ST_1 : Operation 23 [1/1] (1.23ns)   --->   "%searcher_childActions = alloca i64 1" [MCTSSearcher.cpp:284->dut.cpp:49]   --->   Operation 23 'alloca' 'searcher_childActions' <Predicate = true> <Delay = 1.23>
ST_1 : Operation 24 [1/1] (1.23ns)   --->   "%searcher_triedMask = alloca i64 1" [MCTSSearcher.cpp:284->dut.cpp:49]   --->   Operation 24 'alloca' 'searcher_triedMask' <Predicate = true> <Delay = 1.23> <CoreInst = "RAM">   --->   Core 82 'RAM' <Latency = 1> <II = 1> <Delay = 1.23> <Storage> <Opcode : 'load' 'store'> <Ports = 2> <Width = 49> <Depth = 5100> <RAM>
ST_1 : Operation 25 [1/1] (1.23ns)   --->   "%searcher_isREDs = alloca i64 1" [MCTSSearcher.cpp:284->dut.cpp:49]   --->   Operation 25 'alloca' 'searcher_isREDs' <Predicate = true> <Delay = 1.23>
ST_1 : Operation 26 [1/1] (1.23ns)   --->   "%searcher_logVisitCounts = alloca i64 1" [MCTSSearcher.cpp:284->dut.cpp:49]   --->   Operation 26 'alloca' 'searcher_logVisitCounts' <Predicate = true> <Delay = 1.23> <CoreInst = "RAM">   --->   Core 82 'RAM' <Latency = 1> <II = 1> <Delay = 1.23> <Storage> <Opcode : 'load' 'store'> <Ports = 2> <Width = 32> <Depth = 5100> <RAM>
ST_1 : Operation 27 [2/2] (0.00ns)   --->   "%call_ln0 = call void @dut_Pipeline_VITIS_LOOP_17_1, i32 %strm_in, i49 %player1_48_loc"   --->   Operation 27 'call' 'call_ln0' <Predicate = true> <Delay = 0.00> <CoreType = "Generic">   --->   Generic Core

State 2 <SV = 1> <Delay = 1.40>
ST_2 : Operation 28 [1/2] (1.40ns)   --->   "%call_ln0 = call void @dut_Pipeline_VITIS_LOOP_17_1, i32 %strm_in, i49 %player1_48_loc"   --->   Operation 28 'call' 'call_ln0' <Predicate = true> <Delay = 1.40> <CoreType = "Generic">   --->   Generic Core

State 3 <SV = 2> <Delay = 0.00>
ST_3 : Operation 29 [2/2] (0.00ns)   --->   "%call_ln0 = call void @dut_Pipeline_VITIS_LOOP_27_3, i32 %strm_in, i49 %player2_loc"   --->   Operation 29 'call' 'call_ln0' <Predicate = true> <Delay = 0.00> <CoreType = "Generic">   --->   Generic Core

State 4 <SV = 3> <Delay = 1.40>
ST_4 : Operation 30 [1/2] (1.40ns)   --->   "%call_ln0 = call void @dut_Pipeline_VITIS_LOOP_27_3, i32 %strm_in, i49 %player2_loc"   --->   Operation 30 'call' 'call_ln0' <Predicate = true> <Delay = 1.40> <CoreType = "Generic">   --->   Generic Core

State 5 <SV = 4> <Delay = 2.65>
ST_5 : Operation 31 [1/1] ( I:1.63ns O:1.63ns )   --->   "%strm_in_read = read i32 @_ssdm_op_Read.ap_fifo.volatile.i32P0A, i32 %strm_in" [dut.cpp:37]   --->   Operation 31 'read' 'strm_in_read' <Predicate = true> <Delay = 1.63> <CoreInst = "FIFO">   --->   Core 77 'FIFO' <Latency = 0> <II = 1> <Delay = 1.63> <Storage> <Opcode : 'read' 'write' 'nbread' 'nbwrite'> <Ports = 0> <Width = -1> <Depth = -1> <FIFO>
ST_5 : Operation 32 [1/1] (1.01ns)   --->   "%is_red = icmp_ne  i32 %strm_in_read, i32 0" [dut.cpp:37]   --->   Operation 32 'icmp' 'is_red' <Predicate = true> <Delay = 1.01> <CoreInst = "Cmp">   --->   Core 9 'Cmp' <Latency = 0> <II = 1> <Delay = 1.01> <FuncUnit> <Opcode : 'seteq' 'setne' 'setle' 'setge' 'setlt' 'setgt'> <InPorts = 2> <OutPorts = 1>

State 6 <SV = 5> <Delay = 2.65>
ST_6 : Operation 33 [1/1] ( I:1.63ns O:1.63ns )   --->   "%strm_in_read_1 = read i32 @_ssdm_op_Read.ap_fifo.volatile.i32P0A, i32 %strm_in" [dut.cpp:38]   --->   Operation 33 'read' 'strm_in_read_1' <Predicate = true> <Delay = 1.63> <CoreInst = "FIFO">   --->   Core 77 'FIFO' <Latency = 0> <II = 1> <Delay = 1.63> <Storage> <Opcode : 'read' 'write' 'nbread' 'nbwrite'> <Ports = 0> <Width = -1> <Depth = -1> <FIFO>
ST_6 : Operation 34 [1/1] (1.01ns)   --->   "%is_player1_turn = icmp_ne  i32 %strm_in_read_1, i32 0" [dut.cpp:38]   --->   Operation 34 'icmp' 'is_player1_turn' <Predicate = true> <Delay = 1.01> <CoreInst = "Cmp">   --->   Core 9 'Cmp' <Latency = 0> <II = 1> <Delay = 1.01> <FuncUnit> <Opcode : 'seteq' 'setne' 'setle' 'setge' 'setlt' 'setgt'> <InPorts = 2> <OutPorts = 1>

State 7 <SV = 6> <Delay = 1.63>
ST_7 : Operation 35 [1/1] ( I:1.63ns O:1.63ns )   --->   "%p_04 = read i32 @_ssdm_op_Read.ap_fifo.volatile.i32P0A, i32 %strm_in" [dut.cpp:39]   --->   Operation 35 'read' 'p_04' <Predicate = true> <Delay = 1.63> <CoreInst = "FIFO">   --->   Core 77 'FIFO' <Latency = 0> <II = 1> <Delay = 1.63> <Storage> <Opcode : 'read' 'write' 'nbread' 'nbwrite'> <Ports = 0> <Width = -1> <Depth = -1> <FIFO>
ST_7 : Operation 36 [1/1] (0.00ns)   --->   "%this_parents_addr = getelementptr i32 %searcher_parents, i64 0, i64 0" [./MCTSSearcher.h:42->MCTSSearcher.cpp:284->dut.cpp:49]   --->   Operation 36 'getelementptr' 'this_parents_addr' <Predicate = true> <Delay = 0.00>
ST_7 : Operation 37 [1/1] ( I:1.23ns O:1.23ns )   --->   "%store_ln42 = store i32 4294967295, i13 %this_parents_addr" [./MCTSSearcher.h:42->MCTSSearcher.cpp:284->dut.cpp:49]   --->   Operation 37 'store' 'store_ln42' <Predicate = true> <Delay = 1.23> <CoreInst = "RAM">   --->   Core 82 'RAM' <Latency = 1> <II = 1> <Delay = 1.23> <Storage> <Opcode : 'load' 'store'> <Ports = 2> <Width = 32> <Depth = 5100> <RAM>
ST_7 : Operation 38 [1/1] (0.00ns)   --->   "%this_firstChilds_addr = getelementptr i32 %searcher_firstChilds, i64 0, i64 0" [./MCTSSearcher.h:43->MCTSSearcher.cpp:284->dut.cpp:49]   --->   Operation 38 'getelementptr' 'this_firstChilds_addr' <Predicate = true> <Delay = 0.00>
ST_7 : Operation 39 [1/1] ( I:1.23ns O:1.23ns )   --->   "%store_ln43 = store i32 4294967295, i13 %this_firstChilds_addr" [./MCTSSearcher.h:43->MCTSSearcher.cpp:284->dut.cpp:49]   --->   Operation 39 'store' 'store_ln43' <Predicate = true> <Delay = 1.23> <CoreInst = "RAM">   --->   Core 82 'RAM' <Latency = 1> <II = 1> <Delay = 1.23> <Storage> <Opcode : 'load' 'store'> <Ports = 2> <Width = 32> <Depth = 5100> <RAM>
ST_7 : Operation 40 [1/1] (0.00ns)   --->   "%this_numChildren_addr = getelementptr i32 %searcher_numChildren, i64 0, i64 0" [./MCTSSearcher.h:44->MCTSSearcher.cpp:284->dut.cpp:49]   --->   Operation 40 'getelementptr' 'this_numChildren_addr' <Predicate = true> <Delay = 0.00>
ST_7 : Operation 41 [1/1] ( I:1.23ns O:1.23ns )   --->   "%store_ln44 = store i32 0, i13 %this_numChildren_addr" [./MCTSSearcher.h:44->MCTSSearcher.cpp:284->dut.cpp:49]   --->   Operation 41 'store' 'store_ln44' <Predicate = true> <Delay = 1.23> <CoreInst = "RAM">   --->   Core 82 'RAM' <Latency = 1> <II = 1> <Delay = 1.23> <Storage> <Opcode : 'load' 'store'> <Ports = 2> <Width = 32> <Depth = 5100> <RAM>
ST_7 : Operation 42 [1/1] (0.00ns)   --->   "%this_visitCounts_addr = getelementptr i32 %searcher_visitCounts, i64 0, i64 0" [./MCTSSearcher.h:45->MCTSSearcher.cpp:284->dut.cpp:49]   --->   Operation 42 'getelementptr' 'this_visitCounts_addr' <Predicate = true> <Delay = 0.00>
ST_7 : Operation 43 [1/1] ( I:1.23ns O:1.23ns )   --->   "%store_ln45 = store i32 0, i13 %this_visitCounts_addr" [./MCTSSearcher.h:45->MCTSSearcher.cpp:284->dut.cpp:49]   --->   Operation 43 'store' 'store_ln45' <Predicate = true> <Delay = 1.23> <CoreInst = "RAM">   --->   Core 82 'RAM' <Latency = 1> <II = 1> <Delay = 1.23> <Storage> <Opcode : 'load' 'store'> <Ports = 2> <Width = 32> <Depth = 5100> <RAM>
ST_7 : Operation 44 [1/1] (0.00ns)   --->   "%this_meanQ_addr = getelementptr i20 %searcher_meanQ, i64 0, i64 0" [./MCTSSearcher.h:46->MCTSSearcher.cpp:284->dut.cpp:49]   --->   Operation 44 'getelementptr' 'this_meanQ_addr' <Predicate = true> <Delay = 0.00>
ST_7 : Operation 45 [1/1] ( I:1.23ns O:1.23ns )   --->   "%store_ln46 = store i20 0, i13 %this_meanQ_addr" [./MCTSSearcher.h:46->MCTSSearcher.cpp:284->dut.cpp:49]   --->   Operation 45 'store' 'store_ln46' <Predicate = true> <Delay = 1.23> <CoreInst = "RAM">   --->   Core 82 'RAM' <Latency = 1> <II = 1> <Delay = 1.23> <Storage> <Opcode : 'load' 'store'> <Ports = 2> <Width = 20> <Depth = 5100> <RAM>
ST_7 : Operation 46 [1/1] (0.00ns)   --->   "%this_terminals_addr = getelementptr i1 %searcher_terminals, i64 0, i64 0" [./MCTSSearcher.h:47->MCTSSearcher.cpp:284->dut.cpp:49]   --->   Operation 46 'getelementptr' 'this_terminals_addr' <Predicate = true> <Delay = 0.00>
ST_7 : Operation 47 [1/1] ( I:1.23ns O:1.23ns )   --->   "%store_ln47 = store i1 0, i13 %this_terminals_addr" [./MCTSSearcher.h:47->MCTSSearcher.cpp:284->dut.cpp:49]   --->   Operation 47 'store' 'store_ln47' <Predicate = true> <Delay = 1.23> <CoreInst = "RAM">   --->   Core 82 'RAM' <Latency = 1> <II = 1> <Delay = 1.23> <Storage> <Opcode : 'load' 'store'> <Ports = 2> <Width = 1> <Depth = 5100> <RAM>
ST_7 : Operation 48 [1/1] (0.00ns)   --->   "%this_triedMask_addr = getelementptr i49 %searcher_triedMask, i64 0, i64 0" [./MCTSSearcher.h:48->MCTSSearcher.cpp:284->dut.cpp:49]   --->   Operation 48 'getelementptr' 'this_triedMask_addr' <Predicate = true> <Delay = 0.00>
ST_7 : Operation 49 [1/1] ( I:1.23ns O:1.23ns )   --->   "%store_ln48 = store i49 0, i13 %this_triedMask_addr" [./MCTSSearcher.h:48->MCTSSearcher.cpp:284->dut.cpp:49]   --->   Operation 49 'store' 'store_ln48' <Predicate = true> <Delay = 1.23> <CoreInst = "RAM">   --->   Core 82 'RAM' <Latency = 1> <II = 1> <Delay = 1.23> <Storage> <Opcode : 'load' 'store'> <Ports = 2> <Width = 49> <Depth = 5100> <RAM>
ST_7 : Operation 50 [1/1] (0.00ns)   --->   "%this_logVisitCounts_addr = getelementptr i32 %searcher_logVisitCounts, i64 0, i64 0" [./MCTSSearcher.h:50->MCTSSearcher.cpp:284->dut.cpp:49]   --->   Operation 50 'getelementptr' 'this_logVisitCounts_addr' <Predicate = true> <Delay = 0.00>
ST_7 : Operation 51 [1/1] ( I:1.23ns O:1.23ns )   --->   "%store_ln51 = store i32 0, i13 %this_logVisitCounts_addr" [./MCTSSearcher.h:51->MCTSSearcher.cpp:284->dut.cpp:49]   --->   Operation 51 'store' 'store_ln51' <Predicate = true> <Delay = 1.23> <CoreInst = "RAM">   --->   Core 82 'RAM' <Latency = 1> <II = 1> <Delay = 1.23> <Storage> <Opcode : 'load' 'store'> <Ports = 2> <Width = 32> <Depth = 5100> <RAM>

State 8 <SV = 7> <Delay = 3.88>
ST_8 : Operation 52 [1/1] (0.00ns)   --->   "%player1_48_loc_load = load i49 %player1_48_loc"   --->   Operation 52 'load' 'player1_48_loc_load' <Predicate = true> <Delay = 0.00>
ST_8 : Operation 53 [1/1] (0.00ns)   --->   "%player2_loc_load = load i49 %player2_loc"   --->   Operation 53 'load' 'player2_loc_load' <Predicate = true> <Delay = 0.00>
ST_8 : Operation 54 [1/1] ( I:1.63ns O:1.63ns )   --->   "%strm_in_read_2 = read i32 @_ssdm_op_Read.ap_fifo.volatile.i32P0A, i32 %strm_in" [dut.cpp:40]   --->   Operation 54 'read' 'strm_in_read_2' <Predicate = true> <Delay = 1.63> <CoreInst = "FIFO">   --->   Core 77 'FIFO' <Latency = 0> <II = 1> <Delay = 1.63> <Storage> <Opcode : 'read' 'write' 'nbread' 'nbwrite'> <Ports = 0> <Width = -1> <Depth = -1> <FIFO>
ST_8 : Operation 55 [1/1] (1.01ns)   --->   "%last_move = add i32 %strm_in_read_2, i32 4294967295" [dut.cpp:40]   --->   Operation 55 'add' 'last_move' <Predicate = true> <Delay = 1.01> <CoreInst = "Adder">   --->   Core 1 'Adder' <Latency = 0> <II = 1> <Delay = 1.01> <FuncUnit> <Opcode : 'add' 'sub'> <InPorts = 2> <OutPorts = 1>
ST_8 : Operation 56 [2/2] (1.23ns)   --->   "%empty = call i6 @search, i32 %searcher_visitCounts, i20 %searcher_meanQ, i32 %searcher_parents, i32 %searcher_firstChilds, i32 %searcher_numChildren, i32 %searcher_nextSiblings, i32 %searcher_numLegalActions, i1 %searcher_terminals, i6 %searcher_childActions, i49 %searcher_triedMask, i1 %searcher_isREDs, i32 %searcher_logVisitCounts, i6 42, i1 %is_player1_turn, i32 %last_move, i49 %player1_48_loc_load, i49 %player2_loc_load, i1 %is_red, i6 %log_apfixed_reduce_log_inverse_lut_table_array, i22 %log_apfixed_reduce_log0_lut_table_ap_fixed_0_5_64_array, i18 %log_apfixed_reduce_log_lut_table_ap_fixed_4_4_16_array" [MCTSSearcher.cpp:285->dut.cpp:49]   --->   Operation 56 'call' 'empty' <Predicate = true> <Delay = 1.23> <CoreType = "Generic">   --->   Generic Core

State 9 <SV = 8> <Delay = 1.23>
ST_9 : Operation 57 [1/2] (1.23ns)   --->   "%empty = call i6 @search, i32 %searcher_visitCounts, i20 %searcher_meanQ, i32 %searcher_parents, i32 %searcher_firstChilds, i32 %searcher_numChildren, i32 %searcher_nextSiblings, i32 %searcher_numLegalActions, i1 %searcher_terminals, i6 %searcher_childActions, i49 %searcher_triedMask, i1 %searcher_isREDs, i32 %searcher_logVisitCounts, i6 42, i1 %is_player1_turn, i32 %last_move, i49 %player1_48_loc_load, i49 %player2_loc_load, i1 %is_red, i6 %log_apfixed_reduce_log_inverse_lut_table_array, i22 %log_apfixed_reduce_log0_lut_table_ap_fixed_0_5_64_array, i18 %log_apfixed_reduce_log_lut_table_ap_fixed_4_4_16_array" [MCTSSearcher.cpp:285->dut.cpp:49]   --->   Operation 57 'call' 'empty' <Predicate = true> <Delay = 1.23> <CoreType = "Generic">   --->   Generic Core

State 10 <SV = 9> <Delay = 1.23>
ST_10 : Operation 58 [1/1] ( I:1.23ns O:1.23ns )   --->   "%store_ln42 = store i32 4294967295, i13 %this_parents_addr" [./MCTSSearcher.h:42->MCTSSearcher.cpp:284->dut.cpp:49]   --->   Operation 58 'store' 'store_ln42' <Predicate = true> <Delay = 1.23> <CoreInst = "RAM">   --->   Core 82 'RAM' <Latency = 1> <II = 1> <Delay = 1.23> <Storage> <Opcode : 'load' 'store'> <Ports = 2> <Width = 32> <Depth = 5100> <RAM>
ST_10 : Operation 59 [1/1] ( I:1.23ns O:1.23ns )   --->   "%store_ln43 = store i32 4294967295, i13 %this_firstChilds_addr" [./MCTSSearcher.h:43->MCTSSearcher.cpp:284->dut.cpp:49]   --->   Operation 59 'store' 'store_ln43' <Predicate = true> <Delay = 1.23> <CoreInst = "RAM">   --->   Core 82 'RAM' <Latency = 1> <II = 1> <Delay = 1.23> <Storage> <Opcode : 'load' 'store'> <Ports = 2> <Width = 32> <Depth = 5100> <RAM>
ST_10 : Operation 60 [1/1] ( I:1.23ns O:1.23ns )   --->   "%store_ln44 = store i32 0, i13 %this_numChildren_addr" [./MCTSSearcher.h:44->MCTSSearcher.cpp:284->dut.cpp:49]   --->   Operation 60 'store' 'store_ln44' <Predicate = true> <Delay = 1.23> <CoreInst = "RAM">   --->   Core 82 'RAM' <Latency = 1> <II = 1> <Delay = 1.23> <Storage> <Opcode : 'load' 'store'> <Ports = 2> <Width = 32> <Depth = 5100> <RAM>
ST_10 : Operation 61 [1/1] ( I:1.23ns O:1.23ns )   --->   "%store_ln45 = store i32 0, i13 %this_visitCounts_addr" [./MCTSSearcher.h:45->MCTSSearcher.cpp:284->dut.cpp:49]   --->   Operation 61 'store' 'store_ln45' <Predicate = true> <Delay = 1.23> <CoreInst = "RAM">   --->   Core 82 'RAM' <Latency = 1> <II = 1> <Delay = 1.23> <Storage> <Opcode : 'load' 'store'> <Ports = 2> <Width = 32> <Depth = 5100> <RAM>
ST_10 : Operation 62 [1/1] ( I:1.23ns O:1.23ns )   --->   "%store_ln46 = store i20 0, i13 %this_meanQ_addr" [./MCTSSearcher.h:46->MCTSSearcher.cpp:284->dut.cpp:49]   --->   Operation 62 'store' 'store_ln46' <Predicate = true> <Delay = 1.23> <CoreInst = "RAM">   --->   Core 82 'RAM' <Latency = 1> <II = 1> <Delay = 1.23> <Storage> <Opcode : 'load' 'store'> <Ports = 2> <Width = 20> <Depth = 5100> <RAM>
ST_10 : Operation 63 [1/1] ( I:1.23ns O:1.23ns )   --->   "%store_ln47 = store i1 0, i13 %this_terminals_addr" [./MCTSSearcher.h:47->MCTSSearcher.cpp:284->dut.cpp:49]   --->   Operation 63 'store' 'store_ln47' <Predicate = true> <Delay = 1.23> <CoreInst = "RAM">   --->   Core 82 'RAM' <Latency = 1> <II = 1> <Delay = 1.23> <Storage> <Opcode : 'load' 'store'> <Ports = 2> <Width = 1> <Depth = 5100> <RAM>
ST_10 : Operation 64 [1/1] ( I:1.23ns O:1.23ns )   --->   "%store_ln48 = store i49 0, i13 %this_triedMask_addr" [./MCTSSearcher.h:48->MCTSSearcher.cpp:284->dut.cpp:49]   --->   Operation 64 'store' 'store_ln48' <Predicate = true> <Delay = 1.23> <CoreInst = "RAM">   --->   Core 82 'RAM' <Latency = 1> <II = 1> <Delay = 1.23> <Storage> <Opcode : 'load' 'store'> <Ports = 2> <Width = 49> <Depth = 5100> <RAM>
ST_10 : Operation 65 [1/1] ( I:1.23ns O:1.23ns )   --->   "%store_ln51 = store i32 0, i13 %this_logVisitCounts_addr" [./MCTSSearcher.h:51->MCTSSearcher.cpp:284->dut.cpp:49]   --->   Operation 65 'store' 'store_ln51' <Predicate = true> <Delay = 1.23> <CoreInst = "RAM">   --->   Core 82 'RAM' <Latency = 1> <II = 1> <Delay = 1.23> <Storage> <Opcode : 'load' 'store'> <Ports = 2> <Width = 32> <Depth = 5100> <RAM>

State 11 <SV = 10> <Delay = 1.23>
ST_11 : Operation 66 [2/2] (1.23ns)   --->   "%action = call i6 @search, i32 %searcher_visitCounts, i20 %searcher_meanQ, i32 %searcher_parents, i32 %searcher_firstChilds, i32 %searcher_numChildren, i32 %searcher_nextSiblings, i32 %searcher_numLegalActions, i1 %searcher_terminals, i6 %searcher_childActions, i49 %searcher_triedMask, i1 %searcher_isREDs, i32 %searcher_logVisitCounts, i6 43, i1 %is_player1_turn, i32 %last_move, i49 %player1_48_loc_load, i49 %player2_loc_load, i1 %is_red, i6 %log_apfixed_reduce_log_inverse_lut_table_array, i22 %log_apfixed_reduce_log0_lut_table_ap_fixed_0_5_64_array, i18 %log_apfixed_reduce_log_lut_table_ap_fixed_4_4_16_array" [MCTSSearcher.cpp:285->dut.cpp:49]   --->   Operation 66 'call' 'action' <Predicate = true> <Delay = 1.23> <CoreType = "Generic">   --->   Generic Core

State 12 <SV = 11> <Delay = 2.87>
ST_12 : Operation 67 [1/1] (0.00ns)   --->   "%spectopmodule_ln6 = spectopmodule void @_ssdm_op_SpecTopModule, void @empty_2" [dut.cpp:6]   --->   Operation 67 'spectopmodule' 'spectopmodule_ln6' <Predicate = true> <Delay = 0.00>
ST_12 : Operation 68 [1/1] (0.00ns)   --->   "%specinterface_ln6 = specinterface void @_ssdm_op_SpecInterface, i32 0, void @empty_3, i32 0, i32 0, void @empty_0, i32 0, i32 0, void @empty_0, void @empty_0, void @empty_0, i32 0, i32 0, i32 0, i32 0, void @empty_0, void @empty_0, i32 4294967295, i32 0, i32 0" [dut.cpp:6]   --->   Operation 68 'specinterface' 'specinterface_ln6' <Predicate = true> <Delay = 0.00>
ST_12 : Operation 69 [1/1] (0.00ns)   --->   "%specinterface_ln0 = specinterface void @_ssdm_op_SpecInterface, i32 %strm_in, void @empty_1, i32 4294967295, i32 4294967295, void @empty_0, i32 0, i32 0, void @empty_0, void @empty_0, void @empty_0, i32 0, i32 0, i32 0, i32 0, void @empty_0, void @empty_0, i32 4294967295, i32 0, i32 0"   --->   Operation 69 'specinterface' 'specinterface_ln0' <Predicate = true> <Delay = 0.00>
ST_12 : Operation 70 [1/1] (0.00ns)   --->   "%specbitsmap_ln0 = specbitsmap void @_ssdm_op_SpecBitsMap, i32 %strm_in"   --->   Operation 70 'specbitsmap' 'specbitsmap_ln0' <Predicate = true> <Delay = 0.00>
ST_12 : Operation 71 [1/1] (0.00ns)   --->   "%specinterface_ln0 = specinterface void @_ssdm_op_SpecInterface, i32 %strm_out, void @empty_1, i32 4294967295, i32 4294967295, void @empty_0, i32 0, i32 0, void @empty_0, void @empty_0, void @empty_0, i32 0, i32 0, i32 0, i32 0, void @empty_0, void @empty_0, i32 4294967295, i32 0, i32 0"   --->   Operation 71 'specinterface' 'specinterface_ln0' <Predicate = true> <Delay = 0.00>
ST_12 : Operation 72 [1/1] (0.00ns)   --->   "%specbitsmap_ln0 = specbitsmap void @_ssdm_op_SpecBitsMap, i32 %strm_out"   --->   Operation 72 'specbitsmap' 'specbitsmap_ln0' <Predicate = true> <Delay = 0.00>
ST_12 : Operation 73 [1/2] (1.23ns)   --->   "%action = call i6 @search, i32 %searcher_visitCounts, i20 %searcher_meanQ, i32 %searcher_parents, i32 %searcher_firstChilds, i32 %searcher_numChildren, i32 %searcher_nextSiblings, i32 %searcher_numLegalActions, i1 %searcher_terminals, i6 %searcher_childActions, i49 %searcher_triedMask, i1 %searcher_isREDs, i32 %searcher_logVisitCounts, i6 43, i1 %is_player1_turn, i32 %last_move, i49 %player1_48_loc_load, i49 %player2_loc_load, i1 %is_red, i6 %log_apfixed_reduce_log_inverse_lut_table_array, i22 %log_apfixed_reduce_log0_lut_table_ap_fixed_0_5_64_array, i18 %log_apfixed_reduce_log_lut_table_ap_fixed_4_4_16_array" [MCTSSearcher.cpp:285->dut.cpp:49]   --->   Operation 73 'call' 'action' <Predicate = true> <Delay = 1.23> <CoreType = "Generic">   --->   Generic Core
ST_12 : Operation 74 [1/1] (0.00ns)   --->   "%zext_ln285 = zext i6 %action" [MCTSSearcher.cpp:285->dut.cpp:49]   --->   Operation 74 'zext' 'zext_ln285' <Predicate = true> <Delay = 0.00>
ST_12 : Operation 75 [1/1] ( I:1.63ns O:1.63ns )   --->   "%write_ln51 = write void @_ssdm_op_Write.ap_fifo.volatile.i32P0A, i32 %strm_out, i32 %zext_ln285" [dut.cpp:51]   --->   Operation 75 'write' 'write_ln51' <Predicate = true> <Delay = 1.63> <CoreInst = "FIFO">   --->   Core 77 'FIFO' <Latency = 0> <II = 1> <Delay = 1.63> <Storage> <Opcode : 'read' 'write' 'nbread' 'nbwrite'> <Ports = 0> <Width = -1> <Depth = -1> <FIFO>
ST_12 : Operation 76 [1/1] (0.00ns)   --->   "%ret_ln52 = ret" [dut.cpp:52]   --->   Operation 76 'ret' 'ret_ln52' <Predicate = true> <Delay = 0.00>


============================================================
+ Verbose Summary: Binding
============================================================
STG Binding: 
---------------- STG Properties BEGIN ----------------
- Is combinational: 0
- Is one-state seq: 0
- Is datapath-only: 0
- Is pipelined: 0
- Is top level: 1
Port [ Return ] is wired: 1; IO mode=ap_ctrl_hs:ce=0
Port [ strm_in]:  wired=1; compound=1; hidden=0; nouse=0; global=0; static=0; extern=0; dir=0; type=3; pingpong=0; private_global=0; IO mode=ap_fifo:ce=0
Port [ strm_out]:  wired=1; compound=1; hidden=0; nouse=0; global=0; static=0; extern=0; dir=1; type=3; pingpong=0; private_global=0; IO mode=ap_fifo:ce=0
Port [ log_apfixed_reduce_log_inverse_lut_table_array]:  wired=0; compound=1; hidden=1; nouse=1; global=1; static=1; extern=0; dir=0; type=1; pingpong=0; private_global=0; MemPort=[1]; IO mode=ap_memory:ce=0
Port [ log_apfixed_reduce_log0_lut_table_ap_fixed_0_5_64_array]:  wired=0; compound=1; hidden=1; nouse=1; global=1; static=1; extern=0; dir=0; type=1; pingpong=0; private_global=0; MemPort=[1]; IO mode=ap_memory:ce=0
Port [ log_apfixed_reduce_log_lut_table_ap_fixed_4_4_16_array]:  wired=0; compound=1; hidden=1; nouse=1; global=1; static=1; extern=0; dir=0; type=1; pingpong=0; private_global=0; MemPort=[1]; IO mode=ap_memory:ce=0
---------------- STG Properties END ------------------

---------------- Datapath Model BEGIN ----------------

<LifeTime>
<method=bitvector/>
player2_loc              (alloca       ) [ 0011111110000]
player1_48_loc           (alloca       ) [ 0111111110000]
searcher_visitCounts     (alloca       ) [ 0011111111111]
searcher_meanQ           (alloca       ) [ 0011111111111]
searcher_parents         (alloca       ) [ 0011111111111]
searcher_firstChilds     (alloca       ) [ 0011111111111]
searcher_numChildren     (alloca       ) [ 0011111111111]
searcher_nextSiblings    (alloca       ) [ 0011111111111]
searcher_numLegalActions (alloca       ) [ 0011111111111]
searcher_terminals       (alloca       ) [ 0011111111111]
searcher_childActions    (alloca       ) [ 0011111111111]
searcher_triedMask       (alloca       ) [ 0011111111111]
searcher_isREDs          (alloca       ) [ 0011111111111]
searcher_logVisitCounts  (alloca       ) [ 0011111111111]
call_ln0                 (call         ) [ 0000000000000]
call_ln0                 (call         ) [ 0000000000000]
strm_in_read             (read         ) [ 0000000000000]
is_red                   (icmp         ) [ 0000001111111]
strm_in_read_1           (read         ) [ 0000000000000]
is_player1_turn          (icmp         ) [ 0000000111111]
p_04                     (read         ) [ 0000000000000]
this_parents_addr        (getelementptr) [ 0000000011100]
store_ln42               (store        ) [ 0000000000000]
this_firstChilds_addr    (getelementptr) [ 0000000011100]
store_ln43               (store        ) [ 0000000000000]
this_numChildren_addr    (getelementptr) [ 0000000011100]
store_ln44               (store        ) [ 0000000000000]
this_visitCounts_addr    (getelementptr) [ 0000000011100]
store_ln45               (store        ) [ 0000000000000]
this_meanQ_addr          (getelementptr) [ 0000000011100]
store_ln46               (store        ) [ 0000000000000]
this_terminals_addr      (getelementptr) [ 0000000011100]
store_ln47               (store        ) [ 0000000000000]
this_triedMask_addr      (getelementptr) [ 0000000011100]
store_ln48               (store        ) [ 0000000000000]
this_logVisitCounts_addr (getelementptr) [ 0000000011100]
store_ln51               (store        ) [ 0000000000000]
player1_48_loc_load      (load         ) [ 0000000001111]
player2_loc_load         (load         ) [ 0000000001111]
strm_in_read_2           (read         ) [ 0000000000000]
last_move                (add          ) [ 0000000001111]
empty                    (call         ) [ 0000000000000]
store_ln42               (store        ) [ 0000000000000]
store_ln43               (store        ) [ 0000000000000]
store_ln44               (store        ) [ 0000000000000]
store_ln45               (store        ) [ 0000000000000]
store_ln46               (store        ) [ 0000000000000]
store_ln47               (store        ) [ 0000000000000]
store_ln48               (store        ) [ 0000000000000]
store_ln51               (store        ) [ 0000000000000]
spectopmodule_ln6        (spectopmodule) [ 0000000000000]
specinterface_ln6        (specinterface) [ 0000000000000]
specinterface_ln0        (specinterface) [ 0000000000000]
specbitsmap_ln0          (specbitsmap  ) [ 0000000000000]
specinterface_ln0        (specinterface) [ 0000000000000]
specbitsmap_ln0          (specbitsmap  ) [ 0000000000000]
action                   (call         ) [ 0000000000000]
zext_ln285               (zext         ) [ 0000000000000]
write_ln51               (write        ) [ 0000000000000]
ret_ln52                 (ret          ) [ 0000000000000]
</LifeTime>

<model>

<comp_list>
<comp id="0" class="1000" name="strm_in">
<pin_list>
<pin id="1" dir="1" index="0" bw="1" slack="0"/>
</pin_list>
<bind>
<StgValue><ssdm name="strm_in"/></StgValue>
</bind>
</comp>

<comp id="2" class="1000" name="strm_out">
<pin_list>
<pin id="3" dir="1" index="0" bw="1" slack="0"/>
</pin_list>
<bind>
<StgValue><ssdm name="strm_out"/></StgValue>
</bind>
</comp>

<comp id="4" class="1000" name="log_apfixed_reduce_log_inverse_lut_table_array">
<pin_list>
<pin id="5" dir="1" index="0" bw="1" slack="0"/>
</pin_list>
<bind>
<StgValue><ssdm name="log_apfixed_reduce_log_inverse_lut_table_array"/><MemPortTyVec>1 </MemPortTyVec>
</StgValue>
</bind>
</comp>

<comp id="6" class="1000" name="log_apfixed_reduce_log0_lut_table_ap_fixed_0_5_64_array">
<pin_list>
<pin id="7" dir="1" index="0" bw="1" slack="0"/>
</pin_list>
<bind>
<StgValue><ssdm name="log_apfixed_reduce_log0_lut_table_ap_fixed_0_5_64_array"/><MemPortTyVec>1 </MemPortTyVec>
</StgValue>
</bind>
</comp>

<comp id="8" class="1000" name="log_apfixed_reduce_log_lut_table_ap_fixed_4_4_16_array">
<pin_list>
<pin id="9" dir="1" index="0" bw="1" slack="0"/>
</pin_list>
<bind>
<StgValue><ssdm name="log_apfixed_reduce_log_lut_table_ap_fixed_4_4_16_array"/><MemPortTyVec>1 </MemPortTyVec>
</StgValue>
</bind>
</comp>

<comp id="10" class="1001" name="const_10">
<pin_list>
<pin id="11" dir="1" index="0" bw="1" slack="0"/>
</pin_list>
<bind>
<StgValue><ssdm name=""/></StgValue>
</bind>
</comp>

<comp id="12" class="1001" name="const_12">
<pin_list>
<pin id="13" dir="1" index="0" bw="1" slack="0"/>
</pin_list>
<bind>
<StgValue><ssdm name="dut_Pipeline_VITIS_LOOP_17_1"/></StgValue>
</bind>
</comp>

<comp id="14" class="1001" name="const_14">
<pin_list>
<pin id="15" dir="1" index="0" bw="1" slack="0"/>
</pin_list>
<bind>
<StgValue><ssdm name="dut_Pipeline_VITIS_LOOP_27_3"/></StgValue>
</bind>
</comp>

<comp id="16" class="1001" name="const_16">
<pin_list>
<pin id="17" dir="1" index="0" bw="1" slack="0"/>
</pin_list>
<bind>
<StgValue><ssdm name="_ssdm_op_Read.ap_fifo.volatile.i32P0A"/></StgValue>
</bind>
</comp>

<comp id="18" class="1001" name="const_18">
<pin_list>
<pin id="19" dir="1" index="0" bw="1" slack="0"/>
</pin_list>
<bind>
<StgValue><ssdm name=""/></StgValue>
</bind>
</comp>

<comp id="20" class="1001" name="const_20">
<pin_list>
<pin id="21" dir="1" index="0" bw="1" slack="0"/>
</pin_list>
<bind>
<StgValue><ssdm name=""/></StgValue>
</bind>
</comp>

<comp id="22" class="1001" name="const_22">
<pin_list>
<pin id="23" dir="1" index="0" bw="1" slack="0"/>
</pin_list>
<bind>
<StgValue><ssdm name=""/></StgValue>
</bind>
</comp>

<comp id="24" class="1001" name="const_24">
<pin_list>
<pin id="25" dir="1" index="0" bw="1" slack="0"/>
</pin_list>
<bind>
<StgValue><ssdm name=""/></StgValue>
</bind>
</comp>

<comp id="26" class="1001" name="const_26">
<pin_list>
<pin id="27" dir="1" index="0" bw="1" slack="0"/>
</pin_list>
<bind>
<StgValue><ssdm name=""/></StgValue>
</bind>
</comp>

<comp id="28" class="1001" name="const_28">
<pin_list>
<pin id="29" dir="1" index="0" bw="1" slack="0"/>
</pin_list>
<bind>
<StgValue><ssdm name=""/></StgValue>
</bind>
</comp>

<comp id="30" class="1001" name="const_30">
<pin_list>
<pin id="31" dir="1" index="0" bw="1" slack="0"/>
</pin_list>
<bind>
<StgValue><ssdm name="search"/></StgValue>
</bind>
</comp>

<comp id="32" class="1001" name="const_32">
<pin_list>
<pin id="33" dir="1" index="0" bw="1" slack="0"/>
</pin_list>
<bind>
<StgValue><ssdm name=""/></StgValue>
</bind>
</comp>

<comp id="34" class="1001" name="const_34">
<pin_list>
<pin id="35" dir="1" index="0" bw="1" slack="0"/>
</pin_list>
<bind>
<StgValue><ssdm name=""/></StgValue>
</bind>
</comp>

<comp id="36" class="1001" name="const_36">
<pin_list>
<pin id="37" dir="1" index="0" bw="1" slack="2147483647"/>
</pin_list>
<bind>
<StgValue><ssdm name="_ssdm_op_SpecTopModule"/></StgValue>
</bind>
</comp>

<comp id="38" class="1001" name="const_38">
<pin_list>
<pin id="39" dir="1" index="0" bw="1" slack="2147483647"/>
</pin_list>
<bind>
<StgValue><ssdm name="empty_2"/></StgValue>
</bind>
</comp>

<comp id="40" class="1001" name="const_40">
<pin_list>
<pin id="41" dir="1" index="0" bw="1" slack="2147483647"/>
</pin_list>
<bind>
<StgValue><ssdm name="_ssdm_op_SpecInterface"/></StgValue>
</bind>
</comp>

<comp id="42" class="1001" name="const_42">
<pin_list>
<pin id="43" dir="1" index="0" bw="1" slack="2147483647"/>
</pin_list>
<bind>
<StgValue><ssdm name="empty_3"/></StgValue>
</bind>
</comp>

<comp id="44" class="1001" name="const_44">
<pin_list>
<pin id="45" dir="1" index="0" bw="1" slack="2147483647"/>
</pin_list>
<bind>
<StgValue><ssdm name="empty_0"/></StgValue>
</bind>
</comp>

<comp id="46" class="1001" name="const_46">
<pin_list>
<pin id="47" dir="1" index="0" bw="1" slack="2147483647"/>
</pin_list>
<bind>
<StgValue><ssdm name="empty_1"/></StgValue>
</bind>
</comp>

<comp id="48" class="1001" name="const_48">
<pin_list>
<pin id="49" dir="1" index="0" bw="1" slack="2147483647"/>
</pin_list>
<bind>
<StgValue><ssdm name="_ssdm_op_SpecBitsMap"/></StgValue>
</bind>
</comp>

<comp id="50" class="1001" name="const_50">
<pin_list>
<pin id="51" dir="1" index="0" bw="1" slack="0"/>
</pin_list>
<bind>
<StgValue><ssdm name="_ssdm_op_Write.ap_fifo.volatile.i32P0A"/></StgValue>
</bind>
</comp>

<comp id="52" class="1004" name="player2_loc_fu_52">
<pin_list>
<pin id="53" dir="0" index="0" bw="1" slack="0"/>
<pin id="54" dir="1" index="1" bw="49" slack="2"/>
</pin_list>
<bind>
<opcode="alloca(26) " fcode="alloca"/>
<opset="player2_loc/1 "/>
</bind>
</comp>

<comp id="56" class="1004" name="player1_48_loc_fu_56">
<pin_list>
<pin id="57" dir="0" index="0" bw="1" slack="0"/>
<pin id="58" dir="1" index="1" bw="49" slack="0"/>
</pin_list>
<bind>
<opcode="alloca(26) " fcode="alloca"/>
<opset="player1_48_loc/1 "/>
</bind>
</comp>

<comp id="60" class="1004" name="searcher_visitCounts_alloca_fu_60">
<pin_list>
<pin id="61" dir="0" index="0" bw="1" slack="0"/>
<pin id="62" dir="1" index="1" bw="32" slack="2147483647"/>
</pin_list>
<bind>
<opcode="alloca(26) " fcode="alloca"/>
<opset="searcher_visitCounts/1 "/>
</bind>
</comp>

<comp id="64" class="1004" name="searcher_meanQ_alloca_fu_64">
<pin_list>
<pin id="65" dir="0" index="0" bw="1" slack="0"/>
<pin id="66" dir="1" index="1" bw="20" slack="2147483647"/>
</pin_list>
<bind>
<opcode="alloca(26) " fcode="alloca"/>
<opset="searcher_meanQ/1 "/>
</bind>
</comp>

<comp id="68" class="1004" name="searcher_parents_alloca_fu_68">
<pin_list>
<pin id="69" dir="0" index="0" bw="1" slack="0"/>
<pin id="70" dir="1" index="1" bw="32" slack="2147483647"/>
</pin_list>
<bind>
<opcode="alloca(26) " fcode="alloca"/>
<opset="searcher_parents/1 "/>
</bind>
</comp>

<comp id="72" class="1004" name="searcher_firstChilds_alloca_fu_72">
<pin_list>
<pin id="73" dir="0" index="0" bw="1" slack="0"/>
<pin id="74" dir="1" index="1" bw="32" slack="2147483647"/>
</pin_list>
<bind>
<opcode="alloca(26) " fcode="alloca"/>
<opset="searcher_firstChilds/1 "/>
</bind>
</comp>

<comp id="76" class="1004" name="searcher_numChildren_alloca_fu_76">
<pin_list>
<pin id="77" dir="0" index="0" bw="1" slack="0"/>
<pin id="78" dir="1" index="1" bw="32" slack="2147483647"/>
</pin_list>
<bind>
<opcode="alloca(26) " fcode="alloca"/>
<opset="searcher_numChildren/1 "/>
</bind>
</comp>

<comp id="80" class="1004" name="searcher_nextSiblings_alloca_fu_80">
<pin_list>
<pin id="81" dir="0" index="0" bw="1" slack="0"/>
<pin id="82" dir="1" index="1" bw="32" slack="2147483647"/>
</pin_list>
<bind>
<opcode="alloca(26) " fcode="alloca"/>
<opset="searcher_nextSiblings/1 "/>
</bind>
</comp>

<comp id="84" class="1004" name="searcher_numLegalActions_alloca_fu_84">
<pin_list>
<pin id="85" dir="0" index="0" bw="1" slack="0"/>
<pin id="86" dir="1" index="1" bw="32" slack="2147483647"/>
</pin_list>
<bind>
<opcode="alloca(26) " fcode="alloca"/>
<opset="searcher_numLegalActions/1 "/>
</bind>
</comp>

<comp id="88" class="1004" name="searcher_terminals_alloca_fu_88">
<pin_list>
<pin id="89" dir="0" index="0" bw="1" slack="0"/>
<pin id="90" dir="1" index="1" bw="1" slack="2147483647"/>
</pin_list>
<bind>
<opcode="alloca(26) " fcode="alloca"/>
<opset="searcher_terminals/1 "/>
</bind>
</comp>

<comp id="92" class="1004" name="searcher_childActions_alloca_fu_92">
<pin_list>
<pin id="93" dir="0" index="0" bw="1" slack="0"/>
<pin id="94" dir="1" index="1" bw="6" slack="2147483647"/>
</pin_list>
<bind>
<opcode="alloca(26) " fcode="alloca"/>
<opset="searcher_childActions/1 "/>
</bind>
</comp>

<comp id="96" class="1004" name="searcher_triedMask_alloca_fu_96">
<pin_list>
<pin id="97" dir="0" index="0" bw="1" slack="0"/>
<pin id="98" dir="1" index="1" bw="49" slack="2147483647"/>
</pin_list>
<bind>
<opcode="alloca(26) " fcode="alloca"/>
<opset="searcher_triedMask/1 "/>
</bind>
</comp>

<comp id="100" class="1004" name="searcher_isREDs_alloca_fu_100">
<pin_list>
<pin id="101" dir="0" index="0" bw="1" slack="0"/>
<pin id="102" dir="1" index="1" bw="1" slack="2147483647"/>
</pin_list>
<bind>
<opcode="alloca(26) " fcode="alloca"/>
<opset="searcher_isREDs/1 "/>
</bind>
</comp>

<comp id="104" class="1004" name="searcher_logVisitCounts_alloca_fu_104">
<pin_list>
<pin id="105" dir="0" index="0" bw="1" slack="0"/>
<pin id="106" dir="1" index="1" bw="32" slack="2147483647"/>
</pin_list>
<bind>
<opcode="alloca(26) " fcode="alloca"/>
<opset="searcher_logVisitCounts/1 "/>
</bind>
</comp>

<comp id="108" class="1004" name="grp_read_fu_108">
<pin_list>
<pin id="109" dir="0" index="0" bw="32" slack="0"/>
<pin id="110" dir="0" index="1" bw="32" slack="0"/>
<pin id="111" dir="1" index="2" bw="32" slack="0"/>
</pin_list>
<bind>
<opcode="read(1150) " fcode="read"/>
<opset="strm_in_read/5 strm_in_read_1/6 p_04/7 strm_in_read_2/8 "/>
</bind>
</comp>

<comp id="114" class="1004" name="write_ln51_write_fu_114">
<pin_list>
<pin id="115" dir="0" index="0" bw="0" slack="0"/>
<pin id="116" dir="0" index="1" bw="32" slack="0"/>
<pin id="117" dir="0" index="2" bw="6" slack="0"/>
<pin id="118" dir="1" index="3" bw="0" slack="2147483647"/>
</pin_list>
<bind>
<opcode="write(1151) " fcode="write"/>
<opset="write_ln51/12 "/>
</bind>
</comp>

<comp id="121" class="1004" name="this_parents_addr_gep_fu_121">
<pin_list>
<pin id="122" dir="0" index="0" bw="32" slack="2147483647"/>
<pin id="123" dir="0" index="1" bw="1" slack="0"/>
<pin id="124" dir="0" index="2" bw="1" slack="0"/>
<pin id="125" dir="1" index="3" bw="13" slack="0"/>
</pin_list>
<bind>
<opcode="getelementptr(29) " fcode="getelementptr"/>
<opset="this_parents_addr/7 "/>
</bind>
</comp>

<comp id="128" class="1004" name="grp_access_fu_128">
<pin_list>
<pin id="129" dir="0" index="0" bw="13" slack="0"/>
<pin id="130" dir="0" index="1" bw="32" slack="0"/>
<pin id="131" dir="0" index="2" bw="0" slack="2147483647"/>
<pin id="132" dir="1" index="3" bw="32" slack="2147483647"/>
</pin_list>
<bind>
<opcode="store(28) " fcode="store"/>
<opset="store_ln42/7 store_ln42/10 "/>
</bind>
</comp>

<comp id="135" class="1004" name="this_firstChilds_addr_gep_fu_135">
<pin_list>
<pin id="136" dir="0" index="0" bw="32" slack="2147483647"/>
<pin id="137" dir="0" index="1" bw="1" slack="0"/>
<pin id="138" dir="0" index="2" bw="1" slack="0"/>
<pin id="139" dir="1" index="3" bw="13" slack="0"/>
</pin_list>
<bind>
<opcode="getelementptr(29) " fcode="getelementptr"/>
<opset="this_firstChilds_addr/7 "/>
</bind>
</comp>

<comp id="142" class="1004" name="grp_access_fu_142">
<pin_list>
<pin id="143" dir="0" index="0" bw="13" slack="0"/>
<pin id="144" dir="0" index="1" bw="32" slack="0"/>
<pin id="145" dir="0" index="2" bw="0" slack="2147483647"/>
<pin id="146" dir="1" index="3" bw="32" slack="2147483647"/>
</pin_list>
<bind>
<opcode="store(28) " fcode="store"/>
<opset="store_ln43/7 store_ln43/10 "/>
</bind>
</comp>

<comp id="149" class="1004" name="this_numChildren_addr_gep_fu_149">
<pin_list>
<pin id="150" dir="0" index="0" bw="32" slack="2147483647"/>
<pin id="151" dir="0" index="1" bw="1" slack="0"/>
<pin id="152" dir="0" index="2" bw="1" slack="0"/>
<pin id="153" dir="1" index="3" bw="13" slack="0"/>
</pin_list>
<bind>
<opcode="getelementptr(29) " fcode="getelementptr"/>
<opset="this_numChildren_addr/7 "/>
</bind>
</comp>

<comp id="156" class="1004" name="grp_access_fu_156">
<pin_list>
<pin id="157" dir="0" index="0" bw="13" slack="0"/>
<pin id="158" dir="0" index="1" bw="32" slack="0"/>
<pin id="159" dir="0" index="2" bw="0" slack="2147483647"/>
<pin id="160" dir="1" index="3" bw="32" slack="2147483647"/>
</pin_list>
<bind>
<opcode="store(28) " fcode="store"/>
<opset="store_ln44/7 store_ln44/10 "/>
</bind>
</comp>

<comp id="163" class="1004" name="this_visitCounts_addr_gep_fu_163">
<pin_list>
<pin id="164" dir="0" index="0" bw="32" slack="2147483647"/>
<pin id="165" dir="0" index="1" bw="1" slack="0"/>
<pin id="166" dir="0" index="2" bw="1" slack="0"/>
<pin id="167" dir="1" index="3" bw="13" slack="0"/>
</pin_list>
<bind>
<opcode="getelementptr(29) " fcode="getelementptr"/>
<opset="this_visitCounts_addr/7 "/>
</bind>
</comp>

<comp id="170" class="1004" name="grp_access_fu_170">
<pin_list>
<pin id="171" dir="0" index="0" bw="13" slack="0"/>
<pin id="172" dir="0" index="1" bw="32" slack="0"/>
<pin id="173" dir="0" index="2" bw="0" slack="2147483647"/>
<pin id="174" dir="1" index="3" bw="32" slack="2147483647"/>
</pin_list>
<bind>
<opcode="store(28) " fcode="store"/>
<opset="store_ln45/7 store_ln45/10 "/>
</bind>
</comp>

<comp id="177" class="1004" name="this_meanQ_addr_gep_fu_177">
<pin_list>
<pin id="178" dir="0" index="0" bw="20" slack="2147483647"/>
<pin id="179" dir="0" index="1" bw="1" slack="0"/>
<pin id="180" dir="0" index="2" bw="1" slack="0"/>
<pin id="181" dir="1" index="3" bw="13" slack="0"/>
</pin_list>
<bind>
<opcode="getelementptr(29) " fcode="getelementptr"/>
<opset="this_meanQ_addr/7 "/>
</bind>
</comp>

<comp id="184" class="1004" name="grp_access_fu_184">
<pin_list>
<pin id="185" dir="0" index="0" bw="13" slack="0"/>
<pin id="186" dir="0" index="1" bw="20" slack="0"/>
<pin id="187" dir="0" index="2" bw="0" slack="2147483647"/>
<pin id="188" dir="1" index="3" bw="20" slack="2147483647"/>
</pin_list>
<bind>
<opcode="store(28) " fcode="store"/>
<opset="store_ln46/7 store_ln46/10 "/>
</bind>
</comp>

<comp id="191" class="1004" name="this_terminals_addr_gep_fu_191">
<pin_list>
<pin id="192" dir="0" index="0" bw="1" slack="2147483647"/>
<pin id="193" dir="0" index="1" bw="1" slack="0"/>
<pin id="194" dir="0" index="2" bw="1" slack="0"/>
<pin id="195" dir="1" index="3" bw="13" slack="0"/>
</pin_list>
<bind>
<opcode="getelementptr(29) " fcode="getelementptr"/>
<opset="this_terminals_addr/7 "/>
</bind>
</comp>

<comp id="198" class="1004" name="grp_access_fu_198">
<pin_list>
<pin id="199" dir="0" index="0" bw="13" slack="0"/>
<pin id="200" dir="0" index="1" bw="1" slack="0"/>
<pin id="201" dir="0" index="2" bw="0" slack="2147483647"/>
<pin id="202" dir="1" index="3" bw="1" slack="2147483647"/>
</pin_list>
<bind>
<opcode="store(28) " fcode="store"/>
<opset="store_ln47/7 store_ln47/10 "/>
</bind>
</comp>

<comp id="205" class="1004" name="this_triedMask_addr_gep_fu_205">
<pin_list>
<pin id="206" dir="0" index="0" bw="49" slack="2147483647"/>
<pin id="207" dir="0" index="1" bw="1" slack="0"/>
<pin id="208" dir="0" index="2" bw="1" slack="0"/>
<pin id="209" dir="1" index="3" bw="13" slack="0"/>
</pin_list>
<bind>
<opcode="getelementptr(29) " fcode="getelementptr"/>
<opset="this_triedMask_addr/7 "/>
</bind>
</comp>

<comp id="212" class="1004" name="grp_access_fu_212">
<pin_list>
<pin id="213" dir="0" index="0" bw="13" slack="0"/>
<pin id="214" dir="0" index="1" bw="49" slack="0"/>
<pin id="215" dir="0" index="2" bw="0" slack="2147483647"/>
<pin id="216" dir="1" index="3" bw="49" slack="2147483647"/>
</pin_list>
<bind>
<opcode="store(28) " fcode="store"/>
<opset="store_ln48/7 store_ln48/10 "/>
</bind>
</comp>

<comp id="219" class="1004" name="this_logVisitCounts_addr_gep_fu_219">
<pin_list>
<pin id="220" dir="0" index="0" bw="32" slack="2147483647"/>
<pin id="221" dir="0" index="1" bw="1" slack="0"/>
<pin id="222" dir="0" index="2" bw="1" slack="0"/>
<pin id="223" dir="1" index="3" bw="13" slack="0"/>
</pin_list>
<bind>
<opcode="getelementptr(29) " fcode="getelementptr"/>
<opset="this_logVisitCounts_addr/7 "/>
</bind>
</comp>

<comp id="226" class="1004" name="grp_access_fu_226">
<pin_list>
<pin id="227" dir="0" index="0" bw="13" slack="0"/>
<pin id="228" dir="0" index="1" bw="32" slack="0"/>
<pin id="229" dir="0" index="2" bw="0" slack="2147483647"/>
<pin id="230" dir="1" index="3" bw="32" slack="2147483647"/>
</pin_list>
<bind>
<opcode="store(28) " fcode="store"/>
<opset="store_ln51/7 store_ln51/10 "/>
</bind>
</comp>

<comp id="233" class="1004" name="grp_dut_Pipeline_VITIS_LOOP_17_1_fu_233">
<pin_list>
<pin id="234" dir="0" index="0" bw="0" slack="0"/>
<pin id="235" dir="0" index="1" bw="32" slack="0"/>
<pin id="236" dir="0" index="2" bw="49" slack="0"/>
<pin id="237" dir="1" index="3" bw="0" slack="2147483647"/>
</pin_list>
<bind>
<opcode="call(48) " fcode="call"/>
<opset="call_ln0/1 "/>
</bind>
</comp>

<comp id="240" class="1004" name="grp_dut_Pipeline_VITIS_LOOP_27_3_fu_240">
<pin_list>
<pin id="241" dir="0" index="0" bw="0" slack="0"/>
<pin id="242" dir="0" index="1" bw="32" slack="0"/>
<pin id="243" dir="0" index="2" bw="49" slack="2"/>
<pin id="244" dir="1" index="3" bw="0" slack="2147483647"/>
</pin_list>
<bind>
<opcode="call(48) " fcode="call"/>
<opset="call_ln0/3 "/>
</bind>
</comp>

<comp id="247" class="1004" name="grp_search_fu_247">
<pin_list>
<pin id="248" dir="0" index="0" bw="6" slack="0"/>
<pin id="249" dir="0" index="1" bw="32" slack="2147483647"/>
<pin id="250" dir="0" index="2" bw="20" slack="2147483647"/>
<pin id="251" dir="0" index="3" bw="32" slack="2147483647"/>
<pin id="252" dir="0" index="4" bw="32" slack="2147483647"/>
<pin id="253" dir="0" index="5" bw="32" slack="2147483647"/>
<pin id="254" dir="0" index="6" bw="32" slack="2147483647"/>
<pin id="255" dir="0" index="7" bw="32" slack="2147483647"/>
<pin id="256" dir="0" index="8" bw="1" slack="2147483647"/>
<pin id="257" dir="0" index="9" bw="6" slack="2147483647"/>
<pin id="258" dir="0" index="10" bw="49" slack="2147483647"/>
<pin id="259" dir="0" index="11" bw="1" slack="2147483647"/>
<pin id="260" dir="0" index="12" bw="32" slack="2147483647"/>
<pin id="261" dir="0" index="13" bw="6" slack="0"/>
<pin id="262" dir="0" index="14" bw="1" slack="2"/>
<pin id="263" dir="0" index="15" bw="32" slack="0"/>
<pin id="264" dir="0" index="16" bw="49" slack="0"/>
<pin id="265" dir="0" index="17" bw="49" slack="0"/>
<pin id="266" dir="0" index="18" bw="1" slack="3"/>
<pin id="267" dir="0" index="19" bw="6" slack="0"/>
<pin id="268" dir="0" index="20" bw="22" slack="0"/>
<pin id="269" dir="0" index="21" bw="18" slack="0"/>
<pin id="270" dir="1" index="22" bw="6" slack="0"/>
</pin_list>
<bind>
<opcode="call(48) " fcode="call"/>
<opset="empty/8 action/11 "/>
</bind>
</comp>

<comp id="277" class="1004" name="grp_fu_277">
<pin_list>
<pin id="278" dir="0" index="0" bw="32" slack="0"/>
<pin id="279" dir="0" index="1" bw="1" slack="0"/>
<pin id="280" dir="1" index="2" bw="1" slack="2"/>
</pin_list>
<bind>
<opcode="icmp(45) " fcode="icmp"/>
<opset="is_red/5 is_player1_turn/6 "/>
</bind>
</comp>

<comp id="283" class="1004" name="player1_48_loc_load_load_fu_283">
<pin_list>
<pin id="284" dir="0" index="0" bw="49" slack="7"/>
<pin id="285" dir="1" index="1" bw="49" slack="0"/>
</pin_list>
<bind>
<opcode="load(27) " fcode="load"/>
<opset="player1_48_loc_load/8 "/>
</bind>
</comp>

<comp id="287" class="1004" name="player2_loc_load_load_fu_287">
<pin_list>
<pin id="288" dir="0" index="0" bw="49" slack="7"/>
<pin id="289" dir="1" index="1" bw="49" slack="0"/>
</pin_list>
<bind>
<opcode="load(27) " fcode="load"/>
<opset="player2_loc_load/8 "/>
</bind>
</comp>

<comp id="291" class="1004" name="last_move_fu_291">
<pin_list>
<pin id="292" dir="0" index="0" bw="32" slack="0"/>
<pin id="293" dir="0" index="1" bw="1" slack="0"/>
<pin id="294" dir="1" index="2" bw="32" slack="0"/>
</pin_list>
<bind>
<opcode="add(8) " fcode="add"/>
<opset="last_move/8 "/>
</bind>
</comp>

<comp id="298" class="1004" name="zext_ln285_fu_298">
<pin_list>
<pin id="299" dir="0" index="0" bw="6" slack="0"/>
<pin id="300" dir="1" index="1" bw="32" slack="0"/>
</pin_list>
<bind>
<opcode="zext(34) " fcode="zext"/>
<opset="zext_ln285/12 "/>
</bind>
</comp>

<comp id="303" class="1005" name="player2_loc_reg_303">
<pin_list>
<pin id="304" dir="0" index="0" bw="49" slack="2"/>
<pin id="305" dir="1" index="1" bw="49" slack="2"/>
</pin_list>
<bind>
<opset="player2_loc "/>
</bind>
</comp>

<comp id="309" class="1005" name="player1_48_loc_reg_309">
<pin_list>
<pin id="310" dir="0" index="0" bw="49" slack="0"/>
<pin id="311" dir="1" index="1" bw="49" slack="0"/>
</pin_list>
<bind>
<opset="player1_48_loc "/>
</bind>
</comp>

<comp id="315" class="1005" name="is_red_reg_315">
<pin_list>
<pin id="316" dir="0" index="0" bw="1" slack="3"/>
<pin id="317" dir="1" index="1" bw="1" slack="3"/>
</pin_list>
<bind>
<opset="is_red "/>
</bind>
</comp>

<comp id="320" class="1005" name="is_player1_turn_reg_320">
<pin_list>
<pin id="321" dir="0" index="0" bw="1" slack="2"/>
<pin id="322" dir="1" index="1" bw="1" slack="2"/>
</pin_list>
<bind>
<opset="is_player1_turn "/>
</bind>
</comp>

<comp id="325" class="1005" name="this_parents_addr_reg_325">
<pin_list>
<pin id="326" dir="0" index="0" bw="13" slack="3"/>
<pin id="327" dir="1" index="1" bw="13" slack="3"/>
</pin_list>
<bind>
<opset="this_parents_addr "/>
</bind>
</comp>

<comp id="330" class="1005" name="this_firstChilds_addr_reg_330">
<pin_list>
<pin id="331" dir="0" index="0" bw="13" slack="3"/>
<pin id="332" dir="1" index="1" bw="13" slack="3"/>
</pin_list>
<bind>
<opset="this_firstChilds_addr "/>
</bind>
</comp>

<comp id="335" class="1005" name="this_numChildren_addr_reg_335">
<pin_list>
<pin id="336" dir="0" index="0" bw="13" slack="3"/>
<pin id="337" dir="1" index="1" bw="13" slack="3"/>
</pin_list>
<bind>
<opset="this_numChildren_addr "/>
</bind>
</comp>

<comp id="340" class="1005" name="this_visitCounts_addr_reg_340">
<pin_list>
<pin id="341" dir="0" index="0" bw="13" slack="3"/>
<pin id="342" dir="1" index="1" bw="13" slack="3"/>
</pin_list>
<bind>
<opset="this_visitCounts_addr "/>
</bind>
</comp>

<comp id="345" class="1005" name="this_meanQ_addr_reg_345">
<pin_list>
<pin id="346" dir="0" index="0" bw="13" slack="3"/>
<pin id="347" dir="1" index="1" bw="13" slack="3"/>
</pin_list>
<bind>
<opset="this_meanQ_addr "/>
</bind>
</comp>

<comp id="350" class="1005" name="this_terminals_addr_reg_350">
<pin_list>
<pin id="351" dir="0" index="0" bw="13" slack="3"/>
<pin id="352" dir="1" index="1" bw="13" slack="3"/>
</pin_list>
<bind>
<opset="this_terminals_addr "/>
</bind>
</comp>

<comp id="355" class="1005" name="this_triedMask_addr_reg_355">
<pin_list>
<pin id="356" dir="0" index="0" bw="13" slack="3"/>
<pin id="357" dir="1" index="1" bw="13" slack="3"/>
</pin_list>
<bind>
<opset="this_triedMask_addr "/>
</bind>
</comp>

<comp id="360" class="1005" name="this_logVisitCounts_addr_reg_360">
<pin_list>
<pin id="361" dir="0" index="0" bw="13" slack="3"/>
<pin id="362" dir="1" index="1" bw="13" slack="3"/>
</pin_list>
<bind>
<opset="this_logVisitCounts_addr "/>
</bind>
</comp>

<comp id="371" class="1005" name="last_move_reg_371">
<pin_list>
<pin id="372" dir="0" index="0" bw="32" slack="1"/>
<pin id="373" dir="1" index="1" bw="32" slack="1"/>
</pin_list>
<bind>
<opset="last_move "/>
</bind>
</comp>

</comp_list>

<net_list>
<net id="55"><net_src comp="10" pin="0"/><net_sink comp="52" pin=0"/></net>

<net id="59"><net_src comp="10" pin="0"/><net_sink comp="56" pin=0"/></net>

<net id="63"><net_src comp="10" pin="0"/><net_sink comp="60" pin=0"/></net>

<net id="67"><net_src comp="10" pin="0"/><net_sink comp="64" pin=0"/></net>

<net id="71"><net_src comp="10" pin="0"/><net_sink comp="68" pin=0"/></net>

<net id="75"><net_src comp="10" pin="0"/><net_sink comp="72" pin=0"/></net>

<net id="79"><net_src comp="10" pin="0"/><net_sink comp="76" pin=0"/></net>

<net id="83"><net_src comp="10" pin="0"/><net_sink comp="80" pin=0"/></net>

<net id="87"><net_src comp="10" pin="0"/><net_sink comp="84" pin=0"/></net>

<net id="91"><net_src comp="10" pin="0"/><net_sink comp="88" pin=0"/></net>

<net id="95"><net_src comp="10" pin="0"/><net_sink comp="92" pin=0"/></net>

<net id="99"><net_src comp="10" pin="0"/><net_sink comp="96" pin=0"/></net>

<net id="103"><net_src comp="10" pin="0"/><net_sink comp="100" pin=0"/></net>

<net id="107"><net_src comp="10" pin="0"/><net_sink comp="104" pin=0"/></net>

<net id="112"><net_src comp="16" pin="0"/><net_sink comp="108" pin=0"/></net>

<net id="113"><net_src comp="0" pin="0"/><net_sink comp="108" pin=1"/></net>

<net id="119"><net_src comp="50" pin="0"/><net_sink comp="114" pin=0"/></net>

<net id="120"><net_src comp="2" pin="0"/><net_sink comp="114" pin=1"/></net>

<net id="126"><net_src comp="20" pin="0"/><net_sink comp="121" pin=1"/></net>

<net id="127"><net_src comp="20" pin="0"/><net_sink comp="121" pin=2"/></net>

<net id="133"><net_src comp="22" pin="0"/><net_sink comp="128" pin=1"/></net>

<net id="134"><net_src comp="121" pin="3"/><net_sink comp="128" pin=0"/></net>

<net id="140"><net_src comp="20" pin="0"/><net_sink comp="135" pin=1"/></net>

<net id="141"><net_src comp="20" pin="0"/><net_sink comp="135" pin=2"/></net>

<net id="147"><net_src comp="22" pin="0"/><net_sink comp="142" pin=1"/></net>

<net id="148"><net_src comp="135" pin="3"/><net_sink comp="142" pin=0"/></net>

<net id="154"><net_src comp="20" pin="0"/><net_sink comp="149" pin=1"/></net>

<net id="155"><net_src comp="20" pin="0"/><net_sink comp="149" pin=2"/></net>

<net id="161"><net_src comp="18" pin="0"/><net_sink comp="156" pin=1"/></net>

<net id="162"><net_src comp="149" pin="3"/><net_sink comp="156" pin=0"/></net>

<net id="168"><net_src comp="20" pin="0"/><net_sink comp="163" pin=1"/></net>

<net id="169"><net_src comp="20" pin="0"/><net_sink comp="163" pin=2"/></net>

<net id="175"><net_src comp="18" pin="0"/><net_sink comp="170" pin=1"/></net>

<net id="176"><net_src comp="163" pin="3"/><net_sink comp="170" pin=0"/></net>

<net id="182"><net_src comp="20" pin="0"/><net_sink comp="177" pin=1"/></net>

<net id="183"><net_src comp="20" pin="0"/><net_sink comp="177" pin=2"/></net>

<net id="189"><net_src comp="24" pin="0"/><net_sink comp="184" pin=1"/></net>

<net id="190"><net_src comp="177" pin="3"/><net_sink comp="184" pin=0"/></net>

<net id="196"><net_src comp="20" pin="0"/><net_sink comp="191" pin=1"/></net>

<net id="197"><net_src comp="20" pin="0"/><net_sink comp="191" pin=2"/></net>

<net id="203"><net_src comp="26" pin="0"/><net_sink comp="198" pin=1"/></net>

<net id="204"><net_src comp="191" pin="3"/><net_sink comp="198" pin=0"/></net>

<net id="210"><net_src comp="20" pin="0"/><net_sink comp="205" pin=1"/></net>

<net id="211"><net_src comp="20" pin="0"/><net_sink comp="205" pin=2"/></net>

<net id="217"><net_src comp="28" pin="0"/><net_sink comp="212" pin=1"/></net>

<net id="218"><net_src comp="205" pin="3"/><net_sink comp="212" pin=0"/></net>

<net id="224"><net_src comp="20" pin="0"/><net_sink comp="219" pin=1"/></net>

<net id="225"><net_src comp="20" pin="0"/><net_sink comp="219" pin=2"/></net>

<net id="231"><net_src comp="18" pin="0"/><net_sink comp="226" pin=1"/></net>

<net id="232"><net_src comp="219" pin="3"/><net_sink comp="226" pin=0"/></net>

<net id="238"><net_src comp="12" pin="0"/><net_sink comp="233" pin=0"/></net>

<net id="239"><net_src comp="0" pin="0"/><net_sink comp="233" pin=1"/></net>

<net id="245"><net_src comp="14" pin="0"/><net_sink comp="240" pin=0"/></net>

<net id="246"><net_src comp="0" pin="0"/><net_sink comp="240" pin=1"/></net>

<net id="271"><net_src comp="30" pin="0"/><net_sink comp="247" pin=0"/></net>

<net id="272"><net_src comp="32" pin="0"/><net_sink comp="247" pin=13"/></net>

<net id="273"><net_src comp="4" pin="0"/><net_sink comp="247" pin=19"/></net>

<net id="274"><net_src comp="6" pin="0"/><net_sink comp="247" pin=20"/></net>

<net id="275"><net_src comp="8" pin="0"/><net_sink comp="247" pin=21"/></net>

<net id="276"><net_src comp="34" pin="0"/><net_sink comp="247" pin=13"/></net>

<net id="281"><net_src comp="108" pin="2"/><net_sink comp="277" pin=0"/></net>

<net id="282"><net_src comp="18" pin="0"/><net_sink comp="277" pin=1"/></net>

<net id="286"><net_src comp="283" pin="1"/><net_sink comp="247" pin=16"/></net>

<net id="290"><net_src comp="287" pin="1"/><net_sink comp="247" pin=17"/></net>

<net id="295"><net_src comp="108" pin="2"/><net_sink comp="291" pin=0"/></net>

<net id="296"><net_src comp="22" pin="0"/><net_sink comp="291" pin=1"/></net>

<net id="297"><net_src comp="291" pin="2"/><net_sink comp="247" pin=15"/></net>

<net id="301"><net_src comp="247" pin="22"/><net_sink comp="298" pin=0"/></net>

<net id="302"><net_src comp="298" pin="1"/><net_sink comp="114" pin=2"/></net>

<net id="306"><net_src comp="52" pin="1"/><net_sink comp="303" pin=0"/></net>

<net id="307"><net_src comp="303" pin="1"/><net_sink comp="240" pin=2"/></net>

<net id="308"><net_src comp="303" pin="1"/><net_sink comp="287" pin=0"/></net>

<net id="312"><net_src comp="56" pin="1"/><net_sink comp="309" pin=0"/></net>

<net id="313"><net_src comp="309" pin="1"/><net_sink comp="233" pin=2"/></net>

<net id="314"><net_src comp="309" pin="1"/><net_sink comp="283" pin=0"/></net>

<net id="318"><net_src comp="277" pin="2"/><net_sink comp="315" pin=0"/></net>

<net id="319"><net_src comp="315" pin="1"/><net_sink comp="247" pin=18"/></net>

<net id="323"><net_src comp="277" pin="2"/><net_sink comp="320" pin=0"/></net>

<net id="324"><net_src comp="320" pin="1"/><net_sink comp="247" pin=14"/></net>

<net id="328"><net_src comp="121" pin="3"/><net_sink comp="325" pin=0"/></net>

<net id="329"><net_src comp="325" pin="1"/><net_sink comp="128" pin=0"/></net>

<net id="333"><net_src comp="135" pin="3"/><net_sink comp="330" pin=0"/></net>

<net id="334"><net_src comp="330" pin="1"/><net_sink comp="142" pin=0"/></net>

<net id="338"><net_src comp="149" pin="3"/><net_sink comp="335" pin=0"/></net>

<net id="339"><net_src comp="335" pin="1"/><net_sink comp="156" pin=0"/></net>

<net id="343"><net_src comp="163" pin="3"/><net_sink comp="340" pin=0"/></net>

<net id="344"><net_src comp="340" pin="1"/><net_sink comp="170" pin=0"/></net>

<net id="348"><net_src comp="177" pin="3"/><net_sink comp="345" pin=0"/></net>

<net id="349"><net_src comp="345" pin="1"/><net_sink comp="184" pin=0"/></net>

<net id="353"><net_src comp="191" pin="3"/><net_sink comp="350" pin=0"/></net>

<net id="354"><net_src comp="350" pin="1"/><net_sink comp="198" pin=0"/></net>

<net id="358"><net_src comp="205" pin="3"/><net_sink comp="355" pin=0"/></net>

<net id="359"><net_src comp="355" pin="1"/><net_sink comp="212" pin=0"/></net>

<net id="363"><net_src comp="219" pin="3"/><net_sink comp="360" pin=0"/></net>

<net id="364"><net_src comp="360" pin="1"/><net_sink comp="226" pin=0"/></net>

<net id="374"><net_src comp="291" pin="2"/><net_sink comp="371" pin=0"/></net>

<net id="375"><net_src comp="371" pin="1"/><net_sink comp="247" pin=15"/></net>

</net_list>

</model> 
---------------- Datapath Model END ------------------

* FSMD analyzer results:
  - Output states:
	Port: strm_out | {12 }
 - Input state : 
	Port: dut : strm_in | {1 2 3 4 5 6 7 8 }
	Port: dut : log_apfixed_reduce_log_inverse_lut_table_array | {8 9 11 12 }
	Port: dut : log_apfixed_reduce_log0_lut_table_ap_fixed_0_5_64_array | {8 9 11 12 }
	Port: dut : log_apfixed_reduce_log_lut_table_ap_fixed_4_4_16_array | {8 9 11 12 }
  - Chain level:
	State 1
		call_ln0 : 1
	State 2
	State 3
	State 4
	State 5
	State 6
	State 7
		store_ln42 : 1
		store_ln43 : 1
		store_ln44 : 1
		store_ln45 : 1
		store_ln46 : 1
		store_ln47 : 1
		store_ln48 : 1
		store_ln51 : 1
	State 8
		empty : 1
	State 9
	State 10
	State 11
	State 12
		zext_ln285 : 1
		write_ln51 : 2


============================================================
+ Verbose Summary: Datapath Resource usage 
============================================================

* Functional unit list:
|----------|-----------------------------------------|---------|---------|---------|---------|
| Operation|             Functional Unit             |   DSP   |  Delay  |    FF   |   LUT   |
|----------|-----------------------------------------|---------|---------|---------|---------|
|          | grp_dut_Pipeline_VITIS_LOOP_17_1_fu_233 |    0    |    0    |   227   |   3207  |
|   call   | grp_dut_Pipeline_VITIS_LOOP_27_3_fu_240 |    0    |    0    |   227   |   3207  |
|          |            grp_search_fu_247            |    6    |  29.321 |  13247  |  18708  |
|----------|-----------------------------------------|---------|---------|---------|---------|
|   icmp   |                grp_fu_277               |    0    |    0    |    0    |    39   |
|----------|-----------------------------------------|---------|---------|---------|---------|
|    add   |             last_move_fu_291            |    0    |    0    |    0    |    39   |
|----------|-----------------------------------------|---------|---------|---------|---------|
|   read   |             grp_read_fu_108             |    0    |    0    |    0    |    0    |
|----------|-----------------------------------------|---------|---------|---------|---------|
|   write  |         write_ln51_write_fu_114         |    0    |    0    |    0    |    0    |
|----------|-----------------------------------------|---------|---------|---------|---------|
|   zext   |            zext_ln285_fu_298            |    0    |    0    |    0    |    0    |
|----------|-----------------------------------------|---------|---------|---------|---------|
|   Total  |                                         |    6    |  29.321 |  13701  |  25200  |
|----------|-----------------------------------------|---------|---------|---------|---------|

Memories:
+-------------------------------------------------------+--------+--------+--------+--------+
|                                                       |  BRAM  |   FF   |   LUT  |  URAM  |
+-------------------------------------------------------+--------+--------+--------+--------+
|log_apfixed_reduce_log0_lut_table_ap_fixed_0_5_64_array|    1   |    0   |    0   |    -   |
|     log_apfixed_reduce_log_inverse_lut_table_array    |    0   |    6   |    6   |    -   |
| log_apfixed_reduce_log_lut_table_ap_fixed_4_4_16_array|    0   |   18   |    5   |    -   |
|                 searcher_childActions                 |    3   |    0   |    0   |    0   |
|                  searcher_firstChilds                 |   14   |    0   |    0   |    0   |
|                    searcher_isREDs                    |    1   |    0   |    0   |    0   |
|                searcher_logVisitCounts                |   14   |    0   |    0   |    0   |
|                     searcher_meanQ                    |    8   |    0   |    0   |    0   |
|                 searcher_nextSiblings                 |   14   |    0   |    0   |    0   |
|                  searcher_numChildren                 |   14   |    0   |    0   |    0   |
|                searcher_numLegalActions               |   14   |    0   |    0   |    0   |
|                    searcher_parents                   |   14   |    0   |    0   |    0   |
|                   searcher_terminals                  |    1   |    0   |    0   |    0   |
|                   searcher_triedMask                  |   16   |    0   |    0   |    0   |
|                  searcher_visitCounts                 |   14   |    0   |    0   |    0   |
+-------------------------------------------------------+--------+--------+--------+--------+
|                         Total                         |   128  |   24   |   11   |    0   |
+-------------------------------------------------------+--------+--------+--------+--------+

* Register list:
+--------------------------------+--------+
|                                |   FF   |
+--------------------------------+--------+
|     is_player1_turn_reg_320    |    1   |
|         is_red_reg_315         |    1   |
|        last_move_reg_371       |   32   |
|     player1_48_loc_reg_309     |   49   |
|       player2_loc_reg_303      |   49   |
|  this_firstChilds_addr_reg_330 |   13   |
|this_logVisitCounts_addr_reg_360|   13   |
|     this_meanQ_addr_reg_345    |   13   |
|  this_numChildren_addr_reg_335 |   13   |
|    this_parents_addr_reg_325   |   13   |
|   this_terminals_addr_reg_350  |   13   |
|   this_triedMask_addr_reg_355  |   13   |
|  this_visitCounts_addr_reg_340 |   13   |
+--------------------------------+--------+
|              Total             |   236  |
+--------------------------------+--------+

* Multiplexer (MUX) list: 
|-------------------|------|------|------|--------||---------||---------||---------|
|        Comp       |  Pin | Size |  BW  | S x BW ||  Delay  ||    FF   ||   LUT   |
|-------------------|------|------|------|--------||---------||---------||---------|
| grp_access_fu_128 |  p0  |   2  |  13  |   26   ||    0    ||    9    |
| grp_access_fu_142 |  p0  |   2  |  13  |   26   ||    0    ||    9    |
| grp_access_fu_156 |  p0  |   2  |  13  |   26   ||    0    ||    9    |
| grp_access_fu_170 |  p0  |   2  |  13  |   26   ||    0    ||    9    |
| grp_access_fu_184 |  p0  |   2  |  13  |   26   ||    0    ||    9    |
| grp_access_fu_198 |  p0  |   2  |  13  |   26   ||    0    ||    9    |
| grp_access_fu_212 |  p0  |   2  |  13  |   26   ||    0    ||    9    |
| grp_access_fu_226 |  p0  |   2  |  13  |   26   ||    0    ||    9    |
| grp_search_fu_247 |  p13 |   2  |   6  |   12   |
| grp_search_fu_247 |  p15 |   2  |  32  |   64   ||    0    ||    9    |
|-------------------|------|------|------|--------||---------||---------||---------|
|       Total       |      |      |      |   284  ||   4.27  ||    0    ||    81   |
|-------------------|------|------|------|--------||---------||---------||---------|



* Summary:
+-----------+--------+--------+--------+--------+--------+--------+
|           |  BRAM  |   DSP  |  Delay |   FF   |   LUT  |  URAM  |
+-----------+--------+--------+--------+--------+--------+--------+
|  Function |    -   |    6   |   29   |  13701 |  25200 |    -   |
|   Memory  |   128  |    -   |    -   |   24   |   11   |    0   |
|Multiplexer|    -   |    -   |    4   |    0   |   81   |    -   |
|  Register |    -   |    -   |    -   |   236  |    -   |    -   |
+-----------+--------+--------+--------+--------+--------+--------+
|   Total   |   128  |    6   |   33   |  13961 |  25292 |    0   |
+-----------+--------+--------+--------+--------+--------+--------+
