

================================================================
== Vitis HLS Report for 'forward_Pipeline_VITIS_LOOP_140_2'
================================================================
* Date:           Thu Apr 23 22:10:22 2026

* Version:        2025.1 (Build 6135595 on May 21 2025)
* Project:        mcts.prj
* Solution:       solution1 (Vivado IP Flow Target)
* Product family: zynquplus
* Target device:  xck26-sfvc784-2LV-c


================================================================
== Performance Estimates
================================================================
+ Timing: 
    * Summary: 
    +--------+----------+----------+------------+
    |  Clock |  Target  | Estimated| Uncertainty|
    +--------+----------+----------+------------+
    |ap_clk  |  10.00 ns|  7.167 ns|     2.70 ns|
    +--------+----------+----------+------------+

+ Latency: 
    * Summary: 
    +---------+---------+----------+----------+-----+-----+------------------------------------------------+
    |  Latency (cycles) |  Latency (absolute) |  Interval |                    Pipeline                    |
    |   min   |   max   |    min   |    max   | min | max |                      Type                      |
    +---------+---------+----------+----------+-----+-----+------------------------------------------------+
    |        ?|        ?|         ?|         ?|    0|    0|  loop auto-rewind stp (delay=0 clock cycles(s))|
    +---------+---------+----------+----------+-----+-----+------------------------------------------------+

    + Detail: 
        * Instance: 
        +-------------------------------+--------------------+---------+---------+-----------+-----------+-----+-----+---------+
        |                               |                    |  Latency (cycles) |   Latency (absolute)  |  Interval | Pipeline|
        |            Instance           |       Module       |   min   |   max   |    min    |    max    | min | max |   Type  |
        +-------------------------------+--------------------+---------+---------+-----------+-----------+-----+-----+---------+
        |grp_sqrt_fixed_32_16_s_fu_118  |sqrt_fixed_32_16_s  |        6|        6|  60.000 ns|  60.000 ns|    1|    1|      yes|
        +-------------------------------+--------------------+---------+---------+-----------+-----------+-----+-----+---------+

        * Loop: 
        +--------------------+---------+---------+----------+-----------+-----------+------+----------+
        |                    |  Latency (cycles) | Iteration|  Initiation Interval  | Trip |          |
        |      Loop Name     |   min   |   max   |  Latency |  achieved |   target  | Count| Pipelined|
        +--------------------+---------+---------+----------+-----------+-----------+------+----------+
        |- VITIS_LOOP_140_2  |        ?|        ?|        49|          1|          1|     ?|       yes|
        +--------------------+---------+---------+----------+-----------+-----------+------+----------+



================================================================
== Utilization Estimates
================================================================
* Summary: 
+-----------------+---------+------+--------+--------+-----+
|       Name      | BRAM_18K|  DSP |   FF   |   LUT  | URAM|
+-----------------+---------+------+--------+--------+-----+
|DSP              |        -|     1|       -|       -|    -|
|Expression       |        -|     -|       0|     144|    -|
|FIFO             |        -|     -|       -|       -|    -|
|Instance         |        -|     -|    2888|    7514|    -|
|Memory           |        -|     -|       -|       -|    -|
|Multiplexer      |        -|     -|       0|      59|    -|
|Register         |        -|     -|     506|      96|    -|
+-----------------+---------+------+--------+--------+-----+
|Total            |        0|     1|    3394|    7813|    0|
+-----------------+---------+------+--------+--------+-----+
|Available        |      288|  1248|  234240|  117120|   64|
+-----------------+---------+------+--------+--------+-----+
|Utilization (%)  |        0|    ~0|       1|       6|    0|
+-----------------+---------+------+--------+--------+-----+

+ Detail: 
    * Instance: 
    +-------------------------------+------------------------+---------+----+------+------+-----+
    |            Instance           |         Module         | BRAM_18K| DSP|  FF  |  LUT | URAM|
    +-------------------------------+------------------------+---------+----+------+------+-----+
    |sdiv_32ns_32ns_32_36_1_U75     |sdiv_32ns_32ns_32_36_1  |        0|   0|  2283|  1738|    0|
    |grp_sqrt_fixed_32_16_s_fu_118  |sqrt_fixed_32_16_s      |        0|   0|   605|  5776|    0|
    +-------------------------------+------------------------+---------+----+------+------+-----+
    |Total                          |                        |        0|   0|  2888|  7514|    0|
    +-------------------------------+------------------------+---------+----+------+------+-----+

    * DSP: 
    +-------------------------------------+---------------------------------+--------------+
    |               Instance              |              Module             |  Expression  |
    +-------------------------------------+---------------------------------+--------------+
    |mac_muladd_24ns_16ns_36s_41_4_1_U76  |mac_muladd_24ns_16ns_36s_41_4_1  |  i0 + i1 * i2|
    +-------------------------------------+---------------------------------+--------------+

    * Memory: 
    N/A

    * FIFO: 
    N/A

    * Expression: 
    +---------------------------+----------+----+---+----+------------+------------+
    |       Variable Name       | Operation| DSP| FF| LUT| Bitwidth P0| Bitwidth P1|
    +---------------------------+----------+----+---+----+------------+------------+
    |icmp_ln140_fu_141_p2       |      icmp|   0|  0|  39|          32|           2|
    |icmp_ln145_fu_197_p2       |      icmp|   0|  0|  39|          32|          32|
    |bestChildNode_5_fu_211_p3  |    select|   0|  0|  32|           1|          32|
    |bestChildUCT_2_fu_203_p3   |    select|   0|  0|  32|           1|          32|
    |ap_enable_pp0              |       xor|   0|  0|   2|           1|           2|
    +---------------------------+----------+----+---+----+------------+------------+
    |Total                      |          |   0|  0| 144|          67|         100|
    +---------------------------+----------+----+---+----+------------+------------+

    * Multiplexer: 
    +------------------------------+----+-----------+-----+-----------+
    |             Name             | LUT| Input Size| Bits| Total Bits|
    +------------------------------+----+-----------+-----+-----------+
    |ap_done_int                   |   9|          2|    1|          2|
    |ap_enable_reg_pp0_iter1       |   9|          2|    1|          2|
    |ap_sig_allocacmp_childNode_2  |  14|          3|   32|         96|
    |bestChildNode_3_fu_52         |   9|          2|   32|         64|
    |bestChildNode_fu_48           |   9|          2|   32|         64|
    |bestChildUCT_fu_56            |   9|          2|   32|         64|
    +------------------------------+----+-----------+-----+-----------+
    |Total                         |  59|         13|  130|        292|
    +------------------------------+----+-----------+-----+-----------+

    * Register: 
    +-----------------------------------+----+----+-----+-----------+
    |                Name               | FF | LUT| Bits| Const Bits|
    +-----------------------------------+----+----+-----+-----------+
    |ap_CS_fsm                          |   1|   0|    1|          0|
    |ap_done_reg                        |   1|   0|    1|          0|
    |ap_enable_reg_pp0_iter1            |   1|   0|    1|          0|
    |ap_enable_reg_pp0_iter10           |   1|   0|    1|          0|
    |ap_enable_reg_pp0_iter11           |   1|   0|    1|          0|
    |ap_enable_reg_pp0_iter12           |   1|   0|    1|          0|
    |ap_enable_reg_pp0_iter13           |   1|   0|    1|          0|
    |ap_enable_reg_pp0_iter14           |   1|   0|    1|          0|
    |ap_enable_reg_pp0_iter15           |   1|   0|    1|          0|
    |ap_enable_reg_pp0_iter16           |   1|   0|    1|          0|
    |ap_enable_reg_pp0_iter17           |   1|   0|    1|          0|
    |ap_enable_reg_pp0_iter18           |   1|   0|    1|          0|
    |ap_enable_reg_pp0_iter19           |   1|   0|    1|          0|
    |ap_enable_reg_pp0_iter2            |   1|   0|    1|          0|
    |ap_enable_reg_pp0_iter20           |   1|   0|    1|          0|
    |ap_enable_reg_pp0_iter21           |   1|   0|    1|          0|
    |ap_enable_reg_pp0_iter22           |   1|   0|    1|          0|
    |ap_enable_reg_pp0_iter23           |   1|   0|    1|          0|
    |ap_enable_reg_pp0_iter24           |   1|   0|    1|          0|
    |ap_enable_reg_pp0_iter25           |   1|   0|    1|          0|
    |ap_enable_reg_pp0_iter26           |   1|   0|    1|          0|
    |ap_enable_reg_pp0_iter27           |   1|   0|    1|          0|
    |ap_enable_reg_pp0_iter28           |   1|   0|    1|          0|
    |ap_enable_reg_pp0_iter29           |   1|   0|    1|          0|
    |ap_enable_reg_pp0_iter3            |   1|   0|    1|          0|
    |ap_enable_reg_pp0_iter30           |   1|   0|    1|          0|
    |ap_enable_reg_pp0_iter31           |   1|   0|    1|          0|
    |ap_enable_reg_pp0_iter32           |   1|   0|    1|          0|
    |ap_enable_reg_pp0_iter33           |   1|   0|    1|          0|
    |ap_enable_reg_pp0_iter34           |   1|   0|    1|          0|
    |ap_enable_reg_pp0_iter35           |   1|   0|    1|          0|
    |ap_enable_reg_pp0_iter36           |   1|   0|    1|          0|
    |ap_enable_reg_pp0_iter37           |   1|   0|    1|          0|
    |ap_enable_reg_pp0_iter38           |   1|   0|    1|          0|
    |ap_enable_reg_pp0_iter39           |   1|   0|    1|          0|
    |ap_enable_reg_pp0_iter4            |   1|   0|    1|          0|
    |ap_enable_reg_pp0_iter40           |   1|   0|    1|          0|
    |ap_enable_reg_pp0_iter41           |   1|   0|    1|          0|
    |ap_enable_reg_pp0_iter42           |   1|   0|    1|          0|
    |ap_enable_reg_pp0_iter43           |   1|   0|    1|          0|
    |ap_enable_reg_pp0_iter44           |   1|   0|    1|          0|
    |ap_enable_reg_pp0_iter45           |   1|   0|    1|          0|
    |ap_enable_reg_pp0_iter46           |   1|   0|    1|          0|
    |ap_enable_reg_pp0_iter47           |   1|   0|    1|          0|
    |ap_enable_reg_pp0_iter48           |   1|   0|    1|          0|
    |ap_enable_reg_pp0_iter5            |   1|   0|    1|          0|
    |ap_enable_reg_pp0_iter6            |   1|   0|    1|          0|
    |ap_enable_reg_pp0_iter7            |   1|   0|    1|          0|
    |ap_enable_reg_pp0_iter8            |   1|   0|    1|          0|
    |ap_enable_reg_pp0_iter9            |   1|   0|    1|          0|
    |ap_loop_exit_ready_pp0_iter10_reg  |   1|   0|    1|          0|
    |ap_loop_exit_ready_pp0_iter11_reg  |   1|   0|    1|          0|
    |ap_loop_exit_ready_pp0_iter12_reg  |   1|   0|    1|          0|
    |ap_loop_exit_ready_pp0_iter13_reg  |   1|   0|    1|          0|
    |ap_loop_exit_ready_pp0_iter14_reg  |   1|   0|    1|          0|
    |ap_loop_exit_ready_pp0_iter15_reg  |   1|   0|    1|          0|
    |ap_loop_exit_ready_pp0_iter16_reg  |   1|   0|    1|          0|
    |ap_loop_exit_ready_pp0_iter17_reg  |   1|   0|    1|          0|
    |ap_loop_exit_ready_pp0_iter18_reg  |   1|   0|    1|          0|
    |ap_loop_exit_ready_pp0_iter19_reg  |   1|   0|    1|          0|
    |ap_loop_exit_ready_pp0_iter1_reg   |   1|   0|    1|          0|
    |ap_loop_exit_ready_pp0_iter20_reg  |   1|   0|    1|          0|
    |ap_loop_exit_ready_pp0_iter21_reg  |   1|   0|    1|          0|
    |ap_loop_exit_ready_pp0_iter22_reg  |   1|   0|    1|          0|
    |ap_loop_exit_ready_pp0_iter23_reg  |   1|   0|    1|          0|
    |ap_loop_exit_ready_pp0_iter24_reg  |   1|   0|    1|          0|
    |ap_loop_exit_ready_pp0_iter25_reg  |   1|   0|    1|          0|
    |ap_loop_exit_ready_pp0_iter26_reg  |   1|   0|    1|          0|
    |ap_loop_exit_ready_pp0_iter27_reg  |   1|   0|    1|          0|
    |ap_loop_exit_ready_pp0_iter28_reg  |   1|   0|    1|          0|
    |ap_loop_exit_ready_pp0_iter29_reg  |   1|   0|    1|          0|
    |ap_loop_exit_ready_pp0_iter2_reg   |   1|   0|    1|          0|
    |ap_loop_exit_ready_pp0_iter30_reg  |   1|   0|    1|          0|
    |ap_loop_exit_ready_pp0_iter31_reg  |   1|   0|    1|          0|
    |ap_loop_exit_ready_pp0_iter32_reg  |   1|   0|    1|          0|
    |ap_loop_exit_ready_pp0_iter33_reg  |   1|   0|    1|          0|
    |ap_loop_exit_ready_pp0_iter34_reg  |   1|   0|    1|          0|
    |ap_loop_exit_ready_pp0_iter35_reg  |   1|   0|    1|          0|
    |ap_loop_exit_ready_pp0_iter36_reg  |   1|   0|    1|          0|
    |ap_loop_exit_ready_pp0_iter37_reg  |   1|   0|    1|          0|
    |ap_loop_exit_ready_pp0_iter38_reg  |   1|   0|    1|          0|
    |ap_loop_exit_ready_pp0_iter39_reg  |   1|   0|    1|          0|
    |ap_loop_exit_ready_pp0_iter3_reg   |   1|   0|    1|          0|
    |ap_loop_exit_ready_pp0_iter40_reg  |   1|   0|    1|          0|
    |ap_loop_exit_ready_pp0_iter41_reg  |   1|   0|    1|          0|
    |ap_loop_exit_ready_pp0_iter42_reg  |   1|   0|    1|          0|
    |ap_loop_exit_ready_pp0_iter43_reg  |   1|   0|    1|          0|
    |ap_loop_exit_ready_pp0_iter44_reg  |   1|   0|    1|          0|
    |ap_loop_exit_ready_pp0_iter45_reg  |   1|   0|    1|          0|
    |ap_loop_exit_ready_pp0_iter46_reg  |   1|   0|    1|          0|
    |ap_loop_exit_ready_pp0_iter47_reg  |   1|   0|    1|          0|
    |ap_loop_exit_ready_pp0_iter4_reg   |   1|   0|    1|          0|
    |ap_loop_exit_ready_pp0_iter5_reg   |   1|   0|    1|          0|
    |ap_loop_exit_ready_pp0_iter6_reg   |   1|   0|    1|          0|
    |ap_loop_exit_ready_pp0_iter7_reg   |   1|   0|    1|          0|
    |ap_loop_exit_ready_pp0_iter8_reg   |   1|   0|    1|          0|
    |ap_loop_exit_ready_pp0_iter9_reg   |   1|   0|    1|          0|
    |bestChildNode_3_fu_52              |  32|   0|   32|          0|
    |bestChildNode_fu_48                |  32|   0|   32|          0|
    |bestChildUCT_fu_56                 |  32|   0|   32|          0|
    |childNode_2_reg_268                |  32|   0|   32|          0|
    |icmp_ln140_reg_273                 |   1|   0|    1|          0|
    |sext_ln_reg_302                    |  24|   0|   24|          0|
    |x_reg_297                          |  32|   0|   32|          0|
    |zext_ln141_reg_277                 |  32|   0|   64|         32|
    |childNode_2_reg_268                |  64|  32|   32|          0|
    |icmp_ln140_reg_273                 |  64|  32|    1|          0|
    |zext_ln141_reg_277                 |  64|  32|   64|         32|
    +-----------------------------------+----+----+-----+-----------+
    |Total                              | 506|  96|  443|         64|
    +-----------------------------------+----+----+-----+-----------+



================================================================
== Interface
================================================================
* Summary: 
+----------------------------+-----+-----+------------+-----------------------------------+--------------+
|          RTL Ports         | Dir | Bits|  Protocol  |           Source Object           |    C Type    |
+----------------------------+-----+-----+------------+-----------------------------------+--------------+
|ap_clk                      |   in|    1|  ap_ctrl_hs|  forward_Pipeline_VITIS_LOOP_140_2|  return value|
|ap_rst                      |   in|    1|  ap_ctrl_hs|  forward_Pipeline_VITIS_LOOP_140_2|  return value|
|ap_start                    |   in|    1|  ap_ctrl_hs|  forward_Pipeline_VITIS_LOOP_140_2|  return value|
|ap_done                     |  out|    1|  ap_ctrl_hs|  forward_Pipeline_VITIS_LOOP_140_2|  return value|
|ap_idle                     |  out|    1|  ap_ctrl_hs|  forward_Pipeline_VITIS_LOOP_140_2|  return value|
|ap_ready                    |  out|    1|  ap_ctrl_hs|  forward_Pipeline_VITIS_LOOP_140_2|  return value|
|bestChildNode_7             |   in|   32|     ap_none|                    bestChildNode_7|        scalar|
|this_meanQ_address0         |  out|   13|   ap_memory|                         this_meanQ|         array|
|this_meanQ_ce0              |  out|    1|   ap_memory|                         this_meanQ|         array|
|this_meanQ_q0               |   in|   20|   ap_memory|                         this_meanQ|         array|
|this_visitCounts_address0   |  out|   13|   ap_memory|                   this_visitCounts|         array|
|this_visitCounts_ce0        |  out|    1|   ap_memory|                   this_visitCounts|         array|
|this_visitCounts_q0         |   in|   32|   ap_memory|                   this_visitCounts|         array|
|logVisitCount               |   in|   32|     ap_none|                      logVisitCount|        scalar|
|this_nextSiblings_address0  |  out|   13|   ap_memory|                  this_nextSiblings|         array|
|this_nextSiblings_ce0       |  out|    1|   ap_memory|                  this_nextSiblings|         array|
|this_nextSiblings_q0        |   in|   32|   ap_memory|                  this_nextSiblings|         array|
|bestChildNode_out           |  out|   32|      ap_vld|                  bestChildNode_out|       pointer|
|bestChildNode_out_ap_vld    |  out|    1|      ap_vld|                  bestChildNode_out|       pointer|
+----------------------------+-----+-----+------------+-----------------------------------+--------------+

============================================================
+ Verbose Summary: Synthesis Manager
============================================================
InlineROM: 1
ExposeGlobal: 0
============================================================
+ Verbose Summary: CDFG Model
============================================================
IsTopModel: 0
ResetActiveHigh: 1
IsCombinational: 2
IsDatapathOnly: 2
HasWiredReturn: 1
HasMFsm: 2
HasVarLatency: 1
IsPipeline: 0
IsRtlPipelined: 0
IsInstanceOverlapped: 0
IsDontTouch: 0
HasImplIP: 0
IsGatedGlobalClock: 0

+ Individual pipeline summary: 
  * Pipeline-0: initiation interval (II) = 1, depth = 49


============================================================
+ Verbose Summary: Schedule
============================================================
* Number of FSM states : 49
* Pipeline : 1
  Pipeline-0 : II = 1, D = 49, States = { 1 2 3 4 5 6 7 8 9 10 11 12 13 14 15 16 17 18 19 20 21 22 23 24 25 26 27 28 29 30 31 32 33 34 35 36 37 38 39 40 41 42 43 44 45 46 47 48 49 }
* Dataflow Pipeline: 0

* FSM state transitions: 
1 --> 2 
2 --> 3 
3 --> 4 
4 --> 5 
5 --> 6 
6 --> 7 
7 --> 8 
8 --> 9 
9 --> 10 
10 --> 11 
11 --> 12 
12 --> 13 
13 --> 14 
14 --> 15 
15 --> 16 
16 --> 17 
17 --> 18 
18 --> 19 
19 --> 20 
20 --> 21 
21 --> 22 
22 --> 23 
23 --> 24 
24 --> 25 
25 --> 26 
26 --> 27 
27 --> 28 
28 --> 29 
29 --> 30 
30 --> 31 
31 --> 32 
32 --> 33 
33 --> 34 
34 --> 35 
35 --> 36 
36 --> 37 
37 --> 38 
38 --> 39 
39 --> 40 
40 --> 41 
41 --> 42 
42 --> 43 
43 --> 44 
44 --> 45 
45 --> 46 
46 --> 47 
47 --> 48 
48 --> 49 
49 --> 

* FSM state operations: 

State 1 <SV = 0> <Delay = 1.66>
ST_1 : Operation 52 [1/1] (0.00ns)   --->   "%bestChildNode = alloca i32 1" [MCTSSearcher.cpp:132]   --->   Operation 52 'alloca' 'bestChildNode' <Predicate = true> <Delay = 0.00>
ST_1 : Operation 53 [1/1] (0.00ns)   --->   "%bestChildNode_3 = alloca i32 1" [MCTSSearcher.cpp:132]   --->   Operation 53 'alloca' 'bestChildNode_3' <Predicate = true> <Delay = 0.00>
ST_1 : Operation 54 [1/1] (0.00ns)   --->   "%bestChildUCT = alloca i32 1" [MCTSSearcher.cpp:133]   --->   Operation 54 'alloca' 'bestChildUCT' <Predicate = true> <Delay = 0.00>
ST_1 : Operation 55 [1/1] (0.00ns)   --->   "%logVisitCount_read = read i32 @_ssdm_op_Read.ap_auto.i32, i32 %logVisitCount"   --->   Operation 55 'read' 'logVisitCount_read' <Predicate = true> <Delay = 0.00>
ST_1 : Operation 56 [1/1] (0.00ns)   --->   "%bestChildNode_7_read = read i32 @_ssdm_op_Read.ap_auto.i32, i32 %bestChildNode_7"   --->   Operation 56 'read' 'bestChildNode_7_read' <Predicate = true> <Delay = 0.00>
ST_1 : Operation 57 [1/1] (0.42ns)   --->   "%store_ln133 = store i32 4288413696, i32 %bestChildUCT" [MCTSSearcher.cpp:133]   --->   Operation 57 'store' 'store_ln133' <Predicate = true> <Delay = 0.42>
ST_1 : Operation 58 [1/1] (0.42ns)   --->   "%store_ln132 = store i32 %bestChildNode_7_read, i32 %bestChildNode_3" [MCTSSearcher.cpp:132]   --->   Operation 58 'store' 'store_ln132' <Predicate = true> <Delay = 0.42>
ST_1 : Operation 59 [1/1] (0.42ns)   --->   "%store_ln132 = store i32 %bestChildNode_7_read, i32 %bestChildNode" [MCTSSearcher.cpp:132]   --->   Operation 59 'store' 'store_ln132' <Predicate = true> <Delay = 0.42>
ST_1 : Operation 60 [1/1] (0.00ns)   --->   "%br_ln0 = br void %for.cond"   --->   Operation 60 'br' 'br_ln0' <Predicate = true> <Delay = 0.00>
ST_1 : Operation 61 [1/1] (0.00ns)   --->   "%childNode_2 = load i32 %bestChildNode_3" [MCTSSearcher.cpp:141]   --->   Operation 61 'load' 'childNode_2' <Predicate = true> <Delay = 0.00>
ST_1 : Operation 62 [1/1] (1.01ns)   --->   "%icmp_ln140 = icmp_eq  i32 %childNode_2, i32 4294967295" [MCTSSearcher.cpp:140]   --->   Operation 62 'icmp' 'icmp_ln140' <Predicate = true> <Delay = 1.01> <CoreInst = "Cmp">   --->   Core 9 'Cmp' <Latency = 0> <II = 1> <Delay = 1.01> <FuncUnit> <Opcode : 'seteq' 'setne' 'setle' 'setge' 'setlt' 'setgt'> <InPorts = 2> <OutPorts = 1>
ST_1 : Operation 63 [1/1] (0.00ns)   --->   "%br_ln140 = br i1 %icmp_ln140, void %for.body, void %for.end_ifconv.exitStub" [MCTSSearcher.cpp:140]   --->   Operation 63 'br' 'br_ln140' <Predicate = true> <Delay = 0.00>
ST_1 : Operation 64 [1/1] (0.00ns)   --->   "%zext_ln141 = zext i32 %childNode_2" [MCTSSearcher.cpp:141]   --->   Operation 64 'zext' 'zext_ln141' <Predicate = (!icmp_ln140)> <Delay = 0.00>
ST_1 : Operation 65 [1/1] (0.00ns)   --->   "%this_visitCounts_addr = getelementptr i32 %this_visitCounts, i64 0, i64 %zext_ln141" [MCTSSearcher.cpp:144]   --->   Operation 65 'getelementptr' 'this_visitCounts_addr' <Predicate = (!icmp_ln140)> <Delay = 0.00>
ST_1 : Operation 66 [2/2] (1.23ns)   --->   "%this_visitCounts_load = load i13 %this_visitCounts_addr" [MCTSSearcher.cpp:144]   --->   Operation 66 'load' 'this_visitCounts_load' <Predicate = (!icmp_ln140)> <Delay = 1.23> <CoreInst = "RAM">   --->   Core 82 'RAM' <Latency = 1> <II = 1> <Delay = 1.23> <Storage> <Opcode : 'load' 'store'> <Ports = 2> <Width = 32> <Depth = 5100> <RAM>
ST_1 : Operation 67 [1/1] (0.00ns)   --->   "%this_nextSiblings_addr = getelementptr i32 %this_nextSiblings, i64 0, i64 %zext_ln141" [MCTSSearcher.cpp:140]   --->   Operation 67 'getelementptr' 'this_nextSiblings_addr' <Predicate = (!icmp_ln140)> <Delay = 0.00>
ST_1 : Operation 68 [2/2] (1.23ns)   --->   "%childNode = load i13 %this_nextSiblings_addr" [MCTSSearcher.cpp:140]   --->   Operation 68 'load' 'childNode' <Predicate = (!icmp_ln140)> <Delay = 1.23> <CoreInst = "RAM">   --->   Core 82 'RAM' <Latency = 1> <II = 1> <Delay = 1.23> <Storage> <Opcode : 'load' 'store'> <Ports = 2> <Width = 32> <Depth = 5100> <RAM>

State 2 <SV = 1> <Delay = 2.69>
ST_2 : Operation 69 [1/2] ( I:1.23ns O:1.23ns )   --->   "%this_visitCounts_load = load i13 %this_visitCounts_addr" [MCTSSearcher.cpp:144]   --->   Operation 69 'load' 'this_visitCounts_load' <Predicate = true> <Delay = 1.23> <CoreInst = "RAM">   --->   Core 82 'RAM' <Latency = 1> <II = 1> <Delay = 1.23> <Storage> <Opcode : 'load' 'store'> <Ports = 2> <Width = 32> <Depth = 5100> <RAM>
ST_2 : Operation 70 [36/36] (1.45ns)   --->   "%x = sdiv i32 %logVisitCount_read, i32 %this_visitCounts_load" [MCTSSearcher.cpp:144]   --->   Operation 70 'sdiv' 'x' <Predicate = true> <Delay = 1.45> <CoreInst = "Divider">   --->   Core 6 'Divider' <Latency = 35> <II = 1> <Delay = 1.45> <FuncUnit> <Opcode : 'udiv' 'sdiv' 'urem' 'srem'> <InPorts = 2> <OutPorts = 1>
ST_2 : Operation 71 [1/2] ( I:1.23ns O:1.23ns )   --->   "%childNode = load i13 %this_nextSiblings_addr" [MCTSSearcher.cpp:140]   --->   Operation 71 'load' 'childNode' <Predicate = true> <Delay = 1.23> <CoreInst = "RAM">   --->   Core 82 'RAM' <Latency = 1> <II = 1> <Delay = 1.23> <Storage> <Opcode : 'load' 'store'> <Ports = 2> <Width = 32> <Depth = 5100> <RAM>
ST_2 : Operation 72 [1/1] (0.42ns)   --->   "%store_ln132 = store i32 %childNode, i32 %bestChildNode_3" [MCTSSearcher.cpp:132]   --->   Operation 72 'store' 'store_ln132' <Predicate = true> <Delay = 0.42>

State 3 <SV = 2> <Delay = 1.45>
ST_3 : Operation 73 [35/36] (1.45ns)   --->   "%x = sdiv i32 %logVisitCount_read, i32 %this_visitCounts_load" [MCTSSearcher.cpp:144]   --->   Operation 73 'sdiv' 'x' <Predicate = true> <Delay = 1.45> <CoreInst = "Divider">   --->   Core 6 'Divider' <Latency = 35> <II = 1> <Delay = 1.45> <FuncUnit> <Opcode : 'udiv' 'sdiv' 'urem' 'srem'> <InPorts = 2> <OutPorts = 1>

State 4 <SV = 3> <Delay = 1.45>
ST_4 : Operation 74 [34/36] (1.45ns)   --->   "%x = sdiv i32 %logVisitCount_read, i32 %this_visitCounts_load" [MCTSSearcher.cpp:144]   --->   Operation 74 'sdiv' 'x' <Predicate = true> <Delay = 1.45> <CoreInst = "Divider">   --->   Core 6 'Divider' <Latency = 35> <II = 1> <Delay = 1.45> <FuncUnit> <Opcode : 'udiv' 'sdiv' 'urem' 'srem'> <InPorts = 2> <OutPorts = 1>

State 5 <SV = 4> <Delay = 1.45>
ST_5 : Operation 75 [33/36] (1.45ns)   --->   "%x = sdiv i32 %logVisitCount_read, i32 %this_visitCounts_load" [MCTSSearcher.cpp:144]   --->   Operation 75 'sdiv' 'x' <Predicate = true> <Delay = 1.45> <CoreInst = "Divider">   --->   Core 6 'Divider' <Latency = 35> <II = 1> <Delay = 1.45> <FuncUnit> <Opcode : 'udiv' 'sdiv' 'urem' 'srem'> <InPorts = 2> <OutPorts = 1>

State 6 <SV = 5> <Delay = 1.45>
ST_6 : Operation 76 [32/36] (1.45ns)   --->   "%x = sdiv i32 %logVisitCount_read, i32 %this_visitCounts_load" [MCTSSearcher.cpp:144]   --->   Operation 76 'sdiv' 'x' <Predicate = true> <Delay = 1.45> <CoreInst = "Divider">   --->   Core 6 'Divider' <Latency = 35> <II = 1> <Delay = 1.45> <FuncUnit> <Opcode : 'udiv' 'sdiv' 'urem' 'srem'> <InPorts = 2> <OutPorts = 1>

State 7 <SV = 6> <Delay = 1.45>
ST_7 : Operation 77 [31/36] (1.45ns)   --->   "%x = sdiv i32 %logVisitCount_read, i32 %this_visitCounts_load" [MCTSSearcher.cpp:144]   --->   Operation 77 'sdiv' 'x' <Predicate = true> <Delay = 1.45> <CoreInst = "Divider">   --->   Core 6 'Divider' <Latency = 35> <II = 1> <Delay = 1.45> <FuncUnit> <Opcode : 'udiv' 'sdiv' 'urem' 'srem'> <InPorts = 2> <OutPorts = 1>

State 8 <SV = 7> <Delay = 1.45>
ST_8 : Operation 78 [30/36] (1.45ns)   --->   "%x = sdiv i32 %logVisitCount_read, i32 %this_visitCounts_load" [MCTSSearcher.cpp:144]   --->   Operation 78 'sdiv' 'x' <Predicate = true> <Delay = 1.45> <CoreInst = "Divider">   --->   Core 6 'Divider' <Latency = 35> <II = 1> <Delay = 1.45> <FuncUnit> <Opcode : 'udiv' 'sdiv' 'urem' 'srem'> <InPorts = 2> <OutPorts = 1>

State 9 <SV = 8> <Delay = 1.45>
ST_9 : Operation 79 [29/36] (1.45ns)   --->   "%x = sdiv i32 %logVisitCount_read, i32 %this_visitCounts_load" [MCTSSearcher.cpp:144]   --->   Operation 79 'sdiv' 'x' <Predicate = true> <Delay = 1.45> <CoreInst = "Divider">   --->   Core 6 'Divider' <Latency = 35> <II = 1> <Delay = 1.45> <FuncUnit> <Opcode : 'udiv' 'sdiv' 'urem' 'srem'> <InPorts = 2> <OutPorts = 1>

State 10 <SV = 9> <Delay = 1.45>
ST_10 : Operation 80 [28/36] (1.45ns)   --->   "%x = sdiv i32 %logVisitCount_read, i32 %this_visitCounts_load" [MCTSSearcher.cpp:144]   --->   Operation 80 'sdiv' 'x' <Predicate = true> <Delay = 1.45> <CoreInst = "Divider">   --->   Core 6 'Divider' <Latency = 35> <II = 1> <Delay = 1.45> <FuncUnit> <Opcode : 'udiv' 'sdiv' 'urem' 'srem'> <InPorts = 2> <OutPorts = 1>

State 11 <SV = 10> <Delay = 1.45>
ST_11 : Operation 81 [27/36] (1.45ns)   --->   "%x = sdiv i32 %logVisitCount_read, i32 %this_visitCounts_load" [MCTSSearcher.cpp:144]   --->   Operation 81 'sdiv' 'x' <Predicate = true> <Delay = 1.45> <CoreInst = "Divider">   --->   Core 6 'Divider' <Latency = 35> <II = 1> <Delay = 1.45> <FuncUnit> <Opcode : 'udiv' 'sdiv' 'urem' 'srem'> <InPorts = 2> <OutPorts = 1>

State 12 <SV = 11> <Delay = 1.45>
ST_12 : Operation 82 [26/36] (1.45ns)   --->   "%x = sdiv i32 %logVisitCount_read, i32 %this_visitCounts_load" [MCTSSearcher.cpp:144]   --->   Operation 82 'sdiv' 'x' <Predicate = true> <Delay = 1.45> <CoreInst = "Divider">   --->   Core 6 'Divider' <Latency = 35> <II = 1> <Delay = 1.45> <FuncUnit> <Opcode : 'udiv' 'sdiv' 'urem' 'srem'> <InPorts = 2> <OutPorts = 1>

State 13 <SV = 12> <Delay = 1.45>
ST_13 : Operation 83 [25/36] (1.45ns)   --->   "%x = sdiv i32 %logVisitCount_read, i32 %this_visitCounts_load" [MCTSSearcher.cpp:144]   --->   Operation 83 'sdiv' 'x' <Predicate = true> <Delay = 1.45> <CoreInst = "Divider">   --->   Core 6 'Divider' <Latency = 35> <II = 1> <Delay = 1.45> <FuncUnit> <Opcode : 'udiv' 'sdiv' 'urem' 'srem'> <InPorts = 2> <OutPorts = 1>

State 14 <SV = 13> <Delay = 1.45>
ST_14 : Operation 84 [24/36] (1.45ns)   --->   "%x = sdiv i32 %logVisitCount_read, i32 %this_visitCounts_load" [MCTSSearcher.cpp:144]   --->   Operation 84 'sdiv' 'x' <Predicate = true> <Delay = 1.45> <CoreInst = "Divider">   --->   Core 6 'Divider' <Latency = 35> <II = 1> <Delay = 1.45> <FuncUnit> <Opcode : 'udiv' 'sdiv' 'urem' 'srem'> <InPorts = 2> <OutPorts = 1>

State 15 <SV = 14> <Delay = 1.45>
ST_15 : Operation 85 [23/36] (1.45ns)   --->   "%x = sdiv i32 %logVisitCount_read, i32 %this_visitCounts_load" [MCTSSearcher.cpp:144]   --->   Operation 85 'sdiv' 'x' <Predicate = true> <Delay = 1.45> <CoreInst = "Divider">   --->   Core 6 'Divider' <Latency = 35> <II = 1> <Delay = 1.45> <FuncUnit> <Opcode : 'udiv' 'sdiv' 'urem' 'srem'> <InPorts = 2> <OutPorts = 1>

State 16 <SV = 15> <Delay = 1.45>
ST_16 : Operation 86 [22/36] (1.45ns)   --->   "%x = sdiv i32 %logVisitCount_read, i32 %this_visitCounts_load" [MCTSSearcher.cpp:144]   --->   Operation 86 'sdiv' 'x' <Predicate = true> <Delay = 1.45> <CoreInst = "Divider">   --->   Core 6 'Divider' <Latency = 35> <II = 1> <Delay = 1.45> <FuncUnit> <Opcode : 'udiv' 'sdiv' 'urem' 'srem'> <InPorts = 2> <OutPorts = 1>

State 17 <SV = 16> <Delay = 1.45>
ST_17 : Operation 87 [21/36] (1.45ns)   --->   "%x = sdiv i32 %logVisitCount_read, i32 %this_visitCounts_load" [MCTSSearcher.cpp:144]   --->   Operation 87 'sdiv' 'x' <Predicate = true> <Delay = 1.45> <CoreInst = "Divider">   --->   Core 6 'Divider' <Latency = 35> <II = 1> <Delay = 1.45> <FuncUnit> <Opcode : 'udiv' 'sdiv' 'urem' 'srem'> <InPorts = 2> <OutPorts = 1>

State 18 <SV = 17> <Delay = 1.45>
ST_18 : Operation 88 [20/36] (1.45ns)   --->   "%x = sdiv i32 %logVisitCount_read, i32 %this_visitCounts_load" [MCTSSearcher.cpp:144]   --->   Operation 88 'sdiv' 'x' <Predicate = true> <Delay = 1.45> <CoreInst = "Divider">   --->   Core 6 'Divider' <Latency = 35> <II = 1> <Delay = 1.45> <FuncUnit> <Opcode : 'udiv' 'sdiv' 'urem' 'srem'> <InPorts = 2> <OutPorts = 1>

State 19 <SV = 18> <Delay = 1.45>
ST_19 : Operation 89 [19/36] (1.45ns)   --->   "%x = sdiv i32 %logVisitCount_read, i32 %this_visitCounts_load" [MCTSSearcher.cpp:144]   --->   Operation 89 'sdiv' 'x' <Predicate = true> <Delay = 1.45> <CoreInst = "Divider">   --->   Core 6 'Divider' <Latency = 35> <II = 1> <Delay = 1.45> <FuncUnit> <Opcode : 'udiv' 'sdiv' 'urem' 'srem'> <InPorts = 2> <OutPorts = 1>

State 20 <SV = 19> <Delay = 1.45>
ST_20 : Operation 90 [18/36] (1.45ns)   --->   "%x = sdiv i32 %logVisitCount_read, i32 %this_visitCounts_load" [MCTSSearcher.cpp:144]   --->   Operation 90 'sdiv' 'x' <Predicate = true> <Delay = 1.45> <CoreInst = "Divider">   --->   Core 6 'Divider' <Latency = 35> <II = 1> <Delay = 1.45> <FuncUnit> <Opcode : 'udiv' 'sdiv' 'urem' 'srem'> <InPorts = 2> <OutPorts = 1>

State 21 <SV = 20> <Delay = 1.45>
ST_21 : Operation 91 [17/36] (1.45ns)   --->   "%x = sdiv i32 %logVisitCount_read, i32 %this_visitCounts_load" [MCTSSearcher.cpp:144]   --->   Operation 91 'sdiv' 'x' <Predicate = true> <Delay = 1.45> <CoreInst = "Divider">   --->   Core 6 'Divider' <Latency = 35> <II = 1> <Delay = 1.45> <FuncUnit> <Opcode : 'udiv' 'sdiv' 'urem' 'srem'> <InPorts = 2> <OutPorts = 1>

State 22 <SV = 21> <Delay = 1.45>
ST_22 : Operation 92 [16/36] (1.45ns)   --->   "%x = sdiv i32 %logVisitCount_read, i32 %this_visitCounts_load" [MCTSSearcher.cpp:144]   --->   Operation 92 'sdiv' 'x' <Predicate = true> <Delay = 1.45> <CoreInst = "Divider">   --->   Core 6 'Divider' <Latency = 35> <II = 1> <Delay = 1.45> <FuncUnit> <Opcode : 'udiv' 'sdiv' 'urem' 'srem'> <InPorts = 2> <OutPorts = 1>

State 23 <SV = 22> <Delay = 1.45>
ST_23 : Operation 93 [15/36] (1.45ns)   --->   "%x = sdiv i32 %logVisitCount_read, i32 %this_visitCounts_load" [MCTSSearcher.cpp:144]   --->   Operation 93 'sdiv' 'x' <Predicate = true> <Delay = 1.45> <CoreInst = "Divider">   --->   Core 6 'Divider' <Latency = 35> <II = 1> <Delay = 1.45> <FuncUnit> <Opcode : 'udiv' 'sdiv' 'urem' 'srem'> <InPorts = 2> <OutPorts = 1>

State 24 <SV = 23> <Delay = 1.45>
ST_24 : Operation 94 [14/36] (1.45ns)   --->   "%x = sdiv i32 %logVisitCount_read, i32 %this_visitCounts_load" [MCTSSearcher.cpp:144]   --->   Operation 94 'sdiv' 'x' <Predicate = true> <Delay = 1.45> <CoreInst = "Divider">   --->   Core 6 'Divider' <Latency = 35> <II = 1> <Delay = 1.45> <FuncUnit> <Opcode : 'udiv' 'sdiv' 'urem' 'srem'> <InPorts = 2> <OutPorts = 1>

State 25 <SV = 24> <Delay = 1.45>
ST_25 : Operation 95 [13/36] (1.45ns)   --->   "%x = sdiv i32 %logVisitCount_read, i32 %this_visitCounts_load" [MCTSSearcher.cpp:144]   --->   Operation 95 'sdiv' 'x' <Predicate = true> <Delay = 1.45> <CoreInst = "Divider">   --->   Core 6 'Divider' <Latency = 35> <II = 1> <Delay = 1.45> <FuncUnit> <Opcode : 'udiv' 'sdiv' 'urem' 'srem'> <InPorts = 2> <OutPorts = 1>

State 26 <SV = 25> <Delay = 1.45>
ST_26 : Operation 96 [12/36] (1.45ns)   --->   "%x = sdiv i32 %logVisitCount_read, i32 %this_visitCounts_load" [MCTSSearcher.cpp:144]   --->   Operation 96 'sdiv' 'x' <Predicate = true> <Delay = 1.45> <CoreInst = "Divider">   --->   Core 6 'Divider' <Latency = 35> <II = 1> <Delay = 1.45> <FuncUnit> <Opcode : 'udiv' 'sdiv' 'urem' 'srem'> <InPorts = 2> <OutPorts = 1>

State 27 <SV = 26> <Delay = 1.45>
ST_27 : Operation 97 [11/36] (1.45ns)   --->   "%x = sdiv i32 %logVisitCount_read, i32 %this_visitCounts_load" [MCTSSearcher.cpp:144]   --->   Operation 97 'sdiv' 'x' <Predicate = true> <Delay = 1.45> <CoreInst = "Divider">   --->   Core 6 'Divider' <Latency = 35> <II = 1> <Delay = 1.45> <FuncUnit> <Opcode : 'udiv' 'sdiv' 'urem' 'srem'> <InPorts = 2> <OutPorts = 1>

State 28 <SV = 27> <Delay = 1.45>
ST_28 : Operation 98 [10/36] (1.45ns)   --->   "%x = sdiv i32 %logVisitCount_read, i32 %this_visitCounts_load" [MCTSSearcher.cpp:144]   --->   Operation 98 'sdiv' 'x' <Predicate = true> <Delay = 1.45> <CoreInst = "Divider">   --->   Core 6 'Divider' <Latency = 35> <II = 1> <Delay = 1.45> <FuncUnit> <Opcode : 'udiv' 'sdiv' 'urem' 'srem'> <InPorts = 2> <OutPorts = 1>

State 29 <SV = 28> <Delay = 1.45>
ST_29 : Operation 99 [9/36] (1.45ns)   --->   "%x = sdiv i32 %logVisitCount_read, i32 %this_visitCounts_load" [MCTSSearcher.cpp:144]   --->   Operation 99 'sdiv' 'x' <Predicate = true> <Delay = 1.45> <CoreInst = "Divider">   --->   Core 6 'Divider' <Latency = 35> <II = 1> <Delay = 1.45> <FuncUnit> <Opcode : 'udiv' 'sdiv' 'urem' 'srem'> <InPorts = 2> <OutPorts = 1>

State 30 <SV = 29> <Delay = 1.45>
ST_30 : Operation 100 [8/36] (1.45ns)   --->   "%x = sdiv i32 %logVisitCount_read, i32 %this_visitCounts_load" [MCTSSearcher.cpp:144]   --->   Operation 100 'sdiv' 'x' <Predicate = true> <Delay = 1.45> <CoreInst = "Divider">   --->   Core 6 'Divider' <Latency = 35> <II = 1> <Delay = 1.45> <FuncUnit> <Opcode : 'udiv' 'sdiv' 'urem' 'srem'> <InPorts = 2> <OutPorts = 1>

State 31 <SV = 30> <Delay = 1.45>
ST_31 : Operation 101 [7/36] (1.45ns)   --->   "%x = sdiv i32 %logVisitCount_read, i32 %this_visitCounts_load" [MCTSSearcher.cpp:144]   --->   Operation 101 'sdiv' 'x' <Predicate = true> <Delay = 1.45> <CoreInst = "Divider">   --->   Core 6 'Divider' <Latency = 35> <II = 1> <Delay = 1.45> <FuncUnit> <Opcode : 'udiv' 'sdiv' 'urem' 'srem'> <InPorts = 2> <OutPorts = 1>

State 32 <SV = 31> <Delay = 1.45>
ST_32 : Operation 102 [6/36] (1.45ns)   --->   "%x = sdiv i32 %logVisitCount_read, i32 %this_visitCounts_load" [MCTSSearcher.cpp:144]   --->   Operation 102 'sdiv' 'x' <Predicate = true> <Delay = 1.45> <CoreInst = "Divider">   --->   Core 6 'Divider' <Latency = 35> <II = 1> <Delay = 1.45> <FuncUnit> <Opcode : 'udiv' 'sdiv' 'urem' 'srem'> <InPorts = 2> <OutPorts = 1>

State 33 <SV = 32> <Delay = 1.45>
ST_33 : Operation 103 [5/36] (1.45ns)   --->   "%x = sdiv i32 %logVisitCount_read, i32 %this_visitCounts_load" [MCTSSearcher.cpp:144]   --->   Operation 103 'sdiv' 'x' <Predicate = true> <Delay = 1.45> <CoreInst = "Divider">   --->   Core 6 'Divider' <Latency = 35> <II = 1> <Delay = 1.45> <FuncUnit> <Opcode : 'udiv' 'sdiv' 'urem' 'srem'> <InPorts = 2> <OutPorts = 1>

State 34 <SV = 33> <Delay = 1.45>
ST_34 : Operation 104 [4/36] (1.45ns)   --->   "%x = sdiv i32 %logVisitCount_read, i32 %this_visitCounts_load" [MCTSSearcher.cpp:144]   --->   Operation 104 'sdiv' 'x' <Predicate = true> <Delay = 1.45> <CoreInst = "Divider">   --->   Core 6 'Divider' <Latency = 35> <II = 1> <Delay = 1.45> <FuncUnit> <Opcode : 'udiv' 'sdiv' 'urem' 'srem'> <InPorts = 2> <OutPorts = 1>

State 35 <SV = 34> <Delay = 1.45>
ST_35 : Operation 105 [3/36] (1.45ns)   --->   "%x = sdiv i32 %logVisitCount_read, i32 %this_visitCounts_load" [MCTSSearcher.cpp:144]   --->   Operation 105 'sdiv' 'x' <Predicate = true> <Delay = 1.45> <CoreInst = "Divider">   --->   Core 6 'Divider' <Latency = 35> <II = 1> <Delay = 1.45> <FuncUnit> <Opcode : 'udiv' 'sdiv' 'urem' 'srem'> <InPorts = 2> <OutPorts = 1>

State 36 <SV = 35> <Delay = 1.45>
ST_36 : Operation 106 [2/36] (1.45ns)   --->   "%x = sdiv i32 %logVisitCount_read, i32 %this_visitCounts_load" [MCTSSearcher.cpp:144]   --->   Operation 106 'sdiv' 'x' <Predicate = true> <Delay = 1.45> <CoreInst = "Divider">   --->   Core 6 'Divider' <Latency = 35> <II = 1> <Delay = 1.45> <FuncUnit> <Opcode : 'udiv' 'sdiv' 'urem' 'srem'> <InPorts = 2> <OutPorts = 1>

State 37 <SV = 36> <Delay = 1.45>
ST_37 : Operation 107 [1/36] (1.45ns)   --->   "%x = sdiv i32 %logVisitCount_read, i32 %this_visitCounts_load" [MCTSSearcher.cpp:144]   --->   Operation 107 'sdiv' 'x' <Predicate = true> <Delay = 1.45> <CoreInst = "Divider">   --->   Core 6 'Divider' <Latency = 35> <II = 1> <Delay = 1.45> <FuncUnit> <Opcode : 'udiv' 'sdiv' 'urem' 'srem'> <InPorts = 2> <OutPorts = 1>

State 38 <SV = 37> <Delay = 6.41>
ST_38 : Operation 108 [8/8] (6.41ns)   --->   "%sext_ln = call i24 @sqrt_fixed<32, 16>, i32 %x" [MCTSSearcher.cpp:144]   --->   Operation 108 'call' 'sext_ln' <Predicate = (!icmp_ln140)> <Delay = 6.41> <CoreType = "Generic">   --->   Generic Core

State 39 <SV = 38> <Delay = 7.16>
ST_39 : Operation 109 [7/8] (7.16ns)   --->   "%sext_ln = call i24 @sqrt_fixed<32, 16>, i32 %x" [MCTSSearcher.cpp:144]   --->   Operation 109 'call' 'sext_ln' <Predicate = (!icmp_ln140)> <Delay = 7.16> <CoreType = "Generic">   --->   Generic Core

State 40 <SV = 39> <Delay = 7.16>
ST_40 : Operation 110 [6/8] (7.16ns)   --->   "%sext_ln = call i24 @sqrt_fixed<32, 16>, i32 %x" [MCTSSearcher.cpp:144]   --->   Operation 110 'call' 'sext_ln' <Predicate = (!icmp_ln140)> <Delay = 7.16> <CoreType = "Generic">   --->   Generic Core

State 41 <SV = 40> <Delay = 7.16>
ST_41 : Operation 111 [5/8] (7.16ns)   --->   "%sext_ln = call i24 @sqrt_fixed<32, 16>, i32 %x" [MCTSSearcher.cpp:144]   --->   Operation 111 'call' 'sext_ln' <Predicate = (!icmp_ln140)> <Delay = 7.16> <CoreType = "Generic">   --->   Generic Core

State 42 <SV = 41> <Delay = 7.16>
ST_42 : Operation 112 [4/8] (7.16ns)   --->   "%sext_ln = call i24 @sqrt_fixed<32, 16>, i32 %x" [MCTSSearcher.cpp:144]   --->   Operation 112 'call' 'sext_ln' <Predicate = (!icmp_ln140)> <Delay = 7.16> <CoreType = "Generic">   --->   Generic Core

State 43 <SV = 42> <Delay = 7.16>
ST_43 : Operation 113 [3/8] (7.16ns)   --->   "%sext_ln = call i24 @sqrt_fixed<32, 16>, i32 %x" [MCTSSearcher.cpp:144]   --->   Operation 113 'call' 'sext_ln' <Predicate = (!icmp_ln140)> <Delay = 7.16> <CoreType = "Generic">   --->   Generic Core

State 44 <SV = 43> <Delay = 7.16>
ST_44 : Operation 114 [2/8] (7.16ns)   --->   "%sext_ln = call i24 @sqrt_fixed<32, 16>, i32 %x" [MCTSSearcher.cpp:144]   --->   Operation 114 'call' 'sext_ln' <Predicate = (!icmp_ln140)> <Delay = 7.16> <CoreType = "Generic">   --->   Generic Core

State 45 <SV = 44> <Delay = 7.16>
ST_45 : Operation 115 [1/8] (7.16ns)   --->   "%sext_ln = call i24 @sqrt_fixed<32, 16>, i32 %x" [MCTSSearcher.cpp:144]   --->   Operation 115 'call' 'sext_ln' <Predicate = (!icmp_ln140)> <Delay = 7.16> <CoreType = "Generic">   --->   Generic Core

State 46 <SV = 45> <Delay = 0.99>
ST_46 : Operation 116 [1/1] (0.00ns)   --->   "%zext_ln144 = zext i24 %sext_ln" [MCTSSearcher.cpp:144]   --->   Operation 116 'zext' 'zext_ln144' <Predicate = true> <Delay = 0.00>
ST_46 : Operation 117 [3/3] (0.99ns) (grouped into DSP with root node add_ln144)   --->   "%mul_ln144 = mul i40 %zext_ln144, i40 46202" [MCTSSearcher.cpp:144]   --->   Operation 117 'mul' 'mul_ln144' <Predicate = true> <Delay = 0.99> <CoreInst = "DSP48">   --->   Core 124 'DSP48' <Latency = 3> <II = 1> <Delay = 0.53> <IPBlock> <Opcode : 'add' 'sub' 'mul' 'select'> <InPorts = 0> <OutPorts = 1> <Sync> <CReg>

State 47 <SV = 46> <Delay = 1.23>
ST_47 : Operation 118 [1/1] (0.00ns)   --->   "%this_meanQ_addr = getelementptr i20 %this_meanQ, i64 0, i64 %zext_ln141" [MCTSSearcher.cpp:141]   --->   Operation 118 'getelementptr' 'this_meanQ_addr' <Predicate = true> <Delay = 0.00>
ST_47 : Operation 119 [2/2] (1.23ns)   --->   "%this_meanQ_load = load i13 %this_meanQ_addr" [MCTSSearcher.cpp:141]   --->   Operation 119 'load' 'this_meanQ_load' <Predicate = true> <Delay = 1.23> <CoreInst = "RAM">   --->   Core 82 'RAM' <Latency = 1> <II = 1> <Delay = 1.23> <Storage> <Opcode : 'load' 'store'> <Ports = 2> <Width = 20> <Depth = 5100> <RAM>
ST_47 : Operation 120 [2/3] (0.99ns) (grouped into DSP with root node add_ln144)   --->   "%mul_ln144 = mul i40 %zext_ln144, i40 46202" [MCTSSearcher.cpp:144]   --->   Operation 120 'mul' 'mul_ln144' <Predicate = true> <Delay = 0.99> <CoreInst = "DSP48">   --->   Core 124 'DSP48' <Latency = 3> <II = 1> <Delay = 0.53> <IPBlock> <Opcode : 'add' 'sub' 'mul' 'select'> <InPorts = 0> <OutPorts = 1> <Sync> <CReg>

State 48 <SV = 47> <Delay = 1.88>
ST_48 : Operation 121 [1/2] ( I:1.23ns O:1.23ns )   --->   "%this_meanQ_load = load i13 %this_meanQ_addr" [MCTSSearcher.cpp:141]   --->   Operation 121 'load' 'this_meanQ_load' <Predicate = true> <Delay = 1.23> <CoreInst = "RAM">   --->   Core 82 'RAM' <Latency = 1> <II = 1> <Delay = 1.23> <Storage> <Opcode : 'load' 'store'> <Ports = 2> <Width = 20> <Depth = 5100> <RAM>
ST_48 : Operation 122 [1/3] (0.00ns) (grouped into DSP with root node add_ln144)   --->   "%mul_ln144 = mul i40 %zext_ln144, i40 46202" [MCTSSearcher.cpp:144]   --->   Operation 122 'mul' 'mul_ln144' <Predicate = true> <Delay = 0.00> <CoreInst = "DSP48">   --->   Core 124 'DSP48' <Latency = 3> <II = 1> <Delay = 0.53> <IPBlock> <Opcode : 'add' 'sub' 'mul' 'select'> <InPorts = 0> <OutPorts = 1> <Sync> <CReg>
ST_48 : Operation 123 [1/1] (0.00ns)   --->   "%shl_ln = bitconcatenate i36 @_ssdm_op_BitConcatenate.i36.i20.i16, i20 %this_meanQ_load, i16 0" [MCTSSearcher.cpp:144]   --->   Operation 123 'bitconcatenate' 'shl_ln' <Predicate = true> <Delay = 0.00>
ST_48 : Operation 124 [1/1] (0.00ns)   --->   "%sext_ln144 = sext i36 %shl_ln" [MCTSSearcher.cpp:144]   --->   Operation 124 'sext' 'sext_ln144' <Predicate = true> <Delay = 0.00>
ST_48 : Operation 125 [1/1] (0.00ns) (grouped into DSP with root node add_ln144)   --->   "%zext_ln144_1 = zext i40 %mul_ln144" [MCTSSearcher.cpp:144]   --->   Operation 125 'zext' 'zext_ln144_1' <Predicate = true> <Delay = 0.00>
ST_48 : Operation 126 [2/2] (0.64ns) (root node of the DSP)   --->   "%add_ln144 = add i41 %sext_ln144, i41 %zext_ln144_1" [MCTSSearcher.cpp:144]   --->   Operation 126 'add' 'add_ln144' <Predicate = true> <Delay = 0.64> <CoreInst = "DSP48">   --->   Core 124 'DSP48' <Latency = 3> <II = 1> <Delay = 0.53> <IPBlock> <Opcode : 'add' 'sub' 'mul' 'select'> <InPorts = 0> <OutPorts = 1> <Sync> <CReg>
ST_48 : Operation 140 [1/1] (0.00ns)   --->   "%bestChildNode_load = load i32 %bestChildNode"   --->   Operation 140 'load' 'bestChildNode_load' <Predicate = (icmp_ln140)> <Delay = 0.00>
ST_48 : Operation 141 [1/1] (0.00ns)   --->   "%write_ln0 = write void @_ssdm_op_Write.ap_auto.i32P0A, i32 %bestChildNode_out, i32 %bestChildNode_load"   --->   Operation 141 'write' 'write_ln0' <Predicate = (icmp_ln140)> <Delay = 0.00>
ST_48 : Operation 142 [1/1] (0.42ns)   --->   "%ret_ln0 = ret"   --->   Operation 142 'ret' 'ret_ln0' <Predicate = (icmp_ln140)> <Delay = 0.42>

State 49 <SV = 48> <Delay = 2.53>
ST_49 : Operation 127 [1/1] (0.00ns)   --->   "%bestChildNode_load_1 = load i32 %bestChildNode" [MCTSSearcher.cpp:145]   --->   Operation 127 'load' 'bestChildNode_load_1' <Predicate = true> <Delay = 0.00>
ST_49 : Operation 128 [1/1] (0.00ns)   --->   "%bestChildUCT_load = load i32 %bestChildUCT" [MCTSSearcher.cpp:145]   --->   Operation 128 'load' 'bestChildUCT_load' <Predicate = true> <Delay = 0.00>
ST_49 : Operation 129 [1/1] (0.00ns)   --->   "%specpipeline_ln141 = specpipeline void @_ssdm_op_SpecPipeline, i32 4294967295, i32 0, i32 0, i32 0, void @empty_0" [MCTSSearcher.cpp:141]   --->   Operation 129 'specpipeline' 'specpipeline_ln141' <Predicate = true> <Delay = 0.00>
ST_49 : Operation 130 [1/1] (0.00ns)   --->   "%specloopname_ln140 = specloopname void @_ssdm_op_SpecLoopName, void @empty_7" [MCTSSearcher.cpp:140]   --->   Operation 130 'specloopname' 'specloopname_ln140' <Predicate = true> <Delay = 0.00>
ST_49 : Operation 131 [1/2] (0.64ns) (root node of the DSP)   --->   "%add_ln144 = add i41 %sext_ln144, i41 %zext_ln144_1" [MCTSSearcher.cpp:144]   --->   Operation 131 'add' 'add_ln144' <Predicate = true> <Delay = 0.64> <CoreInst = "DSP48">   --->   Core 124 'DSP48' <Latency = 3> <II = 1> <Delay = 0.53> <IPBlock> <Opcode : 'add' 'sub' 'mul' 'select'> <InPorts = 0> <OutPorts = 1> <Sync> <CReg>
ST_49 : Operation 132 [1/1] (0.00ns)   --->   "%childUCT = partselect i26 @_ssdm_op_PartSelect.i26.i41.i32.i32, i41 %add_ln144, i32 15, i32 40" [MCTSSearcher.cpp:144]   --->   Operation 132 'partselect' 'childUCT' <Predicate = true> <Delay = 0.00>
ST_49 : Operation 133 [1/1] (0.00ns)   --->   "%sext_ln144_1 = sext i26 %childUCT" [MCTSSearcher.cpp:144]   --->   Operation 133 'sext' 'sext_ln144_1' <Predicate = true> <Delay = 0.00>
ST_49 : Operation 134 [1/1] (1.01ns)   --->   "%icmp_ln145 = icmp_sgt  i32 %sext_ln144_1, i32 %bestChildUCT_load" [MCTSSearcher.cpp:145]   --->   Operation 134 'icmp' 'icmp_ln145' <Predicate = true> <Delay = 1.01> <CoreInst = "Cmp">   --->   Core 9 'Cmp' <Latency = 0> <II = 1> <Delay = 1.01> <FuncUnit> <Opcode : 'seteq' 'setne' 'setle' 'setge' 'setlt' 'setgt'> <InPorts = 2> <OutPorts = 1>
ST_49 : Operation 135 [1/1] (0.44ns)   --->   "%bestChildUCT_2 = select i1 %icmp_ln145, i32 %sext_ln144_1, i32 %bestChildUCT_load" [MCTSSearcher.cpp:145]   --->   Operation 135 'select' 'bestChildUCT_2' <Predicate = true> <Delay = 0.44> <CoreInst = "Sel">   --->   Core 73 'Sel' <Latency = 0> <II = 1> <Delay = 0.44> <FuncUnit> <Opcode : 'select'> <InPorts = 3> <OutPorts = 1>
ST_49 : Operation 136 [1/1] (0.44ns)   --->   "%bestChildNode_5 = select i1 %icmp_ln145, i32 %childNode_2, i32 %bestChildNode_load_1" [MCTSSearcher.cpp:145]   --->   Operation 136 'select' 'bestChildNode_5' <Predicate = true> <Delay = 0.44> <CoreInst = "Sel">   --->   Core 73 'Sel' <Latency = 0> <II = 1> <Delay = 0.44> <FuncUnit> <Opcode : 'select'> <InPorts = 3> <OutPorts = 1>
ST_49 : Operation 137 [1/1] (0.42ns)   --->   "%store_ln133 = store i32 %bestChildUCT_2, i32 %bestChildUCT" [MCTSSearcher.cpp:133]   --->   Operation 137 'store' 'store_ln133' <Predicate = true> <Delay = 0.42>
ST_49 : Operation 138 [1/1] (0.42ns)   --->   "%store_ln132 = store i32 %bestChildNode_5, i32 %bestChildNode" [MCTSSearcher.cpp:132]   --->   Operation 138 'store' 'store_ln132' <Predicate = true> <Delay = 0.42>
ST_49 : Operation 139 [1/1] (0.00ns)   --->   "%br_ln140 = br void %for.cond" [MCTSSearcher.cpp:140]   --->   Operation 139 'br' 'br_ln140' <Predicate = true> <Delay = 0.00>


============================================================
+ Verbose Summary: Binding
============================================================
STG Binding: 
---------------- STG Properties BEGIN ----------------
- Is combinational: 0
- Is one-state seq: 0
- Is datapath-only: 0
- Is pipelined: 0
- Is top level: 0
Port [ Return ] is wired: 1; IO mode=ap_ctrl_hs:ce=0
Port [ bestChildNode_7]:  wired=1; compound=0; hidden=0; nouse=0; global=0; static=0; extern=0; dir=0; type=0; pingpong=0; private_global=0; IO mode=ap_none:ce=0
Port [ this_meanQ]:  wired=1; compound=1; hidden=0; nouse=0; global=0; static=0; extern=0; dir=0; type=1; pingpong=0; private_global=0; MemPort=[13]; IO mode=ap_memory:ce=0
Port [ this_visitCounts]:  wired=1; compound=1; hidden=0; nouse=0; global=0; static=0; extern=0; dir=0; type=1; pingpong=0; private_global=0; MemPort=[13]; IO mode=ap_memory:ce=0
Port [ logVisitCount]:  wired=1; compound=0; hidden=0; nouse=0; global=0; static=0; extern=0; dir=0; type=0; pingpong=0; private_global=0; IO mode=ap_none:ce=0
Port [ this_nextSiblings]:  wired=1; compound=1; hidden=0; nouse=0; global=0; static=0; extern=0; dir=0; type=1; pingpong=0; private_global=0; MemPort=[13]; IO mode=ap_memory:ce=0
Port [ bestChildNode_out]:  wired=1; compound=0; hidden=0; nouse=0; global=0; static=0; extern=0; dir=1; type=0; pingpong=0; private_global=0; IO mode=ap_vld:ce=0
---------------- STG Properties END ------------------

---------------- Datapath Model BEGIN ----------------

<LifeTime>
<method=bitvector/>
bestChildNode          (alloca        ) [ 01111111111111111111111111111111111111111111111111]
bestChildNode_3        (alloca        ) [ 01100000000000000000000000000000000000000000000000]
bestChildUCT           (alloca        ) [ 01111111111111111111111111111111111111111111111111]
logVisitCount_read     (read          ) [ 01111111111111111111111111111111111111000000000000]
bestChildNode_7_read   (read          ) [ 00000000000000000000000000000000000000000000000000]
store_ln133            (store         ) [ 00000000000000000000000000000000000000000000000000]
store_ln132            (store         ) [ 00000000000000000000000000000000000000000000000000]
store_ln132            (store         ) [ 00000000000000000000000000000000000000000000000000]
br_ln0                 (br            ) [ 00000000000000000000000000000000000000000000000000]
childNode_2            (load          ) [ 01111111111111111111111111111111111111111111111111]
icmp_ln140             (icmp          ) [ 01111111111111111111111111111111111111111111111110]
br_ln140               (br            ) [ 00000000000000000000000000000000000000000000000000]
zext_ln141             (zext          ) [ 01111111111111111111111111111111111111111111111100]
this_visitCounts_addr  (getelementptr ) [ 01100000000000000000000000000000000000000000000000]
this_nextSiblings_addr (getelementptr ) [ 01100000000000000000000000000000000000000000000000]
this_visitCounts_load  (load          ) [ 01011111111111111111111111111111111111000000000000]
childNode              (load          ) [ 00000000000000000000000000000000000000000000000000]
store_ln132            (store         ) [ 00000000000000000000000000000000000000000000000000]
x                      (sdiv          ) [ 01000000000000000000000000000000000000111111110000]
sext_ln                (call          ) [ 01000000000000000000000000000000000000000000001000]
zext_ln144             (zext          ) [ 01000000000000000000000000000000000000000000000110]
this_meanQ_addr        (getelementptr ) [ 01000000000000000000000000000000000000000000000010]
this_meanQ_load        (load          ) [ 00000000000000000000000000000000000000000000000000]
mul_ln144              (mul           ) [ 00000000000000000000000000000000000000000000000000]
shl_ln                 (bitconcatenate) [ 00000000000000000000000000000000000000000000000000]
sext_ln144             (sext          ) [ 01000000000000000000000000000000000000000000000001]
zext_ln144_1           (zext          ) [ 01000000000000000000000000000000000000000000000001]
bestChildNode_load_1   (load          ) [ 00000000000000000000000000000000000000000000000000]
bestChildUCT_load      (load          ) [ 00000000000000000000000000000000000000000000000000]
specpipeline_ln141     (specpipeline  ) [ 00000000000000000000000000000000000000000000000000]
specloopname_ln140     (specloopname  ) [ 00000000000000000000000000000000000000000000000000]
add_ln144              (add           ) [ 00000000000000000000000000000000000000000000000000]
childUCT               (partselect    ) [ 00000000000000000000000000000000000000000000000000]
sext_ln144_1           (sext          ) [ 00000000000000000000000000000000000000000000000000]
icmp_ln145             (icmp          ) [ 00000000000000000000000000000000000000000000000000]
bestChildUCT_2         (select        ) [ 00000000000000000000000000000000000000000000000000]
bestChildNode_5        (select        ) [ 00000000000000000000000000000000000000000000000000]
store_ln133            (store         ) [ 00000000000000000000000000000000000000000000000000]
store_ln132            (store         ) [ 00000000000000000000000000000000000000000000000000]
br_ln140               (br            ) [ 00000000000000000000000000000000000000000000000000]
bestChildNode_load     (load          ) [ 00000000000000000000000000000000000000000000000000]
write_ln0              (write         ) [ 00000000000000000000000000000000000000000000000000]
ret_ln0                (ret           ) [ 00000000000000000000000000000000000000000000000000]
</LifeTime>

<model>

<comp_list>
<comp id="0" class="1000" name="bestChildNode_7">
<pin_list>
<pin id="1" dir="1" index="0" bw="1" slack="0"/>
</pin_list>
<bind>
<StgValue><ssdm name="bestChildNode_7"/></StgValue>
</bind>
</comp>

<comp id="2" class="1000" name="this_meanQ">
<pin_list>
<pin id="3" dir="1" index="0" bw="1" slack="0"/>
</pin_list>
<bind>
<StgValue><ssdm name="this_meanQ"/><MemPortTyVec>1 3 </MemPortTyVec>
</StgValue>
</bind>
</comp>

<comp id="4" class="1000" name="this_visitCounts">
<pin_list>
<pin id="5" dir="1" index="0" bw="1" slack="0"/>
</pin_list>
<bind>
<StgValue><ssdm name="this_visitCounts"/><MemPortTyVec>1 3 </MemPortTyVec>
</StgValue>
</bind>
</comp>

<comp id="6" class="1000" name="logVisitCount">
<pin_list>
<pin id="7" dir="1" index="0" bw="1" slack="0"/>
</pin_list>
<bind>
<StgValue><ssdm name="logVisitCount"/></StgValue>
</bind>
</comp>

<comp id="8" class="1000" name="this_nextSiblings">
<pin_list>
<pin id="9" dir="1" index="0" bw="1" slack="0"/>
</pin_list>
<bind>
<StgValue><ssdm name="this_nextSiblings"/><MemPortTyVec>1 3 </MemPortTyVec>
</StgValue>
</bind>
</comp>

<comp id="10" class="1000" name="bestChildNode_out">
<pin_list>
<pin id="11" dir="1" index="0" bw="1" slack="0"/>
</pin_list>
<bind>
<StgValue><ssdm name="bestChildNode_out"/></StgValue>
</bind>
</comp>

<comp id="12" class="1001" name="const_12">
<pin_list>
<pin id="13" dir="1" index="0" bw="1" slack="0"/>
</pin_list>
<bind>
<StgValue><ssdm name=""/></StgValue>
</bind>
</comp>

<comp id="14" class="1001" name="const_14">
<pin_list>
<pin id="15" dir="1" index="0" bw="1" slack="0"/>
</pin_list>
<bind>
<StgValue><ssdm name="_ssdm_op_Read.ap_auto.i32"/></StgValue>
</bind>
</comp>

<comp id="16" class="1001" name="const_16">
<pin_list>
<pin id="17" dir="1" index="0" bw="1" slack="0"/>
</pin_list>
<bind>
<StgValue><ssdm name=""/></StgValue>
</bind>
</comp>

<comp id="18" class="1001" name="const_18">
<pin_list>
<pin id="19" dir="1" index="0" bw="1" slack="0"/>
</pin_list>
<bind>
<StgValue><ssdm name=""/></StgValue>
</bind>
</comp>

<comp id="20" class="1001" name="const_20">
<pin_list>
<pin id="21" dir="1" index="0" bw="1" slack="0"/>
</pin_list>
<bind>
<StgValue><ssdm name=""/></StgValue>
</bind>
</comp>

<comp id="22" class="1001" name="const_22">
<pin_list>
<pin id="23" dir="1" index="0" bw="1" slack="0"/>
</pin_list>
<bind>
<StgValue><ssdm name="sqrt_fixed<32, 16>"/></StgValue>
</bind>
</comp>

<comp id="24" class="1001" name="const_24">
<pin_list>
<pin id="25" dir="1" index="0" bw="1" slack="0"/>
</pin_list>
<bind>
<StgValue><ssdm name=""/></StgValue>
</bind>
</comp>

<comp id="26" class="1001" name="const_26">
<pin_list>
<pin id="27" dir="1" index="0" bw="1" slack="0"/>
</pin_list>
<bind>
<StgValue><ssdm name="_ssdm_op_BitConcatenate.i36.i20.i16"/></StgValue>
</bind>
</comp>

<comp id="28" class="1001" name="const_28">
<pin_list>
<pin id="29" dir="1" index="0" bw="1" slack="0"/>
</pin_list>
<bind>
<StgValue><ssdm name=""/></StgValue>
</bind>
</comp>

<comp id="30" class="1001" name="const_30">
<pin_list>
<pin id="31" dir="1" index="0" bw="1" slack="2147483647"/>
</pin_list>
<bind>
<StgValue><ssdm name="_ssdm_op_SpecPipeline"/></StgValue>
</bind>
</comp>

<comp id="32" class="1001" name="const_32">
<pin_list>
<pin id="33" dir="1" index="0" bw="1" slack="2147483647"/>
</pin_list>
<bind>
<StgValue><ssdm name=""/></StgValue>
</bind>
</comp>

<comp id="34" class="1001" name="const_34">
<pin_list>
<pin id="35" dir="1" index="0" bw="1" slack="2147483647"/>
</pin_list>
<bind>
<StgValue><ssdm name="empty_0"/></StgValue>
</bind>
</comp>

<comp id="36" class="1001" name="const_36">
<pin_list>
<pin id="37" dir="1" index="0" bw="1" slack="2147483647"/>
</pin_list>
<bind>
<StgValue><ssdm name="_ssdm_op_SpecLoopName"/></StgValue>
</bind>
</comp>

<comp id="38" class="1001" name="const_38">
<pin_list>
<pin id="39" dir="1" index="0" bw="1" slack="2147483647"/>
</pin_list>
<bind>
<StgValue><ssdm name="empty_7"/></StgValue>
</bind>
</comp>

<comp id="40" class="1001" name="const_40">
<pin_list>
<pin id="41" dir="1" index="0" bw="1" slack="0"/>
</pin_list>
<bind>
<StgValue><ssdm name="_ssdm_op_PartSelect.i26.i41.i32.i32"/></StgValue>
</bind>
</comp>

<comp id="42" class="1001" name="const_42">
<pin_list>
<pin id="43" dir="1" index="0" bw="1" slack="0"/>
</pin_list>
<bind>
<StgValue><ssdm name=""/></StgValue>
</bind>
</comp>

<comp id="44" class="1001" name="const_44">
<pin_list>
<pin id="45" dir="1" index="0" bw="1" slack="0"/>
</pin_list>
<bind>
<StgValue><ssdm name=""/></StgValue>
</bind>
</comp>

<comp id="46" class="1001" name="const_46">
<pin_list>
<pin id="47" dir="1" index="0" bw="1" slack="0"/>
</pin_list>
<bind>
<StgValue><ssdm name="_ssdm_op_Write.ap_auto.i32P0A"/></StgValue>
</bind>
</comp>

<comp id="48" class="1004" name="bestChildNode_fu_48">
<pin_list>
<pin id="49" dir="0" index="0" bw="1" slack="0"/>
<pin id="50" dir="1" index="1" bw="32" slack="0"/>
</pin_list>
<bind>
<opcode="alloca(26) " fcode="alloca"/>
<opset="bestChildNode/1 "/>
</bind>
</comp>

<comp id="52" class="1004" name="bestChildNode_3_fu_52">
<pin_list>
<pin id="53" dir="0" index="0" bw="1" slack="0"/>
<pin id="54" dir="1" index="1" bw="32" slack="0"/>
</pin_list>
<bind>
<opcode="alloca(26) " fcode="alloca"/>
<opset="bestChildNode_3/1 "/>
</bind>
</comp>

<comp id="56" class="1004" name="bestChildUCT_fu_56">
<pin_list>
<pin id="57" dir="0" index="0" bw="1" slack="0"/>
<pin id="58" dir="1" index="1" bw="32" slack="0"/>
</pin_list>
<bind>
<opcode="alloca(26) " fcode="alloca"/>
<opset="bestChildUCT/1 "/>
</bind>
</comp>

<comp id="60" class="1004" name="logVisitCount_read_read_fu_60">
<pin_list>
<pin id="61" dir="0" index="0" bw="32" slack="0"/>
<pin id="62" dir="0" index="1" bw="32" slack="0"/>
<pin id="63" dir="1" index="2" bw="32" slack="1"/>
</pin_list>
<bind>
<opcode="read(1150) " fcode="read"/>
<opset="logVisitCount_read/1 "/>
</bind>
</comp>

<comp id="66" class="1004" name="bestChildNode_7_read_read_fu_66">
<pin_list>
<pin id="67" dir="0" index="0" bw="32" slack="0"/>
<pin id="68" dir="0" index="1" bw="32" slack="0"/>
<pin id="69" dir="1" index="2" bw="32" slack="0"/>
</pin_list>
<bind>
<opcode="read(1150) " fcode="read"/>
<opset="bestChildNode_7_read/1 "/>
</bind>
</comp>

<comp id="72" class="1004" name="write_ln0_write_fu_72">
<pin_list>
<pin id="73" dir="0" index="0" bw="0" slack="0"/>
<pin id="74" dir="0" index="1" bw="32" slack="0"/>
<pin id="75" dir="0" index="2" bw="32" slack="0"/>
<pin id="76" dir="1" index="3" bw="0" slack="2147483647"/>
</pin_list>
<bind>
<opcode="write(1151) " fcode="write"/>
<opset="write_ln0/48 "/>
</bind>
</comp>

<comp id="79" class="1004" name="this_visitCounts_addr_gep_fu_79">
<pin_list>
<pin id="80" dir="0" index="0" bw="32" slack="0"/>
<pin id="81" dir="0" index="1" bw="1" slack="0"/>
<pin id="82" dir="0" index="2" bw="32" slack="0"/>
<pin id="83" dir="1" index="3" bw="13" slack="0"/>
</pin_list>
<bind>
<opcode="getelementptr(29) " fcode="getelementptr"/>
<opset="this_visitCounts_addr/1 "/>
</bind>
</comp>

<comp id="86" class="1004" name="grp_access_fu_86">
<pin_list>
<pin id="87" dir="0" index="0" bw="13" slack="0"/>
<pin id="88" dir="0" index="1" bw="32" slack="2147483647"/>
<pin id="89" dir="0" index="2" bw="0" slack="2147483647"/>
<pin id="90" dir="1" index="3" bw="32" slack="0"/>
</pin_list>
<bind>
<opcode="load(27) " fcode="load"/>
<opset="this_visitCounts_load/1 "/>
</bind>
</comp>

<comp id="92" class="1004" name="this_nextSiblings_addr_gep_fu_92">
<pin_list>
<pin id="93" dir="0" index="0" bw="32" slack="0"/>
<pin id="94" dir="0" index="1" bw="1" slack="0"/>
<pin id="95" dir="0" index="2" bw="32" slack="0"/>
<pin id="96" dir="1" index="3" bw="13" slack="0"/>
</pin_list>
<bind>
<opcode="getelementptr(29) " fcode="getelementptr"/>
<opset="this_nextSiblings_addr/1 "/>
</bind>
</comp>

<comp id="99" class="1004" name="grp_access_fu_99">
<pin_list>
<pin id="100" dir="0" index="0" bw="13" slack="0"/>
<pin id="101" dir="0" index="1" bw="32" slack="2147483647"/>
<pin id="102" dir="0" index="2" bw="0" slack="2147483647"/>
<pin id="103" dir="1" index="3" bw="32" slack="0"/>
</pin_list>
<bind>
<opcode="load(27) " fcode="load"/>
<opset="childNode/1 "/>
</bind>
</comp>

<comp id="105" class="1004" name="this_meanQ_addr_gep_fu_105">
<pin_list>
<pin id="106" dir="0" index="0" bw="20" slack="0"/>
<pin id="107" dir="0" index="1" bw="1" slack="0"/>
<pin id="108" dir="0" index="2" bw="32" slack="46"/>
<pin id="109" dir="1" index="3" bw="13" slack="0"/>
</pin_list>
<bind>
<opcode="getelementptr(29) " fcode="getelementptr"/>
<opset="this_meanQ_addr/47 "/>
</bind>
</comp>

<comp id="112" class="1004" name="grp_access_fu_112">
<pin_list>
<pin id="113" dir="0" index="0" bw="13" slack="0"/>
<pin id="114" dir="0" index="1" bw="20" slack="2147483647"/>
<pin id="115" dir="0" index="2" bw="0" slack="2147483647"/>
<pin id="116" dir="1" index="3" bw="20" slack="0"/>
</pin_list>
<bind>
<opcode="load(27) " fcode="load"/>
<opset="this_meanQ_load/47 "/>
</bind>
</comp>

<comp id="118" class="1004" name="grp_sqrt_fixed_32_16_s_fu_118">
<pin_list>
<pin id="119" dir="0" index="0" bw="24" slack="0"/>
<pin id="120" dir="0" index="1" bw="32" slack="1"/>
<pin id="121" dir="1" index="2" bw="24" slack="1"/>
</pin_list>
<bind>
<opcode="call(48) " fcode="call"/>
<opset="sext_ln/38 "/>
</bind>
</comp>

<comp id="123" class="1004" name="store_ln133_store_fu_123">
<pin_list>
<pin id="124" dir="0" index="0" bw="24" slack="0"/>
<pin id="125" dir="0" index="1" bw="32" slack="0"/>
<pin id="126" dir="1" index="2" bw="0" slack="2147483647"/>
</pin_list>
<bind>
<opcode="store(28) " fcode="store"/>
<opset="store_ln133/1 "/>
</bind>
</comp>

<comp id="128" class="1004" name="store_ln132_store_fu_128">
<pin_list>
<pin id="129" dir="0" index="0" bw="32" slack="0"/>
<pin id="130" dir="0" index="1" bw="32" slack="0"/>
<pin id="131" dir="1" index="2" bw="0" slack="2147483647"/>
</pin_list>
<bind>
<opcode="store(28) " fcode="store"/>
<opset="store_ln132/1 "/>
</bind>
</comp>

<comp id="133" class="1004" name="store_ln132_store_fu_133">
<pin_list>
<pin id="134" dir="0" index="0" bw="32" slack="0"/>
<pin id="135" dir="0" index="1" bw="32" slack="0"/>
<pin id="136" dir="1" index="2" bw="0" slack="2147483647"/>
</pin_list>
<bind>
<opcode="store(28) " fcode="store"/>
<opset="store_ln132/1 "/>
</bind>
</comp>

<comp id="138" class="1004" name="childNode_2_load_fu_138">
<pin_list>
<pin id="139" dir="0" index="0" bw="32" slack="0"/>
<pin id="140" dir="1" index="1" bw="32" slack="0"/>
</pin_list>
<bind>
<opcode="load(27) " fcode="load"/>
<opset="childNode_2/1 "/>
</bind>
</comp>

<comp id="141" class="1004" name="icmp_ln140_fu_141">
<pin_list>
<pin id="142" dir="0" index="0" bw="32" slack="0"/>
<pin id="143" dir="0" index="1" bw="32" slack="0"/>
<pin id="144" dir="1" index="2" bw="1" slack="37"/>
</pin_list>
<bind>
<opcode="icmp(45) " fcode="icmp"/>
<opset="icmp_ln140/1 "/>
</bind>
</comp>

<comp id="147" class="1004" name="zext_ln141_fu_147">
<pin_list>
<pin id="148" dir="0" index="0" bw="32" slack="0"/>
<pin id="149" dir="1" index="1" bw="64" slack="0"/>
</pin_list>
<bind>
<opcode="zext(34) " fcode="zext"/>
<opset="zext_ln141/1 "/>
</bind>
</comp>

<comp id="153" class="1004" name="grp_fu_153">
<pin_list>
<pin id="154" dir="0" index="0" bw="32" slack="1"/>
<pin id="155" dir="0" index="1" bw="32" slack="0"/>
<pin id="156" dir="1" index="2" bw="32" slack="1"/>
</pin_list>
<bind>
<opcode="sdiv(15) " fcode="sdiv"/>
<opset="x/2 "/>
</bind>
</comp>

<comp id="158" class="1004" name="store_ln132_store_fu_158">
<pin_list>
<pin id="159" dir="0" index="0" bw="32" slack="0"/>
<pin id="160" dir="0" index="1" bw="32" slack="1"/>
<pin id="161" dir="1" index="2" bw="0" slack="2147483647"/>
</pin_list>
<bind>
<opcode="store(28) " fcode="store"/>
<opset="store_ln132/2 "/>
</bind>
</comp>

<comp id="163" class="1004" name="zext_ln144_fu_163">
<pin_list>
<pin id="164" dir="0" index="0" bw="24" slack="1"/>
<pin id="165" dir="1" index="1" bw="40" slack="0"/>
</pin_list>
<bind>
<opcode="zext(34) " fcode="zext"/>
<opset="zext_ln144/46 "/>
</bind>
</comp>

<comp id="166" class="1004" name="shl_ln_fu_166">
<pin_list>
<pin id="167" dir="0" index="0" bw="36" slack="0"/>
<pin id="168" dir="0" index="1" bw="20" slack="0"/>
<pin id="169" dir="0" index="2" bw="1" slack="0"/>
<pin id="170" dir="1" index="3" bw="36" slack="0"/>
</pin_list>
<bind>
<opcode="bitconcatenate(1004) " fcode="bitconcatenate"/>
<opset="shl_ln/48 "/>
</bind>
</comp>

<comp id="174" class="1004" name="sext_ln144_fu_174">
<pin_list>
<pin id="175" dir="0" index="0" bw="36" slack="0"/>
<pin id="176" dir="1" index="1" bw="41" slack="0"/>
</pin_list>
<bind>
<opcode="sext(35) " fcode="sext"/>
<opset="sext_ln144/48 "/>
</bind>
</comp>

<comp id="178" class="1004" name="bestChildNode_load_1_load_fu_178">
<pin_list>
<pin id="179" dir="0" index="0" bw="32" slack="48"/>
<pin id="180" dir="1" index="1" bw="32" slack="0"/>
</pin_list>
<bind>
<opcode="load(27) " fcode="load"/>
<opset="bestChildNode_load_1/49 "/>
</bind>
</comp>

<comp id="181" class="1004" name="bestChildUCT_load_load_fu_181">
<pin_list>
<pin id="182" dir="0" index="0" bw="32" slack="48"/>
<pin id="183" dir="1" index="1" bw="32" slack="0"/>
</pin_list>
<bind>
<opcode="load(27) " fcode="load"/>
<opset="bestChildUCT_load/49 "/>
</bind>
</comp>

<comp id="184" class="1004" name="childUCT_fu_184">
<pin_list>
<pin id="185" dir="0" index="0" bw="26" slack="0"/>
<pin id="186" dir="0" index="1" bw="41" slack="0"/>
<pin id="187" dir="0" index="2" bw="5" slack="0"/>
<pin id="188" dir="0" index="3" bw="7" slack="0"/>
<pin id="189" dir="1" index="4" bw="26" slack="0"/>
</pin_list>
<bind>
<opcode="partselect(1002) " fcode="partselect"/>
<opset="childUCT/49 "/>
</bind>
</comp>

<comp id="193" class="1004" name="sext_ln144_1_fu_193">
<pin_list>
<pin id="194" dir="0" index="0" bw="26" slack="0"/>
<pin id="195" dir="1" index="1" bw="32" slack="0"/>
</pin_list>
<bind>
<opcode="sext(35) " fcode="sext"/>
<opset="sext_ln144_1/49 "/>
</bind>
</comp>

<comp id="197" class="1004" name="icmp_ln145_fu_197">
<pin_list>
<pin id="198" dir="0" index="0" bw="32" slack="0"/>
<pin id="199" dir="0" index="1" bw="32" slack="0"/>
<pin id="200" dir="1" index="2" bw="1" slack="0"/>
</pin_list>
<bind>
<opcode="icmp(45) " fcode="icmp"/>
<opset="icmp_ln145/49 "/>
</bind>
</comp>

<comp id="203" class="1004" name="bestChildUCT_2_fu_203">
<pin_list>
<pin id="204" dir="0" index="0" bw="1" slack="0"/>
<pin id="205" dir="0" index="1" bw="32" slack="0"/>
<pin id="206" dir="0" index="2" bw="32" slack="0"/>
<pin id="207" dir="1" index="3" bw="32" slack="0"/>
</pin_list>
<bind>
<opcode="select(49) " fcode="select"/>
<opset="bestChildUCT_2/49 "/>
</bind>
</comp>

<comp id="211" class="1004" name="bestChildNode_5_fu_211">
<pin_list>
<pin id="212" dir="0" index="0" bw="1" slack="0"/>
<pin id="213" dir="0" index="1" bw="32" slack="48"/>
<pin id="214" dir="0" index="2" bw="32" slack="0"/>
<pin id="215" dir="1" index="3" bw="32" slack="0"/>
</pin_list>
<bind>
<opcode="select(49) " fcode="select"/>
<opset="bestChildNode_5/49 "/>
</bind>
</comp>

<comp id="218" class="1004" name="store_ln133_store_fu_218">
<pin_list>
<pin id="219" dir="0" index="0" bw="32" slack="0"/>
<pin id="220" dir="0" index="1" bw="32" slack="48"/>
<pin id="221" dir="1" index="2" bw="0" slack="2147483647"/>
</pin_list>
<bind>
<opcode="store(28) " fcode="store"/>
<opset="store_ln133/49 "/>
</bind>
</comp>

<comp id="223" class="1004" name="store_ln132_store_fu_223">
<pin_list>
<pin id="224" dir="0" index="0" bw="32" slack="0"/>
<pin id="225" dir="0" index="1" bw="32" slack="48"/>
<pin id="226" dir="1" index="2" bw="0" slack="2147483647"/>
</pin_list>
<bind>
<opcode="store(28) " fcode="store"/>
<opset="store_ln132/49 "/>
</bind>
</comp>

<comp id="228" class="1004" name="bestChildNode_load_load_fu_228">
<pin_list>
<pin id="229" dir="0" index="0" bw="32" slack="47"/>
<pin id="230" dir="1" index="1" bw="32" slack="0"/>
</pin_list>
<bind>
<opcode="load(27) " fcode="load"/>
<opset="bestChildNode_load/48 "/>
</bind>
</comp>

<comp id="232" class="1007" name="grp_fu_232">
<pin_list>
<pin id="233" dir="0" index="0" bw="24" slack="0"/>
<pin id="234" dir="0" index="1" bw="16" slack="0"/>
<pin id="235" dir="0" index="2" bw="36" slack="0"/>
<pin id="236" dir="1" index="3" bw="41" slack="0"/>
</pin_list>
<bind>
<opcode="muladd(1172) " fcode="muladd"/>
<opset="mul_ln144/46 zext_ln144_1/48 add_ln144/48 "/>
</bind>
</comp>

<comp id="241" class="1005" name="bestChildNode_reg_241">
<pin_list>
<pin id="242" dir="0" index="0" bw="32" slack="0"/>
<pin id="243" dir="1" index="1" bw="32" slack="0"/>
</pin_list>
<bind>
<opset="bestChildNode "/>
</bind>
</comp>

<comp id="249" class="1005" name="bestChildNode_3_reg_249">
<pin_list>
<pin id="250" dir="0" index="0" bw="32" slack="0"/>
<pin id="251" dir="1" index="1" bw="32" slack="0"/>
</pin_list>
<bind>
<opset="bestChildNode_3 "/>
</bind>
</comp>

<comp id="256" class="1005" name="bestChildUCT_reg_256">
<pin_list>
<pin id="257" dir="0" index="0" bw="32" slack="0"/>
<pin id="258" dir="1" index="1" bw="32" slack="0"/>
</pin_list>
<bind>
<opset="bestChildUCT "/>
</bind>
</comp>

<comp id="263" class="1005" name="logVisitCount_read_reg_263">
<pin_list>
<pin id="264" dir="0" index="0" bw="32" slack="1"/>
<pin id="265" dir="1" index="1" bw="32" slack="1"/>
</pin_list>
<bind>
<opset="logVisitCount_read "/>
</bind>
</comp>

<comp id="268" class="1005" name="childNode_2_reg_268">
<pin_list>
<pin id="269" dir="0" index="0" bw="32" slack="48"/>
<pin id="270" dir="1" index="1" bw="32" slack="48"/>
</pin_list>
<bind>
<opset="childNode_2 "/>
</bind>
</comp>

<comp id="273" class="1005" name="icmp_ln140_reg_273">
<pin_list>
<pin id="274" dir="0" index="0" bw="1" slack="37"/>
<pin id="275" dir="1" index="1" bw="1" slack="2147483647"/>
</pin_list>
<bind>
<opset="icmp_ln140 "/>
</bind>
</comp>

<comp id="277" class="1005" name="zext_ln141_reg_277">
<pin_list>
<pin id="278" dir="0" index="0" bw="64" slack="46"/>
<pin id="279" dir="1" index="1" bw="64" slack="46"/>
</pin_list>
<bind>
<opset="zext_ln141 "/>
</bind>
</comp>

<comp id="282" class="1005" name="this_visitCounts_addr_reg_282">
<pin_list>
<pin id="283" dir="0" index="0" bw="13" slack="1"/>
<pin id="284" dir="1" index="1" bw="13" slack="1"/>
</pin_list>
<bind>
<opset="this_visitCounts_addr "/>
</bind>
</comp>

<comp id="287" class="1005" name="this_nextSiblings_addr_reg_287">
<pin_list>
<pin id="288" dir="0" index="0" bw="13" slack="1"/>
<pin id="289" dir="1" index="1" bw="13" slack="1"/>
</pin_list>
<bind>
<opset="this_nextSiblings_addr "/>
</bind>
</comp>

<comp id="292" class="1005" name="this_visitCounts_load_reg_292">
<pin_list>
<pin id="293" dir="0" index="0" bw="32" slack="1"/>
<pin id="294" dir="1" index="1" bw="32" slack="1"/>
</pin_list>
<bind>
<opset="this_visitCounts_load "/>
</bind>
</comp>

<comp id="297" class="1005" name="x_reg_297">
<pin_list>
<pin id="298" dir="0" index="0" bw="32" slack="1"/>
<pin id="299" dir="1" index="1" bw="32" slack="1"/>
</pin_list>
<bind>
<opset="x "/>
</bind>
</comp>

<comp id="302" class="1005" name="sext_ln_reg_302">
<pin_list>
<pin id="303" dir="0" index="0" bw="24" slack="1"/>
<pin id="304" dir="1" index="1" bw="24" slack="1"/>
</pin_list>
<bind>
<opset="sext_ln "/>
</bind>
</comp>

<comp id="307" class="1005" name="zext_ln144_reg_307">
<pin_list>
<pin id="308" dir="0" index="0" bw="40" slack="1"/>
<pin id="309" dir="1" index="1" bw="40" slack="1"/>
</pin_list>
<bind>
<opset="zext_ln144 "/>
</bind>
</comp>

<comp id="312" class="1005" name="this_meanQ_addr_reg_312">
<pin_list>
<pin id="313" dir="0" index="0" bw="13" slack="1"/>
<pin id="314" dir="1" index="1" bw="13" slack="1"/>
</pin_list>
<bind>
<opset="this_meanQ_addr "/>
</bind>
</comp>

<comp id="317" class="1005" name="sext_ln144_reg_317">
<pin_list>
<pin id="318" dir="0" index="0" bw="41" slack="1"/>
<pin id="319" dir="1" index="1" bw="41" slack="1"/>
</pin_list>
<bind>
<opset="sext_ln144 "/>
</bind>
</comp>

</comp_list>

<net_list>
<net id="51"><net_src comp="12" pin="0"/><net_sink comp="48" pin=0"/></net>

<net id="55"><net_src comp="12" pin="0"/><net_sink comp="52" pin=0"/></net>

<net id="59"><net_src comp="12" pin="0"/><net_sink comp="56" pin=0"/></net>

<net id="64"><net_src comp="14" pin="0"/><net_sink comp="60" pin=0"/></net>

<net id="65"><net_src comp="6" pin="0"/><net_sink comp="60" pin=1"/></net>

<net id="70"><net_src comp="14" pin="0"/><net_sink comp="66" pin=0"/></net>

<net id="71"><net_src comp="0" pin="0"/><net_sink comp="66" pin=1"/></net>

<net id="77"><net_src comp="46" pin="0"/><net_sink comp="72" pin=0"/></net>

<net id="78"><net_src comp="10" pin="0"/><net_sink comp="72" pin=1"/></net>

<net id="84"><net_src comp="4" pin="0"/><net_sink comp="79" pin=0"/></net>

<net id="85"><net_src comp="20" pin="0"/><net_sink comp="79" pin=1"/></net>

<net id="91"><net_src comp="79" pin="3"/><net_sink comp="86" pin=0"/></net>

<net id="97"><net_src comp="8" pin="0"/><net_sink comp="92" pin=0"/></net>

<net id="98"><net_src comp="20" pin="0"/><net_sink comp="92" pin=1"/></net>

<net id="104"><net_src comp="92" pin="3"/><net_sink comp="99" pin=0"/></net>

<net id="110"><net_src comp="2" pin="0"/><net_sink comp="105" pin=0"/></net>

<net id="111"><net_src comp="20" pin="0"/><net_sink comp="105" pin=1"/></net>

<net id="117"><net_src comp="105" pin="3"/><net_sink comp="112" pin=0"/></net>

<net id="122"><net_src comp="22" pin="0"/><net_sink comp="118" pin=0"/></net>

<net id="127"><net_src comp="16" pin="0"/><net_sink comp="123" pin=0"/></net>

<net id="132"><net_src comp="66" pin="2"/><net_sink comp="128" pin=0"/></net>

<net id="137"><net_src comp="66" pin="2"/><net_sink comp="133" pin=0"/></net>

<net id="145"><net_src comp="138" pin="1"/><net_sink comp="141" pin=0"/></net>

<net id="146"><net_src comp="18" pin="0"/><net_sink comp="141" pin=1"/></net>

<net id="150"><net_src comp="138" pin="1"/><net_sink comp="147" pin=0"/></net>

<net id="151"><net_src comp="147" pin="1"/><net_sink comp="79" pin=2"/></net>

<net id="152"><net_src comp="147" pin="1"/><net_sink comp="92" pin=2"/></net>

<net id="157"><net_src comp="86" pin="3"/><net_sink comp="153" pin=1"/></net>

<net id="162"><net_src comp="99" pin="3"/><net_sink comp="158" pin=0"/></net>

<net id="171"><net_src comp="26" pin="0"/><net_sink comp="166" pin=0"/></net>

<net id="172"><net_src comp="112" pin="3"/><net_sink comp="166" pin=1"/></net>

<net id="173"><net_src comp="28" pin="0"/><net_sink comp="166" pin=2"/></net>

<net id="177"><net_src comp="166" pin="3"/><net_sink comp="174" pin=0"/></net>

<net id="190"><net_src comp="40" pin="0"/><net_sink comp="184" pin=0"/></net>

<net id="191"><net_src comp="42" pin="0"/><net_sink comp="184" pin=2"/></net>

<net id="192"><net_src comp="44" pin="0"/><net_sink comp="184" pin=3"/></net>

<net id="196"><net_src comp="184" pin="4"/><net_sink comp="193" pin=0"/></net>

<net id="201"><net_src comp="193" pin="1"/><net_sink comp="197" pin=0"/></net>

<net id="202"><net_src comp="181" pin="1"/><net_sink comp="197" pin=1"/></net>

<net id="208"><net_src comp="197" pin="2"/><net_sink comp="203" pin=0"/></net>

<net id="209"><net_src comp="193" pin="1"/><net_sink comp="203" pin=1"/></net>

<net id="210"><net_src comp="181" pin="1"/><net_sink comp="203" pin=2"/></net>

<net id="216"><net_src comp="197" pin="2"/><net_sink comp="211" pin=0"/></net>

<net id="217"><net_src comp="178" pin="1"/><net_sink comp="211" pin=2"/></net>

<net id="222"><net_src comp="203" pin="3"/><net_sink comp="218" pin=0"/></net>

<net id="227"><net_src comp="211" pin="3"/><net_sink comp="223" pin=0"/></net>

<net id="231"><net_src comp="228" pin="1"/><net_sink comp="72" pin=2"/></net>

<net id="237"><net_src comp="163" pin="1"/><net_sink comp="232" pin=0"/></net>

<net id="238"><net_src comp="24" pin="0"/><net_sink comp="232" pin=1"/></net>

<net id="239"><net_src comp="174" pin="1"/><net_sink comp="232" pin=2"/></net>

<net id="240"><net_src comp="232" pin="3"/><net_sink comp="184" pin=1"/></net>

<net id="244"><net_src comp="48" pin="1"/><net_sink comp="241" pin=0"/></net>

<net id="245"><net_src comp="241" pin="1"/><net_sink comp="133" pin=1"/></net>

<net id="246"><net_src comp="241" pin="1"/><net_sink comp="178" pin=0"/></net>

<net id="247"><net_src comp="241" pin="1"/><net_sink comp="223" pin=1"/></net>

<net id="248"><net_src comp="241" pin="1"/><net_sink comp="228" pin=0"/></net>

<net id="252"><net_src comp="52" pin="1"/><net_sink comp="249" pin=0"/></net>

<net id="253"><net_src comp="249" pin="1"/><net_sink comp="128" pin=1"/></net>

<net id="254"><net_src comp="249" pin="1"/><net_sink comp="138" pin=0"/></net>

<net id="255"><net_src comp="249" pin="1"/><net_sink comp="158" pin=1"/></net>

<net id="259"><net_src comp="56" pin="1"/><net_sink comp="256" pin=0"/></net>

<net id="260"><net_src comp="256" pin="1"/><net_sink comp="123" pin=1"/></net>

<net id="261"><net_src comp="256" pin="1"/><net_sink comp="181" pin=0"/></net>

<net id="262"><net_src comp="256" pin="1"/><net_sink comp="218" pin=1"/></net>

<net id="266"><net_src comp="60" pin="2"/><net_sink comp="263" pin=0"/></net>

<net id="267"><net_src comp="263" pin="1"/><net_sink comp="153" pin=0"/></net>

<net id="271"><net_src comp="138" pin="1"/><net_sink comp="268" pin=0"/></net>

<net id="272"><net_src comp="268" pin="1"/><net_sink comp="211" pin=1"/></net>

<net id="276"><net_src comp="141" pin="2"/><net_sink comp="273" pin=0"/></net>

<net id="280"><net_src comp="147" pin="1"/><net_sink comp="277" pin=0"/></net>

<net id="281"><net_src comp="277" pin="1"/><net_sink comp="105" pin=2"/></net>

<net id="285"><net_src comp="79" pin="3"/><net_sink comp="282" pin=0"/></net>

<net id="286"><net_src comp="282" pin="1"/><net_sink comp="86" pin=0"/></net>

<net id="290"><net_src comp="92" pin="3"/><net_sink comp="287" pin=0"/></net>

<net id="291"><net_src comp="287" pin="1"/><net_sink comp="99" pin=0"/></net>

<net id="295"><net_src comp="86" pin="3"/><net_sink comp="292" pin=0"/></net>

<net id="296"><net_src comp="292" pin="1"/><net_sink comp="153" pin=1"/></net>

<net id="300"><net_src comp="153" pin="2"/><net_sink comp="297" pin=0"/></net>

<net id="301"><net_src comp="297" pin="1"/><net_sink comp="118" pin=1"/></net>

<net id="305"><net_src comp="118" pin="2"/><net_sink comp="302" pin=0"/></net>

<net id="306"><net_src comp="302" pin="1"/><net_sink comp="163" pin=0"/></net>

<net id="310"><net_src comp="163" pin="1"/><net_sink comp="307" pin=0"/></net>

<net id="311"><net_src comp="307" pin="1"/><net_sink comp="232" pin=0"/></net>

<net id="315"><net_src comp="105" pin="3"/><net_sink comp="312" pin=0"/></net>

<net id="316"><net_src comp="312" pin="1"/><net_sink comp="112" pin=0"/></net>

<net id="320"><net_src comp="174" pin="1"/><net_sink comp="317" pin=0"/></net>

<net id="321"><net_src comp="317" pin="1"/><net_sink comp="232" pin=0"/></net>

</net_list>

</model> 
---------------- Datapath Model END ------------------

* FSMD analyzer results:
  - Output states:
	Port: this_meanQ | {}
	Port: this_visitCounts | {}
	Port: this_nextSiblings | {}
	Port: bestChildNode_out | {48 }
 - Input state : 
	Port: forward_Pipeline_VITIS_LOOP_140_2 : bestChildNode_7 | {1 }
	Port: forward_Pipeline_VITIS_LOOP_140_2 : this_meanQ | {47 48 }
	Port: forward_Pipeline_VITIS_LOOP_140_2 : this_visitCounts | {1 2 }
	Port: forward_Pipeline_VITIS_LOOP_140_2 : logVisitCount | {1 }
	Port: forward_Pipeline_VITIS_LOOP_140_2 : this_nextSiblings | {1 2 }
  - Chain level:
	State 1
		store_ln133 : 1
		childNode_2 : 1
		icmp_ln140 : 2
		br_ln140 : 3
		zext_ln141 : 2
		this_visitCounts_addr : 3
		this_visitCounts_load : 4
		this_nextSiblings_addr : 3
		childNode : 4
	State 2
		x : 1
		store_ln132 : 1
	State 3
	State 4
	State 5
	State 6
	State 7
	State 8
	State 9
	State 10
	State 11
	State 12
	State 13
	State 14
	State 15
	State 16
	State 17
	State 18
	State 19
	State 20
	State 21
	State 22
	State 23
	State 24
	State 25
	State 26
	State 27
	State 28
	State 29
	State 30
	State 31
	State 32
	State 33
	State 34
	State 35
	State 36
	State 37
	State 38
	State 39
	State 40
	State 41
	State 42
	State 43
	State 44
	State 45
	State 46
		mul_ln144 : 1
	State 47
		this_meanQ_load : 1
	State 48
		shl_ln : 1
		sext_ln144 : 2
		zext_ln144_1 : 1
		add_ln144 : 3
		write_ln0 : 1
	State 49
		childUCT : 1
		sext_ln144_1 : 2
		icmp_ln145 : 3
		bestChildUCT_2 : 4
		bestChildNode_5 : 4
		store_ln133 : 5
		store_ln132 : 5


============================================================
+ Verbose Summary: Datapath Resource usage 
============================================================

* Functional unit list:
|----------|---------------------------------|---------|---------|---------|
| Operation|         Functional Unit         |   DSP   |    FF   |   LUT   |
|----------|---------------------------------|---------|---------|---------|
|   call   |  grp_sqrt_fixed_32_16_s_fu_118  |    0    |   469   |   5211  |
|----------|---------------------------------|---------|---------|---------|
|   sdiv   |            grp_fu_153           |    0    |   2283  |   1738  |
|----------|---------------------------------|---------|---------|---------|
|   icmp   |        icmp_ln140_fu_141        |    0    |    0    |    39   |
|          |        icmp_ln145_fu_197        |    0    |    0    |    39   |
|----------|---------------------------------|---------|---------|---------|
|  select  |      bestChildUCT_2_fu_203      |    0    |    0    |    32   |
|          |      bestChildNode_5_fu_211     |    0    |    0    |    32   |
|----------|---------------------------------|---------|---------|---------|
|  muladd  |            grp_fu_232           |    1    |    0    |    0    |
|----------|---------------------------------|---------|---------|---------|
|   read   |  logVisitCount_read_read_fu_60  |    0    |    0    |    0    |
|          | bestChildNode_7_read_read_fu_66 |    0    |    0    |    0    |
|----------|---------------------------------|---------|---------|---------|
|   write  |      write_ln0_write_fu_72      |    0    |    0    |    0    |
|----------|---------------------------------|---------|---------|---------|
|   zext   |        zext_ln141_fu_147        |    0    |    0    |    0    |
|          |        zext_ln144_fu_163        |    0    |    0    |    0    |
|----------|---------------------------------|---------|---------|---------|
|bitconcatenate|          shl_ln_fu_166          |    0    |    0    |    0    |
|----------|---------------------------------|---------|---------|---------|
|   sext   |        sext_ln144_fu_174        |    0    |    0    |    0    |
|          |       sext_ln144_1_fu_193       |    0    |    0    |    0    |
|----------|---------------------------------|---------|---------|---------|
|partselect|         childUCT_fu_184         |    0    |    0    |    0    |
|----------|---------------------------------|---------|---------|---------|
|   Total  |                                 |    1    |   2752  |   7091  |
|----------|---------------------------------|---------|---------|---------|

Memories:
N/A

* Register list:
+------------------------------+--------+
|                              |   FF   |
+------------------------------+--------+
|    bestChildNode_3_reg_249   |   32   |
|     bestChildNode_reg_241    |   32   |
|     bestChildUCT_reg_256     |   32   |
|      childNode_2_reg_268     |   32   |
|      icmp_ln140_reg_273      |    1   |
|  logVisitCount_read_reg_263  |   32   |
|      sext_ln144_reg_317      |   41   |
|        sext_ln_reg_302       |   24   |
|    this_meanQ_addr_reg_312   |   13   |
|this_nextSiblings_addr_reg_287|   13   |
| this_visitCounts_addr_reg_282|   13   |
| this_visitCounts_load_reg_292|   32   |
|           x_reg_297          |   32   |
|      zext_ln141_reg_277      |   64   |
|      zext_ln144_reg_307      |   40   |
+------------------------------+--------+
|             Total            |   433  |
+------------------------------+--------+

* Multiplexer (MUX) list: 
|-------------------|------|------|------|--------||---------||---------||---------|
|        Comp       |  Pin | Size |  BW  | S x BW ||  Delay  ||    FF   ||   LUT   |
|-------------------|------|------|------|--------||---------||---------||---------|
|  grp_access_fu_86 |  p0  |   2  |  13  |   26   ||    0    ||    9    |
|  grp_access_fu_99 |  p0  |   2  |  13  |   26   ||    0    ||    9    |
| grp_access_fu_112 |  p0  |   2  |  13  |   26   ||    0    ||    9    |
|     grp_fu_153    |  p1  |   2  |  32  |   64   ||    0    ||    9    |
|     grp_fu_232    |  p0  |   3  |  24  |   72   ||    0    ||    14   |
|-------------------|------|------|------|--------||---------||---------||---------|
|       Total       |      |      |      |   214  ||  2.184  ||    0    ||    50   |
|-------------------|------|------|------|--------||---------||---------||---------|



* Summary:
+-----------+--------+--------+--------+--------+
|           |   DSP  |  Delay |   FF   |   LUT  |
+-----------+--------+--------+--------+--------+
|  Function |    1   |    -   |  2752  |  7091  |
|   Memory  |    -   |    -   |    -   |    -   |
|Multiplexer|    -   |    2   |    0   |   50   |
|  Register |    -   |    -   |   433  |    -   |
+-----------+--------+--------+--------+--------+
|   Total   |    1   |    2   |  3185  |  7141  |
+-----------+--------+--------+--------+--------+
