

================================================================
== Vitis HLS Report for 'forward_Pipeline_VITIS_LOOP_73_1'
================================================================
* Date:           Thu Apr 23 22:10:18 2026

* Version:        2025.1 (Build 6135595 on May 21 2025)
* Project:        mcts.prj
* Solution:       solution1 (Vivado IP Flow Target)
* Product family: zynquplus
* Target device:  xck26-sfvc784-2LV-c


================================================================
== Performance Estimates
================================================================
+ Timing: 
    * Summary: 
    +--------+----------+----------+------------+
    |  Clock |  Target  | Estimated| Uncertainty|
    +--------+----------+----------+------------+
    |ap_clk  |  10.00 ns|  1.635 ns|     2.70 ns|
    +--------+----------+----------+------------+

+ Latency: 
    * Summary: 
    +---------+---------+-----------+----------+-----+-----+------------------------------------------------+
    |  Latency (cycles) |  Latency (absolute)  |  Interval |                    Pipeline                    |
    |   min   |   max   |    min    |    max   | min | max |                      Type                      |
    +---------+---------+-----------+----------+-----+-----+------------------------------------------------+
    |        2|       51|  20.000 ns|  0.510 us|    1|   50|  loop auto-rewind stp (delay=0 clock cycles(s))|
    +---------+---------+-----------+----------+-----+-----+------------------------------------------------+

    + Detail: 
        * Instance: 
        N/A

        * Loop: 
        +-------------------+---------+---------+----------+-----------+-----------+--------+----------+
        |                   |  Latency (cycles) | Iteration|  Initiation Interval  |  Trip  |          |
        |     Loop Name     |   min   |   max   |  Latency |  achieved |   target  |  Count | Pipelined|
        +-------------------+---------+---------+----------+-----------+-----------+--------+----------+
        |- VITIS_LOOP_73_1  |        0|       49|         1|          1|          1|  0 ~ 49|       yes|
        +-------------------+---------+---------+----------+-----------+-----------+--------+----------+

============================================================
+ Verbose Summary: Synthesis Manager
============================================================
InlineROM: 1
ExposeGlobal: 0
============================================================
+ Verbose Summary: CDFG Model
============================================================
IsTopModel: 0
ResetActiveHigh: 1
IsCombinational: 0
IsDatapathOnly: 0
HasWiredReturn: 1
HasMFsm: 2
HasVarLatency: 1
IsPipeline: 0
IsRtlPipelined: 0
IsInstanceOverlapped: 0
IsDontTouch: 0
HasImplIP: 0
IsGatedGlobalClock: 0

+ Individual pipeline summary: 
  * Pipeline-0: initiation interval (II) = 1, depth = 1


============================================================
+ Verbose Summary: Schedule
============================================================
* Number of FSM states : 1
* Pipeline : 1
  Pipeline-0 : II = 1, D = 1, States = { 1 }
* Dataflow Pipeline: 0

* FSM state transitions: 
1 --> 

* FSM state operations: 

State 1 <SV = 0> <Delay = 1.63>
ST_1 : Operation 4 [1/1] (0.00ns)   --->   "%a_1 = alloca i32 1" [MCTSSearcher.cpp:73->MCTSSearcher.cpp:58->MCTSSearcher.cpp:159]   --->   Operation 4 'alloca' 'a_1' <Predicate = true> <Delay = 0.00>
ST_1 : Operation 5 [1/1] (0.00ns)   --->   "%untried_read = read i49 @_ssdm_op_Read.ap_auto.i49, i49 %untried"   --->   Operation 5 'read' 'untried_read' <Predicate = true> <Delay = 0.00>
ST_1 : Operation 6 [1/1] (0.42ns)   --->   "%store_ln73 = store i6 0, i6 %a_1" [MCTSSearcher.cpp:73->MCTSSearcher.cpp:58->MCTSSearcher.cpp:159]   --->   Operation 6 'store' 'store_ln73' <Predicate = true> <Delay = 0.42>
ST_1 : Operation 7 [1/1] (0.00ns)   --->   "%br_ln0 = br void %for.body.i.i"   --->   Operation 7 'br' 'br_ln0' <Predicate = true> <Delay = 0.00>
ST_1 : Operation 8 [1/1] (0.00ns)   --->   "%action = load i6 %a_1" [MCTSSearcher.cpp:73->MCTSSearcher.cpp:58->MCTSSearcher.cpp:159]   --->   Operation 8 'load' 'action' <Predicate = true> <Delay = 0.00>
ST_1 : Operation 9 [1/1] (0.78ns)   --->   "%icmp_ln73 = icmp_eq  i6 %action, i6 49" [MCTSSearcher.cpp:73->MCTSSearcher.cpp:58->MCTSSearcher.cpp:159]   --->   Operation 9 'icmp' 'icmp_ln73' <Predicate = true> <Delay = 0.78> <CoreInst = "Cmp">   --->   Core 9 'Cmp' <Latency = 0> <II = 1> <Delay = 0.78> <FuncUnit> <Opcode : 'seteq' 'setne' 'setle' 'setge' 'setlt' 'setgt'> <InPorts = 2> <OutPorts = 1>
ST_1 : Operation 10 [1/1] (0.78ns)   --->   "%a_2 = add i6 %action, i6 1" [MCTSSearcher.cpp:73->MCTSSearcher.cpp:58->MCTSSearcher.cpp:159]   --->   Operation 10 'add' 'a_2' <Predicate = true> <Delay = 0.78> <CoreInst = "Adder">   --->   Core 1 'Adder' <Latency = 0> <II = 1> <Delay = 0.78> <FuncUnit> <Opcode : 'add' 'sub'> <InPorts = 2> <OutPorts = 1>
ST_1 : Operation 11 [1/1] (0.00ns)   --->   "%br_ln73 = br i1 %icmp_ln73, void %for.body.i.i.split, void %_ZN12MCTSSearcherILi5000EE6expandEi9GameState.exit.loopexit.exitStub" [MCTSSearcher.cpp:73->MCTSSearcher.cpp:58->MCTSSearcher.cpp:159]   --->   Operation 11 'br' 'br_ln73' <Predicate = true> <Delay = 0.00>
ST_1 : Operation 12 [1/1] (0.00ns)   --->   "%specpipeline_ln74 = specpipeline void @_ssdm_op_SpecPipeline, i32 1, i32 0, i32 0, i32 0, void @empty_0" [MCTSSearcher.cpp:74->MCTSSearcher.cpp:58->MCTSSearcher.cpp:159]   --->   Operation 12 'specpipeline' 'specpipeline_ln74' <Predicate = (!icmp_ln73)> <Delay = 0.00>
ST_1 : Operation 13 [1/1] (0.00ns)   --->   "%speclooptripcount_ln73 = speclooptripcount void @_ssdm_op_SpecLoopTripCount, i64 0, i64 49, i64 24" [MCTSSearcher.cpp:73->MCTSSearcher.cpp:58->MCTSSearcher.cpp:159]   --->   Operation 13 'speclooptripcount' 'speclooptripcount_ln73' <Predicate = (!icmp_ln73)> <Delay = 0.00>
ST_1 : Operation 14 [1/1] (0.00ns)   --->   "%specloopname_ln73 = specloopname void @_ssdm_op_SpecLoopName, void @empty" [MCTSSearcher.cpp:73->MCTSSearcher.cpp:58->MCTSSearcher.cpp:159]   --->   Operation 14 'specloopname' 'specloopname_ln73' <Predicate = (!icmp_ln73)> <Delay = 0.00>
ST_1 : Operation 15 [1/1] (0.65ns)   --->   "%tmp = bitselect i1 @_ssdm_op_BitSelect.i1.i49.i6, i49 %untried_read, i6 %action" [MCTSSearcher.cpp:77->MCTSSearcher.cpp:58->MCTSSearcher.cpp:159]   --->   Operation 15 'bitselect' 'tmp' <Predicate = (!icmp_ln73)> <Delay = 0.65> <CoreInst = "BitSelector">   --->   Core 153 'BitSelector' <Latency = 0> <II = 1> <Delay = 0.65> <FuncUnit> <Opcode : 'bitselect'> <InPorts = 2> <OutPorts = 1>
ST_1 : Operation 16 [1/1] (0.00ns)   --->   "%br_ln77 = br i1 %tmp, void %for.inc.i.i, void %if.end.i.i.exitStub" [MCTSSearcher.cpp:77->MCTSSearcher.cpp:58->MCTSSearcher.cpp:159]   --->   Operation 16 'br' 'br_ln77' <Predicate = (!icmp_ln73)> <Delay = 0.00>
ST_1 : Operation 17 [1/1] (0.42ns)   --->   "%store_ln73 = store i6 %a_2, i6 %a_1" [MCTSSearcher.cpp:73->MCTSSearcher.cpp:58->MCTSSearcher.cpp:159]   --->   Operation 17 'store' 'store_ln73' <Predicate = (!icmp_ln73 & !tmp)> <Delay = 0.42>
ST_1 : Operation 18 [1/1] (0.00ns)   --->   "%br_ln73 = br void %for.body.i.i" [MCTSSearcher.cpp:73->MCTSSearcher.cpp:58->MCTSSearcher.cpp:159]   --->   Operation 18 'br' 'br_ln73' <Predicate = (!icmp_ln73 & !tmp)> <Delay = 0.00>
ST_1 : Operation 19 [1/1] (0.00ns)   --->   "%write_ln73 = write void @_ssdm_op_Write.ap_auto.i6P0A, i6 %action_out, i6 %action" [MCTSSearcher.cpp:73->MCTSSearcher.cpp:58->MCTSSearcher.cpp:159]   --->   Operation 19 'write' 'write_ln73' <Predicate = (!icmp_ln73 & tmp)> <Delay = 0.00>
ST_1 : Operation 20 [1/1] (0.42ns)   --->   "%br_ln0 = br void %UnifiedReturnBlock"   --->   Operation 20 'br' 'br_ln0' <Predicate = (!icmp_ln73 & tmp)> <Delay = 0.42>
ST_1 : Operation 21 [1/1] (0.00ns)   --->   "%write_ln0 = write void @_ssdm_op_Write.ap_auto.i6P0A, i6 %action_out, i6 49"   --->   Operation 21 'write' 'write_ln0' <Predicate = (icmp_ln73)> <Delay = 0.00>
ST_1 : Operation 22 [1/1] (0.42ns)   --->   "%br_ln0 = br void %UnifiedReturnBlock"   --->   Operation 22 'br' 'br_ln0' <Predicate = (icmp_ln73)> <Delay = 0.42>
ST_1 : Operation 23 [1/1] (0.00ns) (grouped into LUT with out node ret_ln0)   --->   "%UnifiedRetVal = phi i1 1, void %_ZN12MCTSSearcherILi5000EE6expandEi9GameState.exit.loopexit.exitStub, i1 0, void %if.end.i.i.exitStub"   --->   Operation 23 'phi' 'UnifiedRetVal' <Predicate = (tmp) | (icmp_ln73)> <Delay = 0.00>
ST_1 : Operation 24 [1/1] (0.42ns) (out node of the LUT)   --->   "%ret_ln0 = ret i1 %UnifiedRetVal"   --->   Operation 24 'ret' 'ret_ln0' <Predicate = (tmp) | (icmp_ln73)> <Delay = 0.42>


============================================================
+ Verbose Summary: Timing violations
============================================================
Target clock period: 10.000ns, clock uncertainty: 2.700ns.

 <State 1>: 1.635ns
The critical path consists of the following:
	'store' operation 0 bit ('store_ln73', MCTSSearcher.cpp:73->MCTSSearcher.cpp:58->MCTSSearcher.cpp:159) of constant 0 on local variable 'a', MCTSSearcher.cpp:73->MCTSSearcher.cpp:58->MCTSSearcher.cpp:159 [5]  (0.427 ns)
	'load' operation 6 bit ('action', MCTSSearcher.cpp:73->MCTSSearcher.cpp:58->MCTSSearcher.cpp:159) on local variable 'a', MCTSSearcher.cpp:73->MCTSSearcher.cpp:58->MCTSSearcher.cpp:159 [8]  (0.000 ns)
	'icmp' operation 1 bit ('icmp_ln73', MCTSSearcher.cpp:73->MCTSSearcher.cpp:58->MCTSSearcher.cpp:159) [9]  (0.781 ns)
	'store' operation 0 bit ('store_ln73', MCTSSearcher.cpp:73->MCTSSearcher.cpp:58->MCTSSearcher.cpp:159) of variable 'a', MCTSSearcher.cpp:73->MCTSSearcher.cpp:58->MCTSSearcher.cpp:159 on local variable 'a', MCTSSearcher.cpp:73->MCTSSearcher.cpp:58->MCTSSearcher.cpp:159 [19]  (0.427 ns)


============================================================
+ Verbose Summary: Binding
============================================================
N/A
* FSMD analyzer results:
  - Output states:
 - Input state : 
  - Chain level:
	State 1


============================================================
+ Verbose Summary: Datapath Resource usage 
============================================================
N/A
