

================================================================
== Vitis HLS Report for 'forward_Pipeline_VITIS_LOOP_114_16'
================================================================
* Date:           Thu Apr 23 22:10:19 2026

* Version:        2025.1 (Build 6135595 on May 21 2025)
* Project:        mcts.prj
* Solution:       solution1 (Vivado IP Flow Target)
* Product family: zynquplus
* Target device:  xck26-sfvc784-2LV-c


================================================================
== Performance Estimates
================================================================
+ Timing: 
    * Summary: 
    +--------+----------+----------+------------+
    |  Clock |  Target  | Estimated| Uncertainty|
    +--------+----------+----------+------------+
    |ap_clk  |  10.00 ns|  1.664 ns|     2.70 ns|
    +--------+----------+----------+------------+

+ Latency: 
    * Summary: 
    +---------+---------+----------+----------+-----+-----+------------------------------------------------+
    |  Latency (cycles) |  Latency (absolute) |  Interval |                    Pipeline                    |
    |   min   |   max   |    min   |    max   | min | max |                      Type                      |
    +---------+---------+----------+----------+-----+-----+------------------------------------------------+
    |        ?|        ?|         ?|         ?|    0|    0|  loop auto-rewind stp (delay=0 clock cycles(s))|
    +---------+---------+----------+----------+-----+-----+------------------------------------------------+

    + Detail: 
        * Instance: 
        N/A

        * Loop: 
        +--------------------+---------+---------+----------+-----------+-----------+------+----------+
        |                    |  Latency (cycles) | Iteration|  Initiation Interval  | Trip |          |
        |      Loop Name     |   min   |   max   |  Latency |  achieved |   target  | Count| Pipelined|
        +--------------------+---------+---------+----------+-----------+-----------+------+----------+
        |- VITIS_LOOP_114_1  |        ?|        ?|         1|          1|          1|     ?|       yes|
        +--------------------+---------+---------+----------+-----------+-----------+------+----------+

============================================================
+ Verbose Summary: Synthesis Manager
============================================================
InlineROM: 1
ExposeGlobal: 0
============================================================
+ Verbose Summary: CDFG Model
============================================================
IsTopModel: 0
ResetActiveHigh: 1
IsCombinational: 0
IsDatapathOnly: 0
HasWiredReturn: 1
HasMFsm: 2
HasVarLatency: 1
IsPipeline: 0
IsRtlPipelined: 0
IsInstanceOverlapped: 0
IsDontTouch: 0
HasImplIP: 0
IsGatedGlobalClock: 0

+ Individual pipeline summary: 
  * Pipeline-0: initiation interval (II) = 1, depth = 2


============================================================
+ Verbose Summary: Schedule
============================================================
* Number of FSM states : 2
* Pipeline : 1
  Pipeline-0 : II = 1, D = 2, States = { 1 2 }
* Dataflow Pipeline: 0

* FSM state transitions: 
1 --> 2 
2 --> 

* FSM state operations: 

State 1 <SV = 0> <Delay = 0.42>
ST_1 : Operation 4 [1/1] (0.00ns)   --->   "%prev = alloca i32 1" [./hex.h:112->./hex.h:79->GameState.cpp:30->GameState.cpp:34->MCTSSearcher.cpp:175]   --->   Operation 4 'alloca' 'prev' <Predicate = true> <Delay = 0.00>
ST_1 : Operation 5 [1/1] (0.00ns)   --->   "%gameState_hexGame_player2_8_read = read i49 @_ssdm_op_Read.ap_auto.i49, i49 %gameState_hexGame_player2_8"   --->   Operation 5 'read' 'gameState_hexGame_player2_8_read' <Predicate = true> <Delay = 0.00>
ST_1 : Operation 6 [1/1] (0.00ns)   --->   "%connected_12_read = read i49 @_ssdm_op_Read.ap_auto.i49, i49 %connected_12"   --->   Operation 6 'read' 'connected_12_read' <Predicate = true> <Delay = 0.00>
ST_1 : Operation 7 [1/1] (0.42ns)   --->   "%store_ln112 = store i49 %connected_12_read, i49 %prev" [./hex.h:112->./hex.h:79->GameState.cpp:30->GameState.cpp:34->MCTSSearcher.cpp:175]   --->   Operation 7 'store' 'store_ln112' <Predicate = true> <Delay = 0.42>
ST_1 : Operation 8 [1/1] (0.00ns)   --->   "%br_ln0 = br void %do.cond.i20.i.i.i"   --->   Operation 8 'br' 'br_ln0' <Predicate = true> <Delay = 0.00>

State 2 <SV = 1> <Delay = 1.66>
ST_2 : Operation 9 [1/1] (0.00ns)   --->   "%prev_3 = load i49 %prev" [./hex.h:123->./hex.h:79->GameState.cpp:30->GameState.cpp:34->MCTSSearcher.cpp:175]   --->   Operation 9 'load' 'prev_3' <Predicate = true> <Delay = 0.00>
ST_2 : Operation 10 [1/1] (0.00ns)   --->   "%trunc_ln112 = trunc i49 %prev_3" [./hex.h:112->./hex.h:79->GameState.cpp:30->GameState.cpp:34->MCTSSearcher.cpp:175]   --->   Operation 10 'trunc' 'trunc_ln112' <Predicate = true> <Delay = 0.00>
ST_2 : Operation 11 [1/1] (0.00ns)   --->   "%specpipeline_ln112 = specpipeline void @_ssdm_op_SpecPipeline, i32 4294967295, i32 0, i32 0, i32 0, void @empty_0" [./hex.h:112->./hex.h:79->GameState.cpp:30->GameState.cpp:34->MCTSSearcher.cpp:175]   --->   Operation 11 'specpipeline' 'specpipeline_ln112' <Predicate = true> <Delay = 0.00>
ST_2 : Operation 12 [1/1] (0.00ns)   --->   "%specloopname_ln114 = specloopname void @_ssdm_op_SpecLoopName, void @empty_6" [./hex.h:114->./hex.h:79->GameState.cpp:30->GameState.cpp:34->MCTSSearcher.cpp:175]   --->   Operation 12 'specloopname' 'specloopname_ln114' <Predicate = true> <Delay = 0.00>
ST_2 : Operation 13 [1/1] (0.00ns)   --->   "%tmp_s = partselect i6 @_ssdm_op_PartSelect.i6.i49.i32.i32, i49 %prev_3, i32 36, i32 41" [./hex.h:121->./hex.h:79->GameState.cpp:30->GameState.cpp:34->MCTSSearcher.cpp:175]   --->   Operation 13 'partselect' 'tmp_s' <Predicate = true> <Delay = 0.00>
ST_2 : Operation 14 [1/1] (0.00ns)   --->   "%tmp_117 = partselect i6 @_ssdm_op_PartSelect.i6.i49.i32.i32, i49 %prev_3, i32 29, i32 34" [./hex.h:121->./hex.h:79->GameState.cpp:30->GameState.cpp:34->MCTSSearcher.cpp:175]   --->   Operation 14 'partselect' 'tmp_117' <Predicate = true> <Delay = 0.00>
ST_2 : Operation 15 [1/1] (0.00ns)   --->   "%tmp_118 = partselect i6 @_ssdm_op_PartSelect.i6.i49.i32.i32, i49 %prev_3, i32 22, i32 27" [./hex.h:121->./hex.h:79->GameState.cpp:30->GameState.cpp:34->MCTSSearcher.cpp:175]   --->   Operation 15 'partselect' 'tmp_118' <Predicate = true> <Delay = 0.00>
ST_2 : Operation 16 [1/1] (0.00ns)   --->   "%tmp_119 = partselect i6 @_ssdm_op_PartSelect.i6.i49.i32.i32, i49 %prev_3, i32 15, i32 20" [./hex.h:121->./hex.h:79->GameState.cpp:30->GameState.cpp:34->MCTSSearcher.cpp:175]   --->   Operation 16 'partselect' 'tmp_119' <Predicate = true> <Delay = 0.00>
ST_2 : Operation 17 [1/1] (0.00ns)   --->   "%tmp_120 = partselect i6 @_ssdm_op_PartSelect.i6.i49.i32.i32, i49 %prev_3, i32 8, i32 13" [./hex.h:121->./hex.h:79->GameState.cpp:30->GameState.cpp:34->MCTSSearcher.cpp:175]   --->   Operation 17 'partselect' 'tmp_120' <Predicate = true> <Delay = 0.00>
ST_2 : Operation 18 [1/1] (0.00ns)   --->   "%tmp_121 = partselect i6 @_ssdm_op_PartSelect.i6.i49.i32.i32, i49 %prev_3, i32 1, i32 6" [./hex.h:121->./hex.h:79->GameState.cpp:30->GameState.cpp:34->MCTSSearcher.cpp:175]   --->   Operation 18 'partselect' 'tmp_121' <Predicate = true> <Delay = 0.00>
ST_2 : Operation 19 [1/1] (0.00ns)   --->   "%tmp_122 = partselect i6 @_ssdm_op_PartSelect.i6.i49.i32.i32, i49 %prev_3, i32 35, i32 40" [./hex.h:123->./hex.h:79->GameState.cpp:30->GameState.cpp:34->MCTSSearcher.cpp:175]   --->   Operation 19 'partselect' 'tmp_122' <Predicate = true> <Delay = 0.00>
ST_2 : Operation 20 [1/1] (0.00ns)   --->   "%tmp_123 = partselect i6 @_ssdm_op_PartSelect.i6.i49.i32.i32, i49 %prev_3, i32 28, i32 33" [./hex.h:123->./hex.h:79->GameState.cpp:30->GameState.cpp:34->MCTSSearcher.cpp:175]   --->   Operation 20 'partselect' 'tmp_123' <Predicate = true> <Delay = 0.00>
ST_2 : Operation 21 [1/1] (0.00ns)   --->   "%tmp_124 = partselect i6 @_ssdm_op_PartSelect.i6.i49.i32.i32, i49 %prev_3, i32 21, i32 26" [./hex.h:123->./hex.h:79->GameState.cpp:30->GameState.cpp:34->MCTSSearcher.cpp:175]   --->   Operation 21 'partselect' 'tmp_124' <Predicate = true> <Delay = 0.00>
ST_2 : Operation 22 [1/1] (0.00ns)   --->   "%tmp_125 = partselect i6 @_ssdm_op_PartSelect.i6.i49.i32.i32, i49 %prev_3, i32 14, i32 19" [./hex.h:123->./hex.h:79->GameState.cpp:30->GameState.cpp:34->MCTSSearcher.cpp:175]   --->   Operation 22 'partselect' 'tmp_125' <Predicate = true> <Delay = 0.00>
ST_2 : Operation 23 [1/1] (0.00ns)   --->   "%tmp_126 = partselect i6 @_ssdm_op_PartSelect.i6.i49.i32.i32, i49 %prev_3, i32 7, i32 12" [./hex.h:123->./hex.h:79->GameState.cpp:30->GameState.cpp:34->MCTSSearcher.cpp:175]   --->   Operation 23 'partselect' 'tmp_126' <Predicate = true> <Delay = 0.00>
ST_2 : Operation 24 [1/1] (0.00ns)   --->   "%tmp_127 = partselect i5 @_ssdm_op_PartSelect.i5.i49.i32.i32, i49 %prev_3, i32 42, i32 46" [./hex.h:123->./hex.h:79->GameState.cpp:30->GameState.cpp:34->MCTSSearcher.cpp:175]   --->   Operation 24 'partselect' 'tmp_127' <Predicate = true> <Delay = 0.00>
ST_2 : Operation 25 [1/1] (0.00ns) (grouped into LUT with out node or_ln123_15)   --->   "%tmp_128 = partselect i6 @_ssdm_op_PartSelect.i6.i49.i32.i32, i49 %prev_3, i32 43, i32 48" [./hex.h:123->./hex.h:79->GameState.cpp:30->GameState.cpp:34->MCTSSearcher.cpp:175]   --->   Operation 25 'partselect' 'tmp_128' <Predicate = true> <Delay = 0.00>
ST_2 : Operation 26 [1/1] (0.00ns) (grouped into LUT with out node or_ln123_15)   --->   "%tmp_129 = bitconcatenate i41 @_ssdm_op_BitConcatenate.i41.i6.i1.i6.i1.i6.i1.i6.i1.i6.i7, i6 %tmp_117, i1 0, i6 %tmp_118, i1 0, i6 %tmp_119, i1 0, i6 %tmp_120, i1 0, i6 %tmp_121, i7 0" [./hex.h:123->./hex.h:79->GameState.cpp:30->GameState.cpp:34->MCTSSearcher.cpp:175]   --->   Operation 26 'bitconcatenate' 'tmp_129' <Predicate = true> <Delay = 0.00>
ST_2 : Operation 27 [1/1] (0.00ns) (grouped into LUT with out node or_ln123_15)   --->   "%tmp_130 = partselect i41 @_ssdm_op_PartSelect.i41.i49.i32.i32, i49 %prev_3, i32 7, i32 47" [./hex.h:123->./hex.h:79->GameState.cpp:30->GameState.cpp:34->MCTSSearcher.cpp:175]   --->   Operation 27 'partselect' 'tmp_130' <Predicate = true> <Delay = 0.00>
ST_2 : Operation 28 [1/1] (0.00ns) (grouped into LUT with out node or_ln123_15)   --->   "%or_ln123 = or i41 %tmp_130, i41 %tmp_129" [./hex.h:123->./hex.h:79->GameState.cpp:30->GameState.cpp:34->MCTSSearcher.cpp:175]   --->   Operation 28 'or' 'or_ln123' <Predicate = true> <Delay = 0.00> <CoreInst = "LogicGate">   --->   Core 74 'LogicGate' <Latency = 0> <II = 1> <Delay = 0.35> <FuncUnit> <Opcode : 'and' 'or' 'xor'> <InPorts = 2> <OutPorts = 1>
ST_2 : Operation 29 [1/1] (0.00ns)   --->   "%tmp = bitselect i1 @_ssdm_op_BitSelect.i1.i49.i32, i49 %prev_3, i32 48" [./hex.h:123->./hex.h:79->GameState.cpp:30->GameState.cpp:34->MCTSSearcher.cpp:175]   --->   Operation 29 'bitselect' 'tmp' <Predicate = true> <Delay = 0.00>
ST_2 : Operation 30 [1/1] (0.00ns) (grouped into LUT with out node or_ln123_15)   --->   "%or_ln123_s = bitconcatenate i48 @_ssdm_op_BitConcatenate.i48.i6.i1.i41, i6 %tmp_s, i1 %tmp, i41 %or_ln123" [./hex.h:123->./hex.h:79->GameState.cpp:30->GameState.cpp:34->MCTSSearcher.cpp:175]   --->   Operation 30 'bitconcatenate' 'or_ln123_s' <Predicate = true> <Delay = 0.00>
ST_2 : Operation 31 [1/1] (0.00ns) (grouped into LUT with out node or_ln123_15)   --->   "%trunc_ln123 = trunc i49 %prev_3" [./hex.h:123->./hex.h:79->GameState.cpp:30->GameState.cpp:34->MCTSSearcher.cpp:175]   --->   Operation 31 'trunc' 'trunc_ln123' <Predicate = true> <Delay = 0.00>
ST_2 : Operation 32 [1/1] (0.00ns) (grouped into LUT with out node or_ln123_15)   --->   "%shl_ln123_5 = bitconcatenate i48 @_ssdm_op_BitConcatenate.i48.i41.i7, i41 %trunc_ln123, i7 0" [./hex.h:123->./hex.h:79->GameState.cpp:30->GameState.cpp:34->MCTSSearcher.cpp:175]   --->   Operation 32 'bitconcatenate' 'shl_ln123_5' <Predicate = true> <Delay = 0.00>
ST_2 : Operation 33 [1/1] (0.00ns) (grouped into LUT with out node or_ln123_15)   --->   "%or_ln123_12 = or i48 %shl_ln123_5, i48 %or_ln123_s" [./hex.h:123->./hex.h:79->GameState.cpp:30->GameState.cpp:34->MCTSSearcher.cpp:175]   --->   Operation 33 'or' 'or_ln123_12' <Predicate = true> <Delay = 0.00> <CoreInst = "LogicGate">   --->   Core 74 'LogicGate' <Latency = 0> <II = 1> <Delay = 0.18> <FuncUnit> <Opcode : 'and' 'or' 'xor'> <InPorts = 2> <OutPorts = 1>
ST_2 : Operation 34 [1/1] (0.00ns)   --->   "%tmp_219 = bitselect i1 @_ssdm_op_BitSelect.i1.i49.i32, i49 %prev_3, i32 41" [./hex.h:123->./hex.h:79->GameState.cpp:30->GameState.cpp:34->MCTSSearcher.cpp:175]   --->   Operation 34 'bitselect' 'tmp_219' <Predicate = true> <Delay = 0.00>
ST_2 : Operation 35 [1/1] (0.00ns) (grouped into LUT with out node or_ln123_15)   --->   "%tmp15 = bitconcatenate i49 @_ssdm_op_BitConcatenate.i49.i1.i48, i1 %tmp_219, i48 %or_ln123_12" [./hex.h:123->./hex.h:79->GameState.cpp:30->GameState.cpp:34->MCTSSearcher.cpp:175]   --->   Operation 35 'bitconcatenate' 'tmp15' <Predicate = true> <Delay = 0.00>
ST_2 : Operation 36 [1/1] (0.00ns) (grouped into LUT with out node or_ln123_15)   --->   "%and_ln123_s = bitconcatenate i41 @_ssdm_op_BitConcatenate.i41.i6.i1.i6.i1.i6.i1.i6.i1.i6.i1.i6, i6 %tmp_s, i1 0, i6 %tmp_117, i1 0, i6 %tmp_118, i1 0, i6 %tmp_119, i1 0, i6 %tmp_120, i1 0, i6 %tmp_121" [./hex.h:123->./hex.h:79->GameState.cpp:30->GameState.cpp:34->MCTSSearcher.cpp:175]   --->   Operation 36 'bitconcatenate' 'and_ln123_s' <Predicate = true> <Delay = 0.00>
ST_2 : Operation 37 [1/1] (0.00ns) (grouped into LUT with out node or_ln123_15)   --->   "%tmp_131 = bitconcatenate i41 @_ssdm_op_BitConcatenate.i41.i5.i1.i6.i1.i6.i1.i6.i1.i6.i1.i6.i1, i5 %tmp_127, i1 0, i6 %tmp_122, i1 0, i6 %tmp_123, i1 0, i6 %tmp_124, i1 0, i6 %tmp_125, i1 0, i6 %tmp_126, i1 0" [./hex.h:123->./hex.h:79->GameState.cpp:30->GameState.cpp:34->MCTSSearcher.cpp:175]   --->   Operation 37 'bitconcatenate' 'tmp_131' <Predicate = true> <Delay = 0.00>
ST_2 : Operation 38 [1/1] (0.00ns) (grouped into LUT with out node or_ln123_15)   --->   "%or_ln123_13 = or i41 %tmp_131, i41 %and_ln123_s" [./hex.h:123->./hex.h:79->GameState.cpp:30->GameState.cpp:34->MCTSSearcher.cpp:175]   --->   Operation 38 'or' 'or_ln123_13' <Predicate = true> <Delay = 0.00> <CoreInst = "LogicGate">   --->   Core 74 'LogicGate' <Latency = 0> <II = 1> <Delay = 0.35> <FuncUnit> <Opcode : 'and' 'or' 'xor'> <InPorts = 2> <OutPorts = 1>
ST_2 : Operation 39 [1/1] (0.00ns)   --->   "%tmp_220 = bitselect i1 @_ssdm_op_BitSelect.i1.i49.i32, i49 %prev_3, i32 47" [./hex.h:123->./hex.h:79->GameState.cpp:30->GameState.cpp:34->MCTSSearcher.cpp:175]   --->   Operation 39 'bitselect' 'tmp_220' <Predicate = true> <Delay = 0.00>
ST_2 : Operation 40 [1/1] (0.00ns) (grouped into LUT with out node or_ln123_15)   --->   "%tmp18 = bitconcatenate i48 @_ssdm_op_BitConcatenate.i48.i6.i1.i41, i6 %tmp_128, i1 %tmp_220, i41 %or_ln123_13" [./hex.h:123->./hex.h:79->GameState.cpp:30->GameState.cpp:34->MCTSSearcher.cpp:175]   --->   Operation 40 'bitconcatenate' 'tmp18' <Predicate = true> <Delay = 0.00>
ST_2 : Operation 41 [1/1] (0.00ns) (grouped into LUT with out node or_ln123_15)   --->   "%trunc_ln123_5 = trunc i49 %prev_3" [./hex.h:123->./hex.h:79->GameState.cpp:30->GameState.cpp:34->MCTSSearcher.cpp:175]   --->   Operation 41 'trunc' 'trunc_ln123_5' <Predicate = true> <Delay = 0.00>
ST_2 : Operation 42 [1/1] (0.00ns) (grouped into LUT with out node or_ln123_15)   --->   "%and_ln123_1 = bitconcatenate i48 @_ssdm_op_BitConcatenate.i48.i5.i1.i6.i1.i6.i1.i6.i1.i6.i1.i6.i1.i6.i1, i5 %tmp_127, i1 0, i6 %tmp_122, i1 0, i6 %tmp_123, i1 0, i6 %tmp_124, i1 0, i6 %tmp_125, i1 0, i6 %tmp_126, i1 0, i6 %trunc_ln123_5, i1 0" [./hex.h:123->./hex.h:79->GameState.cpp:30->GameState.cpp:34->MCTSSearcher.cpp:175]   --->   Operation 42 'bitconcatenate' 'and_ln123_1' <Predicate = true> <Delay = 0.00>
ST_2 : Operation 43 [1/1] (0.00ns) (grouped into LUT with out node or_ln123_15)   --->   "%or_ln123_14 = or i48 %and_ln123_1, i48 %tmp18" [./hex.h:123->./hex.h:79->GameState.cpp:30->GameState.cpp:34->MCTSSearcher.cpp:175]   --->   Operation 43 'or' 'or_ln123_14' <Predicate = true> <Delay = 0.00> <CoreInst = "LogicGate">   --->   Core 74 'LogicGate' <Latency = 0> <II = 1> <Delay = 0.18> <FuncUnit> <Opcode : 'and' 'or' 'xor'> <InPorts = 2> <OutPorts = 1>
ST_2 : Operation 44 [1/1] (0.00ns) (grouped into LUT with out node or_ln123_15)   --->   "%tmp17 = bitconcatenate i49 @_ssdm_op_BitConcatenate.i49.i1.i48, i1 %tmp_220, i48 %or_ln123_14" [./hex.h:123->./hex.h:79->GameState.cpp:30->GameState.cpp:34->MCTSSearcher.cpp:175]   --->   Operation 44 'bitconcatenate' 'tmp17' <Predicate = true> <Delay = 0.00>
ST_2 : Operation 45 [1/1] (0.35ns) (out node of the LUT)   --->   "%or_ln123_15 = or i49 %tmp17, i49 %tmp15" [./hex.h:123->./hex.h:79->GameState.cpp:30->GameState.cpp:34->MCTSSearcher.cpp:175]   --->   Operation 45 'or' 'or_ln123_15' <Predicate = true> <Delay = 0.35> <CoreInst = "LogicGate">   --->   Core 74 'LogicGate' <Latency = 0> <II = 1> <Delay = 0.21> <FuncUnit> <Opcode : 'and' 'or' 'xor'> <InPorts = 2> <OutPorts = 1>
ST_2 : Operation 46 [1/1] (0.00ns) (grouped into LUT with out node or_ln123_16)   --->   "%and_ln123 = and i49 %or_ln123_15, i49 %gameState_hexGame_player2_8_read" [./hex.h:123->./hex.h:79->GameState.cpp:30->GameState.cpp:34->MCTSSearcher.cpp:175]   --->   Operation 46 'and' 'and_ln123' <Predicate = true> <Delay = 0.00> <CoreInst = "LogicGate">   --->   Core 74 'LogicGate' <Latency = 0> <II = 1> <Delay = 0.21> <FuncUnit> <Opcode : 'and' 'or' 'xor'> <InPorts = 2> <OutPorts = 1>
ST_2 : Operation 47 [1/1] (0.21ns) (out node of the LUT)   --->   "%or_ln123_16 = or i49 %and_ln123, i49 %prev_3" [./hex.h:123->./hex.h:79->GameState.cpp:30->GameState.cpp:34->MCTSSearcher.cpp:175]   --->   Operation 47 'or' 'or_ln123_16' <Predicate = true> <Delay = 0.21> <CoreInst = "LogicGate">   --->   Core 74 'LogicGate' <Latency = 0> <II = 1> <Delay = 0.21> <FuncUnit> <Opcode : 'and' 'or' 'xor'> <InPorts = 2> <OutPorts = 1>
ST_2 : Operation 48 [1/1] (1.09ns)   --->   "%icmp_ln125 = icmp_eq  i49 %or_ln123_16, i49 %prev_3" [./hex.h:125->./hex.h:79->GameState.cpp:30->GameState.cpp:34->MCTSSearcher.cpp:175]   --->   Operation 48 'icmp' 'icmp_ln125' <Predicate = true> <Delay = 1.09> <CoreInst = "Cmp">   --->   Core 9 'Cmp' <Latency = 0> <II = 1> <Delay = 1.09> <FuncUnit> <Opcode : 'seteq' 'setne' 'setle' 'setge' 'setlt' 'setgt'> <InPorts = 2> <OutPorts = 1>
ST_2 : Operation 49 [1/1] (0.42ns)   --->   "%store_ln112 = store i49 %or_ln123_16, i49 %prev" [./hex.h:112->./hex.h:79->GameState.cpp:30->GameState.cpp:34->MCTSSearcher.cpp:175]   --->   Operation 49 'store' 'store_ln112' <Predicate = true> <Delay = 0.42>
ST_2 : Operation 50 [1/1] (0.00ns)   --->   "%br_ln125 = br i1 %icmp_ln125, void %do.cond.i20.i.i.i, void %_ZN3HexILj7EE5floodE7ap_uintILi49EES2_.exit21.i.i.i.exitStub" [./hex.h:125->./hex.h:79->GameState.cpp:30->GameState.cpp:34->MCTSSearcher.cpp:175]   --->   Operation 50 'br' 'br_ln125' <Predicate = true> <Delay = 0.00>
ST_2 : Operation 51 [1/1] (0.00ns)   --->   "%write_ln112 = write void @_ssdm_op_Write.ap_auto.i43P0A, i43 %prev_10_out, i43 %trunc_ln112" [./hex.h:112->./hex.h:79->GameState.cpp:30->GameState.cpp:34->MCTSSearcher.cpp:175]   --->   Operation 51 'write' 'write_ln112' <Predicate = (icmp_ln125)> <Delay = 0.00>
ST_2 : Operation 52 [1/1] (0.00ns)   --->   "%write_ln123 = write void @_ssdm_op_Write.ap_auto.i1P0A, i1 %p_out, i1 %tmp" [./hex.h:123->./hex.h:79->GameState.cpp:30->GameState.cpp:34->MCTSSearcher.cpp:175]   --->   Operation 52 'write' 'write_ln123' <Predicate = (icmp_ln125)> <Delay = 0.00>
ST_2 : Operation 53 [1/1] (0.00ns)   --->   "%write_ln123 = write void @_ssdm_op_Write.ap_auto.i1P0A, i1 %p_out1, i1 %tmp_219" [./hex.h:123->./hex.h:79->GameState.cpp:30->GameState.cpp:34->MCTSSearcher.cpp:175]   --->   Operation 53 'write' 'write_ln123' <Predicate = (icmp_ln125)> <Delay = 0.00>
ST_2 : Operation 54 [1/1] (0.42ns)   --->   "%ret_ln0 = ret"   --->   Operation 54 'ret' 'ret_ln0' <Predicate = (icmp_ln125)> <Delay = 0.42>


============================================================
+ Verbose Summary: Binding
============================================================
STG Binding: 
---------------- STG Properties BEGIN ----------------
- Is combinational: 0
- Is one-state seq: 0
- Is datapath-only: 0
- Is pipelined: 0
- Is top level: 0
Port [ Return ] is wired: 1; IO mode=ap_ctrl_hs:ce=0
Port [ connected_12]:  wired=1; compound=0; hidden=0; nouse=0; global=0; static=0; extern=0; dir=0; type=0; pingpong=0; private_global=0; IO mode=ap_none:ce=0
Port [ gameState_hexGame_player2_8]:  wired=1; compound=0; hidden=0; nouse=0; global=0; static=0; extern=0; dir=0; type=0; pingpong=0; private_global=0; IO mode=ap_none:ce=0
Port [ prev_10_out]:  wired=1; compound=0; hidden=0; nouse=0; global=0; static=0; extern=0; dir=1; type=0; pingpong=0; private_global=0; IO mode=ap_vld:ce=0
Port [ p_out]:  wired=1; compound=0; hidden=0; nouse=0; global=0; static=0; extern=0; dir=1; type=0; pingpong=0; private_global=0; IO mode=ap_vld:ce=0
Port [ p_out1]:  wired=1; compound=0; hidden=0; nouse=0; global=0; static=0; extern=0; dir=1; type=0; pingpong=0; private_global=0; IO mode=ap_vld:ce=0
---------------- STG Properties END ------------------

---------------- Datapath Model BEGIN ----------------

<LifeTime>
<method=bitvector/>
prev                             (alloca        ) [ 011]
gameState_hexGame_player2_8_read (read          ) [ 011]
connected_12_read                (read          ) [ 000]
store_ln112                      (store         ) [ 000]
br_ln0                           (br            ) [ 000]
prev_3                           (load          ) [ 000]
trunc_ln112                      (trunc         ) [ 000]
specpipeline_ln112               (specpipeline  ) [ 000]
specloopname_ln114               (specloopname  ) [ 000]
tmp_s                            (partselect    ) [ 000]
tmp_117                          (partselect    ) [ 000]
tmp_118                          (partselect    ) [ 000]
tmp_119                          (partselect    ) [ 000]
tmp_120                          (partselect    ) [ 000]
tmp_121                          (partselect    ) [ 000]
tmp_122                          (partselect    ) [ 000]
tmp_123                          (partselect    ) [ 000]
tmp_124                          (partselect    ) [ 000]
tmp_125                          (partselect    ) [ 000]
tmp_126                          (partselect    ) [ 000]
tmp_127                          (partselect    ) [ 000]
tmp_128                          (partselect    ) [ 000]
tmp_129                          (bitconcatenate) [ 000]
tmp_130                          (partselect    ) [ 000]
or_ln123                         (or            ) [ 000]
tmp                              (bitselect     ) [ 000]
or_ln123_s                       (bitconcatenate) [ 000]
trunc_ln123                      (trunc         ) [ 000]
shl_ln123_5                      (bitconcatenate) [ 000]
or_ln123_12                      (or            ) [ 000]
tmp_219                          (bitselect     ) [ 000]
tmp15                            (bitconcatenate) [ 000]
and_ln123_s                      (bitconcatenate) [ 000]
tmp_131                          (bitconcatenate) [ 000]
or_ln123_13                      (or            ) [ 000]
tmp_220                          (bitselect     ) [ 000]
tmp18                            (bitconcatenate) [ 000]
trunc_ln123_5                    (trunc         ) [ 000]
and_ln123_1                      (bitconcatenate) [ 000]
or_ln123_14                      (or            ) [ 000]
tmp17                            (bitconcatenate) [ 000]
or_ln123_15                      (or            ) [ 000]
and_ln123                        (and           ) [ 000]
or_ln123_16                      (or            ) [ 000]
icmp_ln125                       (icmp          ) [ 011]
store_ln112                      (store         ) [ 000]
br_ln125                         (br            ) [ 000]
write_ln112                      (write         ) [ 000]
write_ln123                      (write         ) [ 000]
write_ln123                      (write         ) [ 000]
ret_ln0                          (ret           ) [ 000]
</LifeTime>

<model>

<comp_list>
<comp id="0" class="1000" name="connected_12">
<pin_list>
<pin id="1" dir="1" index="0" bw="1" slack="0"/>
</pin_list>
<bind>
<StgValue><ssdm name="connected_12"/></StgValue>
</bind>
</comp>

<comp id="2" class="1000" name="gameState_hexGame_player2_8">
<pin_list>
<pin id="3" dir="1" index="0" bw="1" slack="0"/>
</pin_list>
<bind>
<StgValue><ssdm name="gameState_hexGame_player2_8"/></StgValue>
</bind>
</comp>

<comp id="4" class="1000" name="prev_10_out">
<pin_list>
<pin id="5" dir="1" index="0" bw="1" slack="0"/>
</pin_list>
<bind>
<StgValue><ssdm name="prev_10_out"/></StgValue>
</bind>
</comp>

<comp id="6" class="1000" name="p_out">
<pin_list>
<pin id="7" dir="1" index="0" bw="1" slack="0"/>
</pin_list>
<bind>
<StgValue><ssdm name="p_out"/></StgValue>
</bind>
</comp>

<comp id="8" class="1000" name="p_out1">
<pin_list>
<pin id="9" dir="1" index="0" bw="1" slack="0"/>
</pin_list>
<bind>
<StgValue><ssdm name="p_out1"/></StgValue>
</bind>
</comp>

<comp id="10" class="1001" name="const_10">
<pin_list>
<pin id="11" dir="1" index="0" bw="1" slack="0"/>
</pin_list>
<bind>
<StgValue><ssdm name=""/></StgValue>
</bind>
</comp>

<comp id="12" class="1001" name="const_12">
<pin_list>
<pin id="13" dir="1" index="0" bw="1" slack="0"/>
</pin_list>
<bind>
<StgValue><ssdm name="_ssdm_op_Read.ap_auto.i49"/></StgValue>
</bind>
</comp>

<comp id="14" class="1001" name="const_14">
<pin_list>
<pin id="15" dir="1" index="0" bw="1" slack="2147483647"/>
</pin_list>
<bind>
<StgValue><ssdm name="_ssdm_op_SpecPipeline"/></StgValue>
</bind>
</comp>

<comp id="16" class="1001" name="const_16">
<pin_list>
<pin id="17" dir="1" index="0" bw="1" slack="2147483647"/>
</pin_list>
<bind>
<StgValue><ssdm name=""/></StgValue>
</bind>
</comp>

<comp id="18" class="1001" name="const_18">
<pin_list>
<pin id="19" dir="1" index="0" bw="1" slack="2147483647"/>
</pin_list>
<bind>
<StgValue><ssdm name=""/></StgValue>
</bind>
</comp>

<comp id="20" class="1001" name="const_20">
<pin_list>
<pin id="21" dir="1" index="0" bw="1" slack="2147483647"/>
</pin_list>
<bind>
<StgValue><ssdm name="empty_0"/></StgValue>
</bind>
</comp>

<comp id="22" class="1001" name="const_22">
<pin_list>
<pin id="23" dir="1" index="0" bw="1" slack="2147483647"/>
</pin_list>
<bind>
<StgValue><ssdm name="_ssdm_op_SpecLoopName"/></StgValue>
</bind>
</comp>

<comp id="24" class="1001" name="const_24">
<pin_list>
<pin id="25" dir="1" index="0" bw="1" slack="2147483647"/>
</pin_list>
<bind>
<StgValue><ssdm name="empty_6"/></StgValue>
</bind>
</comp>

<comp id="26" class="1001" name="const_26">
<pin_list>
<pin id="27" dir="1" index="0" bw="1" slack="0"/>
</pin_list>
<bind>
<StgValue><ssdm name="_ssdm_op_PartSelect.i6.i49.i32.i32"/></StgValue>
</bind>
</comp>

<comp id="28" class="1001" name="const_28">
<pin_list>
<pin id="29" dir="1" index="0" bw="1" slack="0"/>
</pin_list>
<bind>
<StgValue><ssdm name=""/></StgValue>
</bind>
</comp>

<comp id="30" class="1001" name="const_30">
<pin_list>
<pin id="31" dir="1" index="0" bw="1" slack="0"/>
</pin_list>
<bind>
<StgValue><ssdm name=""/></StgValue>
</bind>
</comp>

<comp id="32" class="1001" name="const_32">
<pin_list>
<pin id="33" dir="1" index="0" bw="1" slack="0"/>
</pin_list>
<bind>
<StgValue><ssdm name=""/></StgValue>
</bind>
</comp>

<comp id="34" class="1001" name="const_34">
<pin_list>
<pin id="35" dir="1" index="0" bw="1" slack="0"/>
</pin_list>
<bind>
<StgValue><ssdm name=""/></StgValue>
</bind>
</comp>

<comp id="36" class="1001" name="const_36">
<pin_list>
<pin id="37" dir="1" index="0" bw="1" slack="0"/>
</pin_list>
<bind>
<StgValue><ssdm name=""/></StgValue>
</bind>
</comp>

<comp id="38" class="1001" name="const_38">
<pin_list>
<pin id="39" dir="1" index="0" bw="1" slack="0"/>
</pin_list>
<bind>
<StgValue><ssdm name=""/></StgValue>
</bind>
</comp>

<comp id="40" class="1001" name="const_40">
<pin_list>
<pin id="41" dir="1" index="0" bw="1" slack="0"/>
</pin_list>
<bind>
<StgValue><ssdm name=""/></StgValue>
</bind>
</comp>

<comp id="42" class="1001" name="const_42">
<pin_list>
<pin id="43" dir="1" index="0" bw="1" slack="0"/>
</pin_list>
<bind>
<StgValue><ssdm name=""/></StgValue>
</bind>
</comp>

<comp id="44" class="1001" name="const_44">
<pin_list>
<pin id="45" dir="1" index="0" bw="1" slack="0"/>
</pin_list>
<bind>
<StgValue><ssdm name=""/></StgValue>
</bind>
</comp>

<comp id="46" class="1001" name="const_46">
<pin_list>
<pin id="47" dir="1" index="0" bw="1" slack="0"/>
</pin_list>
<bind>
<StgValue><ssdm name=""/></StgValue>
</bind>
</comp>

<comp id="48" class="1001" name="const_48">
<pin_list>
<pin id="49" dir="1" index="0" bw="1" slack="0"/>
</pin_list>
<bind>
<StgValue><ssdm name=""/></StgValue>
</bind>
</comp>

<comp id="50" class="1001" name="const_50">
<pin_list>
<pin id="51" dir="1" index="0" bw="1" slack="0"/>
</pin_list>
<bind>
<StgValue><ssdm name=""/></StgValue>
</bind>
</comp>

<comp id="52" class="1001" name="const_52">
<pin_list>
<pin id="53" dir="1" index="0" bw="1" slack="0"/>
</pin_list>
<bind>
<StgValue><ssdm name=""/></StgValue>
</bind>
</comp>

<comp id="54" class="1001" name="const_54">
<pin_list>
<pin id="55" dir="1" index="0" bw="1" slack="0"/>
</pin_list>
<bind>
<StgValue><ssdm name=""/></StgValue>
</bind>
</comp>

<comp id="56" class="1001" name="const_56">
<pin_list>
<pin id="57" dir="1" index="0" bw="1" slack="0"/>
</pin_list>
<bind>
<StgValue><ssdm name=""/></StgValue>
</bind>
</comp>

<comp id="58" class="1001" name="const_58">
<pin_list>
<pin id="59" dir="1" index="0" bw="1" slack="0"/>
</pin_list>
<bind>
<StgValue><ssdm name=""/></StgValue>
</bind>
</comp>

<comp id="60" class="1001" name="const_60">
<pin_list>
<pin id="61" dir="1" index="0" bw="1" slack="0"/>
</pin_list>
<bind>
<StgValue><ssdm name=""/></StgValue>
</bind>
</comp>

<comp id="62" class="1001" name="const_62">
<pin_list>
<pin id="63" dir="1" index="0" bw="1" slack="0"/>
</pin_list>
<bind>
<StgValue><ssdm name=""/></StgValue>
</bind>
</comp>

<comp id="64" class="1001" name="const_64">
<pin_list>
<pin id="65" dir="1" index="0" bw="1" slack="0"/>
</pin_list>
<bind>
<StgValue><ssdm name=""/></StgValue>
</bind>
</comp>

<comp id="66" class="1001" name="const_66">
<pin_list>
<pin id="67" dir="1" index="0" bw="1" slack="0"/>
</pin_list>
<bind>
<StgValue><ssdm name=""/></StgValue>
</bind>
</comp>

<comp id="68" class="1001" name="const_68">
<pin_list>
<pin id="69" dir="1" index="0" bw="1" slack="0"/>
</pin_list>
<bind>
<StgValue><ssdm name=""/></StgValue>
</bind>
</comp>

<comp id="70" class="1001" name="const_70">
<pin_list>
<pin id="71" dir="1" index="0" bw="1" slack="0"/>
</pin_list>
<bind>
<StgValue><ssdm name="_ssdm_op_PartSelect.i5.i49.i32.i32"/></StgValue>
</bind>
</comp>

<comp id="72" class="1001" name="const_72">
<pin_list>
<pin id="73" dir="1" index="0" bw="1" slack="0"/>
</pin_list>
<bind>
<StgValue><ssdm name=""/></StgValue>
</bind>
</comp>

<comp id="74" class="1001" name="const_74">
<pin_list>
<pin id="75" dir="1" index="0" bw="1" slack="0"/>
</pin_list>
<bind>
<StgValue><ssdm name=""/></StgValue>
</bind>
</comp>

<comp id="76" class="1001" name="const_76">
<pin_list>
<pin id="77" dir="1" index="0" bw="1" slack="0"/>
</pin_list>
<bind>
<StgValue><ssdm name=""/></StgValue>
</bind>
</comp>

<comp id="78" class="1001" name="const_78">
<pin_list>
<pin id="79" dir="1" index="0" bw="1" slack="0"/>
</pin_list>
<bind>
<StgValue><ssdm name=""/></StgValue>
</bind>
</comp>

<comp id="80" class="1001" name="const_80">
<pin_list>
<pin id="81" dir="1" index="0" bw="1" slack="0"/>
</pin_list>
<bind>
<StgValue><ssdm name="_ssdm_op_BitConcatenate.i41.i6.i1.i6.i1.i6.i1.i6.i1.i6.i7"/></StgValue>
</bind>
</comp>

<comp id="82" class="1001" name="const_82">
<pin_list>
<pin id="83" dir="1" index="0" bw="1" slack="0"/>
</pin_list>
<bind>
<StgValue><ssdm name=""/></StgValue>
</bind>
</comp>

<comp id="84" class="1001" name="const_84">
<pin_list>
<pin id="85" dir="1" index="0" bw="1" slack="0"/>
</pin_list>
<bind>
<StgValue><ssdm name=""/></StgValue>
</bind>
</comp>

<comp id="86" class="1001" name="const_86">
<pin_list>
<pin id="87" dir="1" index="0" bw="1" slack="0"/>
</pin_list>
<bind>
<StgValue><ssdm name="_ssdm_op_PartSelect.i41.i49.i32.i32"/></StgValue>
</bind>
</comp>

<comp id="88" class="1001" name="const_88">
<pin_list>
<pin id="89" dir="1" index="0" bw="1" slack="0"/>
</pin_list>
<bind>
<StgValue><ssdm name=""/></StgValue>
</bind>
</comp>

<comp id="90" class="1001" name="const_90">
<pin_list>
<pin id="91" dir="1" index="0" bw="1" slack="0"/>
</pin_list>
<bind>
<StgValue><ssdm name="_ssdm_op_BitSelect.i1.i49.i32"/></StgValue>
</bind>
</comp>

<comp id="92" class="1001" name="const_92">
<pin_list>
<pin id="93" dir="1" index="0" bw="1" slack="0"/>
</pin_list>
<bind>
<StgValue><ssdm name="_ssdm_op_BitConcatenate.i48.i6.i1.i41"/></StgValue>
</bind>
</comp>

<comp id="94" class="1001" name="const_94">
<pin_list>
<pin id="95" dir="1" index="0" bw="1" slack="0"/>
</pin_list>
<bind>
<StgValue><ssdm name="_ssdm_op_BitConcatenate.i48.i41.i7"/></StgValue>
</bind>
</comp>

<comp id="96" class="1001" name="const_96">
<pin_list>
<pin id="97" dir="1" index="0" bw="1" slack="0"/>
</pin_list>
<bind>
<StgValue><ssdm name="_ssdm_op_BitConcatenate.i49.i1.i48"/></StgValue>
</bind>
</comp>

<comp id="98" class="1001" name="const_98">
<pin_list>
<pin id="99" dir="1" index="0" bw="1" slack="0"/>
</pin_list>
<bind>
<StgValue><ssdm name="_ssdm_op_BitConcatenate.i41.i6.i1.i6.i1.i6.i1.i6.i1.i6.i1.i6"/></StgValue>
</bind>
</comp>

<comp id="100" class="1001" name="const_100">
<pin_list>
<pin id="101" dir="1" index="0" bw="1" slack="0"/>
</pin_list>
<bind>
<StgValue><ssdm name="_ssdm_op_BitConcatenate.i41.i5.i1.i6.i1.i6.i1.i6.i1.i6.i1.i6.i1"/></StgValue>
</bind>
</comp>

<comp id="102" class="1001" name="const_102">
<pin_list>
<pin id="103" dir="1" index="0" bw="1" slack="0"/>
</pin_list>
<bind>
<StgValue><ssdm name="_ssdm_op_BitConcatenate.i48.i5.i1.i6.i1.i6.i1.i6.i1.i6.i1.i6.i1.i6.i1"/></StgValue>
</bind>
</comp>

<comp id="104" class="1001" name="const_104">
<pin_list>
<pin id="105" dir="1" index="0" bw="1" slack="0"/>
</pin_list>
<bind>
<StgValue><ssdm name="_ssdm_op_Write.ap_auto.i43P0A"/></StgValue>
</bind>
</comp>

<comp id="106" class="1001" name="const_106">
<pin_list>
<pin id="107" dir="1" index="0" bw="1" slack="0"/>
</pin_list>
<bind>
<StgValue><ssdm name="_ssdm_op_Write.ap_auto.i1P0A"/></StgValue>
</bind>
</comp>

<comp id="108" class="1004" name="prev_fu_108">
<pin_list>
<pin id="109" dir="0" index="0" bw="1" slack="0"/>
<pin id="110" dir="1" index="1" bw="49" slack="0"/>
</pin_list>
<bind>
<opcode="alloca(26) " fcode="alloca"/>
<opset="prev/1 "/>
</bind>
</comp>

<comp id="112" class="1004" name="gameState_hexGame_player2_8_read_read_fu_112">
<pin_list>
<pin id="113" dir="0" index="0" bw="49" slack="0"/>
<pin id="114" dir="0" index="1" bw="49" slack="0"/>
<pin id="115" dir="1" index="2" bw="49" slack="1"/>
</pin_list>
<bind>
<opcode="read(1150) " fcode="read"/>
<opset="gameState_hexGame_player2_8_read/1 "/>
</bind>
</comp>

<comp id="118" class="1004" name="connected_12_read_read_fu_118">
<pin_list>
<pin id="119" dir="0" index="0" bw="49" slack="0"/>
<pin id="120" dir="0" index="1" bw="49" slack="0"/>
<pin id="121" dir="1" index="2" bw="49" slack="0"/>
</pin_list>
<bind>
<opcode="read(1150) " fcode="read"/>
<opset="connected_12_read/1 "/>
</bind>
</comp>

<comp id="124" class="1004" name="write_ln112_write_fu_124">
<pin_list>
<pin id="125" dir="0" index="0" bw="0" slack="0"/>
<pin id="126" dir="0" index="1" bw="43" slack="0"/>
<pin id="127" dir="0" index="2" bw="43" slack="0"/>
<pin id="128" dir="1" index="3" bw="0" slack="2147483647"/>
</pin_list>
<bind>
<opcode="write(1151) " fcode="write"/>
<opset="write_ln112/2 "/>
</bind>
</comp>

<comp id="131" class="1004" name="write_ln123_write_fu_131">
<pin_list>
<pin id="132" dir="0" index="0" bw="0" slack="0"/>
<pin id="133" dir="0" index="1" bw="1" slack="0"/>
<pin id="134" dir="0" index="2" bw="1" slack="0"/>
<pin id="135" dir="1" index="3" bw="0" slack="2147483647"/>
</pin_list>
<bind>
<opcode="write(1151) " fcode="write"/>
<opset="write_ln123/2 "/>
</bind>
</comp>

<comp id="138" class="1004" name="write_ln123_write_fu_138">
<pin_list>
<pin id="139" dir="0" index="0" bw="0" slack="0"/>
<pin id="140" dir="0" index="1" bw="1" slack="0"/>
<pin id="141" dir="0" index="2" bw="1" slack="0"/>
<pin id="142" dir="1" index="3" bw="0" slack="2147483647"/>
</pin_list>
<bind>
<opcode="write(1151) " fcode="write"/>
<opset="write_ln123/2 "/>
</bind>
</comp>

<comp id="145" class="1004" name="store_ln112_store_fu_145">
<pin_list>
<pin id="146" dir="0" index="0" bw="49" slack="0"/>
<pin id="147" dir="0" index="1" bw="49" slack="0"/>
<pin id="148" dir="1" index="2" bw="0" slack="2147483647"/>
</pin_list>
<bind>
<opcode="store(28) " fcode="store"/>
<opset="store_ln112/1 "/>
</bind>
</comp>

<comp id="150" class="1004" name="prev_3_load_fu_150">
<pin_list>
<pin id="151" dir="0" index="0" bw="49" slack="1"/>
<pin id="152" dir="1" index="1" bw="49" slack="0"/>
</pin_list>
<bind>
<opcode="load(27) " fcode="load"/>
<opset="prev_3/2 "/>
</bind>
</comp>

<comp id="153" class="1004" name="trunc_ln112_fu_153">
<pin_list>
<pin id="154" dir="0" index="0" bw="49" slack="0"/>
<pin id="155" dir="1" index="1" bw="43" slack="0"/>
</pin_list>
<bind>
<opcode="trunc(33) " fcode="trunc"/>
<opset="trunc_ln112/2 "/>
</bind>
</comp>

<comp id="158" class="1004" name="tmp_s_fu_158">
<pin_list>
<pin id="159" dir="0" index="0" bw="6" slack="0"/>
<pin id="160" dir="0" index="1" bw="49" slack="0"/>
<pin id="161" dir="0" index="2" bw="7" slack="0"/>
<pin id="162" dir="0" index="3" bw="7" slack="0"/>
<pin id="163" dir="1" index="4" bw="6" slack="0"/>
</pin_list>
<bind>
<opcode="partselect(1002) " fcode="partselect"/>
<opset="tmp_s/2 "/>
</bind>
</comp>

<comp id="168" class="1004" name="tmp_117_fu_168">
<pin_list>
<pin id="169" dir="0" index="0" bw="6" slack="0"/>
<pin id="170" dir="0" index="1" bw="49" slack="0"/>
<pin id="171" dir="0" index="2" bw="6" slack="0"/>
<pin id="172" dir="0" index="3" bw="7" slack="0"/>
<pin id="173" dir="1" index="4" bw="6" slack="0"/>
</pin_list>
<bind>
<opcode="partselect(1002) " fcode="partselect"/>
<opset="tmp_117/2 "/>
</bind>
</comp>

<comp id="178" class="1004" name="tmp_118_fu_178">
<pin_list>
<pin id="179" dir="0" index="0" bw="6" slack="0"/>
<pin id="180" dir="0" index="1" bw="49" slack="0"/>
<pin id="181" dir="0" index="2" bw="6" slack="0"/>
<pin id="182" dir="0" index="3" bw="6" slack="0"/>
<pin id="183" dir="1" index="4" bw="6" slack="0"/>
</pin_list>
<bind>
<opcode="partselect(1002) " fcode="partselect"/>
<opset="tmp_118/2 "/>
</bind>
</comp>

<comp id="188" class="1004" name="tmp_119_fu_188">
<pin_list>
<pin id="189" dir="0" index="0" bw="6" slack="0"/>
<pin id="190" dir="0" index="1" bw="49" slack="0"/>
<pin id="191" dir="0" index="2" bw="5" slack="0"/>
<pin id="192" dir="0" index="3" bw="6" slack="0"/>
<pin id="193" dir="1" index="4" bw="6" slack="0"/>
</pin_list>
<bind>
<opcode="partselect(1002) " fcode="partselect"/>
<opset="tmp_119/2 "/>
</bind>
</comp>

<comp id="198" class="1004" name="tmp_120_fu_198">
<pin_list>
<pin id="199" dir="0" index="0" bw="6" slack="0"/>
<pin id="200" dir="0" index="1" bw="49" slack="0"/>
<pin id="201" dir="0" index="2" bw="5" slack="0"/>
<pin id="202" dir="0" index="3" bw="5" slack="0"/>
<pin id="203" dir="1" index="4" bw="6" slack="0"/>
</pin_list>
<bind>
<opcode="partselect(1002) " fcode="partselect"/>
<opset="tmp_120/2 "/>
</bind>
</comp>

<comp id="208" class="1004" name="tmp_121_fu_208">
<pin_list>
<pin id="209" dir="0" index="0" bw="6" slack="0"/>
<pin id="210" dir="0" index="1" bw="49" slack="0"/>
<pin id="211" dir="0" index="2" bw="1" slack="0"/>
<pin id="212" dir="0" index="3" bw="4" slack="0"/>
<pin id="213" dir="1" index="4" bw="6" slack="0"/>
</pin_list>
<bind>
<opcode="partselect(1002) " fcode="partselect"/>
<opset="tmp_121/2 "/>
</bind>
</comp>

<comp id="218" class="1004" name="tmp_122_fu_218">
<pin_list>
<pin id="219" dir="0" index="0" bw="6" slack="0"/>
<pin id="220" dir="0" index="1" bw="49" slack="0"/>
<pin id="221" dir="0" index="2" bw="7" slack="0"/>
<pin id="222" dir="0" index="3" bw="7" slack="0"/>
<pin id="223" dir="1" index="4" bw="6" slack="0"/>
</pin_list>
<bind>
<opcode="partselect(1002) " fcode="partselect"/>
<opset="tmp_122/2 "/>
</bind>
</comp>

<comp id="228" class="1004" name="tmp_123_fu_228">
<pin_list>
<pin id="229" dir="0" index="0" bw="6" slack="0"/>
<pin id="230" dir="0" index="1" bw="49" slack="0"/>
<pin id="231" dir="0" index="2" bw="6" slack="0"/>
<pin id="232" dir="0" index="3" bw="7" slack="0"/>
<pin id="233" dir="1" index="4" bw="6" slack="0"/>
</pin_list>
<bind>
<opcode="partselect(1002) " fcode="partselect"/>
<opset="tmp_123/2 "/>
</bind>
</comp>

<comp id="238" class="1004" name="tmp_124_fu_238">
<pin_list>
<pin id="239" dir="0" index="0" bw="6" slack="0"/>
<pin id="240" dir="0" index="1" bw="49" slack="0"/>
<pin id="241" dir="0" index="2" bw="6" slack="0"/>
<pin id="242" dir="0" index="3" bw="6" slack="0"/>
<pin id="243" dir="1" index="4" bw="6" slack="0"/>
</pin_list>
<bind>
<opcode="partselect(1002) " fcode="partselect"/>
<opset="tmp_124/2 "/>
</bind>
</comp>

<comp id="248" class="1004" name="tmp_125_fu_248">
<pin_list>
<pin id="249" dir="0" index="0" bw="6" slack="0"/>
<pin id="250" dir="0" index="1" bw="49" slack="0"/>
<pin id="251" dir="0" index="2" bw="5" slack="0"/>
<pin id="252" dir="0" index="3" bw="6" slack="0"/>
<pin id="253" dir="1" index="4" bw="6" slack="0"/>
</pin_list>
<bind>
<opcode="partselect(1002) " fcode="partselect"/>
<opset="tmp_125/2 "/>
</bind>
</comp>

<comp id="258" class="1004" name="tmp_126_fu_258">
<pin_list>
<pin id="259" dir="0" index="0" bw="6" slack="0"/>
<pin id="260" dir="0" index="1" bw="49" slack="0"/>
<pin id="261" dir="0" index="2" bw="4" slack="0"/>
<pin id="262" dir="0" index="3" bw="5" slack="0"/>
<pin id="263" dir="1" index="4" bw="6" slack="0"/>
</pin_list>
<bind>
<opcode="partselect(1002) " fcode="partselect"/>
<opset="tmp_126/2 "/>
</bind>
</comp>

<comp id="268" class="1004" name="tmp_127_fu_268">
<pin_list>
<pin id="269" dir="0" index="0" bw="5" slack="0"/>
<pin id="270" dir="0" index="1" bw="49" slack="0"/>
<pin id="271" dir="0" index="2" bw="7" slack="0"/>
<pin id="272" dir="0" index="3" bw="7" slack="0"/>
<pin id="273" dir="1" index="4" bw="5" slack="0"/>
</pin_list>
<bind>
<opcode="partselect(1002) " fcode="partselect"/>
<opset="tmp_127/2 "/>
</bind>
</comp>

<comp id="278" class="1004" name="tmp_128_fu_278">
<pin_list>
<pin id="279" dir="0" index="0" bw="6" slack="0"/>
<pin id="280" dir="0" index="1" bw="49" slack="0"/>
<pin id="281" dir="0" index="2" bw="7" slack="0"/>
<pin id="282" dir="0" index="3" bw="7" slack="0"/>
<pin id="283" dir="1" index="4" bw="6" slack="0"/>
</pin_list>
<bind>
<opcode="partselect(1002) " fcode="partselect"/>
<opset="tmp_128/2 "/>
</bind>
</comp>

<comp id="288" class="1004" name="tmp_129_fu_288">
<pin_list>
<pin id="289" dir="0" index="0" bw="41" slack="0"/>
<pin id="290" dir="0" index="1" bw="6" slack="0"/>
<pin id="291" dir="0" index="2" bw="1" slack="0"/>
<pin id="292" dir="0" index="3" bw="6" slack="0"/>
<pin id="293" dir="0" index="4" bw="1" slack="0"/>
<pin id="294" dir="0" index="5" bw="6" slack="0"/>
<pin id="295" dir="0" index="6" bw="1" slack="0"/>
<pin id="296" dir="0" index="7" bw="6" slack="0"/>
<pin id="297" dir="0" index="8" bw="1" slack="0"/>
<pin id="298" dir="0" index="9" bw="6" slack="0"/>
<pin id="299" dir="0" index="10" bw="1" slack="0"/>
<pin id="300" dir="1" index="11" bw="41" slack="0"/>
</pin_list>
<bind>
<opcode="bitconcatenate(1004) " fcode="bitconcatenate"/>
<opset="tmp_129/2 "/>
</bind>
</comp>

<comp id="312" class="1004" name="tmp_130_fu_312">
<pin_list>
<pin id="313" dir="0" index="0" bw="41" slack="0"/>
<pin id="314" dir="0" index="1" bw="49" slack="0"/>
<pin id="315" dir="0" index="2" bw="4" slack="0"/>
<pin id="316" dir="0" index="3" bw="7" slack="0"/>
<pin id="317" dir="1" index="4" bw="41" slack="0"/>
</pin_list>
<bind>
<opcode="partselect(1002) " fcode="partselect"/>
<opset="tmp_130/2 "/>
</bind>
</comp>

<comp id="322" class="1004" name="or_ln123_fu_322">
<pin_list>
<pin id="323" dir="0" index="0" bw="41" slack="0"/>
<pin id="324" dir="0" index="1" bw="41" slack="0"/>
<pin id="325" dir="1" index="2" bw="41" slack="0"/>
</pin_list>
<bind>
<opcode="or(24) " fcode="or"/>
<opset="or_ln123/2 "/>
</bind>
</comp>

<comp id="328" class="1004" name="tmp_fu_328">
<pin_list>
<pin id="329" dir="0" index="0" bw="1" slack="0"/>
<pin id="330" dir="0" index="1" bw="49" slack="0"/>
<pin id="331" dir="0" index="2" bw="7" slack="0"/>
<pin id="332" dir="1" index="3" bw="1" slack="0"/>
</pin_list>
<bind>
<opcode="bitselect(1000) " fcode="bitselect"/>
<opset="tmp/2 "/>
</bind>
</comp>

<comp id="337" class="1004" name="or_ln123_s_fu_337">
<pin_list>
<pin id="338" dir="0" index="0" bw="48" slack="0"/>
<pin id="339" dir="0" index="1" bw="6" slack="0"/>
<pin id="340" dir="0" index="2" bw="1" slack="0"/>
<pin id="341" dir="0" index="3" bw="41" slack="0"/>
<pin id="342" dir="1" index="4" bw="48" slack="0"/>
</pin_list>
<bind>
<opcode="bitconcatenate(1004) " fcode="bitconcatenate"/>
<opset="or_ln123_s/2 "/>
</bind>
</comp>

<comp id="347" class="1004" name="trunc_ln123_fu_347">
<pin_list>
<pin id="348" dir="0" index="0" bw="49" slack="0"/>
<pin id="349" dir="1" index="1" bw="41" slack="0"/>
</pin_list>
<bind>
<opcode="trunc(33) " fcode="trunc"/>
<opset="trunc_ln123/2 "/>
</bind>
</comp>

<comp id="351" class="1004" name="shl_ln123_5_fu_351">
<pin_list>
<pin id="352" dir="0" index="0" bw="48" slack="0"/>
<pin id="353" dir="0" index="1" bw="41" slack="0"/>
<pin id="354" dir="0" index="2" bw="1" slack="0"/>
<pin id="355" dir="1" index="3" bw="48" slack="0"/>
</pin_list>
<bind>
<opcode="bitconcatenate(1004) " fcode="bitconcatenate"/>
<opset="shl_ln123_5/2 "/>
</bind>
</comp>

<comp id="359" class="1004" name="or_ln123_12_fu_359">
<pin_list>
<pin id="360" dir="0" index="0" bw="48" slack="0"/>
<pin id="361" dir="0" index="1" bw="48" slack="0"/>
<pin id="362" dir="1" index="2" bw="48" slack="0"/>
</pin_list>
<bind>
<opcode="or(24) " fcode="or"/>
<opset="or_ln123_12/2 "/>
</bind>
</comp>

<comp id="365" class="1004" name="tmp_219_fu_365">
<pin_list>
<pin id="366" dir="0" index="0" bw="1" slack="0"/>
<pin id="367" dir="0" index="1" bw="49" slack="0"/>
<pin id="368" dir="0" index="2" bw="7" slack="0"/>
<pin id="369" dir="1" index="3" bw="1" slack="0"/>
</pin_list>
<bind>
<opcode="bitselect(1000) " fcode="bitselect"/>
<opset="tmp_219/2 "/>
</bind>
</comp>

<comp id="374" class="1004" name="tmp15_fu_374">
<pin_list>
<pin id="375" dir="0" index="0" bw="49" slack="0"/>
<pin id="376" dir="0" index="1" bw="1" slack="0"/>
<pin id="377" dir="0" index="2" bw="48" slack="0"/>
<pin id="378" dir="1" index="3" bw="49" slack="0"/>
</pin_list>
<bind>
<opcode="bitconcatenate(1004) " fcode="bitconcatenate"/>
<opset="tmp15/2 "/>
</bind>
</comp>

<comp id="382" class="1004" name="and_ln123_s_fu_382">
<pin_list>
<pin id="383" dir="0" index="0" bw="41" slack="0"/>
<pin id="384" dir="0" index="1" bw="6" slack="0"/>
<pin id="385" dir="0" index="2" bw="1" slack="0"/>
<pin id="386" dir="0" index="3" bw="6" slack="0"/>
<pin id="387" dir="0" index="4" bw="1" slack="0"/>
<pin id="388" dir="0" index="5" bw="6" slack="0"/>
<pin id="389" dir="0" index="6" bw="1" slack="0"/>
<pin id="390" dir="0" index="7" bw="6" slack="0"/>
<pin id="391" dir="0" index="8" bw="1" slack="0"/>
<pin id="392" dir="0" index="9" bw="6" slack="0"/>
<pin id="393" dir="0" index="10" bw="1" slack="0"/>
<pin id="394" dir="0" index="11" bw="6" slack="0"/>
<pin id="395" dir="1" index="12" bw="41" slack="0"/>
</pin_list>
<bind>
<opcode="bitconcatenate(1004) " fcode="bitconcatenate"/>
<opset="and_ln123_s/2 "/>
</bind>
</comp>

<comp id="408" class="1004" name="tmp_131_fu_408">
<pin_list>
<pin id="409" dir="0" index="0" bw="41" slack="0"/>
<pin id="410" dir="0" index="1" bw="5" slack="0"/>
<pin id="411" dir="0" index="2" bw="1" slack="0"/>
<pin id="412" dir="0" index="3" bw="6" slack="0"/>
<pin id="413" dir="0" index="4" bw="1" slack="0"/>
<pin id="414" dir="0" index="5" bw="6" slack="0"/>
<pin id="415" dir="0" index="6" bw="1" slack="0"/>
<pin id="416" dir="0" index="7" bw="6" slack="0"/>
<pin id="417" dir="0" index="8" bw="1" slack="0"/>
<pin id="418" dir="0" index="9" bw="6" slack="0"/>
<pin id="419" dir="0" index="10" bw="1" slack="0"/>
<pin id="420" dir="0" index="11" bw="6" slack="0"/>
<pin id="421" dir="0" index="12" bw="1" slack="0"/>
<pin id="422" dir="1" index="13" bw="41" slack="0"/>
</pin_list>
<bind>
<opcode="bitconcatenate(1004) " fcode="bitconcatenate"/>
<opset="tmp_131/2 "/>
</bind>
</comp>

<comp id="436" class="1004" name="or_ln123_13_fu_436">
<pin_list>
<pin id="437" dir="0" index="0" bw="41" slack="0"/>
<pin id="438" dir="0" index="1" bw="41" slack="0"/>
<pin id="439" dir="1" index="2" bw="41" slack="0"/>
</pin_list>
<bind>
<opcode="or(24) " fcode="or"/>
<opset="or_ln123_13/2 "/>
</bind>
</comp>

<comp id="442" class="1004" name="tmp_220_fu_442">
<pin_list>
<pin id="443" dir="0" index="0" bw="1" slack="0"/>
<pin id="444" dir="0" index="1" bw="49" slack="0"/>
<pin id="445" dir="0" index="2" bw="7" slack="0"/>
<pin id="446" dir="1" index="3" bw="1" slack="0"/>
</pin_list>
<bind>
<opcode="bitselect(1000) " fcode="bitselect"/>
<opset="tmp_220/2 "/>
</bind>
</comp>

<comp id="450" class="1004" name="tmp18_fu_450">
<pin_list>
<pin id="451" dir="0" index="0" bw="48" slack="0"/>
<pin id="452" dir="0" index="1" bw="6" slack="0"/>
<pin id="453" dir="0" index="2" bw="1" slack="0"/>
<pin id="454" dir="0" index="3" bw="41" slack="0"/>
<pin id="455" dir="1" index="4" bw="48" slack="0"/>
</pin_list>
<bind>
<opcode="bitconcatenate(1004) " fcode="bitconcatenate"/>
<opset="tmp18/2 "/>
</bind>
</comp>

<comp id="460" class="1004" name="trunc_ln123_5_fu_460">
<pin_list>
<pin id="461" dir="0" index="0" bw="49" slack="0"/>
<pin id="462" dir="1" index="1" bw="6" slack="0"/>
</pin_list>
<bind>
<opcode="trunc(33) " fcode="trunc"/>
<opset="trunc_ln123_5/2 "/>
</bind>
</comp>

<comp id="464" class="1004" name="and_ln123_1_fu_464">
<pin_list>
<pin id="465" dir="0" index="0" bw="48" slack="0"/>
<pin id="466" dir="0" index="1" bw="5" slack="0"/>
<pin id="467" dir="0" index="2" bw="1" slack="0"/>
<pin id="468" dir="0" index="3" bw="6" slack="0"/>
<pin id="469" dir="0" index="4" bw="1" slack="0"/>
<pin id="470" dir="0" index="5" bw="6" slack="0"/>
<pin id="471" dir="0" index="6" bw="1" slack="0"/>
<pin id="472" dir="0" index="7" bw="6" slack="0"/>
<pin id="473" dir="0" index="8" bw="1" slack="0"/>
<pin id="474" dir="0" index="9" bw="6" slack="0"/>
<pin id="475" dir="0" index="10" bw="1" slack="0"/>
<pin id="476" dir="0" index="11" bw="6" slack="0"/>
<pin id="477" dir="0" index="12" bw="1" slack="0"/>
<pin id="478" dir="0" index="13" bw="6" slack="0"/>
<pin id="479" dir="0" index="14" bw="1" slack="0"/>
<pin id="480" dir="1" index="15" bw="48" slack="0"/>
</pin_list>
<bind>
<opcode="bitconcatenate(1004) " fcode="bitconcatenate"/>
<opset="and_ln123_1/2 "/>
</bind>
</comp>

<comp id="496" class="1004" name="or_ln123_14_fu_496">
<pin_list>
<pin id="497" dir="0" index="0" bw="48" slack="0"/>
<pin id="498" dir="0" index="1" bw="48" slack="0"/>
<pin id="499" dir="1" index="2" bw="48" slack="0"/>
</pin_list>
<bind>
<opcode="or(24) " fcode="or"/>
<opset="or_ln123_14/2 "/>
</bind>
</comp>

<comp id="502" class="1004" name="tmp17_fu_502">
<pin_list>
<pin id="503" dir="0" index="0" bw="49" slack="0"/>
<pin id="504" dir="0" index="1" bw="1" slack="0"/>
<pin id="505" dir="0" index="2" bw="48" slack="0"/>
<pin id="506" dir="1" index="3" bw="49" slack="0"/>
</pin_list>
<bind>
<opcode="bitconcatenate(1004) " fcode="bitconcatenate"/>
<opset="tmp17/2 "/>
</bind>
</comp>

<comp id="510" class="1004" name="or_ln123_15_fu_510">
<pin_list>
<pin id="511" dir="0" index="0" bw="49" slack="0"/>
<pin id="512" dir="0" index="1" bw="49" slack="0"/>
<pin id="513" dir="1" index="2" bw="49" slack="0"/>
</pin_list>
<bind>
<opcode="or(24) " fcode="or"/>
<opset="or_ln123_15/2 "/>
</bind>
</comp>

<comp id="516" class="1004" name="and_ln123_fu_516">
<pin_list>
<pin id="517" dir="0" index="0" bw="49" slack="0"/>
<pin id="518" dir="0" index="1" bw="49" slack="1"/>
<pin id="519" dir="1" index="2" bw="49" slack="0"/>
</pin_list>
<bind>
<opcode="and(23) " fcode="and"/>
<opset="and_ln123/2 "/>
</bind>
</comp>

<comp id="521" class="1004" name="or_ln123_16_fu_521">
<pin_list>
<pin id="522" dir="0" index="0" bw="49" slack="0"/>
<pin id="523" dir="0" index="1" bw="49" slack="0"/>
<pin id="524" dir="1" index="2" bw="49" slack="0"/>
</pin_list>
<bind>
<opcode="or(24) " fcode="or"/>
<opset="or_ln123_16/2 "/>
</bind>
</comp>

<comp id="527" class="1004" name="icmp_ln125_fu_527">
<pin_list>
<pin id="528" dir="0" index="0" bw="49" slack="0"/>
<pin id="529" dir="0" index="1" bw="49" slack="0"/>
<pin id="530" dir="1" index="2" bw="1" slack="2147483647"/>
</pin_list>
<bind>
<opcode="icmp(45) " fcode="icmp"/>
<opset="icmp_ln125/2 "/>
</bind>
</comp>

<comp id="533" class="1004" name="store_ln112_store_fu_533">
<pin_list>
<pin id="534" dir="0" index="0" bw="49" slack="0"/>
<pin id="535" dir="0" index="1" bw="49" slack="1"/>
<pin id="536" dir="1" index="2" bw="0" slack="2147483647"/>
</pin_list>
<bind>
<opcode="store(28) " fcode="store"/>
<opset="store_ln112/2 "/>
</bind>
</comp>

<comp id="538" class="1005" name="prev_reg_538">
<pin_list>
<pin id="539" dir="0" index="0" bw="49" slack="0"/>
<pin id="540" dir="1" index="1" bw="49" slack="0"/>
</pin_list>
<bind>
<opset="prev "/>
</bind>
</comp>

<comp id="545" class="1005" name="gameState_hexGame_player2_8_read_reg_545">
<pin_list>
<pin id="546" dir="0" index="0" bw="49" slack="1"/>
<pin id="547" dir="1" index="1" bw="49" slack="1"/>
</pin_list>
<bind>
<opset="gameState_hexGame_player2_8_read "/>
</bind>
</comp>

</comp_list>

<net_list>
<net id="111"><net_src comp="10" pin="0"/><net_sink comp="108" pin=0"/></net>

<net id="116"><net_src comp="12" pin="0"/><net_sink comp="112" pin=0"/></net>

<net id="117"><net_src comp="2" pin="0"/><net_sink comp="112" pin=1"/></net>

<net id="122"><net_src comp="12" pin="0"/><net_sink comp="118" pin=0"/></net>

<net id="123"><net_src comp="0" pin="0"/><net_sink comp="118" pin=1"/></net>

<net id="129"><net_src comp="104" pin="0"/><net_sink comp="124" pin=0"/></net>

<net id="130"><net_src comp="4" pin="0"/><net_sink comp="124" pin=1"/></net>

<net id="136"><net_src comp="106" pin="0"/><net_sink comp="131" pin=0"/></net>

<net id="137"><net_src comp="6" pin="0"/><net_sink comp="131" pin=1"/></net>

<net id="143"><net_src comp="106" pin="0"/><net_sink comp="138" pin=0"/></net>

<net id="144"><net_src comp="8" pin="0"/><net_sink comp="138" pin=1"/></net>

<net id="149"><net_src comp="118" pin="2"/><net_sink comp="145" pin=0"/></net>

<net id="156"><net_src comp="150" pin="1"/><net_sink comp="153" pin=0"/></net>

<net id="157"><net_src comp="153" pin="1"/><net_sink comp="124" pin=2"/></net>

<net id="164"><net_src comp="26" pin="0"/><net_sink comp="158" pin=0"/></net>

<net id="165"><net_src comp="150" pin="1"/><net_sink comp="158" pin=1"/></net>

<net id="166"><net_src comp="28" pin="0"/><net_sink comp="158" pin=2"/></net>

<net id="167"><net_src comp="30" pin="0"/><net_sink comp="158" pin=3"/></net>

<net id="174"><net_src comp="26" pin="0"/><net_sink comp="168" pin=0"/></net>

<net id="175"><net_src comp="150" pin="1"/><net_sink comp="168" pin=1"/></net>

<net id="176"><net_src comp="32" pin="0"/><net_sink comp="168" pin=2"/></net>

<net id="177"><net_src comp="34" pin="0"/><net_sink comp="168" pin=3"/></net>

<net id="184"><net_src comp="26" pin="0"/><net_sink comp="178" pin=0"/></net>

<net id="185"><net_src comp="150" pin="1"/><net_sink comp="178" pin=1"/></net>

<net id="186"><net_src comp="36" pin="0"/><net_sink comp="178" pin=2"/></net>

<net id="187"><net_src comp="38" pin="0"/><net_sink comp="178" pin=3"/></net>

<net id="194"><net_src comp="26" pin="0"/><net_sink comp="188" pin=0"/></net>

<net id="195"><net_src comp="150" pin="1"/><net_sink comp="188" pin=1"/></net>

<net id="196"><net_src comp="40" pin="0"/><net_sink comp="188" pin=2"/></net>

<net id="197"><net_src comp="42" pin="0"/><net_sink comp="188" pin=3"/></net>

<net id="204"><net_src comp="26" pin="0"/><net_sink comp="198" pin=0"/></net>

<net id="205"><net_src comp="150" pin="1"/><net_sink comp="198" pin=1"/></net>

<net id="206"><net_src comp="44" pin="0"/><net_sink comp="198" pin=2"/></net>

<net id="207"><net_src comp="46" pin="0"/><net_sink comp="198" pin=3"/></net>

<net id="214"><net_src comp="26" pin="0"/><net_sink comp="208" pin=0"/></net>

<net id="215"><net_src comp="150" pin="1"/><net_sink comp="208" pin=1"/></net>

<net id="216"><net_src comp="10" pin="0"/><net_sink comp="208" pin=2"/></net>

<net id="217"><net_src comp="48" pin="0"/><net_sink comp="208" pin=3"/></net>

<net id="224"><net_src comp="26" pin="0"/><net_sink comp="218" pin=0"/></net>

<net id="225"><net_src comp="150" pin="1"/><net_sink comp="218" pin=1"/></net>

<net id="226"><net_src comp="50" pin="0"/><net_sink comp="218" pin=2"/></net>

<net id="227"><net_src comp="52" pin="0"/><net_sink comp="218" pin=3"/></net>

<net id="234"><net_src comp="26" pin="0"/><net_sink comp="228" pin=0"/></net>

<net id="235"><net_src comp="150" pin="1"/><net_sink comp="228" pin=1"/></net>

<net id="236"><net_src comp="54" pin="0"/><net_sink comp="228" pin=2"/></net>

<net id="237"><net_src comp="56" pin="0"/><net_sink comp="228" pin=3"/></net>

<net id="244"><net_src comp="26" pin="0"/><net_sink comp="238" pin=0"/></net>

<net id="245"><net_src comp="150" pin="1"/><net_sink comp="238" pin=1"/></net>

<net id="246"><net_src comp="58" pin="0"/><net_sink comp="238" pin=2"/></net>

<net id="247"><net_src comp="60" pin="0"/><net_sink comp="238" pin=3"/></net>

<net id="254"><net_src comp="26" pin="0"/><net_sink comp="248" pin=0"/></net>

<net id="255"><net_src comp="150" pin="1"/><net_sink comp="248" pin=1"/></net>

<net id="256"><net_src comp="62" pin="0"/><net_sink comp="248" pin=2"/></net>

<net id="257"><net_src comp="64" pin="0"/><net_sink comp="248" pin=3"/></net>

<net id="264"><net_src comp="26" pin="0"/><net_sink comp="258" pin=0"/></net>

<net id="265"><net_src comp="150" pin="1"/><net_sink comp="258" pin=1"/></net>

<net id="266"><net_src comp="66" pin="0"/><net_sink comp="258" pin=2"/></net>

<net id="267"><net_src comp="68" pin="0"/><net_sink comp="258" pin=3"/></net>

<net id="274"><net_src comp="70" pin="0"/><net_sink comp="268" pin=0"/></net>

<net id="275"><net_src comp="150" pin="1"/><net_sink comp="268" pin=1"/></net>

<net id="276"><net_src comp="72" pin="0"/><net_sink comp="268" pin=2"/></net>

<net id="277"><net_src comp="74" pin="0"/><net_sink comp="268" pin=3"/></net>

<net id="284"><net_src comp="26" pin="0"/><net_sink comp="278" pin=0"/></net>

<net id="285"><net_src comp="150" pin="1"/><net_sink comp="278" pin=1"/></net>

<net id="286"><net_src comp="76" pin="0"/><net_sink comp="278" pin=2"/></net>

<net id="287"><net_src comp="78" pin="0"/><net_sink comp="278" pin=3"/></net>

<net id="301"><net_src comp="80" pin="0"/><net_sink comp="288" pin=0"/></net>

<net id="302"><net_src comp="168" pin="4"/><net_sink comp="288" pin=1"/></net>

<net id="303"><net_src comp="82" pin="0"/><net_sink comp="288" pin=2"/></net>

<net id="304"><net_src comp="178" pin="4"/><net_sink comp="288" pin=3"/></net>

<net id="305"><net_src comp="82" pin="0"/><net_sink comp="288" pin=4"/></net>

<net id="306"><net_src comp="188" pin="4"/><net_sink comp="288" pin=5"/></net>

<net id="307"><net_src comp="82" pin="0"/><net_sink comp="288" pin=6"/></net>

<net id="308"><net_src comp="198" pin="4"/><net_sink comp="288" pin=7"/></net>

<net id="309"><net_src comp="82" pin="0"/><net_sink comp="288" pin=8"/></net>

<net id="310"><net_src comp="208" pin="4"/><net_sink comp="288" pin=9"/></net>

<net id="311"><net_src comp="84" pin="0"/><net_sink comp="288" pin=10"/></net>

<net id="318"><net_src comp="86" pin="0"/><net_sink comp="312" pin=0"/></net>

<net id="319"><net_src comp="150" pin="1"/><net_sink comp="312" pin=1"/></net>

<net id="320"><net_src comp="66" pin="0"/><net_sink comp="312" pin=2"/></net>

<net id="321"><net_src comp="88" pin="0"/><net_sink comp="312" pin=3"/></net>

<net id="326"><net_src comp="312" pin="4"/><net_sink comp="322" pin=0"/></net>

<net id="327"><net_src comp="288" pin="11"/><net_sink comp="322" pin=1"/></net>

<net id="333"><net_src comp="90" pin="0"/><net_sink comp="328" pin=0"/></net>

<net id="334"><net_src comp="150" pin="1"/><net_sink comp="328" pin=1"/></net>

<net id="335"><net_src comp="78" pin="0"/><net_sink comp="328" pin=2"/></net>

<net id="336"><net_src comp="328" pin="3"/><net_sink comp="131" pin=2"/></net>

<net id="343"><net_src comp="92" pin="0"/><net_sink comp="337" pin=0"/></net>

<net id="344"><net_src comp="158" pin="4"/><net_sink comp="337" pin=1"/></net>

<net id="345"><net_src comp="328" pin="3"/><net_sink comp="337" pin=2"/></net>

<net id="346"><net_src comp="322" pin="2"/><net_sink comp="337" pin=3"/></net>

<net id="350"><net_src comp="150" pin="1"/><net_sink comp="347" pin=0"/></net>

<net id="356"><net_src comp="94" pin="0"/><net_sink comp="351" pin=0"/></net>

<net id="357"><net_src comp="347" pin="1"/><net_sink comp="351" pin=1"/></net>

<net id="358"><net_src comp="84" pin="0"/><net_sink comp="351" pin=2"/></net>

<net id="363"><net_src comp="351" pin="3"/><net_sink comp="359" pin=0"/></net>

<net id="364"><net_src comp="337" pin="4"/><net_sink comp="359" pin=1"/></net>

<net id="370"><net_src comp="90" pin="0"/><net_sink comp="365" pin=0"/></net>

<net id="371"><net_src comp="150" pin="1"/><net_sink comp="365" pin=1"/></net>

<net id="372"><net_src comp="30" pin="0"/><net_sink comp="365" pin=2"/></net>

<net id="373"><net_src comp="365" pin="3"/><net_sink comp="138" pin=2"/></net>

<net id="379"><net_src comp="96" pin="0"/><net_sink comp="374" pin=0"/></net>

<net id="380"><net_src comp="365" pin="3"/><net_sink comp="374" pin=1"/></net>

<net id="381"><net_src comp="359" pin="2"/><net_sink comp="374" pin=2"/></net>

<net id="396"><net_src comp="98" pin="0"/><net_sink comp="382" pin=0"/></net>

<net id="397"><net_src comp="158" pin="4"/><net_sink comp="382" pin=1"/></net>

<net id="398"><net_src comp="82" pin="0"/><net_sink comp="382" pin=2"/></net>

<net id="399"><net_src comp="168" pin="4"/><net_sink comp="382" pin=3"/></net>

<net id="400"><net_src comp="82" pin="0"/><net_sink comp="382" pin=4"/></net>

<net id="401"><net_src comp="178" pin="4"/><net_sink comp="382" pin=5"/></net>

<net id="402"><net_src comp="82" pin="0"/><net_sink comp="382" pin=6"/></net>

<net id="403"><net_src comp="188" pin="4"/><net_sink comp="382" pin=7"/></net>

<net id="404"><net_src comp="82" pin="0"/><net_sink comp="382" pin=8"/></net>

<net id="405"><net_src comp="198" pin="4"/><net_sink comp="382" pin=9"/></net>

<net id="406"><net_src comp="82" pin="0"/><net_sink comp="382" pin=10"/></net>

<net id="407"><net_src comp="208" pin="4"/><net_sink comp="382" pin=11"/></net>

<net id="423"><net_src comp="100" pin="0"/><net_sink comp="408" pin=0"/></net>

<net id="424"><net_src comp="268" pin="4"/><net_sink comp="408" pin=1"/></net>

<net id="425"><net_src comp="82" pin="0"/><net_sink comp="408" pin=2"/></net>

<net id="426"><net_src comp="218" pin="4"/><net_sink comp="408" pin=3"/></net>

<net id="427"><net_src comp="82" pin="0"/><net_sink comp="408" pin=4"/></net>

<net id="428"><net_src comp="228" pin="4"/><net_sink comp="408" pin=5"/></net>

<net id="429"><net_src comp="82" pin="0"/><net_sink comp="408" pin=6"/></net>

<net id="430"><net_src comp="238" pin="4"/><net_sink comp="408" pin=7"/></net>

<net id="431"><net_src comp="82" pin="0"/><net_sink comp="408" pin=8"/></net>

<net id="432"><net_src comp="248" pin="4"/><net_sink comp="408" pin=9"/></net>

<net id="433"><net_src comp="82" pin="0"/><net_sink comp="408" pin=10"/></net>

<net id="434"><net_src comp="258" pin="4"/><net_sink comp="408" pin=11"/></net>

<net id="435"><net_src comp="82" pin="0"/><net_sink comp="408" pin=12"/></net>

<net id="440"><net_src comp="408" pin="13"/><net_sink comp="436" pin=0"/></net>

<net id="441"><net_src comp="382" pin="12"/><net_sink comp="436" pin=1"/></net>

<net id="447"><net_src comp="90" pin="0"/><net_sink comp="442" pin=0"/></net>

<net id="448"><net_src comp="150" pin="1"/><net_sink comp="442" pin=1"/></net>

<net id="449"><net_src comp="88" pin="0"/><net_sink comp="442" pin=2"/></net>

<net id="456"><net_src comp="92" pin="0"/><net_sink comp="450" pin=0"/></net>

<net id="457"><net_src comp="278" pin="4"/><net_sink comp="450" pin=1"/></net>

<net id="458"><net_src comp="442" pin="3"/><net_sink comp="450" pin=2"/></net>

<net id="459"><net_src comp="436" pin="2"/><net_sink comp="450" pin=3"/></net>

<net id="463"><net_src comp="150" pin="1"/><net_sink comp="460" pin=0"/></net>

<net id="481"><net_src comp="102" pin="0"/><net_sink comp="464" pin=0"/></net>

<net id="482"><net_src comp="268" pin="4"/><net_sink comp="464" pin=1"/></net>

<net id="483"><net_src comp="82" pin="0"/><net_sink comp="464" pin=2"/></net>

<net id="484"><net_src comp="218" pin="4"/><net_sink comp="464" pin=3"/></net>

<net id="485"><net_src comp="82" pin="0"/><net_sink comp="464" pin=4"/></net>

<net id="486"><net_src comp="228" pin="4"/><net_sink comp="464" pin=5"/></net>

<net id="487"><net_src comp="82" pin="0"/><net_sink comp="464" pin=6"/></net>

<net id="488"><net_src comp="238" pin="4"/><net_sink comp="464" pin=7"/></net>

<net id="489"><net_src comp="82" pin="0"/><net_sink comp="464" pin=8"/></net>

<net id="490"><net_src comp="248" pin="4"/><net_sink comp="464" pin=9"/></net>

<net id="491"><net_src comp="82" pin="0"/><net_sink comp="464" pin=10"/></net>

<net id="492"><net_src comp="258" pin="4"/><net_sink comp="464" pin=11"/></net>

<net id="493"><net_src comp="82" pin="0"/><net_sink comp="464" pin=12"/></net>

<net id="494"><net_src comp="460" pin="1"/><net_sink comp="464" pin=13"/></net>

<net id="495"><net_src comp="82" pin="0"/><net_sink comp="464" pin=14"/></net>

<net id="500"><net_src comp="464" pin="15"/><net_sink comp="496" pin=0"/></net>

<net id="501"><net_src comp="450" pin="4"/><net_sink comp="496" pin=1"/></net>

<net id="507"><net_src comp="96" pin="0"/><net_sink comp="502" pin=0"/></net>

<net id="508"><net_src comp="442" pin="3"/><net_sink comp="502" pin=1"/></net>

<net id="509"><net_src comp="496" pin="2"/><net_sink comp="502" pin=2"/></net>

<net id="514"><net_src comp="502" pin="3"/><net_sink comp="510" pin=0"/></net>

<net id="515"><net_src comp="374" pin="3"/><net_sink comp="510" pin=1"/></net>

<net id="520"><net_src comp="510" pin="2"/><net_sink comp="516" pin=0"/></net>

<net id="525"><net_src comp="516" pin="2"/><net_sink comp="521" pin=0"/></net>

<net id="526"><net_src comp="150" pin="1"/><net_sink comp="521" pin=1"/></net>

<net id="531"><net_src comp="521" pin="2"/><net_sink comp="527" pin=0"/></net>

<net id="532"><net_src comp="150" pin="1"/><net_sink comp="527" pin=1"/></net>

<net id="537"><net_src comp="521" pin="2"/><net_sink comp="533" pin=0"/></net>

<net id="541"><net_src comp="108" pin="1"/><net_sink comp="538" pin=0"/></net>

<net id="542"><net_src comp="538" pin="1"/><net_sink comp="145" pin=1"/></net>

<net id="543"><net_src comp="538" pin="1"/><net_sink comp="150" pin=0"/></net>

<net id="544"><net_src comp="538" pin="1"/><net_sink comp="533" pin=1"/></net>

<net id="548"><net_src comp="112" pin="2"/><net_sink comp="545" pin=0"/></net>

<net id="549"><net_src comp="545" pin="1"/><net_sink comp="516" pin=1"/></net>

</net_list>

</model> 
---------------- Datapath Model END ------------------

* FSMD analyzer results:
  - Output states:
	Port: prev_10_out | {2 }
	Port: p_out | {2 }
	Port: p_out1 | {2 }
 - Input state : 
	Port: forward_Pipeline_VITIS_LOOP_114_16 : connected_12 | {1 }
	Port: forward_Pipeline_VITIS_LOOP_114_16 : gameState_hexGame_player2_8 | {1 }
  - Chain level:
	State 1
	State 2
		trunc_ln112 : 1
		tmp_s : 1
		tmp_117 : 1
		tmp_118 : 1
		tmp_119 : 1
		tmp_120 : 1
		tmp_121 : 1
		tmp_122 : 1
		tmp_123 : 1
		tmp_124 : 1
		tmp_125 : 1
		tmp_126 : 1
		tmp_127 : 1
		tmp_128 : 1
		tmp_129 : 2
		tmp_130 : 1
		or_ln123 : 3
		tmp : 1
		or_ln123_s : 3
		trunc_ln123 : 1
		shl_ln123_5 : 2
		or_ln123_12 : 4
		tmp_219 : 1
		tmp15 : 4
		and_ln123_s : 2
		tmp_131 : 2
		or_ln123_13 : 3
		tmp_220 : 1
		tmp18 : 3
		trunc_ln123_5 : 1
		and_ln123_1 : 2
		or_ln123_14 : 4
		tmp17 : 4
		or_ln123_15 : 5
		and_ln123 : 5
		or_ln123_16 : 5
		icmp_ln125 : 5
		store_ln112 : 5
		br_ln125 : 6
		write_ln112 : 2
		write_ln123 : 2
		write_ln123 : 2


============================================================
+ Verbose Summary: Datapath Resource usage 
============================================================

* Functional unit list:
|----------|----------------------------------------------|---------|---------|
| Operation|                Functional Unit               |    FF   |   LUT   |
|----------|----------------------------------------------|---------|---------|
|          |                or_ln123_fu_322               |    0    |    41   |
|          |              or_ln123_12_fu_359              |    0    |    48   |
|    or    |              or_ln123_13_fu_436              |    0    |    41   |
|          |              or_ln123_14_fu_496              |    0    |    48   |
|          |              or_ln123_15_fu_510              |    0    |    49   |
|          |              or_ln123_16_fu_521              |    0    |    49   |
|----------|----------------------------------------------|---------|---------|
|   icmp   |               icmp_ln125_fu_527              |    0    |    56   |
|----------|----------------------------------------------|---------|---------|
|    and   |               and_ln123_fu_516               |    0    |    49   |
|----------|----------------------------------------------|---------|---------|
|   read   | gameState_hexGame_player2_8_read_read_fu_112 |    0    |    0    |
|          |         connected_12_read_read_fu_118        |    0    |    0    |
|----------|----------------------------------------------|---------|---------|
|          |           write_ln112_write_fu_124           |    0    |    0    |
|   write  |           write_ln123_write_fu_131           |    0    |    0    |
|          |           write_ln123_write_fu_138           |    0    |    0    |
|----------|----------------------------------------------|---------|---------|
|          |              trunc_ln112_fu_153              |    0    |    0    |
|   trunc  |              trunc_ln123_fu_347              |    0    |    0    |
|          |             trunc_ln123_5_fu_460             |    0    |    0    |
|----------|----------------------------------------------|---------|---------|
|          |                 tmp_s_fu_158                 |    0    |    0    |
|          |                tmp_117_fu_168                |    0    |    0    |
|          |                tmp_118_fu_178                |    0    |    0    |
|          |                tmp_119_fu_188                |    0    |    0    |
|          |                tmp_120_fu_198                |    0    |    0    |
|          |                tmp_121_fu_208                |    0    |    0    |
|partselect|                tmp_122_fu_218                |    0    |    0    |
|          |                tmp_123_fu_228                |    0    |    0    |
|          |                tmp_124_fu_238                |    0    |    0    |
|          |                tmp_125_fu_248                |    0    |    0    |
|          |                tmp_126_fu_258                |    0    |    0    |
|          |                tmp_127_fu_268                |    0    |    0    |
|          |                tmp_128_fu_278                |    0    |    0    |
|          |                tmp_130_fu_312                |    0    |    0    |
|----------|----------------------------------------------|---------|---------|
|          |                tmp_129_fu_288                |    0    |    0    |
|          |               or_ln123_s_fu_337              |    0    |    0    |
|          |              shl_ln123_5_fu_351              |    0    |    0    |
|          |                 tmp15_fu_374                 |    0    |    0    |
|bitconcatenate|              and_ln123_s_fu_382              |    0    |    0    |
|          |                tmp_131_fu_408                |    0    |    0    |
|          |                 tmp18_fu_450                 |    0    |    0    |
|          |              and_ln123_1_fu_464              |    0    |    0    |
|          |                 tmp17_fu_502                 |    0    |    0    |
|----------|----------------------------------------------|---------|---------|
|          |                  tmp_fu_328                  |    0    |    0    |
| bitselect|                tmp_219_fu_365                |    0    |    0    |
|          |                tmp_220_fu_442                |    0    |    0    |
|----------|----------------------------------------------|---------|---------|
|   Total  |                                              |    0    |   381   |
|----------|----------------------------------------------|---------|---------|

Memories:
N/A

* Register list:
+----------------------------------------+--------+
|                                        |   FF   |
+----------------------------------------+--------+
|gameState_hexGame_player2_8_read_reg_545|   49   |
|              prev_reg_538              |   49   |
+----------------------------------------+--------+
|                  Total                 |   98   |
+----------------------------------------+--------+

* Multiplexer (MUX) list: 
|--------|------|------|------|--------|
|  Comp  |  Pin | Size |  BW  | S x BW |
|--------|------|------|------|--------|
|  Total |      |      |      |    0   |
|--------|------|------|------|--------|



* Summary:
+-----------+--------+--------+
|           |   FF   |   LUT  |
+-----------+--------+--------+
|  Function |    0   |   381  |
|   Memory  |    -   |    -   |
|Multiplexer|    -   |    -   |
|  Register |   98   |    -   |
+-----------+--------+--------+
|   Total   |   98   |   381  |
+-----------+--------+--------+
