

================================================================
== Vitis HLS Report for 'forward_Pipeline_VITIS_LOOP_114_1'
================================================================
* Date:           Thu Apr 23 22:10:18 2026

* Version:        2025.1 (Build 6135595 on May 21 2025)
* Project:        mcts.prj
* Solution:       solution1 (Vivado IP Flow Target)
* Product family: zynquplus
* Target device:  xck26-sfvc784-2LV-c


================================================================
== Performance Estimates
================================================================
+ Timing: 
    * Summary: 
    +--------+----------+----------+------------+
    |  Clock |  Target  | Estimated| Uncertainty|
    +--------+----------+----------+------------+
    |ap_clk  |  10.00 ns|  2.091 ns|     2.70 ns|
    +--------+----------+----------+------------+

+ Latency: 
    * Summary: 
    +---------+---------+----------+----------+-----+-----+------------------------------------------------+
    |  Latency (cycles) |  Latency (absolute) |  Interval |                    Pipeline                    |
    |   min   |   max   |    min   |    max   | min | max |                      Type                      |
    +---------+---------+----------+----------+-----+-----+------------------------------------------------+
    |        ?|        ?|         ?|         ?|    0|    0|  loop auto-rewind stp (delay=0 clock cycles(s))|
    +---------+---------+----------+----------+-----+-----+------------------------------------------------+

    + Detail: 
        * Instance: 
        N/A

        * Loop: 
        +--------------------+---------+---------+----------+-----------+-----------+------+----------+
        |                    |  Latency (cycles) | Iteration|  Initiation Interval  | Trip |          |
        |      Loop Name     |   min   |   max   |  Latency |  achieved |   target  | Count| Pipelined|
        +--------------------+---------+---------+----------+-----------+-----------+------+----------+
        |- VITIS_LOOP_114_1  |        ?|        ?|         1|          1|          1|     ?|       yes|
        +--------------------+---------+---------+----------+-----------+-----------+------+----------+

============================================================
+ Verbose Summary: Synthesis Manager
============================================================
InlineROM: 1
ExposeGlobal: 0
============================================================
+ Verbose Summary: CDFG Model
============================================================
IsTopModel: 0
ResetActiveHigh: 1
IsCombinational: 0
IsDatapathOnly: 0
HasWiredReturn: 1
HasMFsm: 2
HasVarLatency: 1
IsPipeline: 0
IsRtlPipelined: 0
IsInstanceOverlapped: 0
IsDontTouch: 0
HasImplIP: 0
IsGatedGlobalClock: 0

+ Individual pipeline summary: 
  * Pipeline-0: initiation interval (II) = 1, depth = 1


============================================================
+ Verbose Summary: Schedule
============================================================
* Number of FSM states : 1
* Pipeline : 1
  Pipeline-0 : II = 1, D = 1, States = { 1 }
* Dataflow Pipeline: 0

* FSM state transitions: 
1 --> 

* FSM state operations: 

State 1 <SV = 0> <Delay = 2.09>
ST_1 : Operation 4 [1/1] (0.00ns)   --->   "%gameState_hexGame_player1_7_read = read i49 @_ssdm_op_Read.ap_auto.i49, i49 %gameState_hexGame_player1_7"   --->   Operation 4 'read' 'gameState_hexGame_player1_7_read' <Predicate = true> <Delay = 0.00>
ST_1 : Operation 5 [1/1] (0.00ns)   --->   "%fill_9_read = read i49 @_ssdm_op_Read.ap_auto.i49, i49 %fill_9"   --->   Operation 5 'read' 'fill_9_read' <Predicate = true> <Delay = 0.00>
ST_1 : Operation 6 [1/1] (0.42ns)   --->   "%br_ln0 = br void %do.cond.i.i.i"   --->   Operation 6 'br' 'br_ln0' <Predicate = true> <Delay = 0.42>
ST_1 : Operation 7 [1/1] (0.00ns)   --->   "%prev = phi i49 %fill_9_read, void %newFuncRoot, i49 %or_ln123_28, void %do.cond.i.i.i" [./hex.h:123->./hex.h:76->GameState.cpp:30->MCTSSearcher.cpp:163]   --->   Operation 7 'phi' 'prev' <Predicate = true> <Delay = 0.00>
ST_1 : Operation 8 [1/1] (0.00ns)   --->   "%specpipeline_ln112 = specpipeline void @_ssdm_op_SpecPipeline, i32 4294967295, i32 0, i32 0, i32 0, void @empty_0" [./hex.h:112->./hex.h:76->GameState.cpp:30->MCTSSearcher.cpp:163]   --->   Operation 8 'specpipeline' 'specpipeline_ln112' <Predicate = true> <Delay = 0.00>
ST_1 : Operation 9 [1/1] (0.00ns)   --->   "%specloopname_ln114 = specloopname void @_ssdm_op_SpecLoopName, void @empty_6" [./hex.h:114->./hex.h:76->GameState.cpp:30->MCTSSearcher.cpp:163]   --->   Operation 9 'specloopname' 'specloopname_ln114' <Predicate = true> <Delay = 0.00>
ST_1 : Operation 10 [1/1] (0.00ns)   --->   "%tmp_s = partselect i6 @_ssdm_op_PartSelect.i6.i49.i32.i32, i49 %prev, i32 36, i32 41" [./hex.h:121->./hex.h:76->GameState.cpp:30->MCTSSearcher.cpp:163]   --->   Operation 10 'partselect' 'tmp_s' <Predicate = true> <Delay = 0.00>
ST_1 : Operation 11 [1/1] (0.00ns)   --->   "%tmp_162 = partselect i6 @_ssdm_op_PartSelect.i6.i49.i32.i32, i49 %prev, i32 29, i32 34" [./hex.h:121->./hex.h:76->GameState.cpp:30->MCTSSearcher.cpp:163]   --->   Operation 11 'partselect' 'tmp_162' <Predicate = true> <Delay = 0.00>
ST_1 : Operation 12 [1/1] (0.00ns)   --->   "%tmp_163 = partselect i6 @_ssdm_op_PartSelect.i6.i49.i32.i32, i49 %prev, i32 22, i32 27" [./hex.h:121->./hex.h:76->GameState.cpp:30->MCTSSearcher.cpp:163]   --->   Operation 12 'partselect' 'tmp_163' <Predicate = true> <Delay = 0.00>
ST_1 : Operation 13 [1/1] (0.00ns)   --->   "%tmp_164 = partselect i6 @_ssdm_op_PartSelect.i6.i49.i32.i32, i49 %prev, i32 15, i32 20" [./hex.h:121->./hex.h:76->GameState.cpp:30->MCTSSearcher.cpp:163]   --->   Operation 13 'partselect' 'tmp_164' <Predicate = true> <Delay = 0.00>
ST_1 : Operation 14 [1/1] (0.00ns)   --->   "%tmp_165 = partselect i6 @_ssdm_op_PartSelect.i6.i49.i32.i32, i49 %prev, i32 8, i32 13" [./hex.h:121->./hex.h:76->GameState.cpp:30->MCTSSearcher.cpp:163]   --->   Operation 14 'partselect' 'tmp_165' <Predicate = true> <Delay = 0.00>
ST_1 : Operation 15 [1/1] (0.00ns)   --->   "%tmp_166 = partselect i6 @_ssdm_op_PartSelect.i6.i49.i32.i32, i49 %prev, i32 1, i32 6" [./hex.h:121->./hex.h:76->GameState.cpp:30->MCTSSearcher.cpp:163]   --->   Operation 15 'partselect' 'tmp_166' <Predicate = true> <Delay = 0.00>
ST_1 : Operation 16 [1/1] (0.00ns)   --->   "%tmp_167 = partselect i6 @_ssdm_op_PartSelect.i6.i49.i32.i32, i49 %prev, i32 35, i32 40" [./hex.h:123->./hex.h:76->GameState.cpp:30->MCTSSearcher.cpp:163]   --->   Operation 16 'partselect' 'tmp_167' <Predicate = true> <Delay = 0.00>
ST_1 : Operation 17 [1/1] (0.00ns)   --->   "%tmp_168 = partselect i6 @_ssdm_op_PartSelect.i6.i49.i32.i32, i49 %prev, i32 28, i32 33" [./hex.h:123->./hex.h:76->GameState.cpp:30->MCTSSearcher.cpp:163]   --->   Operation 17 'partselect' 'tmp_168' <Predicate = true> <Delay = 0.00>
ST_1 : Operation 18 [1/1] (0.00ns)   --->   "%tmp_169 = partselect i6 @_ssdm_op_PartSelect.i6.i49.i32.i32, i49 %prev, i32 21, i32 26" [./hex.h:123->./hex.h:76->GameState.cpp:30->MCTSSearcher.cpp:163]   --->   Operation 18 'partselect' 'tmp_169' <Predicate = true> <Delay = 0.00>
ST_1 : Operation 19 [1/1] (0.00ns)   --->   "%tmp_170 = partselect i6 @_ssdm_op_PartSelect.i6.i49.i32.i32, i49 %prev, i32 14, i32 19" [./hex.h:123->./hex.h:76->GameState.cpp:30->MCTSSearcher.cpp:163]   --->   Operation 19 'partselect' 'tmp_170' <Predicate = true> <Delay = 0.00>
ST_1 : Operation 20 [1/1] (0.00ns)   --->   "%tmp_171 = partselect i6 @_ssdm_op_PartSelect.i6.i49.i32.i32, i49 %prev, i32 7, i32 12" [./hex.h:123->./hex.h:76->GameState.cpp:30->MCTSSearcher.cpp:163]   --->   Operation 20 'partselect' 'tmp_171' <Predicate = true> <Delay = 0.00>
ST_1 : Operation 21 [1/1] (0.00ns)   --->   "%tmp_172 = partselect i5 @_ssdm_op_PartSelect.i5.i49.i32.i32, i49 %prev, i32 42, i32 46" [./hex.h:123->./hex.h:76->GameState.cpp:30->MCTSSearcher.cpp:163]   --->   Operation 21 'partselect' 'tmp_172' <Predicate = true> <Delay = 0.00>
ST_1 : Operation 22 [1/1] (0.00ns) (grouped into LUT with out node or_ln123_27)   --->   "%tmp_173 = partselect i6 @_ssdm_op_PartSelect.i6.i49.i32.i32, i49 %prev, i32 43, i32 48" [./hex.h:123->./hex.h:76->GameState.cpp:30->MCTSSearcher.cpp:163]   --->   Operation 22 'partselect' 'tmp_173' <Predicate = true> <Delay = 0.00>
ST_1 : Operation 23 [1/1] (0.00ns) (grouped into LUT with out node or_ln123_27)   --->   "%tmp_174 = bitconcatenate i41 @_ssdm_op_BitConcatenate.i41.i6.i1.i6.i1.i6.i1.i6.i1.i6.i7, i6 %tmp_162, i1 0, i6 %tmp_163, i1 0, i6 %tmp_164, i1 0, i6 %tmp_165, i1 0, i6 %tmp_166, i7 0" [./hex.h:123->./hex.h:76->GameState.cpp:30->MCTSSearcher.cpp:163]   --->   Operation 23 'bitconcatenate' 'tmp_174' <Predicate = true> <Delay = 0.00>
ST_1 : Operation 24 [1/1] (0.00ns) (grouped into LUT with out node or_ln123_27)   --->   "%tmp_175 = partselect i41 @_ssdm_op_PartSelect.i41.i49.i32.i32, i49 %prev, i32 7, i32 47" [./hex.h:123->./hex.h:76->GameState.cpp:30->MCTSSearcher.cpp:163]   --->   Operation 24 'partselect' 'tmp_175' <Predicate = true> <Delay = 0.00>
ST_1 : Operation 25 [1/1] (0.00ns) (grouped into LUT with out node or_ln123_27)   --->   "%or_ln123_29 = or i41 %tmp_175, i41 %tmp_174" [./hex.h:123->./hex.h:76->GameState.cpp:30->MCTSSearcher.cpp:163]   --->   Operation 25 'or' 'or_ln123_29' <Predicate = true> <Delay = 0.00> <CoreInst = "LogicGate">   --->   Core 74 'LogicGate' <Latency = 0> <II = 1> <Delay = 0.35> <FuncUnit> <Opcode : 'and' 'or' 'xor'> <InPorts = 2> <OutPorts = 1>
ST_1 : Operation 26 [1/1] (0.00ns) (grouped into LUT with out node or_ln123_27)   --->   "%tmp = bitselect i1 @_ssdm_op_BitSelect.i1.i49.i32, i49 %prev, i32 48" [./hex.h:123->./hex.h:76->GameState.cpp:30->MCTSSearcher.cpp:163]   --->   Operation 26 'bitselect' 'tmp' <Predicate = true> <Delay = 0.00>
ST_1 : Operation 27 [1/1] (0.00ns) (grouped into LUT with out node or_ln123_27)   --->   "%or_ln = bitconcatenate i48 @_ssdm_op_BitConcatenate.i48.i6.i1.i41, i6 %tmp_s, i1 %tmp, i41 %or_ln123_29" [./hex.h:123->./hex.h:76->GameState.cpp:30->MCTSSearcher.cpp:163]   --->   Operation 27 'bitconcatenate' 'or_ln' <Predicate = true> <Delay = 0.00>
ST_1 : Operation 28 [1/1] (0.00ns) (grouped into LUT with out node or_ln123_27)   --->   "%trunc_ln123 = trunc i49 %prev" [./hex.h:123->./hex.h:76->GameState.cpp:30->MCTSSearcher.cpp:163]   --->   Operation 28 'trunc' 'trunc_ln123' <Predicate = true> <Delay = 0.00>
ST_1 : Operation 29 [1/1] (0.00ns) (grouped into LUT with out node or_ln123_27)   --->   "%shl_ln5 = bitconcatenate i48 @_ssdm_op_BitConcatenate.i48.i41.i7, i41 %trunc_ln123, i7 0" [./hex.h:123->./hex.h:76->GameState.cpp:30->MCTSSearcher.cpp:163]   --->   Operation 29 'bitconcatenate' 'shl_ln5' <Predicate = true> <Delay = 0.00>
ST_1 : Operation 30 [1/1] (0.00ns) (grouped into LUT with out node or_ln123_27)   --->   "%or_ln123_24 = or i48 %shl_ln5, i48 %or_ln" [./hex.h:123->./hex.h:76->GameState.cpp:30->MCTSSearcher.cpp:163]   --->   Operation 30 'or' 'or_ln123_24' <Predicate = true> <Delay = 0.00> <CoreInst = "LogicGate">   --->   Core 74 'LogicGate' <Latency = 0> <II = 1> <Delay = 0.18> <FuncUnit> <Opcode : 'and' 'or' 'xor'> <InPorts = 2> <OutPorts = 1>
ST_1 : Operation 31 [1/1] (0.00ns) (grouped into LUT with out node or_ln123_27)   --->   "%tmp_225 = bitselect i1 @_ssdm_op_BitSelect.i1.i49.i32, i49 %prev, i32 41" [./hex.h:123->./hex.h:76->GameState.cpp:30->MCTSSearcher.cpp:163]   --->   Operation 31 'bitselect' 'tmp_225' <Predicate = true> <Delay = 0.00>
ST_1 : Operation 32 [1/1] (0.00ns) (grouped into LUT with out node or_ln123_27)   --->   "%tmp1 = bitconcatenate i49 @_ssdm_op_BitConcatenate.i49.i1.i48, i1 %tmp_225, i48 %or_ln123_24" [./hex.h:123->./hex.h:76->GameState.cpp:30->MCTSSearcher.cpp:163]   --->   Operation 32 'bitconcatenate' 'tmp1' <Predicate = true> <Delay = 0.00>
ST_1 : Operation 33 [1/1] (0.00ns) (grouped into LUT with out node or_ln123_27)   --->   "%and_ln123_s = bitconcatenate i41 @_ssdm_op_BitConcatenate.i41.i6.i1.i6.i1.i6.i1.i6.i1.i6.i1.i6, i6 %tmp_s, i1 0, i6 %tmp_162, i1 0, i6 %tmp_163, i1 0, i6 %tmp_164, i1 0, i6 %tmp_165, i1 0, i6 %tmp_166" [./hex.h:123->./hex.h:76->GameState.cpp:30->MCTSSearcher.cpp:163]   --->   Operation 33 'bitconcatenate' 'and_ln123_s' <Predicate = true> <Delay = 0.00>
ST_1 : Operation 34 [1/1] (0.00ns) (grouped into LUT with out node or_ln123_27)   --->   "%tmp_176 = bitconcatenate i41 @_ssdm_op_BitConcatenate.i41.i5.i1.i6.i1.i6.i1.i6.i1.i6.i1.i6.i1, i5 %tmp_172, i1 0, i6 %tmp_167, i1 0, i6 %tmp_168, i1 0, i6 %tmp_169, i1 0, i6 %tmp_170, i1 0, i6 %tmp_171, i1 0" [./hex.h:123->./hex.h:76->GameState.cpp:30->MCTSSearcher.cpp:163]   --->   Operation 34 'bitconcatenate' 'tmp_176' <Predicate = true> <Delay = 0.00>
ST_1 : Operation 35 [1/1] (0.00ns) (grouped into LUT with out node or_ln123_27)   --->   "%or_ln123 = or i41 %tmp_176, i41 %and_ln123_s" [./hex.h:123->./hex.h:76->GameState.cpp:30->MCTSSearcher.cpp:163]   --->   Operation 35 'or' 'or_ln123' <Predicate = true> <Delay = 0.00> <CoreInst = "LogicGate">   --->   Core 74 'LogicGate' <Latency = 0> <II = 1> <Delay = 0.35> <FuncUnit> <Opcode : 'and' 'or' 'xor'> <InPorts = 2> <OutPorts = 1>
ST_1 : Operation 36 [1/1] (0.00ns)   --->   "%tmp_226 = bitselect i1 @_ssdm_op_BitSelect.i1.i49.i32, i49 %prev, i32 47" [./hex.h:123->./hex.h:76->GameState.cpp:30->MCTSSearcher.cpp:163]   --->   Operation 36 'bitselect' 'tmp_226' <Predicate = true> <Delay = 0.00>
ST_1 : Operation 37 [1/1] (0.00ns) (grouped into LUT with out node or_ln123_27)   --->   "%tmp4 = bitconcatenate i48 @_ssdm_op_BitConcatenate.i48.i6.i1.i41, i6 %tmp_173, i1 %tmp_226, i41 %or_ln123" [./hex.h:123->./hex.h:76->GameState.cpp:30->MCTSSearcher.cpp:163]   --->   Operation 37 'bitconcatenate' 'tmp4' <Predicate = true> <Delay = 0.00>
ST_1 : Operation 38 [1/1] (0.00ns) (grouped into LUT with out node or_ln123_27)   --->   "%trunc_ln123_8 = trunc i49 %prev" [./hex.h:123->./hex.h:76->GameState.cpp:30->MCTSSearcher.cpp:163]   --->   Operation 38 'trunc' 'trunc_ln123_8' <Predicate = true> <Delay = 0.00>
ST_1 : Operation 39 [1/1] (0.00ns) (grouped into LUT with out node or_ln123_27)   --->   "%and_ln123_4 = bitconcatenate i48 @_ssdm_op_BitConcatenate.i48.i5.i1.i6.i1.i6.i1.i6.i1.i6.i1.i6.i1.i6.i1, i5 %tmp_172, i1 0, i6 %tmp_167, i1 0, i6 %tmp_168, i1 0, i6 %tmp_169, i1 0, i6 %tmp_170, i1 0, i6 %tmp_171, i1 0, i6 %trunc_ln123_8, i1 0" [./hex.h:123->./hex.h:76->GameState.cpp:30->MCTSSearcher.cpp:163]   --->   Operation 39 'bitconcatenate' 'and_ln123_4' <Predicate = true> <Delay = 0.00>
ST_1 : Operation 40 [1/1] (0.00ns) (grouped into LUT with out node or_ln123_27)   --->   "%or_ln123_26 = or i48 %and_ln123_4, i48 %tmp4" [./hex.h:123->./hex.h:76->GameState.cpp:30->MCTSSearcher.cpp:163]   --->   Operation 40 'or' 'or_ln123_26' <Predicate = true> <Delay = 0.00> <CoreInst = "LogicGate">   --->   Core 74 'LogicGate' <Latency = 0> <II = 1> <Delay = 0.18> <FuncUnit> <Opcode : 'and' 'or' 'xor'> <InPorts = 2> <OutPorts = 1>
ST_1 : Operation 41 [1/1] (0.00ns) (grouped into LUT with out node or_ln123_27)   --->   "%tmp3 = bitconcatenate i49 @_ssdm_op_BitConcatenate.i49.i1.i48, i1 %tmp_226, i48 %or_ln123_26" [./hex.h:123->./hex.h:76->GameState.cpp:30->MCTSSearcher.cpp:163]   --->   Operation 41 'bitconcatenate' 'tmp3' <Predicate = true> <Delay = 0.00>
ST_1 : Operation 42 [1/1] (0.35ns) (out node of the LUT)   --->   "%or_ln123_27 = or i49 %tmp3, i49 %tmp1" [./hex.h:123->./hex.h:76->GameState.cpp:30->MCTSSearcher.cpp:163]   --->   Operation 42 'or' 'or_ln123_27' <Predicate = true> <Delay = 0.35> <CoreInst = "LogicGate">   --->   Core 74 'LogicGate' <Latency = 0> <II = 1> <Delay = 0.21> <FuncUnit> <Opcode : 'and' 'or' 'xor'> <InPorts = 2> <OutPorts = 1>
ST_1 : Operation 43 [1/1] (0.00ns) (grouped into LUT with out node or_ln123_28)   --->   "%and_ln123 = and i49 %or_ln123_27, i49 %gameState_hexGame_player1_7_read" [./hex.h:123->./hex.h:76->GameState.cpp:30->MCTSSearcher.cpp:163]   --->   Operation 43 'and' 'and_ln123' <Predicate = true> <Delay = 0.00> <CoreInst = "LogicGate">   --->   Core 74 'LogicGate' <Latency = 0> <II = 1> <Delay = 0.21> <FuncUnit> <Opcode : 'and' 'or' 'xor'> <InPorts = 2> <OutPorts = 1>
ST_1 : Operation 44 [1/1] (0.21ns) (out node of the LUT)   --->   "%or_ln123_28 = or i49 %and_ln123, i49 %prev" [./hex.h:123->./hex.h:76->GameState.cpp:30->MCTSSearcher.cpp:163]   --->   Operation 44 'or' 'or_ln123_28' <Predicate = true> <Delay = 0.21> <CoreInst = "LogicGate">   --->   Core 74 'LogicGate' <Latency = 0> <II = 1> <Delay = 0.21> <FuncUnit> <Opcode : 'and' 'or' 'xor'> <InPorts = 2> <OutPorts = 1>
ST_1 : Operation 45 [1/1] (1.09ns)   --->   "%icmp_ln125 = icmp_eq  i49 %or_ln123_28, i49 %prev" [./hex.h:125->./hex.h:76->GameState.cpp:30->MCTSSearcher.cpp:163]   --->   Operation 45 'icmp' 'icmp_ln125' <Predicate = true> <Delay = 1.09> <CoreInst = "Cmp">   --->   Core 9 'Cmp' <Latency = 0> <II = 1> <Delay = 1.09> <FuncUnit> <Opcode : 'seteq' 'setne' 'setle' 'setge' 'setlt' 'setgt'> <InPorts = 2> <OutPorts = 1>
ST_1 : Operation 46 [1/1] (0.00ns)   --->   "%br_ln125 = br i1 %icmp_ln125, void %do.cond.i.i.i, void %_ZN9GameState10isTerminalEv.98.105.136.155.183.exit.exitStub" [./hex.h:125->./hex.h:76->GameState.cpp:30->MCTSSearcher.cpp:163]   --->   Operation 46 'br' 'br_ln125' <Predicate = true> <Delay = 0.00>
ST_1 : Operation 47 [1/1] (0.00ns)   --->   "%write_ln123 = write void @_ssdm_op_Write.ap_auto.i49P0A, i49 %prev_out, i49 %prev" [./hex.h:123->./hex.h:76->GameState.cpp:30->MCTSSearcher.cpp:163]   --->   Operation 47 'write' 'write_ln123' <Predicate = (icmp_ln125)> <Delay = 0.00>
ST_1 : Operation 48 [1/1] (0.42ns)   --->   "%ret_ln0 = ret"   --->   Operation 48 'ret' 'ret_ln0' <Predicate = (icmp_ln125)> <Delay = 0.42>


============================================================
+ Verbose Summary: Timing violations
============================================================
Target clock period: 10.000ns, clock uncertainty: 2.700ns.

 <State 1>: 2.091ns
The critical path consists of the following:
	multiplexor before 'phi' operation 49 bit ('prev', ./hex.h:123->./hex.h:76->GameState.cpp:30->MCTSSearcher.cpp:163) with incoming values : ('fill_9_read') ('or_ln123_28', ./hex.h:123->./hex.h:76->GameState.cpp:30->MCTSSearcher.cpp:163) [8]  (0.427 ns)
	'phi' operation 49 bit ('prev', ./hex.h:123->./hex.h:76->GameState.cpp:30->MCTSSearcher.cpp:163) with incoming values : ('fill_9_read') ('or_ln123_28', ./hex.h:123->./hex.h:76->GameState.cpp:30->MCTSSearcher.cpp:163) [8]  (0.000 ns)
	'or' operation 48 bit ('or_ln123_26', ./hex.h:123->./hex.h:76->GameState.cpp:30->MCTSSearcher.cpp:163) [41]  (0.000 ns)
	'or' operation 49 bit ('or_ln123_27', ./hex.h:123->./hex.h:76->GameState.cpp:30->MCTSSearcher.cpp:163) [43]  (0.355 ns)
	'and' operation 49 bit ('and_ln123', ./hex.h:123->./hex.h:76->GameState.cpp:30->MCTSSearcher.cpp:163) [44]  (0.000 ns)
	'or' operation 49 bit ('or_ln123_28', ./hex.h:123->./hex.h:76->GameState.cpp:30->MCTSSearcher.cpp:163) [45]  (0.212 ns)
	'icmp' operation 1 bit ('icmp_ln125', ./hex.h:125->./hex.h:76->GameState.cpp:30->MCTSSearcher.cpp:163) [46]  (1.097 ns)


============================================================
+ Verbose Summary: Binding
============================================================
N/A
* FSMD analyzer results:
  - Output states:
 - Input state : 
  - Chain level:
	State 1


============================================================
+ Verbose Summary: Datapath Resource usage 
============================================================
N/A
