

================================================================
== Vitis HLS Report for 'forward_Pipeline_VITIS_LOOP_114_16'
================================================================
* Date:           Thu Apr 23 22:10:19 2026

* Version:        2025.1 (Build 6135595 on May 21 2025)
* Project:        mcts.prj
* Solution:       solution1 (Vivado IP Flow Target)
* Product family: zynquplus
* Target device:  xck26-sfvc784-2LV-c


================================================================
== Performance Estimates
================================================================
+ Timing: 
    * Summary: 
    +--------+----------+----------+------------+
    |  Clock |  Target  | Estimated| Uncertainty|
    +--------+----------+----------+------------+
    |ap_clk  |  10.00 ns|  1.664 ns|     2.70 ns|
    +--------+----------+----------+------------+

+ Latency: 
    * Summary: 
    +---------+---------+----------+----------+-----+-----+------------------------------------------------+
    |  Latency (cycles) |  Latency (absolute) |  Interval |                    Pipeline                    |
    |   min   |   max   |    min   |    max   | min | max |                      Type                      |
    +---------+---------+----------+----------+-----+-----+------------------------------------------------+
    |        ?|        ?|         ?|         ?|    0|    0|  loop auto-rewind stp (delay=0 clock cycles(s))|
    +---------+---------+----------+----------+-----+-----+------------------------------------------------+

    + Detail: 
        * Instance: 
        N/A

        * Loop: 
        +--------------------+---------+---------+----------+-----------+-----------+------+----------+
        |                    |  Latency (cycles) | Iteration|  Initiation Interval  | Trip |          |
        |      Loop Name     |   min   |   max   |  Latency |  achieved |   target  | Count| Pipelined|
        +--------------------+---------+---------+----------+-----------+-----------+------+----------+
        |- VITIS_LOOP_114_1  |        ?|        ?|         1|          1|          1|     ?|       yes|
        +--------------------+---------+---------+----------+-----------+-----------+------+----------+

============================================================
+ Verbose Summary: Synthesis Manager
============================================================
InlineROM: 1
ExposeGlobal: 0
============================================================
+ Verbose Summary: CDFG Model
============================================================
IsTopModel: 0
ResetActiveHigh: 1
IsCombinational: 0
IsDatapathOnly: 0
HasWiredReturn: 1
HasMFsm: 2
HasVarLatency: 1
IsPipeline: 0
IsRtlPipelined: 0
IsInstanceOverlapped: 0
IsDontTouch: 0
HasImplIP: 0
IsGatedGlobalClock: 0

+ Individual pipeline summary: 
  * Pipeline-0: initiation interval (II) = 1, depth = 2


============================================================
+ Verbose Summary: Schedule
============================================================
* Number of FSM states : 2
* Pipeline : 1
  Pipeline-0 : II = 1, D = 2, States = { 1 2 }
* Dataflow Pipeline: 0

* FSM state transitions: 
1 --> 2 
2 --> 

* FSM state operations: 

State 1 <SV = 0> <Delay = 0.42>
ST_1 : Operation 4 [1/1] (0.00ns)   --->   "%prev = alloca i32 1" [./hex.h:112->./hex.h:79->GameState.cpp:30->GameState.cpp:34->MCTSSearcher.cpp:175]   --->   Operation 4 'alloca' 'prev' <Predicate = true> <Delay = 0.00>
ST_1 : Operation 5 [1/1] (0.00ns)   --->   "%gameState_hexGame_player2_8_read = read i49 @_ssdm_op_Read.ap_auto.i49, i49 %gameState_hexGame_player2_8"   --->   Operation 5 'read' 'gameState_hexGame_player2_8_read' <Predicate = true> <Delay = 0.00>
ST_1 : Operation 6 [1/1] (0.00ns)   --->   "%connected_12_read = read i49 @_ssdm_op_Read.ap_auto.i49, i49 %connected_12"   --->   Operation 6 'read' 'connected_12_read' <Predicate = true> <Delay = 0.00>
ST_1 : Operation 7 [1/1] (0.42ns)   --->   "%store_ln112 = store i49 %connected_12_read, i49 %prev" [./hex.h:112->./hex.h:79->GameState.cpp:30->GameState.cpp:34->MCTSSearcher.cpp:175]   --->   Operation 7 'store' 'store_ln112' <Predicate = true> <Delay = 0.42>
ST_1 : Operation 8 [1/1] (0.00ns)   --->   "%br_ln0 = br void %do.cond.i20.i.i.i"   --->   Operation 8 'br' 'br_ln0' <Predicate = true> <Delay = 0.00>

State 2 <SV = 1> <Delay = 1.66>
ST_2 : Operation 9 [1/1] (0.00ns)   --->   "%prev_3 = load i49 %prev" [./hex.h:123->./hex.h:79->GameState.cpp:30->GameState.cpp:34->MCTSSearcher.cpp:175]   --->   Operation 9 'load' 'prev_3' <Predicate = true> <Delay = 0.00>
ST_2 : Operation 10 [1/1] (0.00ns)   --->   "%trunc_ln112 = trunc i49 %prev_3" [./hex.h:112->./hex.h:79->GameState.cpp:30->GameState.cpp:34->MCTSSearcher.cpp:175]   --->   Operation 10 'trunc' 'trunc_ln112' <Predicate = true> <Delay = 0.00>
ST_2 : Operation 11 [1/1] (0.00ns)   --->   "%specpipeline_ln112 = specpipeline void @_ssdm_op_SpecPipeline, i32 4294967295, i32 0, i32 0, i32 0, void @empty_0" [./hex.h:112->./hex.h:79->GameState.cpp:30->GameState.cpp:34->MCTSSearcher.cpp:175]   --->   Operation 11 'specpipeline' 'specpipeline_ln112' <Predicate = true> <Delay = 0.00>
ST_2 : Operation 12 [1/1] (0.00ns)   --->   "%specloopname_ln114 = specloopname void @_ssdm_op_SpecLoopName, void @empty_6" [./hex.h:114->./hex.h:79->GameState.cpp:30->GameState.cpp:34->MCTSSearcher.cpp:175]   --->   Operation 12 'specloopname' 'specloopname_ln114' <Predicate = true> <Delay = 0.00>
ST_2 : Operation 13 [1/1] (0.00ns)   --->   "%tmp_s = partselect i6 @_ssdm_op_PartSelect.i6.i49.i32.i32, i49 %prev_3, i32 36, i32 41" [./hex.h:121->./hex.h:79->GameState.cpp:30->GameState.cpp:34->MCTSSearcher.cpp:175]   --->   Operation 13 'partselect' 'tmp_s' <Predicate = true> <Delay = 0.00>
ST_2 : Operation 14 [1/1] (0.00ns)   --->   "%tmp_117 = partselect i6 @_ssdm_op_PartSelect.i6.i49.i32.i32, i49 %prev_3, i32 29, i32 34" [./hex.h:121->./hex.h:79->GameState.cpp:30->GameState.cpp:34->MCTSSearcher.cpp:175]   --->   Operation 14 'partselect' 'tmp_117' <Predicate = true> <Delay = 0.00>
ST_2 : Operation 15 [1/1] (0.00ns)   --->   "%tmp_118 = partselect i6 @_ssdm_op_PartSelect.i6.i49.i32.i32, i49 %prev_3, i32 22, i32 27" [./hex.h:121->./hex.h:79->GameState.cpp:30->GameState.cpp:34->MCTSSearcher.cpp:175]   --->   Operation 15 'partselect' 'tmp_118' <Predicate = true> <Delay = 0.00>
ST_2 : Operation 16 [1/1] (0.00ns)   --->   "%tmp_119 = partselect i6 @_ssdm_op_PartSelect.i6.i49.i32.i32, i49 %prev_3, i32 15, i32 20" [./hex.h:121->./hex.h:79->GameState.cpp:30->GameState.cpp:34->MCTSSearcher.cpp:175]   --->   Operation 16 'partselect' 'tmp_119' <Predicate = true> <Delay = 0.00>
ST_2 : Operation 17 [1/1] (0.00ns)   --->   "%tmp_120 = partselect i6 @_ssdm_op_PartSelect.i6.i49.i32.i32, i49 %prev_3, i32 8, i32 13" [./hex.h:121->./hex.h:79->GameState.cpp:30->GameState.cpp:34->MCTSSearcher.cpp:175]   --->   Operation 17 'partselect' 'tmp_120' <Predicate = true> <Delay = 0.00>
ST_2 : Operation 18 [1/1] (0.00ns)   --->   "%tmp_121 = partselect i6 @_ssdm_op_PartSelect.i6.i49.i32.i32, i49 %prev_3, i32 1, i32 6" [./hex.h:121->./hex.h:79->GameState.cpp:30->GameState.cpp:34->MCTSSearcher.cpp:175]   --->   Operation 18 'partselect' 'tmp_121' <Predicate = true> <Delay = 0.00>
ST_2 : Operation 19 [1/1] (0.00ns)   --->   "%tmp_122 = partselect i6 @_ssdm_op_PartSelect.i6.i49.i32.i32, i49 %prev_3, i32 35, i32 40" [./hex.h:123->./hex.h:79->GameState.cpp:30->GameState.cpp:34->MCTSSearcher.cpp:175]   --->   Operation 19 'partselect' 'tmp_122' <Predicate = true> <Delay = 0.00>
ST_2 : Operation 20 [1/1] (0.00ns)   --->   "%tmp_123 = partselect i6 @_ssdm_op_PartSelect.i6.i49.i32.i32, i49 %prev_3, i32 28, i32 33" [./hex.h:123->./hex.h:79->GameState.cpp:30->GameState.cpp:34->MCTSSearcher.cpp:175]   --->   Operation 20 'partselect' 'tmp_123' <Predicate = true> <Delay = 0.00>
ST_2 : Operation 21 [1/1] (0.00ns)   --->   "%tmp_124 = partselect i6 @_ssdm_op_PartSelect.i6.i49.i32.i32, i49 %prev_3, i32 21, i32 26" [./hex.h:123->./hex.h:79->GameState.cpp:30->GameState.cpp:34->MCTSSearcher.cpp:175]   --->   Operation 21 'partselect' 'tmp_124' <Predicate = true> <Delay = 0.00>
ST_2 : Operation 22 [1/1] (0.00ns)   --->   "%tmp_125 = partselect i6 @_ssdm_op_PartSelect.i6.i49.i32.i32, i49 %prev_3, i32 14, i32 19" [./hex.h:123->./hex.h:79->GameState.cpp:30->GameState.cpp:34->MCTSSearcher.cpp:175]   --->   Operation 22 'partselect' 'tmp_125' <Predicate = true> <Delay = 0.00>
ST_2 : Operation 23 [1/1] (0.00ns)   --->   "%tmp_126 = partselect i6 @_ssdm_op_PartSelect.i6.i49.i32.i32, i49 %prev_3, i32 7, i32 12" [./hex.h:123->./hex.h:79->GameState.cpp:30->GameState.cpp:34->MCTSSearcher.cpp:175]   --->   Operation 23 'partselect' 'tmp_126' <Predicate = true> <Delay = 0.00>
ST_2 : Operation 24 [1/1] (0.00ns)   --->   "%tmp_127 = partselect i5 @_ssdm_op_PartSelect.i5.i49.i32.i32, i49 %prev_3, i32 42, i32 46" [./hex.h:123->./hex.h:79->GameState.cpp:30->GameState.cpp:34->MCTSSearcher.cpp:175]   --->   Operation 24 'partselect' 'tmp_127' <Predicate = true> <Delay = 0.00>
ST_2 : Operation 25 [1/1] (0.00ns) (grouped into LUT with out node or_ln123_15)   --->   "%tmp_128 = partselect i6 @_ssdm_op_PartSelect.i6.i49.i32.i32, i49 %prev_3, i32 43, i32 48" [./hex.h:123->./hex.h:79->GameState.cpp:30->GameState.cpp:34->MCTSSearcher.cpp:175]   --->   Operation 25 'partselect' 'tmp_128' <Predicate = true> <Delay = 0.00>
ST_2 : Operation 26 [1/1] (0.00ns) (grouped into LUT with out node or_ln123_15)   --->   "%tmp_129 = bitconcatenate i41 @_ssdm_op_BitConcatenate.i41.i6.i1.i6.i1.i6.i1.i6.i1.i6.i7, i6 %tmp_117, i1 0, i6 %tmp_118, i1 0, i6 %tmp_119, i1 0, i6 %tmp_120, i1 0, i6 %tmp_121, i7 0" [./hex.h:123->./hex.h:79->GameState.cpp:30->GameState.cpp:34->MCTSSearcher.cpp:175]   --->   Operation 26 'bitconcatenate' 'tmp_129' <Predicate = true> <Delay = 0.00>
ST_2 : Operation 27 [1/1] (0.00ns) (grouped into LUT with out node or_ln123_15)   --->   "%tmp_130 = partselect i41 @_ssdm_op_PartSelect.i41.i49.i32.i32, i49 %prev_3, i32 7, i32 47" [./hex.h:123->./hex.h:79->GameState.cpp:30->GameState.cpp:34->MCTSSearcher.cpp:175]   --->   Operation 27 'partselect' 'tmp_130' <Predicate = true> <Delay = 0.00>
ST_2 : Operation 28 [1/1] (0.00ns) (grouped into LUT with out node or_ln123_15)   --->   "%or_ln123 = or i41 %tmp_130, i41 %tmp_129" [./hex.h:123->./hex.h:79->GameState.cpp:30->GameState.cpp:34->MCTSSearcher.cpp:175]   --->   Operation 28 'or' 'or_ln123' <Predicate = true> <Delay = 0.00> <CoreInst = "LogicGate">   --->   Core 74 'LogicGate' <Latency = 0> <II = 1> <Delay = 0.35> <FuncUnit> <Opcode : 'and' 'or' 'xor'> <InPorts = 2> <OutPorts = 1>
ST_2 : Operation 29 [1/1] (0.00ns)   --->   "%tmp = bitselect i1 @_ssdm_op_BitSelect.i1.i49.i32, i49 %prev_3, i32 48" [./hex.h:123->./hex.h:79->GameState.cpp:30->GameState.cpp:34->MCTSSearcher.cpp:175]   --->   Operation 29 'bitselect' 'tmp' <Predicate = true> <Delay = 0.00>
ST_2 : Operation 30 [1/1] (0.00ns) (grouped into LUT with out node or_ln123_15)   --->   "%or_ln123_s = bitconcatenate i48 @_ssdm_op_BitConcatenate.i48.i6.i1.i41, i6 %tmp_s, i1 %tmp, i41 %or_ln123" [./hex.h:123->./hex.h:79->GameState.cpp:30->GameState.cpp:34->MCTSSearcher.cpp:175]   --->   Operation 30 'bitconcatenate' 'or_ln123_s' <Predicate = true> <Delay = 0.00>
ST_2 : Operation 31 [1/1] (0.00ns) (grouped into LUT with out node or_ln123_15)   --->   "%trunc_ln123 = trunc i49 %prev_3" [./hex.h:123->./hex.h:79->GameState.cpp:30->GameState.cpp:34->MCTSSearcher.cpp:175]   --->   Operation 31 'trunc' 'trunc_ln123' <Predicate = true> <Delay = 0.00>
ST_2 : Operation 32 [1/1] (0.00ns) (grouped into LUT with out node or_ln123_15)   --->   "%shl_ln123_5 = bitconcatenate i48 @_ssdm_op_BitConcatenate.i48.i41.i7, i41 %trunc_ln123, i7 0" [./hex.h:123->./hex.h:79->GameState.cpp:30->GameState.cpp:34->MCTSSearcher.cpp:175]   --->   Operation 32 'bitconcatenate' 'shl_ln123_5' <Predicate = true> <Delay = 0.00>
ST_2 : Operation 33 [1/1] (0.00ns) (grouped into LUT with out node or_ln123_15)   --->   "%or_ln123_12 = or i48 %shl_ln123_5, i48 %or_ln123_s" [./hex.h:123->./hex.h:79->GameState.cpp:30->GameState.cpp:34->MCTSSearcher.cpp:175]   --->   Operation 33 'or' 'or_ln123_12' <Predicate = true> <Delay = 0.00> <CoreInst = "LogicGate">   --->   Core 74 'LogicGate' <Latency = 0> <II = 1> <Delay = 0.18> <FuncUnit> <Opcode : 'and' 'or' 'xor'> <InPorts = 2> <OutPorts = 1>
ST_2 : Operation 34 [1/1] (0.00ns)   --->   "%tmp_219 = bitselect i1 @_ssdm_op_BitSelect.i1.i49.i32, i49 %prev_3, i32 41" [./hex.h:123->./hex.h:79->GameState.cpp:30->GameState.cpp:34->MCTSSearcher.cpp:175]   --->   Operation 34 'bitselect' 'tmp_219' <Predicate = true> <Delay = 0.00>
ST_2 : Operation 35 [1/1] (0.00ns) (grouped into LUT with out node or_ln123_15)   --->   "%tmp15 = bitconcatenate i49 @_ssdm_op_BitConcatenate.i49.i1.i48, i1 %tmp_219, i48 %or_ln123_12" [./hex.h:123->./hex.h:79->GameState.cpp:30->GameState.cpp:34->MCTSSearcher.cpp:175]   --->   Operation 35 'bitconcatenate' 'tmp15' <Predicate = true> <Delay = 0.00>
ST_2 : Operation 36 [1/1] (0.00ns) (grouped into LUT with out node or_ln123_15)   --->   "%and_ln123_s = bitconcatenate i41 @_ssdm_op_BitConcatenate.i41.i6.i1.i6.i1.i6.i1.i6.i1.i6.i1.i6, i6 %tmp_s, i1 0, i6 %tmp_117, i1 0, i6 %tmp_118, i1 0, i6 %tmp_119, i1 0, i6 %tmp_120, i1 0, i6 %tmp_121" [./hex.h:123->./hex.h:79->GameState.cpp:30->GameState.cpp:34->MCTSSearcher.cpp:175]   --->   Operation 36 'bitconcatenate' 'and_ln123_s' <Predicate = true> <Delay = 0.00>
ST_2 : Operation 37 [1/1] (0.00ns) (grouped into LUT with out node or_ln123_15)   --->   "%tmp_131 = bitconcatenate i41 @_ssdm_op_BitConcatenate.i41.i5.i1.i6.i1.i6.i1.i6.i1.i6.i1.i6.i1, i5 %tmp_127, i1 0, i6 %tmp_122, i1 0, i6 %tmp_123, i1 0, i6 %tmp_124, i1 0, i6 %tmp_125, i1 0, i6 %tmp_126, i1 0" [./hex.h:123->./hex.h:79->GameState.cpp:30->GameState.cpp:34->MCTSSearcher.cpp:175]   --->   Operation 37 'bitconcatenate' 'tmp_131' <Predicate = true> <Delay = 0.00>
ST_2 : Operation 38 [1/1] (0.00ns) (grouped into LUT with out node or_ln123_15)   --->   "%or_ln123_13 = or i41 %tmp_131, i41 %and_ln123_s" [./hex.h:123->./hex.h:79->GameState.cpp:30->GameState.cpp:34->MCTSSearcher.cpp:175]   --->   Operation 38 'or' 'or_ln123_13' <Predicate = true> <Delay = 0.00> <CoreInst = "LogicGate">   --->   Core 74 'LogicGate' <Latency = 0> <II = 1> <Delay = 0.35> <FuncUnit> <Opcode : 'and' 'or' 'xor'> <InPorts = 2> <OutPorts = 1>
ST_2 : Operation 39 [1/1] (0.00ns)   --->   "%tmp_220 = bitselect i1 @_ssdm_op_BitSelect.i1.i49.i32, i49 %prev_3, i32 47" [./hex.h:123->./hex.h:79->GameState.cpp:30->GameState.cpp:34->MCTSSearcher.cpp:175]   --->   Operation 39 'bitselect' 'tmp_220' <Predicate = true> <Delay = 0.00>
ST_2 : Operation 40 [1/1] (0.00ns) (grouped into LUT with out node or_ln123_15)   --->   "%tmp18 = bitconcatenate i48 @_ssdm_op_BitConcatenate.i48.i6.i1.i41, i6 %tmp_128, i1 %tmp_220, i41 %or_ln123_13" [./hex.h:123->./hex.h:79->GameState.cpp:30->GameState.cpp:34->MCTSSearcher.cpp:175]   --->   Operation 40 'bitconcatenate' 'tmp18' <Predicate = true> <Delay = 0.00>
ST_2 : Operation 41 [1/1] (0.00ns) (grouped into LUT with out node or_ln123_15)   --->   "%trunc_ln123_5 = trunc i49 %prev_3" [./hex.h:123->./hex.h:79->GameState.cpp:30->GameState.cpp:34->MCTSSearcher.cpp:175]   --->   Operation 41 'trunc' 'trunc_ln123_5' <Predicate = true> <Delay = 0.00>
ST_2 : Operation 42 [1/1] (0.00ns) (grouped into LUT with out node or_ln123_15)   --->   "%and_ln123_1 = bitconcatenate i48 @_ssdm_op_BitConcatenate.i48.i5.i1.i6.i1.i6.i1.i6.i1.i6.i1.i6.i1.i6.i1, i5 %tmp_127, i1 0, i6 %tmp_122, i1 0, i6 %tmp_123, i1 0, i6 %tmp_124, i1 0, i6 %tmp_125, i1 0, i6 %tmp_126, i1 0, i6 %trunc_ln123_5, i1 0" [./hex.h:123->./hex.h:79->GameState.cpp:30->GameState.cpp:34->MCTSSearcher.cpp:175]   --->   Operation 42 'bitconcatenate' 'and_ln123_1' <Predicate = true> <Delay = 0.00>
ST_2 : Operation 43 [1/1] (0.00ns) (grouped into LUT with out node or_ln123_15)   --->   "%or_ln123_14 = or i48 %and_ln123_1, i48 %tmp18" [./hex.h:123->./hex.h:79->GameState.cpp:30->GameState.cpp:34->MCTSSearcher.cpp:175]   --->   Operation 43 'or' 'or_ln123_14' <Predicate = true> <Delay = 0.00> <CoreInst = "LogicGate">   --->   Core 74 'LogicGate' <Latency = 0> <II = 1> <Delay = 0.18> <FuncUnit> <Opcode : 'and' 'or' 'xor'> <InPorts = 2> <OutPorts = 1>
ST_2 : Operation 44 [1/1] (0.00ns) (grouped into LUT with out node or_ln123_15)   --->   "%tmp17 = bitconcatenate i49 @_ssdm_op_BitConcatenate.i49.i1.i48, i1 %tmp_220, i48 %or_ln123_14" [./hex.h:123->./hex.h:79->GameState.cpp:30->GameState.cpp:34->MCTSSearcher.cpp:175]   --->   Operation 44 'bitconcatenate' 'tmp17' <Predicate = true> <Delay = 0.00>
ST_2 : Operation 45 [1/1] (0.35ns) (out node of the LUT)   --->   "%or_ln123_15 = or i49 %tmp17, i49 %tmp15" [./hex.h:123->./hex.h:79->GameState.cpp:30->GameState.cpp:34->MCTSSearcher.cpp:175]   --->   Operation 45 'or' 'or_ln123_15' <Predicate = true> <Delay = 0.35> <CoreInst = "LogicGate">   --->   Core 74 'LogicGate' <Latency = 0> <II = 1> <Delay = 0.21> <FuncUnit> <Opcode : 'and' 'or' 'xor'> <InPorts = 2> <OutPorts = 1>
ST_2 : Operation 46 [1/1] (0.00ns) (grouped into LUT with out node or_ln123_16)   --->   "%and_ln123 = and i49 %or_ln123_15, i49 %gameState_hexGame_player2_8_read" [./hex.h:123->./hex.h:79->GameState.cpp:30->GameState.cpp:34->MCTSSearcher.cpp:175]   --->   Operation 46 'and' 'and_ln123' <Predicate = true> <Delay = 0.00> <CoreInst = "LogicGate">   --->   Core 74 'LogicGate' <Latency = 0> <II = 1> <Delay = 0.21> <FuncUnit> <Opcode : 'and' 'or' 'xor'> <InPorts = 2> <OutPorts = 1>
ST_2 : Operation 47 [1/1] (0.21ns) (out node of the LUT)   --->   "%or_ln123_16 = or i49 %and_ln123, i49 %prev_3" [./hex.h:123->./hex.h:79->GameState.cpp:30->GameState.cpp:34->MCTSSearcher.cpp:175]   --->   Operation 47 'or' 'or_ln123_16' <Predicate = true> <Delay = 0.21> <CoreInst = "LogicGate">   --->   Core 74 'LogicGate' <Latency = 0> <II = 1> <Delay = 0.21> <FuncUnit> <Opcode : 'and' 'or' 'xor'> <InPorts = 2> <OutPorts = 1>
ST_2 : Operation 48 [1/1] (1.09ns)   --->   "%icmp_ln125 = icmp_eq  i49 %or_ln123_16, i49 %prev_3" [./hex.h:125->./hex.h:79->GameState.cpp:30->GameState.cpp:34->MCTSSearcher.cpp:175]   --->   Operation 48 'icmp' 'icmp_ln125' <Predicate = true> <Delay = 1.09> <CoreInst = "Cmp">   --->   Core 9 'Cmp' <Latency = 0> <II = 1> <Delay = 1.09> <FuncUnit> <Opcode : 'seteq' 'setne' 'setle' 'setge' 'setlt' 'setgt'> <InPorts = 2> <OutPorts = 1>
ST_2 : Operation 49 [1/1] (0.42ns)   --->   "%store_ln112 = store i49 %or_ln123_16, i49 %prev" [./hex.h:112->./hex.h:79->GameState.cpp:30->GameState.cpp:34->MCTSSearcher.cpp:175]   --->   Operation 49 'store' 'store_ln112' <Predicate = true> <Delay = 0.42>
ST_2 : Operation 50 [1/1] (0.00ns)   --->   "%br_ln125 = br i1 %icmp_ln125, void %do.cond.i20.i.i.i, void %_ZN3HexILj7EE5floodE7ap_uintILi49EES2_.exit21.i.i.i.exitStub" [./hex.h:125->./hex.h:79->GameState.cpp:30->GameState.cpp:34->MCTSSearcher.cpp:175]   --->   Operation 50 'br' 'br_ln125' <Predicate = true> <Delay = 0.00>
ST_2 : Operation 51 [1/1] (0.00ns)   --->   "%write_ln112 = write void @_ssdm_op_Write.ap_auto.i43P0A, i43 %prev_10_out, i43 %trunc_ln112" [./hex.h:112->./hex.h:79->GameState.cpp:30->GameState.cpp:34->MCTSSearcher.cpp:175]   --->   Operation 51 'write' 'write_ln112' <Predicate = (icmp_ln125)> <Delay = 0.00>
ST_2 : Operation 52 [1/1] (0.00ns)   --->   "%write_ln123 = write void @_ssdm_op_Write.ap_auto.i1P0A, i1 %p_out, i1 %tmp" [./hex.h:123->./hex.h:79->GameState.cpp:30->GameState.cpp:34->MCTSSearcher.cpp:175]   --->   Operation 52 'write' 'write_ln123' <Predicate = (icmp_ln125)> <Delay = 0.00>
ST_2 : Operation 53 [1/1] (0.00ns)   --->   "%write_ln123 = write void @_ssdm_op_Write.ap_auto.i1P0A, i1 %p_out1, i1 %tmp_219" [./hex.h:123->./hex.h:79->GameState.cpp:30->GameState.cpp:34->MCTSSearcher.cpp:175]   --->   Operation 53 'write' 'write_ln123' <Predicate = (icmp_ln125)> <Delay = 0.00>
ST_2 : Operation 54 [1/1] (0.42ns)   --->   "%ret_ln0 = ret"   --->   Operation 54 'ret' 'ret_ln0' <Predicate = (icmp_ln125)> <Delay = 0.42>


============================================================
+ Verbose Summary: Timing violations
============================================================
Target clock period: 10.000ns, clock uncertainty: 2.700ns.

 <State 1>: 0.427ns
The critical path consists of the following:
	'alloca' operation 49 bit ('prev', ./hex.h:112->./hex.h:79->GameState.cpp:30->GameState.cpp:34->MCTSSearcher.cpp:175) [6]  (0.000 ns)
	'store' operation 0 bit ('store_ln112', ./hex.h:112->./hex.h:79->GameState.cpp:30->GameState.cpp:34->MCTSSearcher.cpp:175) of variable 'connected_12_read' on local variable 'prev', ./hex.h:112->./hex.h:79->GameState.cpp:30->GameState.cpp:34->MCTSSearcher.cpp:175 [9]  (0.427 ns)

 <State 2>: 1.664ns
The critical path consists of the following:
	'load' operation 49 bit ('prev', ./hex.h:123->./hex.h:79->GameState.cpp:30->GameState.cpp:34->MCTSSearcher.cpp:175) on local variable 'prev', ./hex.h:112->./hex.h:79->GameState.cpp:30->GameState.cpp:34->MCTSSearcher.cpp:175 [12]  (0.000 ns)
	'or' operation 49 bit ('or_ln123_15', ./hex.h:123->./hex.h:79->GameState.cpp:30->GameState.cpp:34->MCTSSearcher.cpp:175) [48]  (0.355 ns)
	'and' operation 49 bit ('and_ln123', ./hex.h:123->./hex.h:79->GameState.cpp:30->GameState.cpp:34->MCTSSearcher.cpp:175) [49]  (0.000 ns)
	'or' operation 49 bit ('or_ln123_16', ./hex.h:123->./hex.h:79->GameState.cpp:30->GameState.cpp:34->MCTSSearcher.cpp:175) [50]  (0.212 ns)
	'icmp' operation 1 bit ('icmp_ln125', ./hex.h:125->./hex.h:79->GameState.cpp:30->GameState.cpp:34->MCTSSearcher.cpp:175) [51]  (1.097 ns)


============================================================
+ Verbose Summary: Binding
============================================================
N/A
* FSMD analyzer results:
  - Output states:
 - Input state : 
  - Chain level:
	State 1
	State 2


============================================================
+ Verbose Summary: Datapath Resource usage 
============================================================
N/A
