

================================================================
== Vitis HLS Report for 'forward_Pipeline_VITIS_LOOP_114_15'
================================================================
* Date:           Thu Apr 23 22:10:19 2026

* Version:        2025.1 (Build 6135595 on May 21 2025)
* Project:        mcts.prj
* Solution:       solution1 (Vivado IP Flow Target)
* Product family: zynquplus
* Target device:  xck26-sfvc784-2LV-c


================================================================
== Performance Estimates
================================================================
+ Timing: 
    * Summary: 
    +--------+----------+----------+------------+
    |  Clock |  Target  | Estimated| Uncertainty|
    +--------+----------+----------+------------+
    |ap_clk  |  10.00 ns|  2.091 ns|     2.70 ns|
    +--------+----------+----------+------------+

+ Latency: 
    * Summary: 
    +---------+---------+----------+----------+-----+-----+------------------------------------------------+
    |  Latency (cycles) |  Latency (absolute) |  Interval |                    Pipeline                    |
    |   min   |   max   |    min   |    max   | min | max |                      Type                      |
    +---------+---------+----------+----------+-----+-----+------------------------------------------------+
    |        ?|        ?|         ?|         ?|    0|    0|  loop auto-rewind stp (delay=0 clock cycles(s))|
    +---------+---------+----------+----------+-----+-----+------------------------------------------------+

    + Detail: 
        * Instance: 
        N/A

        * Loop: 
        +--------------------+---------+---------+----------+-----------+-----------+------+----------+
        |                    |  Latency (cycles) | Iteration|  Initiation Interval  | Trip |          |
        |      Loop Name     |   min   |   max   |  Latency |  achieved |   target  | Count| Pipelined|
        +--------------------+---------+---------+----------+-----------+-----------+------+----------+
        |- VITIS_LOOP_114_1  |        ?|        ?|         1|          1|          1|     ?|       yes|
        +--------------------+---------+---------+----------+-----------+-----------+------+----------+

============================================================
+ Verbose Summary: Synthesis Manager
============================================================
InlineROM: 1
ExposeGlobal: 0
============================================================
+ Verbose Summary: CDFG Model
============================================================
IsTopModel: 0
ResetActiveHigh: 1
IsCombinational: 0
IsDatapathOnly: 0
HasWiredReturn: 1
HasMFsm: 2
HasVarLatency: 1
IsPipeline: 0
IsRtlPipelined: 0
IsInstanceOverlapped: 0
IsDontTouch: 0
HasImplIP: 0
IsGatedGlobalClock: 0

+ Individual pipeline summary: 
  * Pipeline-0: initiation interval (II) = 1, depth = 1


============================================================
+ Verbose Summary: Schedule
============================================================
* Number of FSM states : 1
* Pipeline : 1
  Pipeline-0 : II = 1, D = 1, States = { 1 }
* Dataflow Pipeline: 0

* FSM state transitions: 
1 --> 

* FSM state operations: 

State 1 <SV = 0> <Delay = 2.09>
ST_1 : Operation 4 [1/1] (0.00ns)   --->   "%gameState_hexGame_player1_8_read = read i49 @_ssdm_op_Read.ap_auto.i49, i49 %gameState_hexGame_player1_8"   --->   Operation 4 'read' 'gameState_hexGame_player1_8_read' <Predicate = true> <Delay = 0.00>
ST_1 : Operation 5 [1/1] (0.00ns)   --->   "%connected_read = read i49 @_ssdm_op_Read.ap_auto.i49, i49 %connected"   --->   Operation 5 'read' 'connected_read' <Predicate = true> <Delay = 0.00>
ST_1 : Operation 6 [1/1] (0.42ns)   --->   "%br_ln0 = br void %do.cond.i.i.i.i"   --->   Operation 6 'br' 'br_ln0' <Predicate = true> <Delay = 0.42>
ST_1 : Operation 7 [1/1] (0.00ns)   --->   "%prev = phi i49 %connected_read, void %newFuncRoot, i49 %or_ln123_21, void %do.cond.i.i.i.i" [./hex.h:123->./hex.h:76->GameState.cpp:30->GameState.cpp:34->MCTSSearcher.cpp:175]   --->   Operation 7 'phi' 'prev' <Predicate = true> <Delay = 0.00>
ST_1 : Operation 8 [1/1] (0.00ns)   --->   "%specpipeline_ln112 = specpipeline void @_ssdm_op_SpecPipeline, i32 4294967295, i32 0, i32 0, i32 0, void @empty_0" [./hex.h:112->./hex.h:76->GameState.cpp:30->GameState.cpp:34->MCTSSearcher.cpp:175]   --->   Operation 8 'specpipeline' 'specpipeline_ln112' <Predicate = true> <Delay = 0.00>
ST_1 : Operation 9 [1/1] (0.00ns)   --->   "%specloopname_ln114 = specloopname void @_ssdm_op_SpecLoopName, void @empty_6" [./hex.h:114->./hex.h:76->GameState.cpp:30->GameState.cpp:34->MCTSSearcher.cpp:175]   --->   Operation 9 'specloopname' 'specloopname_ln114' <Predicate = true> <Delay = 0.00>
ST_1 : Operation 10 [1/1] (0.00ns)   --->   "%tmp_s = partselect i6 @_ssdm_op_PartSelect.i6.i49.i32.i32, i49 %prev, i32 36, i32 41" [./hex.h:121->./hex.h:76->GameState.cpp:30->GameState.cpp:34->MCTSSearcher.cpp:175]   --->   Operation 10 'partselect' 'tmp_s' <Predicate = true> <Delay = 0.00>
ST_1 : Operation 11 [1/1] (0.00ns)   --->   "%tmp_132 = partselect i6 @_ssdm_op_PartSelect.i6.i49.i32.i32, i49 %prev, i32 29, i32 34" [./hex.h:121->./hex.h:76->GameState.cpp:30->GameState.cpp:34->MCTSSearcher.cpp:175]   --->   Operation 11 'partselect' 'tmp_132' <Predicate = true> <Delay = 0.00>
ST_1 : Operation 12 [1/1] (0.00ns)   --->   "%tmp_133 = partselect i6 @_ssdm_op_PartSelect.i6.i49.i32.i32, i49 %prev, i32 22, i32 27" [./hex.h:121->./hex.h:76->GameState.cpp:30->GameState.cpp:34->MCTSSearcher.cpp:175]   --->   Operation 12 'partselect' 'tmp_133' <Predicate = true> <Delay = 0.00>
ST_1 : Operation 13 [1/1] (0.00ns)   --->   "%tmp_134 = partselect i6 @_ssdm_op_PartSelect.i6.i49.i32.i32, i49 %prev, i32 15, i32 20" [./hex.h:121->./hex.h:76->GameState.cpp:30->GameState.cpp:34->MCTSSearcher.cpp:175]   --->   Operation 13 'partselect' 'tmp_134' <Predicate = true> <Delay = 0.00>
ST_1 : Operation 14 [1/1] (0.00ns)   --->   "%tmp_135 = partselect i6 @_ssdm_op_PartSelect.i6.i49.i32.i32, i49 %prev, i32 8, i32 13" [./hex.h:121->./hex.h:76->GameState.cpp:30->GameState.cpp:34->MCTSSearcher.cpp:175]   --->   Operation 14 'partselect' 'tmp_135' <Predicate = true> <Delay = 0.00>
ST_1 : Operation 15 [1/1] (0.00ns)   --->   "%tmp_136 = partselect i6 @_ssdm_op_PartSelect.i6.i49.i32.i32, i49 %prev, i32 1, i32 6" [./hex.h:121->./hex.h:76->GameState.cpp:30->GameState.cpp:34->MCTSSearcher.cpp:175]   --->   Operation 15 'partselect' 'tmp_136' <Predicate = true> <Delay = 0.00>
ST_1 : Operation 16 [1/1] (0.00ns)   --->   "%tmp_137 = partselect i6 @_ssdm_op_PartSelect.i6.i49.i32.i32, i49 %prev, i32 35, i32 40" [./hex.h:123->./hex.h:76->GameState.cpp:30->GameState.cpp:34->MCTSSearcher.cpp:175]   --->   Operation 16 'partselect' 'tmp_137' <Predicate = true> <Delay = 0.00>
ST_1 : Operation 17 [1/1] (0.00ns)   --->   "%tmp_138 = partselect i6 @_ssdm_op_PartSelect.i6.i49.i32.i32, i49 %prev, i32 28, i32 33" [./hex.h:123->./hex.h:76->GameState.cpp:30->GameState.cpp:34->MCTSSearcher.cpp:175]   --->   Operation 17 'partselect' 'tmp_138' <Predicate = true> <Delay = 0.00>
ST_1 : Operation 18 [1/1] (0.00ns)   --->   "%tmp_139 = partselect i6 @_ssdm_op_PartSelect.i6.i49.i32.i32, i49 %prev, i32 21, i32 26" [./hex.h:123->./hex.h:76->GameState.cpp:30->GameState.cpp:34->MCTSSearcher.cpp:175]   --->   Operation 18 'partselect' 'tmp_139' <Predicate = true> <Delay = 0.00>
ST_1 : Operation 19 [1/1] (0.00ns)   --->   "%tmp_140 = partselect i6 @_ssdm_op_PartSelect.i6.i49.i32.i32, i49 %prev, i32 14, i32 19" [./hex.h:123->./hex.h:76->GameState.cpp:30->GameState.cpp:34->MCTSSearcher.cpp:175]   --->   Operation 19 'partselect' 'tmp_140' <Predicate = true> <Delay = 0.00>
ST_1 : Operation 20 [1/1] (0.00ns)   --->   "%tmp_141 = partselect i6 @_ssdm_op_PartSelect.i6.i49.i32.i32, i49 %prev, i32 7, i32 12" [./hex.h:123->./hex.h:76->GameState.cpp:30->GameState.cpp:34->MCTSSearcher.cpp:175]   --->   Operation 20 'partselect' 'tmp_141' <Predicate = true> <Delay = 0.00>
ST_1 : Operation 21 [1/1] (0.00ns)   --->   "%tmp_142 = partselect i5 @_ssdm_op_PartSelect.i5.i49.i32.i32, i49 %prev, i32 42, i32 46" [./hex.h:123->./hex.h:76->GameState.cpp:30->GameState.cpp:34->MCTSSearcher.cpp:175]   --->   Operation 21 'partselect' 'tmp_142' <Predicate = true> <Delay = 0.00>
ST_1 : Operation 22 [1/1] (0.00ns) (grouped into LUT with out node or_ln123_20)   --->   "%tmp_143 = partselect i6 @_ssdm_op_PartSelect.i6.i49.i32.i32, i49 %prev, i32 43, i32 48" [./hex.h:123->./hex.h:76->GameState.cpp:30->GameState.cpp:34->MCTSSearcher.cpp:175]   --->   Operation 22 'partselect' 'tmp_143' <Predicate = true> <Delay = 0.00>
ST_1 : Operation 23 [1/1] (0.00ns) (grouped into LUT with out node or_ln123_20)   --->   "%tmp_144 = bitconcatenate i41 @_ssdm_op_BitConcatenate.i41.i6.i1.i6.i1.i6.i1.i6.i1.i6.i7, i6 %tmp_132, i1 0, i6 %tmp_133, i1 0, i6 %tmp_134, i1 0, i6 %tmp_135, i1 0, i6 %tmp_136, i7 0" [./hex.h:123->./hex.h:76->GameState.cpp:30->GameState.cpp:34->MCTSSearcher.cpp:175]   --->   Operation 23 'bitconcatenate' 'tmp_144' <Predicate = true> <Delay = 0.00>
ST_1 : Operation 24 [1/1] (0.00ns) (grouped into LUT with out node or_ln123_20)   --->   "%tmp_145 = partselect i41 @_ssdm_op_PartSelect.i41.i49.i32.i32, i49 %prev, i32 7, i32 47" [./hex.h:123->./hex.h:76->GameState.cpp:30->GameState.cpp:34->MCTSSearcher.cpp:175]   --->   Operation 24 'partselect' 'tmp_145' <Predicate = true> <Delay = 0.00>
ST_1 : Operation 25 [1/1] (0.00ns) (grouped into LUT with out node or_ln123_20)   --->   "%or_ln123 = or i41 %tmp_145, i41 %tmp_144" [./hex.h:123->./hex.h:76->GameState.cpp:30->GameState.cpp:34->MCTSSearcher.cpp:175]   --->   Operation 25 'or' 'or_ln123' <Predicate = true> <Delay = 0.00> <CoreInst = "LogicGate">   --->   Core 74 'LogicGate' <Latency = 0> <II = 1> <Delay = 0.35> <FuncUnit> <Opcode : 'and' 'or' 'xor'> <InPorts = 2> <OutPorts = 1>
ST_1 : Operation 26 [1/1] (0.00ns) (grouped into LUT with out node or_ln123_20)   --->   "%tmp = bitselect i1 @_ssdm_op_BitSelect.i1.i49.i32, i49 %prev, i32 48" [./hex.h:123->./hex.h:76->GameState.cpp:30->GameState.cpp:34->MCTSSearcher.cpp:175]   --->   Operation 26 'bitselect' 'tmp' <Predicate = true> <Delay = 0.00>
ST_1 : Operation 27 [1/1] (0.00ns) (grouped into LUT with out node or_ln123_20)   --->   "%or_ln123_s = bitconcatenate i48 @_ssdm_op_BitConcatenate.i48.i6.i1.i41, i6 %tmp_s, i1 %tmp, i41 %or_ln123" [./hex.h:123->./hex.h:76->GameState.cpp:30->GameState.cpp:34->MCTSSearcher.cpp:175]   --->   Operation 27 'bitconcatenate' 'or_ln123_s' <Predicate = true> <Delay = 0.00>
ST_1 : Operation 28 [1/1] (0.00ns) (grouped into LUT with out node or_ln123_20)   --->   "%trunc_ln123 = trunc i49 %prev" [./hex.h:123->./hex.h:76->GameState.cpp:30->GameState.cpp:34->MCTSSearcher.cpp:175]   --->   Operation 28 'trunc' 'trunc_ln123' <Predicate = true> <Delay = 0.00>
ST_1 : Operation 29 [1/1] (0.00ns) (grouped into LUT with out node or_ln123_20)   --->   "%shl_ln123_6 = bitconcatenate i48 @_ssdm_op_BitConcatenate.i48.i41.i7, i41 %trunc_ln123, i7 0" [./hex.h:123->./hex.h:76->GameState.cpp:30->GameState.cpp:34->MCTSSearcher.cpp:175]   --->   Operation 29 'bitconcatenate' 'shl_ln123_6' <Predicate = true> <Delay = 0.00>
ST_1 : Operation 30 [1/1] (0.00ns) (grouped into LUT with out node or_ln123_20)   --->   "%or_ln123_17 = or i48 %shl_ln123_6, i48 %or_ln123_s" [./hex.h:123->./hex.h:76->GameState.cpp:30->GameState.cpp:34->MCTSSearcher.cpp:175]   --->   Operation 30 'or' 'or_ln123_17' <Predicate = true> <Delay = 0.00> <CoreInst = "LogicGate">   --->   Core 74 'LogicGate' <Latency = 0> <II = 1> <Delay = 0.18> <FuncUnit> <Opcode : 'and' 'or' 'xor'> <InPorts = 2> <OutPorts = 1>
ST_1 : Operation 31 [1/1] (0.00ns) (grouped into LUT with out node or_ln123_20)   --->   "%tmp_221 = bitselect i1 @_ssdm_op_BitSelect.i1.i49.i32, i49 %prev, i32 41" [./hex.h:123->./hex.h:76->GameState.cpp:30->GameState.cpp:34->MCTSSearcher.cpp:175]   --->   Operation 31 'bitselect' 'tmp_221' <Predicate = true> <Delay = 0.00>
ST_1 : Operation 32 [1/1] (0.00ns) (grouped into LUT with out node or_ln123_20)   --->   "%tmp11 = bitconcatenate i49 @_ssdm_op_BitConcatenate.i49.i1.i48, i1 %tmp_221, i48 %or_ln123_17" [./hex.h:123->./hex.h:76->GameState.cpp:30->GameState.cpp:34->MCTSSearcher.cpp:175]   --->   Operation 32 'bitconcatenate' 'tmp11' <Predicate = true> <Delay = 0.00>
ST_1 : Operation 33 [1/1] (0.00ns) (grouped into LUT with out node or_ln123_20)   --->   "%and_ln123_s = bitconcatenate i41 @_ssdm_op_BitConcatenate.i41.i6.i1.i6.i1.i6.i1.i6.i1.i6.i1.i6, i6 %tmp_s, i1 0, i6 %tmp_132, i1 0, i6 %tmp_133, i1 0, i6 %tmp_134, i1 0, i6 %tmp_135, i1 0, i6 %tmp_136" [./hex.h:123->./hex.h:76->GameState.cpp:30->GameState.cpp:34->MCTSSearcher.cpp:175]   --->   Operation 33 'bitconcatenate' 'and_ln123_s' <Predicate = true> <Delay = 0.00>
ST_1 : Operation 34 [1/1] (0.00ns) (grouped into LUT with out node or_ln123_20)   --->   "%tmp_146 = bitconcatenate i41 @_ssdm_op_BitConcatenate.i41.i5.i1.i6.i1.i6.i1.i6.i1.i6.i1.i6.i1, i5 %tmp_142, i1 0, i6 %tmp_137, i1 0, i6 %tmp_138, i1 0, i6 %tmp_139, i1 0, i6 %tmp_140, i1 0, i6 %tmp_141, i1 0" [./hex.h:123->./hex.h:76->GameState.cpp:30->GameState.cpp:34->MCTSSearcher.cpp:175]   --->   Operation 34 'bitconcatenate' 'tmp_146' <Predicate = true> <Delay = 0.00>
ST_1 : Operation 35 [1/1] (0.00ns) (grouped into LUT with out node or_ln123_20)   --->   "%or_ln123_18 = or i41 %tmp_146, i41 %and_ln123_s" [./hex.h:123->./hex.h:76->GameState.cpp:30->GameState.cpp:34->MCTSSearcher.cpp:175]   --->   Operation 35 'or' 'or_ln123_18' <Predicate = true> <Delay = 0.00> <CoreInst = "LogicGate">   --->   Core 74 'LogicGate' <Latency = 0> <II = 1> <Delay = 0.35> <FuncUnit> <Opcode : 'and' 'or' 'xor'> <InPorts = 2> <OutPorts = 1>
ST_1 : Operation 36 [1/1] (0.00ns)   --->   "%tmp_222 = bitselect i1 @_ssdm_op_BitSelect.i1.i49.i32, i49 %prev, i32 47" [./hex.h:123->./hex.h:76->GameState.cpp:30->GameState.cpp:34->MCTSSearcher.cpp:175]   --->   Operation 36 'bitselect' 'tmp_222' <Predicate = true> <Delay = 0.00>
ST_1 : Operation 37 [1/1] (0.00ns) (grouped into LUT with out node or_ln123_20)   --->   "%tmp14 = bitconcatenate i48 @_ssdm_op_BitConcatenate.i48.i6.i1.i41, i6 %tmp_143, i1 %tmp_222, i41 %or_ln123_18" [./hex.h:123->./hex.h:76->GameState.cpp:30->GameState.cpp:34->MCTSSearcher.cpp:175]   --->   Operation 37 'bitconcatenate' 'tmp14' <Predicate = true> <Delay = 0.00>
ST_1 : Operation 38 [1/1] (0.00ns) (grouped into LUT with out node or_ln123_20)   --->   "%trunc_ln123_6 = trunc i49 %prev" [./hex.h:123->./hex.h:76->GameState.cpp:30->GameState.cpp:34->MCTSSearcher.cpp:175]   --->   Operation 38 'trunc' 'trunc_ln123_6' <Predicate = true> <Delay = 0.00>
ST_1 : Operation 39 [1/1] (0.00ns) (grouped into LUT with out node or_ln123_20)   --->   "%and_ln123_2 = bitconcatenate i48 @_ssdm_op_BitConcatenate.i48.i5.i1.i6.i1.i6.i1.i6.i1.i6.i1.i6.i1.i6.i1, i5 %tmp_142, i1 0, i6 %tmp_137, i1 0, i6 %tmp_138, i1 0, i6 %tmp_139, i1 0, i6 %tmp_140, i1 0, i6 %tmp_141, i1 0, i6 %trunc_ln123_6, i1 0" [./hex.h:123->./hex.h:76->GameState.cpp:30->GameState.cpp:34->MCTSSearcher.cpp:175]   --->   Operation 39 'bitconcatenate' 'and_ln123_2' <Predicate = true> <Delay = 0.00>
ST_1 : Operation 40 [1/1] (0.00ns) (grouped into LUT with out node or_ln123_20)   --->   "%or_ln123_19 = or i48 %and_ln123_2, i48 %tmp14" [./hex.h:123->./hex.h:76->GameState.cpp:30->GameState.cpp:34->MCTSSearcher.cpp:175]   --->   Operation 40 'or' 'or_ln123_19' <Predicate = true> <Delay = 0.00> <CoreInst = "LogicGate">   --->   Core 74 'LogicGate' <Latency = 0> <II = 1> <Delay = 0.18> <FuncUnit> <Opcode : 'and' 'or' 'xor'> <InPorts = 2> <OutPorts = 1>
ST_1 : Operation 41 [1/1] (0.00ns) (grouped into LUT with out node or_ln123_20)   --->   "%tmp13 = bitconcatenate i49 @_ssdm_op_BitConcatenate.i49.i1.i48, i1 %tmp_222, i48 %or_ln123_19" [./hex.h:123->./hex.h:76->GameState.cpp:30->GameState.cpp:34->MCTSSearcher.cpp:175]   --->   Operation 41 'bitconcatenate' 'tmp13' <Predicate = true> <Delay = 0.00>
ST_1 : Operation 42 [1/1] (0.35ns) (out node of the LUT)   --->   "%or_ln123_20 = or i49 %tmp13, i49 %tmp11" [./hex.h:123->./hex.h:76->GameState.cpp:30->GameState.cpp:34->MCTSSearcher.cpp:175]   --->   Operation 42 'or' 'or_ln123_20' <Predicate = true> <Delay = 0.35> <CoreInst = "LogicGate">   --->   Core 74 'LogicGate' <Latency = 0> <II = 1> <Delay = 0.21> <FuncUnit> <Opcode : 'and' 'or' 'xor'> <InPorts = 2> <OutPorts = 1>
ST_1 : Operation 43 [1/1] (0.00ns) (grouped into LUT with out node or_ln123_21)   --->   "%and_ln123 = and i49 %or_ln123_20, i49 %gameState_hexGame_player1_8_read" [./hex.h:123->./hex.h:76->GameState.cpp:30->GameState.cpp:34->MCTSSearcher.cpp:175]   --->   Operation 43 'and' 'and_ln123' <Predicate = true> <Delay = 0.00> <CoreInst = "LogicGate">   --->   Core 74 'LogicGate' <Latency = 0> <II = 1> <Delay = 0.21> <FuncUnit> <Opcode : 'and' 'or' 'xor'> <InPorts = 2> <OutPorts = 1>
ST_1 : Operation 44 [1/1] (0.21ns) (out node of the LUT)   --->   "%or_ln123_21 = or i49 %and_ln123, i49 %prev" [./hex.h:123->./hex.h:76->GameState.cpp:30->GameState.cpp:34->MCTSSearcher.cpp:175]   --->   Operation 44 'or' 'or_ln123_21' <Predicate = true> <Delay = 0.21> <CoreInst = "LogicGate">   --->   Core 74 'LogicGate' <Latency = 0> <II = 1> <Delay = 0.21> <FuncUnit> <Opcode : 'and' 'or' 'xor'> <InPorts = 2> <OutPorts = 1>
ST_1 : Operation 45 [1/1] (1.09ns)   --->   "%icmp_ln125 = icmp_eq  i49 %or_ln123_21, i49 %prev" [./hex.h:125->./hex.h:76->GameState.cpp:30->GameState.cpp:34->MCTSSearcher.cpp:175]   --->   Operation 45 'icmp' 'icmp_ln125' <Predicate = true> <Delay = 1.09> <CoreInst = "Cmp">   --->   Core 9 'Cmp' <Latency = 0> <II = 1> <Delay = 1.09> <FuncUnit> <Opcode : 'seteq' 'setne' 'setle' 'setge' 'setlt' 'setgt'> <InPorts = 2> <OutPorts = 1>
ST_1 : Operation 46 [1/1] (0.00ns)   --->   "%br_ln125 = br i1 %icmp_ln125, void %do.cond.i.i.i.i, void %_ZN9GameState10isTerminalEv.98.105.136.155.183.exit.i.exitStub" [./hex.h:125->./hex.h:76->GameState.cpp:30->GameState.cpp:34->MCTSSearcher.cpp:175]   --->   Operation 46 'br' 'br_ln125' <Predicate = true> <Delay = 0.00>
ST_1 : Operation 47 [1/1] (0.00ns)   --->   "%write_ln123 = write void @_ssdm_op_Write.ap_auto.i49P0A, i49 %prev_9_out, i49 %prev" [./hex.h:123->./hex.h:76->GameState.cpp:30->GameState.cpp:34->MCTSSearcher.cpp:175]   --->   Operation 47 'write' 'write_ln123' <Predicate = (icmp_ln125)> <Delay = 0.00>
ST_1 : Operation 48 [1/1] (0.42ns)   --->   "%ret_ln0 = ret"   --->   Operation 48 'ret' 'ret_ln0' <Predicate = (icmp_ln125)> <Delay = 0.42>


============================================================
+ Verbose Summary: Timing violations
============================================================
Target clock period: 10.000ns, clock uncertainty: 2.700ns.

 <State 1>: 2.091ns
The critical path consists of the following:
	multiplexor before 'phi' operation 49 bit ('prev', ./hex.h:123->./hex.h:76->GameState.cpp:30->GameState.cpp:34->MCTSSearcher.cpp:175) with incoming values : ('connected_read') ('or_ln123_21', ./hex.h:123->./hex.h:76->GameState.cpp:30->GameState.cpp:34->MCTSSearcher.cpp:175) [8]  (0.427 ns)
	'phi' operation 49 bit ('prev', ./hex.h:123->./hex.h:76->GameState.cpp:30->GameState.cpp:34->MCTSSearcher.cpp:175) with incoming values : ('connected_read') ('or_ln123_21', ./hex.h:123->./hex.h:76->GameState.cpp:30->GameState.cpp:34->MCTSSearcher.cpp:175) [8]  (0.000 ns)
	'or' operation 48 bit ('or_ln123_19', ./hex.h:123->./hex.h:76->GameState.cpp:30->GameState.cpp:34->MCTSSearcher.cpp:175) [41]  (0.000 ns)
	'or' operation 49 bit ('or_ln123_20', ./hex.h:123->./hex.h:76->GameState.cpp:30->GameState.cpp:34->MCTSSearcher.cpp:175) [43]  (0.355 ns)
	'and' operation 49 bit ('and_ln123', ./hex.h:123->./hex.h:76->GameState.cpp:30->GameState.cpp:34->MCTSSearcher.cpp:175) [44]  (0.000 ns)
	'or' operation 49 bit ('or_ln123_21', ./hex.h:123->./hex.h:76->GameState.cpp:30->GameState.cpp:34->MCTSSearcher.cpp:175) [45]  (0.212 ns)
	'icmp' operation 1 bit ('icmp_ln125', ./hex.h:125->./hex.h:76->GameState.cpp:30->GameState.cpp:34->MCTSSearcher.cpp:175) [46]  (1.097 ns)


============================================================
+ Verbose Summary: Binding
============================================================
N/A
* FSMD analyzer results:
  - Output states:
 - Input state : 
  - Chain level:
	State 1


============================================================
+ Verbose Summary: Datapath Resource usage 
============================================================
N/A
