

================================================================
== Vitis HLS Report for 'forward_Pipeline_VITIS_LOOP_73_1'
================================================================
* Date:           Thu Apr 23 22:10:23 2026

* Version:        2025.1 (Build 6135595 on May 21 2025)
* Project:        mcts.prj
* Solution:       solution1 (Vivado IP Flow Target)
* Product family: zynquplus
* Target device:  xck26-sfvc784-2LV-c


================================================================
== Performance Estimates
================================================================
+ Timing: 
    * Summary: 
    +--------+----------+----------+------------+
    |  Clock |  Target  | Estimated| Uncertainty|
    +--------+----------+----------+------------+
    |ap_clk  |  10.00 ns|  1.635 ns|     2.70 ns|
    +--------+----------+----------+------------+

+ Latency: 
    * Summary: 
    +---------+---------+-----------+----------+-----+-----+------------------------------------------------+
    |  Latency (cycles) |  Latency (absolute)  |  Interval |                    Pipeline                    |
    |   min   |   max   |    min    |    max   | min | max |                      Type                      |
    +---------+---------+-----------+----------+-----+-----+------------------------------------------------+
    |        2|       51|  20.000 ns|  0.510 us|    1|   50|  loop auto-rewind stp (delay=0 clock cycles(s))|
    +---------+---------+-----------+----------+-----+-----+------------------------------------------------+

    + Detail: 
        * Instance: 
        N/A

        * Loop: 
        +-------------------+---------+---------+----------+-----------+-----------+--------+----------+
        |                   |  Latency (cycles) | Iteration|  Initiation Interval  |  Trip  |          |
        |     Loop Name     |   min   |   max   |  Latency |  achieved |   target  |  Count | Pipelined|
        +-------------------+---------+---------+----------+-----------+-----------+--------+----------+
        |- VITIS_LOOP_73_1  |        0|       49|         1|          1|          1|  0 ~ 49|       yes|
        +-------------------+---------+---------+----------+-----------+-----------+--------+----------+



================================================================
== Utilization Estimates
================================================================
* Summary: 
+-----------------+---------+------+--------+--------+-----+
|       Name      | BRAM_18K|  DSP |   FF   |   LUT  | URAM|
+-----------------+---------+------+--------+--------+-----+
|DSP              |        -|     -|       -|       -|    -|
|Expression       |        -|     -|       0|      28|    -|
|FIFO             |        -|     -|       -|       -|    -|
|Instance         |        -|     -|       0|      17|    -|
|Memory           |        -|     -|       -|       -|    -|
|Multiplexer      |        -|     -|       0|      64|    -|
|Register         |        -|     -|       9|       -|    -|
+-----------------+---------+------+--------+--------+-----+
|Total            |        0|     0|       9|     109|    0|
+-----------------+---------+------+--------+--------+-----+
|Available        |      288|  1248|  234240|  117120|   64|
+-----------------+---------+------+--------+--------+-----+
|Utilization (%)  |        0|     0|      ~0|      ~0|    0|
+-----------------+---------+------+--------+--------+-----+

+ Detail: 
    * Instance: 
    +----------------------------------+------------------------------+---------+----+---+----+-----+
    |             Instance             |            Module            | BRAM_18K| DSP| FF| LUT| URAM|
    +----------------------------------+------------------------------+---------+----+---+----+-----+
    |bitselect_1ns_49ns_6ns_1_1_1_U85  |bitselect_1ns_49ns_6ns_1_1_1  |        0|   0|  0|  17|    0|
    +----------------------------------+------------------------------+---------+----+---+----+-----+
    |Total                             |                              |        0|   0|  0|  17|    0|
    +----------------------------------+------------------------------+---------+----+---+----+-----+

    * DSP: 
    N/A

    * Memory: 
    N/A

    * FIFO: 
    N/A

    * Expression: 
    +--------------------+----------+----+---+----+------------+------------+
    |    Variable Name   | Operation| DSP| FF| LUT| Bitwidth P0| Bitwidth P1|
    +--------------------+----------+----+---+----+------------+------------+
    |a_2_fu_84_p2        |         +|   0|  0|  13|           6|           1|
    |ap_condition_81     |       and|   0|  0|   2|           1|           1|
    |icmp_ln73_fu_78_p2  |      icmp|   0|  0|  13|           6|           5|
    +--------------------+----------+----+---+----+------------+------------+
    |Total               |          |   0|  0|  28|          13|           7|
    +--------------------+----------+----+---+----+------------+------------+

    * Multiplexer: 
    +---------------------------------------+----+-----------+-----+-----------+
    |                  Name                 | LUT| Input Size| Bits| Total Bits|
    +---------------------------------------+----+-----------+-----+-----------+
    |a_1_fu_40                              |   9|          2|    6|         12|
    |action_out                             |  14|          3|    6|         18|
    |ap_done_int                            |   9|          2|    1|          2|
    |ap_phi_mux_UnifiedRetVal_phi_fu_61_p4  |  14|          3|    1|          3|
    |ap_return                              |   9|          2|    1|          2|
    |ap_sig_allocacmp_action                |   9|          2|    6|         12|
    +---------------------------------------+----+-----------+-----+-----------+
    |Total                                  |  64|         14|   21|         49|
    +---------------------------------------+----+-----------+-----+-----------+

    * Register: 
    +----------------+---+----+-----+-----------+
    |      Name      | FF| LUT| Bits| Const Bits|
    +----------------+---+----+-----+-----------+
    |a_1_fu_40       |  6|   0|    6|          0|
    |ap_CS_fsm       |  1|   0|    1|          0|
    |ap_done_reg     |  1|   0|    1|          0|
    |ap_return_preg  |  1|   0|    1|          0|
    +----------------+---+----+-----+-----------+
    |Total           |  9|   0|    9|          0|
    +----------------+---+----+-----+-----------+



================================================================
== Interface
================================================================
* Summary: 
+-------------------+-----+-----+------------+----------------------------------+--------------+
|     RTL Ports     | Dir | Bits|  Protocol  |           Source Object          |    C Type    |
+-------------------+-----+-----+------------+----------------------------------+--------------+
|ap_clk             |   in|    1|  ap_ctrl_hs|  forward_Pipeline_VITIS_LOOP_73_1|  return value|
|ap_rst             |   in|    1|  ap_ctrl_hs|  forward_Pipeline_VITIS_LOOP_73_1|  return value|
|ap_start           |   in|    1|  ap_ctrl_hs|  forward_Pipeline_VITIS_LOOP_73_1|  return value|
|ap_done            |  out|    1|  ap_ctrl_hs|  forward_Pipeline_VITIS_LOOP_73_1|  return value|
|ap_idle            |  out|    1|  ap_ctrl_hs|  forward_Pipeline_VITIS_LOOP_73_1|  return value|
|ap_ready           |  out|    1|  ap_ctrl_hs|  forward_Pipeline_VITIS_LOOP_73_1|  return value|
|ap_return          |  out|    1|  ap_ctrl_hs|  forward_Pipeline_VITIS_LOOP_73_1|  return value|
|untried            |   in|   49|     ap_none|                           untried|        scalar|
|action_out         |  out|    6|      ap_vld|                        action_out|       pointer|
|action_out_ap_vld  |  out|    1|      ap_vld|                        action_out|       pointer|
+-------------------+-----+-----+------------+----------------------------------+--------------+

============================================================
+ Verbose Summary: Synthesis Manager
============================================================
InlineROM: 1
ExposeGlobal: 0
============================================================
+ Verbose Summary: CDFG Model
============================================================
IsTopModel: 0
ResetActiveHigh: 1
IsCombinational: 2
IsDatapathOnly: 2
HasWiredReturn: 1
HasMFsm: 2
HasVarLatency: 1
IsPipeline: 0
IsRtlPipelined: 0
IsInstanceOverlapped: 0
IsDontTouch: 0
HasImplIP: 0
IsGatedGlobalClock: 0

+ Individual pipeline summary: 
  * Pipeline-0: initiation interval (II) = 1, depth = 1


============================================================
+ Verbose Summary: Schedule
============================================================
* Number of FSM states : 1
* Pipeline : 1
  Pipeline-0 : II = 1, D = 1, States = { 1 }
* Dataflow Pipeline: 0

* FSM state transitions: 
1 --> 

* FSM state operations: 

State 1 <SV = 0> <Delay = 1.63>
ST_1 : Operation 4 [1/1] (0.00ns)   --->   "%a_1 = alloca i32 1" [MCTSSearcher.cpp:73->MCTSSearcher.cpp:58->MCTSSearcher.cpp:159]   --->   Operation 4 'alloca' 'a_1' <Predicate = true> <Delay = 0.00>
ST_1 : Operation 5 [1/1] (0.00ns)   --->   "%untried_read = read i49 @_ssdm_op_Read.ap_auto.i49, i49 %untried"   --->   Operation 5 'read' 'untried_read' <Predicate = true> <Delay = 0.00>
ST_1 : Operation 6 [1/1] (0.42ns)   --->   "%store_ln73 = store i6 0, i6 %a_1" [MCTSSearcher.cpp:73->MCTSSearcher.cpp:58->MCTSSearcher.cpp:159]   --->   Operation 6 'store' 'store_ln73' <Predicate = true> <Delay = 0.42>
ST_1 : Operation 7 [1/1] (0.00ns)   --->   "%br_ln0 = br void %for.body.i.i"   --->   Operation 7 'br' 'br_ln0' <Predicate = true> <Delay = 0.00>
ST_1 : Operation 8 [1/1] (0.00ns)   --->   "%action = load i6 %a_1" [MCTSSearcher.cpp:73->MCTSSearcher.cpp:58->MCTSSearcher.cpp:159]   --->   Operation 8 'load' 'action' <Predicate = true> <Delay = 0.00>
ST_1 : Operation 9 [1/1] (0.78ns)   --->   "%icmp_ln73 = icmp_eq  i6 %action, i6 49" [MCTSSearcher.cpp:73->MCTSSearcher.cpp:58->MCTSSearcher.cpp:159]   --->   Operation 9 'icmp' 'icmp_ln73' <Predicate = true> <Delay = 0.78> <CoreInst = "Cmp">   --->   Core 9 'Cmp' <Latency = 0> <II = 1> <Delay = 0.78> <FuncUnit> <Opcode : 'seteq' 'setne' 'setle' 'setge' 'setlt' 'setgt'> <InPorts = 2> <OutPorts = 1>
ST_1 : Operation 10 [1/1] (0.78ns)   --->   "%a_2 = add i6 %action, i6 1" [MCTSSearcher.cpp:73->MCTSSearcher.cpp:58->MCTSSearcher.cpp:159]   --->   Operation 10 'add' 'a_2' <Predicate = true> <Delay = 0.78> <CoreInst = "Adder">   --->   Core 1 'Adder' <Latency = 0> <II = 1> <Delay = 0.78> <FuncUnit> <Opcode : 'add' 'sub'> <InPorts = 2> <OutPorts = 1>
ST_1 : Operation 11 [1/1] (0.00ns)   --->   "%br_ln73 = br i1 %icmp_ln73, void %for.body.i.i.split, void %_ZN12MCTSSearcherILi5000EE6expandEi9GameState.exit.loopexit.exitStub" [MCTSSearcher.cpp:73->MCTSSearcher.cpp:58->MCTSSearcher.cpp:159]   --->   Operation 11 'br' 'br_ln73' <Predicate = true> <Delay = 0.00>
ST_1 : Operation 12 [1/1] (0.00ns)   --->   "%specpipeline_ln74 = specpipeline void @_ssdm_op_SpecPipeline, i32 1, i32 0, i32 0, i32 0, void @empty_0" [MCTSSearcher.cpp:74->MCTSSearcher.cpp:58->MCTSSearcher.cpp:159]   --->   Operation 12 'specpipeline' 'specpipeline_ln74' <Predicate = (!icmp_ln73)> <Delay = 0.00>
ST_1 : Operation 13 [1/1] (0.00ns)   --->   "%speclooptripcount_ln73 = speclooptripcount void @_ssdm_op_SpecLoopTripCount, i64 0, i64 49, i64 24" [MCTSSearcher.cpp:73->MCTSSearcher.cpp:58->MCTSSearcher.cpp:159]   --->   Operation 13 'speclooptripcount' 'speclooptripcount_ln73' <Predicate = (!icmp_ln73)> <Delay = 0.00>
ST_1 : Operation 14 [1/1] (0.00ns)   --->   "%specloopname_ln73 = specloopname void @_ssdm_op_SpecLoopName, void @empty" [MCTSSearcher.cpp:73->MCTSSearcher.cpp:58->MCTSSearcher.cpp:159]   --->   Operation 14 'specloopname' 'specloopname_ln73' <Predicate = (!icmp_ln73)> <Delay = 0.00>
ST_1 : Operation 15 [1/1] (0.65ns)   --->   "%tmp = bitselect i1 @_ssdm_op_BitSelect.i1.i49.i6, i49 %untried_read, i6 %action" [MCTSSearcher.cpp:77->MCTSSearcher.cpp:58->MCTSSearcher.cpp:159]   --->   Operation 15 'bitselect' 'tmp' <Predicate = (!icmp_ln73)> <Delay = 0.65> <CoreInst = "BitSelector">   --->   Core 153 'BitSelector' <Latency = 0> <II = 1> <Delay = 0.65> <FuncUnit> <Opcode : 'bitselect'> <InPorts = 2> <OutPorts = 1>
ST_1 : Operation 16 [1/1] (0.00ns)   --->   "%br_ln77 = br i1 %tmp, void %for.inc.i.i, void %if.end.i.i.exitStub" [MCTSSearcher.cpp:77->MCTSSearcher.cpp:58->MCTSSearcher.cpp:159]   --->   Operation 16 'br' 'br_ln77' <Predicate = (!icmp_ln73)> <Delay = 0.00>
ST_1 : Operation 17 [1/1] (0.42ns)   --->   "%store_ln73 = store i6 %a_2, i6 %a_1" [MCTSSearcher.cpp:73->MCTSSearcher.cpp:58->MCTSSearcher.cpp:159]   --->   Operation 17 'store' 'store_ln73' <Predicate = (!icmp_ln73 & !tmp)> <Delay = 0.42>
ST_1 : Operation 18 [1/1] (0.00ns)   --->   "%br_ln73 = br void %for.body.i.i" [MCTSSearcher.cpp:73->MCTSSearcher.cpp:58->MCTSSearcher.cpp:159]   --->   Operation 18 'br' 'br_ln73' <Predicate = (!icmp_ln73 & !tmp)> <Delay = 0.00>
ST_1 : Operation 19 [1/1] (0.00ns)   --->   "%write_ln73 = write void @_ssdm_op_Write.ap_auto.i6P0A, i6 %action_out, i6 %action" [MCTSSearcher.cpp:73->MCTSSearcher.cpp:58->MCTSSearcher.cpp:159]   --->   Operation 19 'write' 'write_ln73' <Predicate = (!icmp_ln73 & tmp)> <Delay = 0.00>
ST_1 : Operation 20 [1/1] (0.42ns)   --->   "%br_ln0 = br void %UnifiedReturnBlock"   --->   Operation 20 'br' 'br_ln0' <Predicate = (!icmp_ln73 & tmp)> <Delay = 0.42>
ST_1 : Operation 21 [1/1] (0.00ns)   --->   "%write_ln0 = write void @_ssdm_op_Write.ap_auto.i6P0A, i6 %action_out, i6 49"   --->   Operation 21 'write' 'write_ln0' <Predicate = (icmp_ln73)> <Delay = 0.00>
ST_1 : Operation 22 [1/1] (0.42ns)   --->   "%br_ln0 = br void %UnifiedReturnBlock"   --->   Operation 22 'br' 'br_ln0' <Predicate = (icmp_ln73)> <Delay = 0.42>
ST_1 : Operation 23 [1/1] (0.00ns) (grouped into LUT with out node ret_ln0)   --->   "%UnifiedRetVal = phi i1 1, void %_ZN12MCTSSearcherILi5000EE6expandEi9GameState.exit.loopexit.exitStub, i1 0, void %if.end.i.i.exitStub"   --->   Operation 23 'phi' 'UnifiedRetVal' <Predicate = (tmp) | (icmp_ln73)> <Delay = 0.00>
ST_1 : Operation 24 [1/1] (0.42ns) (out node of the LUT)   --->   "%ret_ln0 = ret i1 %UnifiedRetVal"   --->   Operation 24 'ret' 'ret_ln0' <Predicate = (tmp) | (icmp_ln73)> <Delay = 0.42>


============================================================
+ Verbose Summary: Binding
============================================================
STG Binding: 
---------------- STG Properties BEGIN ----------------
- Is combinational: 0
- Is one-state seq: 0
- Is datapath-only: 0
- Is pipelined: 0
- Is top level: 0
Port [ Return ] is wired: 1; IO mode=ap_ctrl_hs:ce=0
Port [ untried]:  wired=1; compound=0; hidden=0; nouse=0; global=0; static=0; extern=0; dir=0; type=0; pingpong=0; private_global=0; IO mode=ap_none:ce=0
Port [ action_out]:  wired=1; compound=0; hidden=0; nouse=0; global=0; static=0; extern=0; dir=1; type=0; pingpong=0; private_global=0; IO mode=ap_vld:ce=0
---------------- STG Properties END ------------------

---------------- Datapath Model BEGIN ----------------

<LifeTime>
<method=bitvector/>
a_1                    (alloca           ) [ 01]
untried_read           (read             ) [ 00]
store_ln73             (store            ) [ 00]
br_ln0                 (br               ) [ 00]
action                 (load             ) [ 00]
icmp_ln73              (icmp             ) [ 01]
a_2                    (add              ) [ 00]
br_ln73                (br               ) [ 00]
specpipeline_ln74      (specpipeline     ) [ 00]
speclooptripcount_ln73 (speclooptripcount) [ 00]
specloopname_ln73      (specloopname     ) [ 00]
tmp                    (bitselect        ) [ 01]
br_ln77                (br               ) [ 00]
store_ln73             (store            ) [ 00]
br_ln73                (br               ) [ 00]
write_ln73             (write            ) [ 00]
br_ln0                 (br               ) [ 00]
write_ln0              (write            ) [ 00]
br_ln0                 (br               ) [ 00]
UnifiedRetVal          (phi              ) [ 00]
ret_ln0                (ret              ) [ 00]
</LifeTime>

<model>

<comp_list>
<comp id="0" class="1000" name="untried">
<pin_list>
<pin id="1" dir="1" index="0" bw="1" slack="0"/>
</pin_list>
<bind>
<StgValue><ssdm name="untried"/></StgValue>
</bind>
</comp>

<comp id="2" class="1000" name="action_out">
<pin_list>
<pin id="3" dir="1" index="0" bw="1" slack="0"/>
</pin_list>
<bind>
<StgValue><ssdm name="action_out"/></StgValue>
</bind>
</comp>

<comp id="4" class="1001" name="const_4">
<pin_list>
<pin id="5" dir="1" index="0" bw="1" slack="0"/>
</pin_list>
<bind>
<StgValue><ssdm name=""/></StgValue>
</bind>
</comp>

<comp id="6" class="1001" name="const_6">
<pin_list>
<pin id="7" dir="1" index="0" bw="1" slack="0"/>
</pin_list>
<bind>
<StgValue><ssdm name="_ssdm_op_Read.ap_auto.i49"/></StgValue>
</bind>
</comp>

<comp id="8" class="1001" name="const_8">
<pin_list>
<pin id="9" dir="1" index="0" bw="1" slack="0"/>
</pin_list>
<bind>
<StgValue><ssdm name=""/></StgValue>
</bind>
</comp>

<comp id="10" class="1001" name="const_10">
<pin_list>
<pin id="11" dir="1" index="0" bw="1" slack="0"/>
</pin_list>
<bind>
<StgValue><ssdm name=""/></StgValue>
</bind>
</comp>

<comp id="12" class="1001" name="const_12">
<pin_list>
<pin id="13" dir="1" index="0" bw="1" slack="0"/>
</pin_list>
<bind>
<StgValue><ssdm name=""/></StgValue>
</bind>
</comp>

<comp id="14" class="1001" name="const_14">
<pin_list>
<pin id="15" dir="1" index="0" bw="1" slack="2147483647"/>
</pin_list>
<bind>
<StgValue><ssdm name="_ssdm_op_SpecPipeline"/></StgValue>
</bind>
</comp>

<comp id="16" class="1001" name="const_16">
<pin_list>
<pin id="17" dir="1" index="0" bw="1" slack="2147483647"/>
</pin_list>
<bind>
<StgValue><ssdm name=""/></StgValue>
</bind>
</comp>

<comp id="18" class="1001" name="const_18">
<pin_list>
<pin id="19" dir="1" index="0" bw="1" slack="2147483647"/>
</pin_list>
<bind>
<StgValue><ssdm name="empty_0"/></StgValue>
</bind>
</comp>

<comp id="20" class="1001" name="const_20">
<pin_list>
<pin id="21" dir="1" index="0" bw="1" slack="2147483647"/>
</pin_list>
<bind>
<StgValue><ssdm name="_ssdm_op_SpecLoopTripCount"/></StgValue>
</bind>
</comp>

<comp id="22" class="1001" name="const_22">
<pin_list>
<pin id="23" dir="1" index="0" bw="1" slack="2147483647"/>
</pin_list>
<bind>
<StgValue><ssdm name=""/></StgValue>
</bind>
</comp>

<comp id="24" class="1001" name="const_24">
<pin_list>
<pin id="25" dir="1" index="0" bw="1" slack="2147483647"/>
</pin_list>
<bind>
<StgValue><ssdm name=""/></StgValue>
</bind>
</comp>

<comp id="26" class="1001" name="const_26">
<pin_list>
<pin id="27" dir="1" index="0" bw="1" slack="2147483647"/>
</pin_list>
<bind>
<StgValue><ssdm name=""/></StgValue>
</bind>
</comp>

<comp id="28" class="1001" name="const_28">
<pin_list>
<pin id="29" dir="1" index="0" bw="1" slack="2147483647"/>
</pin_list>
<bind>
<StgValue><ssdm name="_ssdm_op_SpecLoopName"/></StgValue>
</bind>
</comp>

<comp id="30" class="1001" name="const_30">
<pin_list>
<pin id="31" dir="1" index="0" bw="1" slack="2147483647"/>
</pin_list>
<bind>
<StgValue><ssdm name="empty"/></StgValue>
</bind>
</comp>

<comp id="32" class="1001" name="const_32">
<pin_list>
<pin id="33" dir="1" index="0" bw="1" slack="0"/>
</pin_list>
<bind>
<StgValue><ssdm name="_ssdm_op_BitSelect.i1.i49.i6"/></StgValue>
</bind>
</comp>

<comp id="34" class="1001" name="const_34">
<pin_list>
<pin id="35" dir="1" index="0" bw="1" slack="0"/>
</pin_list>
<bind>
<StgValue><ssdm name="_ssdm_op_Write.ap_auto.i6P0A"/></StgValue>
</bind>
</comp>

<comp id="36" class="1001" name="const_36">
<pin_list>
<pin id="37" dir="1" index="0" bw="1" slack="0"/>
</pin_list>
<bind>
<StgValue><ssdm name=""/></StgValue>
</bind>
</comp>

<comp id="38" class="1001" name="const_38">
<pin_list>
<pin id="39" dir="1" index="0" bw="1" slack="0"/>
</pin_list>
<bind>
<StgValue><ssdm name=""/></StgValue>
</bind>
</comp>

<comp id="40" class="1004" name="a_1_fu_40">
<pin_list>
<pin id="41" dir="0" index="0" bw="1" slack="0"/>
<pin id="42" dir="1" index="1" bw="6" slack="0"/>
</pin_list>
<bind>
<opcode="alloca(26) " fcode="alloca"/>
<opset="a_1/1 "/>
</bind>
</comp>

<comp id="44" class="1004" name="untried_read_read_fu_44">
<pin_list>
<pin id="45" dir="0" index="0" bw="49" slack="0"/>
<pin id="46" dir="0" index="1" bw="49" slack="0"/>
<pin id="47" dir="1" index="2" bw="49" slack="0"/>
</pin_list>
<bind>
<opcode="read(1150) " fcode="read"/>
<opset="untried_read/1 "/>
</bind>
</comp>

<comp id="50" class="1004" name="grp_write_fu_50">
<pin_list>
<pin id="51" dir="0" index="0" bw="0" slack="0"/>
<pin id="52" dir="0" index="1" bw="6" slack="0"/>
<pin id="53" dir="0" index="2" bw="6" slack="0"/>
<pin id="54" dir="1" index="3" bw="0" slack="2147483647"/>
</pin_list>
<bind>
<opcode="write(1151) " fcode="write"/>
<opset="write_ln73/1 write_ln0/1 "/>
</bind>
</comp>

<comp id="58" class="1005" name="UnifiedRetVal_reg_58">
<pin_list>
<pin id="59" dir="0" index="0" bw="1" slack="2147483647"/>
<pin id="60" dir="1" index="1" bw="1" slack="2147483647"/>
</pin_list>
<bind>
<opset="UnifiedRetVal (phireg) "/>
</bind>
</comp>

<comp id="61" class="1004" name="UnifiedRetVal_phi_fu_61">
<pin_list>
<pin id="62" dir="0" index="0" bw="1" slack="0"/>
<pin id="63" dir="0" index="1" bw="0" slack="2147483647"/>
<pin id="64" dir="0" index="2" bw="1" slack="0"/>
<pin id="65" dir="0" index="3" bw="0" slack="2147483647"/>
<pin id="66" dir="1" index="4" bw="1" slack="2147483647"/>
</pin_list>
<bind>
<opcode="phi(47) " fcode="phi"/>
<opset="UnifiedRetVal/1 "/>
</bind>
</comp>

<comp id="69" class="1004" name="store_ln73_store_fu_69">
<pin_list>
<pin id="70" dir="0" index="0" bw="1" slack="0"/>
<pin id="71" dir="0" index="1" bw="6" slack="0"/>
<pin id="72" dir="1" index="2" bw="0" slack="2147483647"/>
</pin_list>
<bind>
<opcode="store(28) " fcode="store"/>
<opset="store_ln73/1 "/>
</bind>
</comp>

<comp id="74" class="1004" name="action_load_fu_74">
<pin_list>
<pin id="75" dir="0" index="0" bw="6" slack="0"/>
<pin id="76" dir="1" index="1" bw="6" slack="0"/>
</pin_list>
<bind>
<opcode="load(27) " fcode="load"/>
<opset="action/1 "/>
</bind>
</comp>

<comp id="78" class="1004" name="icmp_ln73_fu_78">
<pin_list>
<pin id="79" dir="0" index="0" bw="6" slack="0"/>
<pin id="80" dir="0" index="1" bw="6" slack="0"/>
<pin id="81" dir="1" index="2" bw="1" slack="2147483647"/>
</pin_list>
<bind>
<opcode="icmp(45) " fcode="icmp"/>
<opset="icmp_ln73/1 "/>
</bind>
</comp>

<comp id="84" class="1004" name="a_2_fu_84">
<pin_list>
<pin id="85" dir="0" index="0" bw="6" slack="0"/>
<pin id="86" dir="0" index="1" bw="1" slack="0"/>
<pin id="87" dir="1" index="2" bw="6" slack="0"/>
</pin_list>
<bind>
<opcode="add(8) " fcode="add"/>
<opset="a_2/1 "/>
</bind>
</comp>

<comp id="90" class="1004" name="tmp_fu_90">
<pin_list>
<pin id="91" dir="0" index="0" bw="1" slack="0"/>
<pin id="92" dir="0" index="1" bw="49" slack="0"/>
<pin id="93" dir="0" index="2" bw="6" slack="0"/>
<pin id="94" dir="1" index="3" bw="1" slack="2147483647"/>
</pin_list>
<bind>
<opcode="bitselect(1000) " fcode="bitselect"/>
<opset="tmp/1 "/>
</bind>
</comp>

<comp id="98" class="1004" name="store_ln73_store_fu_98">
<pin_list>
<pin id="99" dir="0" index="0" bw="6" slack="0"/>
<pin id="100" dir="0" index="1" bw="6" slack="0"/>
<pin id="101" dir="1" index="2" bw="0" slack="2147483647"/>
</pin_list>
<bind>
<opcode="store(28) " fcode="store"/>
<opset="store_ln73/1 "/>
</bind>
</comp>

<comp id="103" class="1005" name="a_1_reg_103">
<pin_list>
<pin id="104" dir="0" index="0" bw="6" slack="0"/>
<pin id="105" dir="1" index="1" bw="6" slack="0"/>
</pin_list>
<bind>
<opset="a_1 "/>
</bind>
</comp>

</comp_list>

<net_list>
<net id="43"><net_src comp="4" pin="0"/><net_sink comp="40" pin=0"/></net>

<net id="48"><net_src comp="6" pin="0"/><net_sink comp="44" pin=0"/></net>

<net id="49"><net_src comp="0" pin="0"/><net_sink comp="44" pin=1"/></net>

<net id="55"><net_src comp="34" pin="0"/><net_sink comp="50" pin=0"/></net>

<net id="56"><net_src comp="2" pin="0"/><net_sink comp="50" pin=1"/></net>

<net id="57"><net_src comp="10" pin="0"/><net_sink comp="50" pin=2"/></net>

<net id="67"><net_src comp="36" pin="0"/><net_sink comp="61" pin=0"/></net>

<net id="68"><net_src comp="38" pin="0"/><net_sink comp="61" pin=2"/></net>

<net id="73"><net_src comp="8" pin="0"/><net_sink comp="69" pin=0"/></net>

<net id="77"><net_src comp="74" pin="1"/><net_sink comp="50" pin=2"/></net>

<net id="82"><net_src comp="74" pin="1"/><net_sink comp="78" pin=0"/></net>

<net id="83"><net_src comp="10" pin="0"/><net_sink comp="78" pin=1"/></net>

<net id="88"><net_src comp="74" pin="1"/><net_sink comp="84" pin=0"/></net>

<net id="89"><net_src comp="12" pin="0"/><net_sink comp="84" pin=1"/></net>

<net id="95"><net_src comp="32" pin="0"/><net_sink comp="90" pin=0"/></net>

<net id="96"><net_src comp="44" pin="2"/><net_sink comp="90" pin=1"/></net>

<net id="97"><net_src comp="74" pin="1"/><net_sink comp="90" pin=2"/></net>

<net id="102"><net_src comp="84" pin="2"/><net_sink comp="98" pin=0"/></net>

<net id="106"><net_src comp="40" pin="1"/><net_sink comp="103" pin=0"/></net>

<net id="107"><net_src comp="103" pin="1"/><net_sink comp="69" pin=1"/></net>

<net id="108"><net_src comp="103" pin="1"/><net_sink comp="74" pin=0"/></net>

<net id="109"><net_src comp="103" pin="1"/><net_sink comp="98" pin=1"/></net>

</net_list>

</model> 
---------------- Datapath Model END ------------------

* FSMD analyzer results:
  - Output states:
	Port: action_out | {1 }
 - Input state : 
	Port: forward_Pipeline_VITIS_LOOP_73_1 : untried | {1 }
  - Chain level:
	State 1
		store_ln73 : 1
		action : 1
		icmp_ln73 : 2
		a_2 : 2
		br_ln73 : 3
		tmp : 2
		br_ln77 : 3
		store_ln73 : 3
		write_ln73 : 2
		UnifiedRetVal : 1
		ret_ln0 : 2


============================================================
+ Verbose Summary: Datapath Resource usage 
============================================================

* Functional unit list:
|----------|-------------------------|---------|---------|
| Operation|     Functional Unit     |    FF   |   LUT   |
|----------|-------------------------|---------|---------|
| bitselect|        tmp_fu_90        |    0    |    17   |
|----------|-------------------------|---------|---------|
|   icmp   |     icmp_ln73_fu_78     |    0    |    13   |
|----------|-------------------------|---------|---------|
|    add   |        a_2_fu_84        |    0    |    13   |
|----------|-------------------------|---------|---------|
|   read   | untried_read_read_fu_44 |    0    |    0    |
|----------|-------------------------|---------|---------|
|   write  |     grp_write_fu_50     |    0    |    0    |
|----------|-------------------------|---------|---------|
|   Total  |                         |    0    |    43   |
|----------|-------------------------|---------|---------|

Memories:
N/A

* Register list:
+--------------------+--------+
|                    |   FF   |
+--------------------+--------+
|UnifiedRetVal_reg_58|    1   |
|     a_1_reg_103    |    6   |
+--------------------+--------+
|        Total       |    7   |
+--------------------+--------+

* Multiplexer (MUX) list: 
|-----------------|------|------|------|--------||---------||---------||---------|
|       Comp      |  Pin | Size |  BW  | S x BW ||  Delay  ||    FF   ||   LUT   |
|-----------------|------|------|------|--------||---------||---------||---------|
| grp_write_fu_50 |  p2  |   2  |   6  |   12   ||    0    ||    9    |
|-----------------|------|------|------|--------||---------||---------||---------|
|      Total      |      |      |      |   12   ||  0.427  ||    0    ||    9    |
|-----------------|------|------|------|--------||---------||---------||---------|



* Summary:
+-----------+--------+--------+--------+
|           |  Delay |   FF   |   LUT  |
+-----------+--------+--------+--------+
|  Function |    -   |    0   |   43   |
|   Memory  |    -   |    -   |    -   |
|Multiplexer|    0   |    0   |    9   |
|  Register |    -   |    7   |    -   |
+-----------+--------+--------+--------+
|   Total   |    0   |    7   |   52   |
+-----------+--------+--------+--------+
