

================================================================
== Vitis HLS Report for 'forward_Pipeline_VITIS_LOOP_259_1'
================================================================
* Date:           Thu Apr 23 22:10:20 2026

* Version:        2025.1 (Build 6135595 on May 21 2025)
* Project:        mcts.prj
* Solution:       solution1 (Vivado IP Flow Target)
* Product family: zynquplus
* Target device:  xck26-sfvc784-2LV-c


================================================================
== Performance Estimates
================================================================
+ Timing: 
    * Summary: 
    +--------+----------+----------+------------+
    |  Clock |  Target  | Estimated| Uncertainty|
    +--------+----------+----------+------------+
    |ap_clk  |  10.00 ns|  6.171 ns|     2.70 ns|
    +--------+----------+----------+------------+

+ Latency: 
    * Summary: 
    +---------+---------+----------+----------+-----+-----+------------------------------------------------+
    |  Latency (cycles) |  Latency (absolute) |  Interval |                    Pipeline                    |
    |   min   |   max   |    min   |    max   | min | max |                      Type                      |
    +---------+---------+----------+----------+-----+-----+------------------------------------------------+
    |        ?|        ?|         ?|         ?|    0|    0|  loop auto-rewind stp (delay=0 clock cycles(s))|
    +---------+---------+----------+----------+-----+-----+------------------------------------------------+

    + Detail: 
        * Instance: 
        N/A

        * Loop: 
        +--------------------+---------+---------+----------+-----------+-----------+------+----------+
        |                    |  Latency (cycles) | Iteration|  Initiation Interval  | Trip |          |
        |      Loop Name     |   min   |   max   |  Latency |  achieved |   target  | Count| Pipelined|
        +--------------------+---------+---------+----------+-----------+-----------+------+----------+
        |- VITIS_LOOP_259_1  |        ?|        ?|        53|         30|          1|     ?|       yes|
        +--------------------+---------+---------+----------+-----------+-----------+------+----------+

============================================================
+ Verbose Summary: Synthesis Manager
============================================================
InlineROM: 1
ExposeGlobal: 0
============================================================
+ Verbose Summary: CDFG Model
============================================================
IsTopModel: 0
ResetActiveHigh: 1
IsCombinational: 0
IsDatapathOnly: 0
HasWiredReturn: 1
HasMFsm: 2
HasVarLatency: 1
IsPipeline: 0
IsRtlPipelined: 0
IsInstanceOverlapped: 0
IsDontTouch: 0
HasImplIP: 0
IsGatedGlobalClock: 0

+ Individual pipeline summary: 
  * Pipeline-0: initiation interval (II) = 30, depth = 53


============================================================
+ Verbose Summary: Schedule
============================================================
* Number of FSM states : 53
* Pipeline : 1
  Pipeline-0 : II = 30, D = 53, States = { 1 2 3 4 5 6 7 8 9 10 11 12 13 14 15 16 17 18 19 20 21 22 23 24 25 26 27 28 29 30 31 32 33 34 35 36 37 38 39 40 41 42 43 44 45 46 47 48 49 50 51 52 53 }
* Dataflow Pipeline: 0

* FSM state transitions: 
1 --> 2 
2 --> 3 
3 --> 4 
4 --> 5 
5 --> 6 
6 --> 7 
7 --> 8 
8 --> 9 
9 --> 10 
10 --> 11 
11 --> 12 
12 --> 13 
13 --> 14 
14 --> 15 
15 --> 16 
16 --> 17 
17 --> 18 
18 --> 19 
19 --> 20 
20 --> 21 
21 --> 22 
22 --> 23 
23 --> 24 
24 --> 25 
25 --> 26 
26 --> 27 
27 --> 28 
28 --> 29 
29 --> 30 
30 --> 31 
31 --> 32 
32 --> 33 
33 --> 34 
34 --> 35 
35 --> 36 
36 --> 37 
37 --> 38 
38 --> 39 
39 --> 40 
40 --> 41 
41 --> 42 
42 --> 43 
43 --> 44 
44 --> 45 
45 --> 46 
46 --> 47 
47 --> 48 
48 --> 49 
49 --> 50 
50 --> 51 
51 --> 52 
52 --> 53 
53 --> 

* FSM state operations: 

State 1 <SV = 0> <Delay = 1.66>
ST_1 : Operation 56 [1/1] (0.00ns)   --->   "%reuse_addr_reg11 = alloca i32 1"   --->   Operation 56 'alloca' 'reuse_addr_reg11' <Predicate = true> <Delay = 0.00>
ST_1 : Operation 57 [1/1] (0.00ns)   --->   "%reuse_reg10 = alloca i32 1"   --->   Operation 57 'alloca' 'reuse_reg10' <Predicate = true> <Delay = 0.00>
ST_1 : Operation 58 [1/1] (0.00ns)   --->   "%reuse_addr_reg = alloca i32 1"   --->   Operation 58 'alloca' 'reuse_addr_reg' <Predicate = true> <Delay = 0.00>
ST_1 : Operation 59 [1/1] (0.00ns)   --->   "%reuse_reg = alloca i32 1"   --->   Operation 59 'alloca' 'reuse_reg' <Predicate = true> <Delay = 0.00>
ST_1 : Operation 60 [1/1] (0.00ns)   --->   "%node = alloca i32 1" [MCTSSearcher.cpp:258->MCTSSearcher.cpp:177]   --->   Operation 60 'alloca' 'node' <Predicate = true> <Delay = 0.00>
ST_1 : Operation 61 [1/1] (0.00ns)   --->   "%conv7_i_i159_i_read = read i3 @_ssdm_op_Read.ap_auto.i3, i3 %conv7_i_i159_i"   --->   Operation 61 'read' 'conv7_i_i159_i_read' <Predicate = true> <Delay = 0.00>
ST_1 : Operation 62 [1/1] (0.00ns)   --->   "%visitCount_cast3_read = read i3 @_ssdm_op_Read.ap_auto.i3, i3 %visitCount_cast3"   --->   Operation 62 'read' 'visitCount_cast3_read' <Predicate = true> <Delay = 0.00>
ST_1 : Operation 63 [1/1] (0.00ns)   --->   "%zext_ln125_read = read i3 @_ssdm_op_Read.ap_auto.i3, i3 %zext_ln125"   --->   Operation 63 'read' 'zext_ln125_read' <Predicate = true> <Delay = 0.00>
ST_1 : Operation 64 [1/1] (0.00ns)   --->   "%reward_2_read = read i20 @_ssdm_op_Read.ap_auto.i20, i20 %reward_2"   --->   Operation 64 'read' 'reward_2_read' <Predicate = true> <Delay = 0.00>
ST_1 : Operation 65 [1/1] (0.00ns)   --->   "%node_2_read = read i32 @_ssdm_op_Read.ap_auto.i32, i32 %node_2"   --->   Operation 65 'read' 'node_2_read' <Predicate = true> <Delay = 0.00>
ST_1 : Operation 66 [1/1] (0.00ns)   --->   "%conv7_i_i159_i_cast = zext i3 %conv7_i_i159_i_read"   --->   Operation 66 'zext' 'conv7_i_i159_i_cast' <Predicate = true> <Delay = 0.00>
ST_1 : Operation 67 [1/1] (0.00ns)   --->   "%visitCount_cast3_cast = zext i3 %visitCount_cast3_read"   --->   Operation 67 'zext' 'visitCount_cast3_cast' <Predicate = true> <Delay = 0.00>
ST_1 : Operation 68 [1/1] (0.00ns)   --->   "%zext_ln125_cast = zext i3 %zext_ln125_read"   --->   Operation 68 'zext' 'zext_ln125_cast' <Predicate = true> <Delay = 0.00>
ST_1 : Operation 69 [1/1] (0.42ns)   --->   "%store_ln258 = store i32 %node_2_read, i32 %node" [MCTSSearcher.cpp:258->MCTSSearcher.cpp:177]   --->   Operation 69 'store' 'store_ln258' <Predicate = true> <Delay = 0.42>
ST_1 : Operation 70 [1/1] (0.42ns)   --->   "%store_ln0 = store i20 0, i20 %reuse_reg"   --->   Operation 70 'store' 'store_ln0' <Predicate = true> <Delay = 0.42>
ST_1 : Operation 71 [1/1] (0.42ns)   --->   "%store_ln0 = store i64 18446744073709551615, i64 %reuse_addr_reg"   --->   Operation 71 'store' 'store_ln0' <Predicate = true> <Delay = 0.42>
ST_1 : Operation 72 [1/1] (0.42ns)   --->   "%store_ln0 = store i32 0, i32 %reuse_reg10"   --->   Operation 72 'store' 'store_ln0' <Predicate = true> <Delay = 0.42>
ST_1 : Operation 73 [1/1] (0.42ns)   --->   "%store_ln0 = store i64 18446744073709551615, i64 %reuse_addr_reg11"   --->   Operation 73 'store' 'store_ln0' <Predicate = true> <Delay = 0.42>
ST_1 : Operation 74 [1/1] (0.00ns)   --->   "%br_ln0 = br void %while.cond.i"   --->   Operation 74 'br' 'br_ln0' <Predicate = true> <Delay = 0.00>
ST_1 : Operation 75 [1/1] (0.00ns)   --->   "%node_1 = load i32 %node" [MCTSSearcher.cpp:260->MCTSSearcher.cpp:177]   --->   Operation 75 'load' 'node_1' <Predicate = true> <Delay = 0.00>
ST_1 : Operation 76 [1/1] (1.01ns)   --->   "%icmp_ln259 = icmp_eq  i32 %node_1, i32 4294967295" [MCTSSearcher.cpp:259->MCTSSearcher.cpp:177]   --->   Operation 76 'icmp' 'icmp_ln259' <Predicate = true> <Delay = 1.01> <CoreInst = "Cmp">   --->   Core 9 'Cmp' <Latency = 0> <II = 1> <Delay = 1.01> <FuncUnit> <Opcode : 'seteq' 'setne' 'setle' 'setge' 'setlt' 'setgt'> <InPorts = 2> <OutPorts = 1>
ST_1 : Operation 77 [1/1] (0.00ns)   --->   "%br_ln259 = br i1 %icmp_ln259, void %while.body.i, void %_ZN12MCTSSearcherILi5000EE6backupE8ap_fixedILi20ELi5EL9ap_q_mode5EL9ap_o_mode3ELi0EEii.exit.exitStub" [MCTSSearcher.cpp:259->MCTSSearcher.cpp:177]   --->   Operation 77 'br' 'br_ln259' <Predicate = true> <Delay = 0.00>
ST_1 : Operation 78 [1/1] (0.00ns)   --->   "%zext_ln260 = zext i32 %node_1" [MCTSSearcher.cpp:260->MCTSSearcher.cpp:177]   --->   Operation 78 'zext' 'zext_ln260' <Predicate = (!icmp_ln259)> <Delay = 0.00>
ST_1 : Operation 79 [1/1] (0.00ns)   --->   "%this_parents_addr = getelementptr i32 %this_parents, i64 0, i64 %zext_ln260" [MCTSSearcher.cpp:260->MCTSSearcher.cpp:177]   --->   Operation 79 'getelementptr' 'this_parents_addr' <Predicate = (!icmp_ln259)> <Delay = 0.00>
ST_1 : Operation 80 [2/2] (1.23ns)   --->   "%node_3 = load i13 %this_parents_addr" [MCTSSearcher.cpp:260->MCTSSearcher.cpp:177]   --->   Operation 80 'load' 'node_3' <Predicate = (!icmp_ln259)> <Delay = 1.23> <CoreInst = "RAM">   --->   Core 82 'RAM' <Latency = 1> <II = 1> <Delay = 1.23> <Storage> <Opcode : 'load' 'store'> <Ports = 2> <Width = 32> <Depth = 5100> <RAM>
ST_1 : Operation 81 [1/1] (0.00ns)   --->   "%this_isREDs_addr = getelementptr i1 %this_isREDs, i64 0, i64 %zext_ln260" [MCTSSearcher.cpp:263->MCTSSearcher.cpp:177]   --->   Operation 81 'getelementptr' 'this_isREDs_addr' <Predicate = (!icmp_ln259)> <Delay = 0.00>
ST_1 : Operation 82 [2/2] (1.23ns)   --->   "%this_isREDs_load = load i13 %this_isREDs_addr" [MCTSSearcher.cpp:263->MCTSSearcher.cpp:177]   --->   Operation 82 'load' 'this_isREDs_load' <Predicate = (!icmp_ln259)> <Delay = 1.23> <CoreInst = "RAM">   --->   Core 82 'RAM' <Latency = 1> <II = 1> <Delay = 1.23> <Storage> <Opcode : 'load' 'store'> <Ports = 2> <Width = 1> <Depth = 5100> <RAM>
ST_1 : Operation 83 [1/1] (0.00ns)   --->   "%this_visitCounts_addr = getelementptr i32 %this_visitCounts, i64 0, i64 %zext_ln260" [MCTSSearcher.cpp:269->MCTSSearcher.cpp:177]   --->   Operation 83 'getelementptr' 'this_visitCounts_addr' <Predicate = (!icmp_ln259)> <Delay = 0.00>
ST_1 : Operation 84 [2/2] (1.23ns)   --->   "%this_visitCounts_load = load i13 %this_visitCounts_addr" [MCTSSearcher.cpp:269->MCTSSearcher.cpp:177]   --->   Operation 84 'load' 'this_visitCounts_load' <Predicate = (!icmp_ln259)> <Delay = 1.23> <CoreInst = "RAM">   --->   Core 82 'RAM' <Latency = 1> <II = 1> <Delay = 1.23> <Storage> <Opcode : 'load' 'store'> <Ports = 2> <Width = 32> <Depth = 5100> <RAM>
ST_1 : Operation 85 [1/1] (0.00ns)   --->   "%this_meanQ_addr = getelementptr i20 %this_meanQ, i64 0, i64 %zext_ln260" [MCTSSearcher.cpp:270->MCTSSearcher.cpp:177]   --->   Operation 85 'getelementptr' 'this_meanQ_addr' <Predicate = (!icmp_ln259)> <Delay = 0.00>
ST_1 : Operation 86 [2/2] (1.23ns)   --->   "%this_meanQ_load = load i13 %this_meanQ_addr" [MCTSSearcher.cpp:270->MCTSSearcher.cpp:177]   --->   Operation 86 'load' 'this_meanQ_load' <Predicate = (!icmp_ln259)> <Delay = 1.23> <CoreInst = "RAM">   --->   Core 82 'RAM' <Latency = 1> <II = 1> <Delay = 1.23> <Storage> <Opcode : 'load' 'store'> <Ports = 2> <Width = 20> <Depth = 5100> <RAM>

State 2 <SV = 1> <Delay = 6.17>
ST_2 : Operation 87 [1/1] (0.00ns)   --->   "%specpipeline_ln260 = specpipeline void @_ssdm_op_SpecPipeline, i32 4294967295, i32 0, i32 0, i32 0, void @empty_0" [MCTSSearcher.cpp:260->MCTSSearcher.cpp:177]   --->   Operation 87 'specpipeline' 'specpipeline_ln260' <Predicate = (!icmp_ln259)> <Delay = 0.00>
ST_2 : Operation 88 [1/1] (0.00ns)   --->   "%specloopname_ln259 = specloopname void @_ssdm_op_SpecLoopName, void @empty_5" [MCTSSearcher.cpp:259->MCTSSearcher.cpp:177]   --->   Operation 88 'specloopname' 'specloopname_ln259' <Predicate = (!icmp_ln259)> <Delay = 0.00>
ST_2 : Operation 89 [1/2] ( I:1.23ns O:1.23ns )   --->   "%node_3 = load i13 %this_parents_addr" [MCTSSearcher.cpp:260->MCTSSearcher.cpp:177]   --->   Operation 89 'load' 'node_3' <Predicate = (!icmp_ln259)> <Delay = 1.23> <CoreInst = "RAM">   --->   Core 82 'RAM' <Latency = 1> <II = 1> <Delay = 1.23> <Storage> <Opcode : 'load' 'store'> <Ports = 2> <Width = 32> <Depth = 5100> <RAM>
ST_2 : Operation 90 [1/2] ( I:1.23ns O:1.23ns )   --->   "%this_isREDs_load = load i13 %this_isREDs_addr" [MCTSSearcher.cpp:263->MCTSSearcher.cpp:177]   --->   Operation 90 'load' 'this_isREDs_load' <Predicate = (!icmp_ln259)> <Delay = 1.23> <CoreInst = "RAM">   --->   Core 82 'RAM' <Latency = 1> <II = 1> <Delay = 1.23> <Storage> <Opcode : 'load' 'store'> <Ports = 2> <Width = 1> <Depth = 5100> <RAM>
ST_2 : Operation 91 [1/1] (0.42ns)   --->   "%br_ln263 = br i1 %this_isREDs_load, void %if.end.i67, void %if.else.i" [MCTSSearcher.cpp:263->MCTSSearcher.cpp:177]   --->   Operation 91 'br' 'br_ln263' <Predicate = (!icmp_ln259)> <Delay = 0.42>
ST_2 : Operation 92 [24/24] (1.51ns)   --->   "%sdiv_ln266 = sdiv i20 %reward_2_read, i20 %conv7_i_i159_i_cast" [MCTSSearcher.cpp:266->MCTSSearcher.cpp:177]   --->   Operation 92 'sdiv' 'sdiv_ln266' <Predicate = (!icmp_ln259 & this_isREDs_load)> <Delay = 1.51> <CoreInst = "Divider">   --->   Core 6 'Divider' <Latency = 23> <II = 1> <Delay = 1.51> <FuncUnit> <Opcode : 'udiv' 'sdiv' 'urem' 'srem'> <InPorts = 2> <OutPorts = 1>
ST_2 : Operation 93 [1/1] (0.42ns)   --->   "%br_ln0 = br void %if.end.i67"   --->   Operation 93 'br' 'br_ln0' <Predicate = (!icmp_ln259 & this_isREDs_load)> <Delay = 0.42>
ST_2 : Operation 94 [1/1] (0.00ns)   --->   "%reuse_reg10_load = load i32 %reuse_reg10"   --->   Operation 94 'load' 'reuse_reg10_load' <Predicate = (!icmp_ln259)> <Delay = 0.00>
ST_2 : Operation 95 [1/1] (0.00ns)   --->   "%reuse_addr_reg11_load = load i64 %reuse_addr_reg11"   --->   Operation 95 'load' 'reuse_addr_reg11_load' <Predicate = (!icmp_ln259)> <Delay = 0.00>
ST_2 : Operation 96 [1/2] ( I:1.23ns O:1.23ns )   --->   "%this_visitCounts_load = load i13 %this_visitCounts_addr" [MCTSSearcher.cpp:269->MCTSSearcher.cpp:177]   --->   Operation 96 'load' 'this_visitCounts_load' <Predicate = (!icmp_ln259)> <Delay = 1.23> <CoreInst = "RAM">   --->   Core 82 'RAM' <Latency = 1> <II = 1> <Delay = 1.23> <Storage> <Opcode : 'load' 'store'> <Ports = 2> <Width = 32> <Depth = 5100> <RAM>
ST_2 : Operation 97 [1/1] (1.08ns)   --->   "%addr_cmp14 = icmp_eq  i64 %reuse_addr_reg11_load, i64 %zext_ln260" [MCTSSearcher.cpp:260->MCTSSearcher.cpp:177]   --->   Operation 97 'icmp' 'addr_cmp14' <Predicate = (!icmp_ln259)> <Delay = 1.08> <CoreInst = "Cmp">   --->   Core 9 'Cmp' <Latency = 0> <II = 1> <Delay = 1.08> <FuncUnit> <Opcode : 'seteq' 'setne' 'setle' 'setge' 'setlt' 'setgt'> <InPorts = 2> <OutPorts = 1>
ST_2 : Operation 98 [1/1] (0.44ns)   --->   "%reuse_select15 = select i1 %addr_cmp14, i32 %reuse_reg10_load, i32 %this_visitCounts_load" [MCTSSearcher.cpp:260->MCTSSearcher.cpp:177]   --->   Operation 98 'select' 'reuse_select15' <Predicate = (!icmp_ln259)> <Delay = 0.44> <CoreInst = "Sel">   --->   Core 73 'Sel' <Latency = 0> <II = 1> <Delay = 0.44> <FuncUnit> <Opcode : 'select'> <InPorts = 3> <OutPorts = 1>
ST_2 : Operation 99 [1/1] (1.01ns)   --->   "%add_ln269 = add i32 %reuse_select15, i32 %zext_ln125_cast" [MCTSSearcher.cpp:269->MCTSSearcher.cpp:177]   --->   Operation 99 'add' 'add_ln269' <Predicate = (!icmp_ln259)> <Delay = 1.01> <CoreInst = "Adder">   --->   Core 1 'Adder' <Latency = 0> <II = 1> <Delay = 1.01> <FuncUnit> <Opcode : 'add' 'sub'> <InPorts = 2> <OutPorts = 1>
ST_2 : Operation 100 [1/1] ( I:1.23ns O:1.23ns )   --->   "%store_ln269 = store i32 %add_ln269, i13 %this_visitCounts_addr" [MCTSSearcher.cpp:269->MCTSSearcher.cpp:177]   --->   Operation 100 'store' 'store_ln269' <Predicate = (!icmp_ln259)> <Delay = 1.23> <CoreInst = "RAM">   --->   Core 82 'RAM' <Latency = 1> <II = 1> <Delay = 1.23> <Storage> <Opcode : 'load' 'store'> <Ports = 2> <Width = 32> <Depth = 5100> <RAM>
ST_2 : Operation 101 [1/1] (0.42ns)   --->   "%store_ln269 = store i32 %add_ln269, i32 %reuse_reg10" [MCTSSearcher.cpp:269->MCTSSearcher.cpp:177]   --->   Operation 101 'store' 'store_ln269' <Predicate = (!icmp_ln259)> <Delay = 0.42>
ST_2 : Operation 102 [1/1] (0.42ns)   --->   "%store_ln260 = store i64 %zext_ln260, i64 %reuse_addr_reg11" [MCTSSearcher.cpp:260->MCTSSearcher.cpp:177]   --->   Operation 102 'store' 'store_ln260' <Predicate = (!icmp_ln259)> <Delay = 0.42>
ST_2 : Operation 103 [1/2] ( I:1.23ns O:1.23ns )   --->   "%this_meanQ_load = load i13 %this_meanQ_addr" [MCTSSearcher.cpp:270->MCTSSearcher.cpp:177]   --->   Operation 103 'load' 'this_meanQ_load' <Predicate = (!icmp_ln259)> <Delay = 1.23> <CoreInst = "RAM">   --->   Core 82 'RAM' <Latency = 1> <II = 1> <Delay = 1.23> <Storage> <Opcode : 'load' 'store'> <Ports = 2> <Width = 20> <Depth = 5100> <RAM>
ST_2 : Operation 104 [1/1] (0.00ns)   --->   "%x = shl i32 %add_ln269, i32 16" [MCTSSearcher.cpp:272->MCTSSearcher.cpp:177]   --->   Operation 104 'shl' 'x' <Predicate = (!icmp_ln259)> <Delay = 0.00>
ST_2 : Operation 105 [6/6] (3.46ns)   --->   "%ref_tmp20_i = call i32 @log<32, 16>, i32 %x, i6 %log_apfixed_reduce_log_inverse_lut_table_array, i22 %log_apfixed_reduce_log0_lut_table_ap_fixed_0_5_64_array, i18 %log_apfixed_reduce_log_lut_table_ap_fixed_4_4_16_array" [/scratch/Xilinx/2025.1/Vitis/common/technology/autopilot/hls_math.h:1196->./mcts_types.h:15->MCTSSearcher.cpp:272->MCTSSearcher.cpp:177]   --->   Operation 105 'call' 'ref_tmp20_i' <Predicate = (!icmp_ln259)> <Delay = 3.46> <CoreType = "Generic">   --->   Generic Core
ST_2 : Operation 106 [1/1] (0.42ns)   --->   "%store_ln258 = store i32 %node_3, i32 %node" [MCTSSearcher.cpp:258->MCTSSearcher.cpp:177]   --->   Operation 106 'store' 'store_ln258' <Predicate = (!icmp_ln259)> <Delay = 0.42>

State 3 <SV = 2> <Delay = 5.07>
ST_3 : Operation 107 [23/24] (1.51ns)   --->   "%sdiv_ln266 = sdiv i20 %reward_2_read, i20 %conv7_i_i159_i_cast" [MCTSSearcher.cpp:266->MCTSSearcher.cpp:177]   --->   Operation 107 'sdiv' 'sdiv_ln266' <Predicate = (!icmp_ln259 & this_isREDs_load)> <Delay = 1.51> <CoreInst = "Divider">   --->   Core 6 'Divider' <Latency = 23> <II = 1> <Delay = 1.51> <FuncUnit> <Opcode : 'udiv' 'sdiv' 'urem' 'srem'> <InPorts = 2> <OutPorts = 1>
ST_3 : Operation 108 [5/6] (5.07ns)   --->   "%ref_tmp20_i = call i32 @log<32, 16>, i32 %x, i6 %log_apfixed_reduce_log_inverse_lut_table_array, i22 %log_apfixed_reduce_log0_lut_table_ap_fixed_0_5_64_array, i18 %log_apfixed_reduce_log_lut_table_ap_fixed_4_4_16_array" [/scratch/Xilinx/2025.1/Vitis/common/technology/autopilot/hls_math.h:1196->./mcts_types.h:15->MCTSSearcher.cpp:272->MCTSSearcher.cpp:177]   --->   Operation 108 'call' 'ref_tmp20_i' <Predicate = (!icmp_ln259)> <Delay = 5.07> <CoreType = "Generic">   --->   Generic Core

State 4 <SV = 3> <Delay = 5.07>
ST_4 : Operation 109 [22/24] (1.51ns)   --->   "%sdiv_ln266 = sdiv i20 %reward_2_read, i20 %conv7_i_i159_i_cast" [MCTSSearcher.cpp:266->MCTSSearcher.cpp:177]   --->   Operation 109 'sdiv' 'sdiv_ln266' <Predicate = (!icmp_ln259 & this_isREDs_load)> <Delay = 1.51> <CoreInst = "Divider">   --->   Core 6 'Divider' <Latency = 23> <II = 1> <Delay = 1.51> <FuncUnit> <Opcode : 'udiv' 'sdiv' 'urem' 'srem'> <InPorts = 2> <OutPorts = 1>
ST_4 : Operation 110 [4/6] (5.07ns)   --->   "%ref_tmp20_i = call i32 @log<32, 16>, i32 %x, i6 %log_apfixed_reduce_log_inverse_lut_table_array, i22 %log_apfixed_reduce_log0_lut_table_ap_fixed_0_5_64_array, i18 %log_apfixed_reduce_log_lut_table_ap_fixed_4_4_16_array" [/scratch/Xilinx/2025.1/Vitis/common/technology/autopilot/hls_math.h:1196->./mcts_types.h:15->MCTSSearcher.cpp:272->MCTSSearcher.cpp:177]   --->   Operation 110 'call' 'ref_tmp20_i' <Predicate = (!icmp_ln259)> <Delay = 5.07> <CoreType = "Generic">   --->   Generic Core

State 5 <SV = 4> <Delay = 5.07>
ST_5 : Operation 111 [21/24] (1.51ns)   --->   "%sdiv_ln266 = sdiv i20 %reward_2_read, i20 %conv7_i_i159_i_cast" [MCTSSearcher.cpp:266->MCTSSearcher.cpp:177]   --->   Operation 111 'sdiv' 'sdiv_ln266' <Predicate = (!icmp_ln259 & this_isREDs_load)> <Delay = 1.51> <CoreInst = "Divider">   --->   Core 6 'Divider' <Latency = 23> <II = 1> <Delay = 1.51> <FuncUnit> <Opcode : 'udiv' 'sdiv' 'urem' 'srem'> <InPorts = 2> <OutPorts = 1>
ST_5 : Operation 112 [3/6] (5.07ns)   --->   "%ref_tmp20_i = call i32 @log<32, 16>, i32 %x, i6 %log_apfixed_reduce_log_inverse_lut_table_array, i22 %log_apfixed_reduce_log0_lut_table_ap_fixed_0_5_64_array, i18 %log_apfixed_reduce_log_lut_table_ap_fixed_4_4_16_array" [/scratch/Xilinx/2025.1/Vitis/common/technology/autopilot/hls_math.h:1196->./mcts_types.h:15->MCTSSearcher.cpp:272->MCTSSearcher.cpp:177]   --->   Operation 112 'call' 'ref_tmp20_i' <Predicate = (!icmp_ln259)> <Delay = 5.07> <CoreType = "Generic">   --->   Generic Core

State 6 <SV = 5> <Delay = 5.07>
ST_6 : Operation 113 [20/24] (1.51ns)   --->   "%sdiv_ln266 = sdiv i20 %reward_2_read, i20 %conv7_i_i159_i_cast" [MCTSSearcher.cpp:266->MCTSSearcher.cpp:177]   --->   Operation 113 'sdiv' 'sdiv_ln266' <Predicate = (!icmp_ln259 & this_isREDs_load)> <Delay = 1.51> <CoreInst = "Divider">   --->   Core 6 'Divider' <Latency = 23> <II = 1> <Delay = 1.51> <FuncUnit> <Opcode : 'udiv' 'sdiv' 'urem' 'srem'> <InPorts = 2> <OutPorts = 1>
ST_6 : Operation 114 [2/6] (5.07ns)   --->   "%ref_tmp20_i = call i32 @log<32, 16>, i32 %x, i6 %log_apfixed_reduce_log_inverse_lut_table_array, i22 %log_apfixed_reduce_log0_lut_table_ap_fixed_0_5_64_array, i18 %log_apfixed_reduce_log_lut_table_ap_fixed_4_4_16_array" [/scratch/Xilinx/2025.1/Vitis/common/technology/autopilot/hls_math.h:1196->./mcts_types.h:15->MCTSSearcher.cpp:272->MCTSSearcher.cpp:177]   --->   Operation 114 'call' 'ref_tmp20_i' <Predicate = (!icmp_ln259)> <Delay = 5.07> <CoreType = "Generic">   --->   Generic Core

State 7 <SV = 6> <Delay = 6.12>
ST_7 : Operation 115 [19/24] (1.51ns)   --->   "%sdiv_ln266 = sdiv i20 %reward_2_read, i20 %conv7_i_i159_i_cast" [MCTSSearcher.cpp:266->MCTSSearcher.cpp:177]   --->   Operation 115 'sdiv' 'sdiv_ln266' <Predicate = (!icmp_ln259 & this_isREDs_load)> <Delay = 1.51> <CoreInst = "Divider">   --->   Core 6 'Divider' <Latency = 23> <II = 1> <Delay = 1.51> <FuncUnit> <Opcode : 'udiv' 'sdiv' 'urem' 'srem'> <InPorts = 2> <OutPorts = 1>
ST_7 : Operation 116 [1/6] (6.12ns)   --->   "%ref_tmp20_i = call i32 @log<32, 16>, i32 %x, i6 %log_apfixed_reduce_log_inverse_lut_table_array, i22 %log_apfixed_reduce_log0_lut_table_ap_fixed_0_5_64_array, i18 %log_apfixed_reduce_log_lut_table_ap_fixed_4_4_16_array" [/scratch/Xilinx/2025.1/Vitis/common/technology/autopilot/hls_math.h:1196->./mcts_types.h:15->MCTSSearcher.cpp:272->MCTSSearcher.cpp:177]   --->   Operation 116 'call' 'ref_tmp20_i' <Predicate = (!icmp_ln259)> <Delay = 6.12> <CoreType = "Generic">   --->   Generic Core

State 8 <SV = 7> <Delay = 1.51>
ST_8 : Operation 117 [18/24] (1.51ns)   --->   "%sdiv_ln266 = sdiv i20 %reward_2_read, i20 %conv7_i_i159_i_cast" [MCTSSearcher.cpp:266->MCTSSearcher.cpp:177]   --->   Operation 117 'sdiv' 'sdiv_ln266' <Predicate = (!icmp_ln259 & this_isREDs_load)> <Delay = 1.51> <CoreInst = "Divider">   --->   Core 6 'Divider' <Latency = 23> <II = 1> <Delay = 1.51> <FuncUnit> <Opcode : 'udiv' 'sdiv' 'urem' 'srem'> <InPorts = 2> <OutPorts = 1>
ST_8 : Operation 118 [1/1] (0.00ns)   --->   "%reuse_addr_reg_load = load i64 %reuse_addr_reg"   --->   Operation 118 'load' 'reuse_addr_reg_load' <Predicate = (!icmp_ln259)> <Delay = 0.00>
ST_8 : Operation 119 [1/1] (1.08ns)   --->   "%addr_cmp = icmp_eq  i64 %reuse_addr_reg_load, i64 %zext_ln260" [MCTSSearcher.cpp:260->MCTSSearcher.cpp:177]   --->   Operation 119 'icmp' 'addr_cmp' <Predicate = (!icmp_ln259)> <Delay = 1.08> <CoreInst = "Cmp">   --->   Core 9 'Cmp' <Latency = 0> <II = 1> <Delay = 1.08> <FuncUnit> <Opcode : 'seteq' 'setne' 'setle' 'setge' 'setlt' 'setgt'> <InPorts = 2> <OutPorts = 1>
ST_8 : Operation 120 [1/1] (0.42ns)   --->   "%store_ln260 = store i64 %zext_ln260, i64 %reuse_addr_reg" [MCTSSearcher.cpp:260->MCTSSearcher.cpp:177]   --->   Operation 120 'store' 'store_ln260' <Predicate = (!icmp_ln259)> <Delay = 0.42>
ST_8 : Operation 121 [1/1] (0.00ns)   --->   "%this_logVisitCounts_addr = getelementptr i32 %this_logVisitCounts, i64 0, i64 %zext_ln260" [MCTSSearcher.cpp:272->MCTSSearcher.cpp:177]   --->   Operation 121 'getelementptr' 'this_logVisitCounts_addr' <Predicate = (!icmp_ln259)> <Delay = 0.00>
ST_8 : Operation 122 [1/1] ( I:1.23ns O:1.23ns )   --->   "%store_ln272 = store i32 %ref_tmp20_i, i13 %this_logVisitCounts_addr" [MCTSSearcher.cpp:272->MCTSSearcher.cpp:177]   --->   Operation 122 'store' 'store_ln272' <Predicate = (!icmp_ln259)> <Delay = 1.23> <CoreInst = "RAM">   --->   Core 82 'RAM' <Latency = 1> <II = 1> <Delay = 1.23> <Storage> <Opcode : 'load' 'store'> <Ports = 2> <Width = 32> <Depth = 5100> <RAM>

State 9 <SV = 8> <Delay = 1.51>
ST_9 : Operation 123 [17/24] (1.51ns)   --->   "%sdiv_ln266 = sdiv i20 %reward_2_read, i20 %conv7_i_i159_i_cast" [MCTSSearcher.cpp:266->MCTSSearcher.cpp:177]   --->   Operation 123 'sdiv' 'sdiv_ln266' <Predicate = (!icmp_ln259 & this_isREDs_load)> <Delay = 1.51> <CoreInst = "Divider">   --->   Core 6 'Divider' <Latency = 23> <II = 1> <Delay = 1.51> <FuncUnit> <Opcode : 'udiv' 'sdiv' 'urem' 'srem'> <InPorts = 2> <OutPorts = 1>

State 10 <SV = 9> <Delay = 1.51>
ST_10 : Operation 124 [16/24] (1.51ns)   --->   "%sdiv_ln266 = sdiv i20 %reward_2_read, i20 %conv7_i_i159_i_cast" [MCTSSearcher.cpp:266->MCTSSearcher.cpp:177]   --->   Operation 124 'sdiv' 'sdiv_ln266' <Predicate = (!icmp_ln259 & this_isREDs_load)> <Delay = 1.51> <CoreInst = "Divider">   --->   Core 6 'Divider' <Latency = 23> <II = 1> <Delay = 1.51> <FuncUnit> <Opcode : 'udiv' 'sdiv' 'urem' 'srem'> <InPorts = 2> <OutPorts = 1>

State 11 <SV = 10> <Delay = 1.51>
ST_11 : Operation 125 [15/24] (1.51ns)   --->   "%sdiv_ln266 = sdiv i20 %reward_2_read, i20 %conv7_i_i159_i_cast" [MCTSSearcher.cpp:266->MCTSSearcher.cpp:177]   --->   Operation 125 'sdiv' 'sdiv_ln266' <Predicate = (!icmp_ln259 & this_isREDs_load)> <Delay = 1.51> <CoreInst = "Divider">   --->   Core 6 'Divider' <Latency = 23> <II = 1> <Delay = 1.51> <FuncUnit> <Opcode : 'udiv' 'sdiv' 'urem' 'srem'> <InPorts = 2> <OutPorts = 1>

State 12 <SV = 11> <Delay = 1.51>
ST_12 : Operation 126 [14/24] (1.51ns)   --->   "%sdiv_ln266 = sdiv i20 %reward_2_read, i20 %conv7_i_i159_i_cast" [MCTSSearcher.cpp:266->MCTSSearcher.cpp:177]   --->   Operation 126 'sdiv' 'sdiv_ln266' <Predicate = (!icmp_ln259 & this_isREDs_load)> <Delay = 1.51> <CoreInst = "Divider">   --->   Core 6 'Divider' <Latency = 23> <II = 1> <Delay = 1.51> <FuncUnit> <Opcode : 'udiv' 'sdiv' 'urem' 'srem'> <InPorts = 2> <OutPorts = 1>

State 13 <SV = 12> <Delay = 1.51>
ST_13 : Operation 127 [13/24] (1.51ns)   --->   "%sdiv_ln266 = sdiv i20 %reward_2_read, i20 %conv7_i_i159_i_cast" [MCTSSearcher.cpp:266->MCTSSearcher.cpp:177]   --->   Operation 127 'sdiv' 'sdiv_ln266' <Predicate = (!icmp_ln259 & this_isREDs_load)> <Delay = 1.51> <CoreInst = "Divider">   --->   Core 6 'Divider' <Latency = 23> <II = 1> <Delay = 1.51> <FuncUnit> <Opcode : 'udiv' 'sdiv' 'urem' 'srem'> <InPorts = 2> <OutPorts = 1>

State 14 <SV = 13> <Delay = 1.51>
ST_14 : Operation 128 [12/24] (1.51ns)   --->   "%sdiv_ln266 = sdiv i20 %reward_2_read, i20 %conv7_i_i159_i_cast" [MCTSSearcher.cpp:266->MCTSSearcher.cpp:177]   --->   Operation 128 'sdiv' 'sdiv_ln266' <Predicate = (!icmp_ln259 & this_isREDs_load)> <Delay = 1.51> <CoreInst = "Divider">   --->   Core 6 'Divider' <Latency = 23> <II = 1> <Delay = 1.51> <FuncUnit> <Opcode : 'udiv' 'sdiv' 'urem' 'srem'> <InPorts = 2> <OutPorts = 1>

State 15 <SV = 14> <Delay = 1.51>
ST_15 : Operation 129 [11/24] (1.51ns)   --->   "%sdiv_ln266 = sdiv i20 %reward_2_read, i20 %conv7_i_i159_i_cast" [MCTSSearcher.cpp:266->MCTSSearcher.cpp:177]   --->   Operation 129 'sdiv' 'sdiv_ln266' <Predicate = (!icmp_ln259 & this_isREDs_load)> <Delay = 1.51> <CoreInst = "Divider">   --->   Core 6 'Divider' <Latency = 23> <II = 1> <Delay = 1.51> <FuncUnit> <Opcode : 'udiv' 'sdiv' 'urem' 'srem'> <InPorts = 2> <OutPorts = 1>

State 16 <SV = 15> <Delay = 1.51>
ST_16 : Operation 130 [10/24] (1.51ns)   --->   "%sdiv_ln266 = sdiv i20 %reward_2_read, i20 %conv7_i_i159_i_cast" [MCTSSearcher.cpp:266->MCTSSearcher.cpp:177]   --->   Operation 130 'sdiv' 'sdiv_ln266' <Predicate = (!icmp_ln259 & this_isREDs_load)> <Delay = 1.51> <CoreInst = "Divider">   --->   Core 6 'Divider' <Latency = 23> <II = 1> <Delay = 1.51> <FuncUnit> <Opcode : 'udiv' 'sdiv' 'urem' 'srem'> <InPorts = 2> <OutPorts = 1>

State 17 <SV = 16> <Delay = 1.51>
ST_17 : Operation 131 [9/24] (1.51ns)   --->   "%sdiv_ln266 = sdiv i20 %reward_2_read, i20 %conv7_i_i159_i_cast" [MCTSSearcher.cpp:266->MCTSSearcher.cpp:177]   --->   Operation 131 'sdiv' 'sdiv_ln266' <Predicate = (!icmp_ln259 & this_isREDs_load)> <Delay = 1.51> <CoreInst = "Divider">   --->   Core 6 'Divider' <Latency = 23> <II = 1> <Delay = 1.51> <FuncUnit> <Opcode : 'udiv' 'sdiv' 'urem' 'srem'> <InPorts = 2> <OutPorts = 1>

State 18 <SV = 17> <Delay = 1.51>
ST_18 : Operation 132 [8/24] (1.51ns)   --->   "%sdiv_ln266 = sdiv i20 %reward_2_read, i20 %conv7_i_i159_i_cast" [MCTSSearcher.cpp:266->MCTSSearcher.cpp:177]   --->   Operation 132 'sdiv' 'sdiv_ln266' <Predicate = (!icmp_ln259 & this_isREDs_load)> <Delay = 1.51> <CoreInst = "Divider">   --->   Core 6 'Divider' <Latency = 23> <II = 1> <Delay = 1.51> <FuncUnit> <Opcode : 'udiv' 'sdiv' 'urem' 'srem'> <InPorts = 2> <OutPorts = 1>

State 19 <SV = 18> <Delay = 1.51>
ST_19 : Operation 133 [7/24] (1.51ns)   --->   "%sdiv_ln266 = sdiv i20 %reward_2_read, i20 %conv7_i_i159_i_cast" [MCTSSearcher.cpp:266->MCTSSearcher.cpp:177]   --->   Operation 133 'sdiv' 'sdiv_ln266' <Predicate = (!icmp_ln259 & this_isREDs_load)> <Delay = 1.51> <CoreInst = "Divider">   --->   Core 6 'Divider' <Latency = 23> <II = 1> <Delay = 1.51> <FuncUnit> <Opcode : 'udiv' 'sdiv' 'urem' 'srem'> <InPorts = 2> <OutPorts = 1>

State 20 <SV = 19> <Delay = 1.51>
ST_20 : Operation 134 [6/24] (1.51ns)   --->   "%sdiv_ln266 = sdiv i20 %reward_2_read, i20 %conv7_i_i159_i_cast" [MCTSSearcher.cpp:266->MCTSSearcher.cpp:177]   --->   Operation 134 'sdiv' 'sdiv_ln266' <Predicate = (!icmp_ln259 & this_isREDs_load)> <Delay = 1.51> <CoreInst = "Divider">   --->   Core 6 'Divider' <Latency = 23> <II = 1> <Delay = 1.51> <FuncUnit> <Opcode : 'udiv' 'sdiv' 'urem' 'srem'> <InPorts = 2> <OutPorts = 1>

State 21 <SV = 20> <Delay = 1.51>
ST_21 : Operation 135 [5/24] (1.51ns)   --->   "%sdiv_ln266 = sdiv i20 %reward_2_read, i20 %conv7_i_i159_i_cast" [MCTSSearcher.cpp:266->MCTSSearcher.cpp:177]   --->   Operation 135 'sdiv' 'sdiv_ln266' <Predicate = (!icmp_ln259 & this_isREDs_load)> <Delay = 1.51> <CoreInst = "Divider">   --->   Core 6 'Divider' <Latency = 23> <II = 1> <Delay = 1.51> <FuncUnit> <Opcode : 'udiv' 'sdiv' 'urem' 'srem'> <InPorts = 2> <OutPorts = 1>

State 22 <SV = 21> <Delay = 1.51>
ST_22 : Operation 136 [4/24] (1.51ns)   --->   "%sdiv_ln266 = sdiv i20 %reward_2_read, i20 %conv7_i_i159_i_cast" [MCTSSearcher.cpp:266->MCTSSearcher.cpp:177]   --->   Operation 136 'sdiv' 'sdiv_ln266' <Predicate = (!icmp_ln259 & this_isREDs_load)> <Delay = 1.51> <CoreInst = "Divider">   --->   Core 6 'Divider' <Latency = 23> <II = 1> <Delay = 1.51> <FuncUnit> <Opcode : 'udiv' 'sdiv' 'urem' 'srem'> <InPorts = 2> <OutPorts = 1>

State 23 <SV = 22> <Delay = 1.51>
ST_23 : Operation 137 [3/24] (1.51ns)   --->   "%sdiv_ln266 = sdiv i20 %reward_2_read, i20 %conv7_i_i159_i_cast" [MCTSSearcher.cpp:266->MCTSSearcher.cpp:177]   --->   Operation 137 'sdiv' 'sdiv_ln266' <Predicate = (!icmp_ln259 & this_isREDs_load)> <Delay = 1.51> <CoreInst = "Divider">   --->   Core 6 'Divider' <Latency = 23> <II = 1> <Delay = 1.51> <FuncUnit> <Opcode : 'udiv' 'sdiv' 'urem' 'srem'> <InPorts = 2> <OutPorts = 1>
ST_23 : Operation 138 [1/1] (0.00ns)   --->   "%reuse_reg_load = load i20 %reuse_reg"   --->   Operation 138 'load' 'reuse_reg_load' <Predicate = (!icmp_ln259 & addr_cmp)> <Delay = 0.00>
ST_23 : Operation 139 [1/1] (0.36ns)   --->   "%reuse_select = select i1 %addr_cmp, i20 %reuse_reg_load, i20 %this_meanQ_load" [MCTSSearcher.cpp:260->MCTSSearcher.cpp:177]   --->   Operation 139 'select' 'reuse_select' <Predicate = (!icmp_ln259)> <Delay = 0.36> <CoreInst = "Sel">   --->   Core 73 'Sel' <Latency = 0> <II = 1> <Delay = 0.36> <FuncUnit> <Opcode : 'select'> <InPorts = 3> <OutPorts = 1>
ST_23 : Operation 140 [1/1] (0.00ns)   --->   "%sext_ln270 = sext i20 %reuse_select" [MCTSSearcher.cpp:270->MCTSSearcher.cpp:177]   --->   Operation 140 'sext' 'sext_ln270' <Predicate = (!icmp_ln259)> <Delay = 0.00>
ST_23 : Operation 141 [3/3] (0.99ns) (grouped into DSP with root node sub_ln270)   --->   "%mul_ln270 = mul i23 %visitCount_cast3_cast, i23 %sext_ln270" [MCTSSearcher.cpp:270->MCTSSearcher.cpp:177]   --->   Operation 141 'mul' 'mul_ln270' <Predicate = (!icmp_ln259)> <Delay = 0.99> <CoreInst = "DSP48">   --->   Core 124 'DSP48' <Latency = 3> <II = 1> <Delay = 0.53> <IPBlock> <Opcode : 'add' 'sub' 'mul' 'select'> <InPorts = 0> <OutPorts = 1> <Sync> <CReg>
ST_23 : Operation 186 [1/1] (0.42ns)   --->   "%ret_ln0 = ret"   --->   Operation 186 'ret' 'ret_ln0' <Predicate = (icmp_ln259)> <Delay = 0.42>

State 24 <SV = 23> <Delay = 1.51>
ST_24 : Operation 142 [2/24] (1.51ns)   --->   "%sdiv_ln266 = sdiv i20 %reward_2_read, i20 %conv7_i_i159_i_cast" [MCTSSearcher.cpp:266->MCTSSearcher.cpp:177]   --->   Operation 142 'sdiv' 'sdiv_ln266' <Predicate = (!icmp_ln259 & this_isREDs_load)> <Delay = 1.51> <CoreInst = "Divider">   --->   Core 6 'Divider' <Latency = 23> <II = 1> <Delay = 1.51> <FuncUnit> <Opcode : 'udiv' 'sdiv' 'urem' 'srem'> <InPorts = 2> <OutPorts = 1>
ST_24 : Operation 143 [2/3] (0.99ns) (grouped into DSP with root node sub_ln270)   --->   "%mul_ln270 = mul i23 %visitCount_cast3_cast, i23 %sext_ln270" [MCTSSearcher.cpp:270->MCTSSearcher.cpp:177]   --->   Operation 143 'mul' 'mul_ln270' <Predicate = (!icmp_ln259)> <Delay = 0.99> <CoreInst = "DSP48">   --->   Core 124 'DSP48' <Latency = 3> <II = 1> <Delay = 0.53> <IPBlock> <Opcode : 'add' 'sub' 'mul' 'select'> <InPorts = 0> <OutPorts = 1> <Sync> <CReg>

State 25 <SV = 24> <Delay = 5.64>
ST_25 : Operation 144 [1/24] (1.51ns)   --->   "%sdiv_ln266 = sdiv i20 %reward_2_read, i20 %conv7_i_i159_i_cast" [MCTSSearcher.cpp:266->MCTSSearcher.cpp:177]   --->   Operation 144 'sdiv' 'sdiv_ln266' <Predicate = (!icmp_ln259 & this_isREDs_load)> <Delay = 1.51> <CoreInst = "Divider">   --->   Core 6 'Divider' <Latency = 23> <II = 1> <Delay = 1.51> <FuncUnit> <Opcode : 'udiv' 'sdiv' 'urem' 'srem'> <InPorts = 2> <OutPorts = 1>
ST_25 : Operation 145 [1/1] (0.89ns)   --->   "%sub_ln266 = sub i20 32768, i20 %sdiv_ln266" [MCTSSearcher.cpp:266->MCTSSearcher.cpp:177]   --->   Operation 145 'sub' 'sub_ln266' <Predicate = (!icmp_ln259 & this_isREDs_load)> <Delay = 0.89> <CoreInst = "Adder">   --->   Core 1 'Adder' <Latency = 0> <II = 1> <Delay = 0.89> <FuncUnit> <Opcode : 'add' 'sub'> <InPorts = 2> <OutPorts = 1>
ST_25 : Operation 146 [1/1] (2.59ns)   --->   "%perspectiveReward = mul i20 %sub_ln266, i20 %conv7_i_i159_i_cast" [MCTSSearcher.cpp:266->MCTSSearcher.cpp:177]   --->   Operation 146 'mul' 'perspectiveReward' <Predicate = (!icmp_ln259 & this_isREDs_load)> <Delay = 2.59> <CoreInst = "Multiplier">   --->   Core 3 'Multiplier' <Latency = 0> <II = 1> <Delay = 2.59> <FuncUnit> <Opcode : 'mul'> <InPorts = 2> <OutPorts = 1>
ST_25 : Operation 147 [1/1] (0.00ns)   --->   "%perspectiveReward_1 = phi i20 %perspectiveReward, void %if.else.i, i20 %reward_2_read, void %while.body.i"   --->   Operation 147 'phi' 'perspectiveReward_1' <Predicate = (!icmp_ln259)> <Delay = 0.00>
ST_25 : Operation 148 [1/3] (0.00ns) (grouped into DSP with root node sub_ln270)   --->   "%mul_ln270 = mul i23 %visitCount_cast3_cast, i23 %sext_ln270" [MCTSSearcher.cpp:270->MCTSSearcher.cpp:177]   --->   Operation 148 'mul' 'mul_ln270' <Predicate = (!icmp_ln259)> <Delay = 0.00> <CoreInst = "DSP48">   --->   Core 124 'DSP48' <Latency = 3> <II = 1> <Delay = 0.53> <IPBlock> <Opcode : 'add' 'sub' 'mul' 'select'> <InPorts = 0> <OutPorts = 1> <Sync> <CReg>
ST_25 : Operation 149 [1/1] (0.00ns)   --->   "%sext_ln270_1 = sext i20 %perspectiveReward_1" [MCTSSearcher.cpp:270->MCTSSearcher.cpp:177]   --->   Operation 149 'sext' 'sext_ln270_1' <Predicate = (!icmp_ln259)> <Delay = 0.00>
ST_25 : Operation 150 [2/2] (0.64ns) (root node of the DSP)   --->   "%sub_ln270 = sub i23 %sext_ln270_1, i23 %mul_ln270" [MCTSSearcher.cpp:270->MCTSSearcher.cpp:177]   --->   Operation 150 'sub' 'sub_ln270' <Predicate = (!icmp_ln259)> <Delay = 0.64> <CoreInst = "DSP48">   --->   Core 124 'DSP48' <Latency = 3> <II = 1> <Delay = 0.53> <IPBlock> <Opcode : 'add' 'sub' 'mul' 'select'> <InPorts = 0> <OutPorts = 1> <Sync> <CReg>

State 26 <SV = 25> <Delay = 2.09>
ST_26 : Operation 151 [1/2] (0.64ns) (root node of the DSP)   --->   "%sub_ln270 = sub i23 %sext_ln270_1, i23 %mul_ln270" [MCTSSearcher.cpp:270->MCTSSearcher.cpp:177]   --->   Operation 151 'sub' 'sub_ln270' <Predicate = (!icmp_ln259)> <Delay = 0.64> <CoreInst = "DSP48">   --->   Core 124 'DSP48' <Latency = 3> <II = 1> <Delay = 0.53> <IPBlock> <Opcode : 'add' 'sub' 'mul' 'select'> <InPorts = 0> <OutPorts = 1> <Sync> <CReg>
ST_26 : Operation 152 [1/1] (0.00ns)   --->   "%sext_ln270_2 = sext i23 %sub_ln270" [MCTSSearcher.cpp:270->MCTSSearcher.cpp:177]   --->   Operation 152 'sext' 'sext_ln270_2' <Predicate = (!icmp_ln259)> <Delay = 0.00>
ST_26 : Operation 153 [28/28] (1.45ns)   --->   "%sdiv_ln270 = sdiv i32 %sext_ln270_2, i32 %add_ln269" [MCTSSearcher.cpp:270->MCTSSearcher.cpp:177]   --->   Operation 153 'sdiv' 'sdiv_ln270' <Predicate = (!icmp_ln259)> <Delay = 1.45> <CoreInst = "Divider">   --->   Core 6 'Divider' <Latency = 27> <II = 1> <Delay = 1.45> <FuncUnit> <Opcode : 'udiv' 'sdiv' 'urem' 'srem'> <InPorts = 2> <OutPorts = 1>

State 27 <SV = 26> <Delay = 1.45>
ST_27 : Operation 154 [27/28] (1.45ns)   --->   "%sdiv_ln270 = sdiv i32 %sext_ln270_2, i32 %add_ln269" [MCTSSearcher.cpp:270->MCTSSearcher.cpp:177]   --->   Operation 154 'sdiv' 'sdiv_ln270' <Predicate = (!icmp_ln259)> <Delay = 1.45> <CoreInst = "Divider">   --->   Core 6 'Divider' <Latency = 27> <II = 1> <Delay = 1.45> <FuncUnit> <Opcode : 'udiv' 'sdiv' 'urem' 'srem'> <InPorts = 2> <OutPorts = 1>

State 28 <SV = 27> <Delay = 1.45>
ST_28 : Operation 155 [26/28] (1.45ns)   --->   "%sdiv_ln270 = sdiv i32 %sext_ln270_2, i32 %add_ln269" [MCTSSearcher.cpp:270->MCTSSearcher.cpp:177]   --->   Operation 155 'sdiv' 'sdiv_ln270' <Predicate = (!icmp_ln259)> <Delay = 1.45> <CoreInst = "Divider">   --->   Core 6 'Divider' <Latency = 27> <II = 1> <Delay = 1.45> <FuncUnit> <Opcode : 'udiv' 'sdiv' 'urem' 'srem'> <InPorts = 2> <OutPorts = 1>

State 29 <SV = 28> <Delay = 1.45>
ST_29 : Operation 156 [25/28] (1.45ns)   --->   "%sdiv_ln270 = sdiv i32 %sext_ln270_2, i32 %add_ln269" [MCTSSearcher.cpp:270->MCTSSearcher.cpp:177]   --->   Operation 156 'sdiv' 'sdiv_ln270' <Predicate = (!icmp_ln259)> <Delay = 1.45> <CoreInst = "Divider">   --->   Core 6 'Divider' <Latency = 27> <II = 1> <Delay = 1.45> <FuncUnit> <Opcode : 'udiv' 'sdiv' 'urem' 'srem'> <InPorts = 2> <OutPorts = 1>

State 30 <SV = 29> <Delay = 1.45>
ST_30 : Operation 157 [24/28] (1.45ns)   --->   "%sdiv_ln270 = sdiv i32 %sext_ln270_2, i32 %add_ln269" [MCTSSearcher.cpp:270->MCTSSearcher.cpp:177]   --->   Operation 157 'sdiv' 'sdiv_ln270' <Predicate = (!icmp_ln259)> <Delay = 1.45> <CoreInst = "Divider">   --->   Core 6 'Divider' <Latency = 27> <II = 1> <Delay = 1.45> <FuncUnit> <Opcode : 'udiv' 'sdiv' 'urem' 'srem'> <InPorts = 2> <OutPorts = 1>

State 31 <SV = 30> <Delay = 1.45>
ST_31 : Operation 158 [23/28] (1.45ns)   --->   "%sdiv_ln270 = sdiv i32 %sext_ln270_2, i32 %add_ln269" [MCTSSearcher.cpp:270->MCTSSearcher.cpp:177]   --->   Operation 158 'sdiv' 'sdiv_ln270' <Predicate = true> <Delay = 1.45> <CoreInst = "Divider">   --->   Core 6 'Divider' <Latency = 27> <II = 1> <Delay = 1.45> <FuncUnit> <Opcode : 'udiv' 'sdiv' 'urem' 'srem'> <InPorts = 2> <OutPorts = 1>

State 32 <SV = 31> <Delay = 1.45>
ST_32 : Operation 159 [22/28] (1.45ns)   --->   "%sdiv_ln270 = sdiv i32 %sext_ln270_2, i32 %add_ln269" [MCTSSearcher.cpp:270->MCTSSearcher.cpp:177]   --->   Operation 159 'sdiv' 'sdiv_ln270' <Predicate = true> <Delay = 1.45> <CoreInst = "Divider">   --->   Core 6 'Divider' <Latency = 27> <II = 1> <Delay = 1.45> <FuncUnit> <Opcode : 'udiv' 'sdiv' 'urem' 'srem'> <InPorts = 2> <OutPorts = 1>

State 33 <SV = 32> <Delay = 1.45>
ST_33 : Operation 160 [21/28] (1.45ns)   --->   "%sdiv_ln270 = sdiv i32 %sext_ln270_2, i32 %add_ln269" [MCTSSearcher.cpp:270->MCTSSearcher.cpp:177]   --->   Operation 160 'sdiv' 'sdiv_ln270' <Predicate = true> <Delay = 1.45> <CoreInst = "Divider">   --->   Core 6 'Divider' <Latency = 27> <II = 1> <Delay = 1.45> <FuncUnit> <Opcode : 'udiv' 'sdiv' 'urem' 'srem'> <InPorts = 2> <OutPorts = 1>

State 34 <SV = 33> <Delay = 1.45>
ST_34 : Operation 161 [20/28] (1.45ns)   --->   "%sdiv_ln270 = sdiv i32 %sext_ln270_2, i32 %add_ln269" [MCTSSearcher.cpp:270->MCTSSearcher.cpp:177]   --->   Operation 161 'sdiv' 'sdiv_ln270' <Predicate = true> <Delay = 1.45> <CoreInst = "Divider">   --->   Core 6 'Divider' <Latency = 27> <II = 1> <Delay = 1.45> <FuncUnit> <Opcode : 'udiv' 'sdiv' 'urem' 'srem'> <InPorts = 2> <OutPorts = 1>

State 35 <SV = 34> <Delay = 1.45>
ST_35 : Operation 162 [19/28] (1.45ns)   --->   "%sdiv_ln270 = sdiv i32 %sext_ln270_2, i32 %add_ln269" [MCTSSearcher.cpp:270->MCTSSearcher.cpp:177]   --->   Operation 162 'sdiv' 'sdiv_ln270' <Predicate = true> <Delay = 1.45> <CoreInst = "Divider">   --->   Core 6 'Divider' <Latency = 27> <II = 1> <Delay = 1.45> <FuncUnit> <Opcode : 'udiv' 'sdiv' 'urem' 'srem'> <InPorts = 2> <OutPorts = 1>

State 36 <SV = 35> <Delay = 1.45>
ST_36 : Operation 163 [18/28] (1.45ns)   --->   "%sdiv_ln270 = sdiv i32 %sext_ln270_2, i32 %add_ln269" [MCTSSearcher.cpp:270->MCTSSearcher.cpp:177]   --->   Operation 163 'sdiv' 'sdiv_ln270' <Predicate = true> <Delay = 1.45> <CoreInst = "Divider">   --->   Core 6 'Divider' <Latency = 27> <II = 1> <Delay = 1.45> <FuncUnit> <Opcode : 'udiv' 'sdiv' 'urem' 'srem'> <InPorts = 2> <OutPorts = 1>

State 37 <SV = 36> <Delay = 1.45>
ST_37 : Operation 164 [17/28] (1.45ns)   --->   "%sdiv_ln270 = sdiv i32 %sext_ln270_2, i32 %add_ln269" [MCTSSearcher.cpp:270->MCTSSearcher.cpp:177]   --->   Operation 164 'sdiv' 'sdiv_ln270' <Predicate = true> <Delay = 1.45> <CoreInst = "Divider">   --->   Core 6 'Divider' <Latency = 27> <II = 1> <Delay = 1.45> <FuncUnit> <Opcode : 'udiv' 'sdiv' 'urem' 'srem'> <InPorts = 2> <OutPorts = 1>

State 38 <SV = 37> <Delay = 1.45>
ST_38 : Operation 165 [16/28] (1.45ns)   --->   "%sdiv_ln270 = sdiv i32 %sext_ln270_2, i32 %add_ln269" [MCTSSearcher.cpp:270->MCTSSearcher.cpp:177]   --->   Operation 165 'sdiv' 'sdiv_ln270' <Predicate = true> <Delay = 1.45> <CoreInst = "Divider">   --->   Core 6 'Divider' <Latency = 27> <II = 1> <Delay = 1.45> <FuncUnit> <Opcode : 'udiv' 'sdiv' 'urem' 'srem'> <InPorts = 2> <OutPorts = 1>

State 39 <SV = 38> <Delay = 1.45>
ST_39 : Operation 166 [15/28] (1.45ns)   --->   "%sdiv_ln270 = sdiv i32 %sext_ln270_2, i32 %add_ln269" [MCTSSearcher.cpp:270->MCTSSearcher.cpp:177]   --->   Operation 166 'sdiv' 'sdiv_ln270' <Predicate = true> <Delay = 1.45> <CoreInst = "Divider">   --->   Core 6 'Divider' <Latency = 27> <II = 1> <Delay = 1.45> <FuncUnit> <Opcode : 'udiv' 'sdiv' 'urem' 'srem'> <InPorts = 2> <OutPorts = 1>

State 40 <SV = 39> <Delay = 1.45>
ST_40 : Operation 167 [14/28] (1.45ns)   --->   "%sdiv_ln270 = sdiv i32 %sext_ln270_2, i32 %add_ln269" [MCTSSearcher.cpp:270->MCTSSearcher.cpp:177]   --->   Operation 167 'sdiv' 'sdiv_ln270' <Predicate = true> <Delay = 1.45> <CoreInst = "Divider">   --->   Core 6 'Divider' <Latency = 27> <II = 1> <Delay = 1.45> <FuncUnit> <Opcode : 'udiv' 'sdiv' 'urem' 'srem'> <InPorts = 2> <OutPorts = 1>

State 41 <SV = 40> <Delay = 1.45>
ST_41 : Operation 168 [13/28] (1.45ns)   --->   "%sdiv_ln270 = sdiv i32 %sext_ln270_2, i32 %add_ln269" [MCTSSearcher.cpp:270->MCTSSearcher.cpp:177]   --->   Operation 168 'sdiv' 'sdiv_ln270' <Predicate = true> <Delay = 1.45> <CoreInst = "Divider">   --->   Core 6 'Divider' <Latency = 27> <II = 1> <Delay = 1.45> <FuncUnit> <Opcode : 'udiv' 'sdiv' 'urem' 'srem'> <InPorts = 2> <OutPorts = 1>

State 42 <SV = 41> <Delay = 1.45>
ST_42 : Operation 169 [12/28] (1.45ns)   --->   "%sdiv_ln270 = sdiv i32 %sext_ln270_2, i32 %add_ln269" [MCTSSearcher.cpp:270->MCTSSearcher.cpp:177]   --->   Operation 169 'sdiv' 'sdiv_ln270' <Predicate = true> <Delay = 1.45> <CoreInst = "Divider">   --->   Core 6 'Divider' <Latency = 27> <II = 1> <Delay = 1.45> <FuncUnit> <Opcode : 'udiv' 'sdiv' 'urem' 'srem'> <InPorts = 2> <OutPorts = 1>

State 43 <SV = 42> <Delay = 1.45>
ST_43 : Operation 170 [11/28] (1.45ns)   --->   "%sdiv_ln270 = sdiv i32 %sext_ln270_2, i32 %add_ln269" [MCTSSearcher.cpp:270->MCTSSearcher.cpp:177]   --->   Operation 170 'sdiv' 'sdiv_ln270' <Predicate = true> <Delay = 1.45> <CoreInst = "Divider">   --->   Core 6 'Divider' <Latency = 27> <II = 1> <Delay = 1.45> <FuncUnit> <Opcode : 'udiv' 'sdiv' 'urem' 'srem'> <InPorts = 2> <OutPorts = 1>

State 44 <SV = 43> <Delay = 1.45>
ST_44 : Operation 171 [10/28] (1.45ns)   --->   "%sdiv_ln270 = sdiv i32 %sext_ln270_2, i32 %add_ln269" [MCTSSearcher.cpp:270->MCTSSearcher.cpp:177]   --->   Operation 171 'sdiv' 'sdiv_ln270' <Predicate = true> <Delay = 1.45> <CoreInst = "Divider">   --->   Core 6 'Divider' <Latency = 27> <II = 1> <Delay = 1.45> <FuncUnit> <Opcode : 'udiv' 'sdiv' 'urem' 'srem'> <InPorts = 2> <OutPorts = 1>

State 45 <SV = 44> <Delay = 1.45>
ST_45 : Operation 172 [9/28] (1.45ns)   --->   "%sdiv_ln270 = sdiv i32 %sext_ln270_2, i32 %add_ln269" [MCTSSearcher.cpp:270->MCTSSearcher.cpp:177]   --->   Operation 172 'sdiv' 'sdiv_ln270' <Predicate = true> <Delay = 1.45> <CoreInst = "Divider">   --->   Core 6 'Divider' <Latency = 27> <II = 1> <Delay = 1.45> <FuncUnit> <Opcode : 'udiv' 'sdiv' 'urem' 'srem'> <InPorts = 2> <OutPorts = 1>

State 46 <SV = 45> <Delay = 1.45>
ST_46 : Operation 173 [8/28] (1.45ns)   --->   "%sdiv_ln270 = sdiv i32 %sext_ln270_2, i32 %add_ln269" [MCTSSearcher.cpp:270->MCTSSearcher.cpp:177]   --->   Operation 173 'sdiv' 'sdiv_ln270' <Predicate = true> <Delay = 1.45> <CoreInst = "Divider">   --->   Core 6 'Divider' <Latency = 27> <II = 1> <Delay = 1.45> <FuncUnit> <Opcode : 'udiv' 'sdiv' 'urem' 'srem'> <InPorts = 2> <OutPorts = 1>

State 47 <SV = 46> <Delay = 1.45>
ST_47 : Operation 174 [7/28] (1.45ns)   --->   "%sdiv_ln270 = sdiv i32 %sext_ln270_2, i32 %add_ln269" [MCTSSearcher.cpp:270->MCTSSearcher.cpp:177]   --->   Operation 174 'sdiv' 'sdiv_ln270' <Predicate = true> <Delay = 1.45> <CoreInst = "Divider">   --->   Core 6 'Divider' <Latency = 27> <II = 1> <Delay = 1.45> <FuncUnit> <Opcode : 'udiv' 'sdiv' 'urem' 'srem'> <InPorts = 2> <OutPorts = 1>

State 48 <SV = 47> <Delay = 1.45>
ST_48 : Operation 175 [6/28] (1.45ns)   --->   "%sdiv_ln270 = sdiv i32 %sext_ln270_2, i32 %add_ln269" [MCTSSearcher.cpp:270->MCTSSearcher.cpp:177]   --->   Operation 175 'sdiv' 'sdiv_ln270' <Predicate = true> <Delay = 1.45> <CoreInst = "Divider">   --->   Core 6 'Divider' <Latency = 27> <II = 1> <Delay = 1.45> <FuncUnit> <Opcode : 'udiv' 'sdiv' 'urem' 'srem'> <InPorts = 2> <OutPorts = 1>

State 49 <SV = 48> <Delay = 1.45>
ST_49 : Operation 176 [5/28] (1.45ns)   --->   "%sdiv_ln270 = sdiv i32 %sext_ln270_2, i32 %add_ln269" [MCTSSearcher.cpp:270->MCTSSearcher.cpp:177]   --->   Operation 176 'sdiv' 'sdiv_ln270' <Predicate = true> <Delay = 1.45> <CoreInst = "Divider">   --->   Core 6 'Divider' <Latency = 27> <II = 1> <Delay = 1.45> <FuncUnit> <Opcode : 'udiv' 'sdiv' 'urem' 'srem'> <InPorts = 2> <OutPorts = 1>

State 50 <SV = 49> <Delay = 1.45>
ST_50 : Operation 177 [4/28] (1.45ns)   --->   "%sdiv_ln270 = sdiv i32 %sext_ln270_2, i32 %add_ln269" [MCTSSearcher.cpp:270->MCTSSearcher.cpp:177]   --->   Operation 177 'sdiv' 'sdiv_ln270' <Predicate = true> <Delay = 1.45> <CoreInst = "Divider">   --->   Core 6 'Divider' <Latency = 27> <II = 1> <Delay = 1.45> <FuncUnit> <Opcode : 'udiv' 'sdiv' 'urem' 'srem'> <InPorts = 2> <OutPorts = 1>

State 51 <SV = 50> <Delay = 1.45>
ST_51 : Operation 178 [3/28] (1.45ns)   --->   "%sdiv_ln270 = sdiv i32 %sext_ln270_2, i32 %add_ln269" [MCTSSearcher.cpp:270->MCTSSearcher.cpp:177]   --->   Operation 178 'sdiv' 'sdiv_ln270' <Predicate = true> <Delay = 1.45> <CoreInst = "Divider">   --->   Core 6 'Divider' <Latency = 27> <II = 1> <Delay = 1.45> <FuncUnit> <Opcode : 'udiv' 'sdiv' 'urem' 'srem'> <InPorts = 2> <OutPorts = 1>

State 52 <SV = 51> <Delay = 1.45>
ST_52 : Operation 179 [2/28] (1.45ns)   --->   "%sdiv_ln270 = sdiv i32 %sext_ln270_2, i32 %add_ln269" [MCTSSearcher.cpp:270->MCTSSearcher.cpp:177]   --->   Operation 179 'sdiv' 'sdiv_ln270' <Predicate = true> <Delay = 1.45> <CoreInst = "Divider">   --->   Core 6 'Divider' <Latency = 27> <II = 1> <Delay = 1.45> <FuncUnit> <Opcode : 'udiv' 'sdiv' 'urem' 'srem'> <InPorts = 2> <OutPorts = 1>

State 53 <SV = 52> <Delay = 3.58>
ST_53 : Operation 180 [1/28] (1.45ns)   --->   "%sdiv_ln270 = sdiv i32 %sext_ln270_2, i32 %add_ln269" [MCTSSearcher.cpp:270->MCTSSearcher.cpp:177]   --->   Operation 180 'sdiv' 'sdiv_ln270' <Predicate = true> <Delay = 1.45> <CoreInst = "Divider">   --->   Core 6 'Divider' <Latency = 27> <II = 1> <Delay = 1.45> <FuncUnit> <Opcode : 'udiv' 'sdiv' 'urem' 'srem'> <InPorts = 2> <OutPorts = 1>
ST_53 : Operation 181 [1/1] (0.00ns)   --->   "%trunc_ln270 = trunc i20 %sdiv_ln270" [MCTSSearcher.cpp:270->MCTSSearcher.cpp:177]   --->   Operation 181 'trunc' 'trunc_ln270' <Predicate = true> <Delay = 0.00>
ST_53 : Operation 182 [1/1] (0.89ns)   --->   "%add_ln270 = add i20 %reuse_select, i20 %trunc_ln270" [MCTSSearcher.cpp:270->MCTSSearcher.cpp:177]   --->   Operation 182 'add' 'add_ln270' <Predicate = true> <Delay = 0.89> <CoreInst = "Adder">   --->   Core 1 'Adder' <Latency = 0> <II = 1> <Delay = 0.89> <FuncUnit> <Opcode : 'add' 'sub'> <InPorts = 2> <OutPorts = 1>
ST_53 : Operation 183 [1/1] ( I:1.23ns O:1.23ns )   --->   "%store_ln270 = store i20 %add_ln270, i13 %this_meanQ_addr" [MCTSSearcher.cpp:270->MCTSSearcher.cpp:177]   --->   Operation 183 'store' 'store_ln270' <Predicate = true> <Delay = 1.23> <CoreInst = "RAM">   --->   Core 82 'RAM' <Latency = 1> <II = 1> <Delay = 1.23> <Storage> <Opcode : 'load' 'store'> <Ports = 2> <Width = 20> <Depth = 5100> <RAM>
ST_53 : Operation 184 [1/1] (0.42ns)   --->   "%store_ln270 = store i20 %add_ln270, i20 %reuse_reg" [MCTSSearcher.cpp:270->MCTSSearcher.cpp:177]   --->   Operation 184 'store' 'store_ln270' <Predicate = true> <Delay = 0.42>
ST_53 : Operation 185 [1/1] (0.00ns)   --->   "%br_ln259 = br void %while.cond.i" [MCTSSearcher.cpp:259->MCTSSearcher.cpp:177]   --->   Operation 185 'br' 'br_ln259' <Predicate = true> <Delay = 0.00>


============================================================
+ Verbose Summary: Timing violations
============================================================
Target clock period: 10.000ns, clock uncertainty: 2.700ns.

 <State 1>: 1.664ns
The critical path consists of the following:
	'store' operation 0 bit ('store_ln258', MCTSSearcher.cpp:258->MCTSSearcher.cpp:177) of variable 'node_2_read' on local variable 'node', MCTSSearcher.cpp:258->MCTSSearcher.cpp:177 [27]  (0.427 ns)
	'load' operation 32 bit ('node', MCTSSearcher.cpp:260->MCTSSearcher.cpp:177) on local variable 'node', MCTSSearcher.cpp:258->MCTSSearcher.cpp:177 [34]  (0.000 ns)
	'getelementptr' operation 13 bit ('this_parents_addr', MCTSSearcher.cpp:260->MCTSSearcher.cpp:177) [41]  (0.000 ns)
	'load' operation 32 bit ('parent', MCTSSearcher.cpp:260->MCTSSearcher.cpp:177) on array 'this_parents' [42]  (1.237 ns)

 <State 2>: 6.171ns
The critical path consists of the following:
	'load' operation 32 bit ('this_visitCounts_load', MCTSSearcher.cpp:269->MCTSSearcher.cpp:177) on array 'this_visitCounts' [56]  (1.237 ns)
	'select' operation 32 bit ('reuse_select15', MCTSSearcher.cpp:260->MCTSSearcher.cpp:177) [58]  (0.449 ns)
	'add' operation 32 bit ('add_ln269', MCTSSearcher.cpp:269->MCTSSearcher.cpp:177) [59]  (1.016 ns)
	'shl' operation 32 bit ('x', MCTSSearcher.cpp:272->MCTSSearcher.cpp:177) [80]  (0.000 ns)
	'call' operation 32 bit ('ref_tmp20_i', /scratch/Xilinx/2025.1/Vitis/common/technology/autopilot/hls_math.h:1196->./mcts_types.h:15->MCTSSearcher.cpp:272->MCTSSearcher.cpp:177) to 'log<32, 16>' [81]  (3.469 ns)

 <State 3>: 5.073ns
The critical path consists of the following:
	'call' operation 32 bit ('ref_tmp20_i', /scratch/Xilinx/2025.1/Vitis/common/technology/autopilot/hls_math.h:1196->./mcts_types.h:15->MCTSSearcher.cpp:272->MCTSSearcher.cpp:177) to 'log<32, 16>' [81]  (5.073 ns)

 <State 4>: 5.073ns
The critical path consists of the following:
	'call' operation 32 bit ('ref_tmp20_i', /scratch/Xilinx/2025.1/Vitis/common/technology/autopilot/hls_math.h:1196->./mcts_types.h:15->MCTSSearcher.cpp:272->MCTSSearcher.cpp:177) to 'log<32, 16>' [81]  (5.073 ns)

 <State 5>: 5.073ns
The critical path consists of the following:
	'call' operation 32 bit ('ref_tmp20_i', /scratch/Xilinx/2025.1/Vitis/common/technology/autopilot/hls_math.h:1196->./mcts_types.h:15->MCTSSearcher.cpp:272->MCTSSearcher.cpp:177) to 'log<32, 16>' [81]  (5.073 ns)

 <State 6>: 5.073ns
The critical path consists of the following:
	'call' operation 32 bit ('ref_tmp20_i', /scratch/Xilinx/2025.1/Vitis/common/technology/autopilot/hls_math.h:1196->./mcts_types.h:15->MCTSSearcher.cpp:272->MCTSSearcher.cpp:177) to 'log<32, 16>' [81]  (5.073 ns)

 <State 7>: 6.128ns
The critical path consists of the following:
	'call' operation 32 bit ('ref_tmp20_i', /scratch/Xilinx/2025.1/Vitis/common/technology/autopilot/hls_math.h:1196->./mcts_types.h:15->MCTSSearcher.cpp:272->MCTSSearcher.cpp:177) to 'log<32, 16>' [81]  (6.128 ns)

 <State 8>: 1.518ns
The critical path consists of the following:
	'sdiv' operation 20 bit ('sdiv_ln266', MCTSSearcher.cpp:266->MCTSSearcher.cpp:177) [47]  (1.518 ns)

 <State 9>: 1.518ns
The critical path consists of the following:
	'sdiv' operation 20 bit ('sdiv_ln266', MCTSSearcher.cpp:266->MCTSSearcher.cpp:177) [47]  (1.518 ns)

 <State 10>: 1.518ns
The critical path consists of the following:
	'sdiv' operation 20 bit ('sdiv_ln266', MCTSSearcher.cpp:266->MCTSSearcher.cpp:177) [47]  (1.518 ns)

 <State 11>: 1.518ns
The critical path consists of the following:
	'sdiv' operation 20 bit ('sdiv_ln266', MCTSSearcher.cpp:266->MCTSSearcher.cpp:177) [47]  (1.518 ns)

 <State 12>: 1.518ns
The critical path consists of the following:
	'sdiv' operation 20 bit ('sdiv_ln266', MCTSSearcher.cpp:266->MCTSSearcher.cpp:177) [47]  (1.518 ns)

 <State 13>: 1.518ns
The critical path consists of the following:
	'sdiv' operation 20 bit ('sdiv_ln266', MCTSSearcher.cpp:266->MCTSSearcher.cpp:177) [47]  (1.518 ns)

 <State 14>: 1.518ns
The critical path consists of the following:
	'sdiv' operation 20 bit ('sdiv_ln266', MCTSSearcher.cpp:266->MCTSSearcher.cpp:177) [47]  (1.518 ns)

 <State 15>: 1.518ns
The critical path consists of the following:
	'sdiv' operation 20 bit ('sdiv_ln266', MCTSSearcher.cpp:266->MCTSSearcher.cpp:177) [47]  (1.518 ns)

 <State 16>: 1.518ns
The critical path consists of the following:
	'sdiv' operation 20 bit ('sdiv_ln266', MCTSSearcher.cpp:266->MCTSSearcher.cpp:177) [47]  (1.518 ns)

 <State 17>: 1.518ns
The critical path consists of the following:
	'sdiv' operation 20 bit ('sdiv_ln266', MCTSSearcher.cpp:266->MCTSSearcher.cpp:177) [47]  (1.518 ns)

 <State 18>: 1.518ns
The critical path consists of the following:
	'sdiv' operation 20 bit ('sdiv_ln266', MCTSSearcher.cpp:266->MCTSSearcher.cpp:177) [47]  (1.518 ns)

 <State 19>: 1.518ns
The critical path consists of the following:
	'sdiv' operation 20 bit ('sdiv_ln266', MCTSSearcher.cpp:266->MCTSSearcher.cpp:177) [47]  (1.518 ns)

 <State 20>: 1.518ns
The critical path consists of the following:
	'sdiv' operation 20 bit ('sdiv_ln266', MCTSSearcher.cpp:266->MCTSSearcher.cpp:177) [47]  (1.518 ns)

 <State 21>: 1.518ns
The critical path consists of the following:
	'sdiv' operation 20 bit ('sdiv_ln266', MCTSSearcher.cpp:266->MCTSSearcher.cpp:177) [47]  (1.518 ns)

 <State 22>: 1.518ns
The critical path consists of the following:
	'sdiv' operation 20 bit ('sdiv_ln266', MCTSSearcher.cpp:266->MCTSSearcher.cpp:177) [47]  (1.518 ns)

 <State 23>: 1.518ns
The critical path consists of the following:
	'sdiv' operation 20 bit ('sdiv_ln266', MCTSSearcher.cpp:266->MCTSSearcher.cpp:177) [47]  (1.518 ns)

 <State 24>: 1.518ns
The critical path consists of the following:
	'sdiv' operation 20 bit ('sdiv_ln266', MCTSSearcher.cpp:266->MCTSSearcher.cpp:177) [47]  (1.518 ns)

 <State 25>: 5.647ns
The critical path consists of the following:
	'sdiv' operation 20 bit ('sdiv_ln266', MCTSSearcher.cpp:266->MCTSSearcher.cpp:177) [47]  (1.518 ns)
	'sub' operation 20 bit ('sub_ln266', MCTSSearcher.cpp:266->MCTSSearcher.cpp:177) [48]  (0.894 ns)
	'mul' operation 20 bit ('perspectiveReward', MCTSSearcher.cpp:266->MCTSSearcher.cpp:177) [49]  (2.590 ns)
	'phi' operation 20 bit ('perspectiveReward') with incoming values : ('reward_2_read') ('perspectiveReward', MCTSSearcher.cpp:266->MCTSSearcher.cpp:177) [52]  (0.000 ns)
	'sub' operation 23 bit of DSP[72] ('sub_ln270', MCTSSearcher.cpp:270->MCTSSearcher.cpp:177) [72]  (0.645 ns)

 <State 26>: 2.098ns
The critical path consists of the following:
	'sub' operation 23 bit of DSP[72] ('sub_ln270', MCTSSearcher.cpp:270->MCTSSearcher.cpp:177) [72]  (0.645 ns)
	'sdiv' operation 20 bit ('sdiv_ln270', MCTSSearcher.cpp:270->MCTSSearcher.cpp:177) [74]  (1.453 ns)

 <State 27>: 1.453ns
The critical path consists of the following:
	'sdiv' operation 20 bit ('sdiv_ln270', MCTSSearcher.cpp:270->MCTSSearcher.cpp:177) [74]  (1.453 ns)

 <State 28>: 1.453ns
The critical path consists of the following:
	'sdiv' operation 20 bit ('sdiv_ln270', MCTSSearcher.cpp:270->MCTSSearcher.cpp:177) [74]  (1.453 ns)

 <State 29>: 1.453ns
The critical path consists of the following:
	'sdiv' operation 20 bit ('sdiv_ln270', MCTSSearcher.cpp:270->MCTSSearcher.cpp:177) [74]  (1.453 ns)

 <State 30>: 1.453ns
The critical path consists of the following:
	'sdiv' operation 20 bit ('sdiv_ln270', MCTSSearcher.cpp:270->MCTSSearcher.cpp:177) [74]  (1.453 ns)

 <State 31>: 1.453ns
The critical path consists of the following:
	'sdiv' operation 20 bit ('sdiv_ln270', MCTSSearcher.cpp:270->MCTSSearcher.cpp:177) [74]  (1.453 ns)

 <State 32>: 1.453ns
The critical path consists of the following:
	'sdiv' operation 20 bit ('sdiv_ln270', MCTSSearcher.cpp:270->MCTSSearcher.cpp:177) [74]  (1.453 ns)

 <State 33>: 1.453ns
The critical path consists of the following:
	'sdiv' operation 20 bit ('sdiv_ln270', MCTSSearcher.cpp:270->MCTSSearcher.cpp:177) [74]  (1.453 ns)

 <State 34>: 1.453ns
The critical path consists of the following:
	'sdiv' operation 20 bit ('sdiv_ln270', MCTSSearcher.cpp:270->MCTSSearcher.cpp:177) [74]  (1.453 ns)

 <State 35>: 1.453ns
The critical path consists of the following:
	'sdiv' operation 20 bit ('sdiv_ln270', MCTSSearcher.cpp:270->MCTSSearcher.cpp:177) [74]  (1.453 ns)

 <State 36>: 1.453ns
The critical path consists of the following:
	'sdiv' operation 20 bit ('sdiv_ln270', MCTSSearcher.cpp:270->MCTSSearcher.cpp:177) [74]  (1.453 ns)

 <State 37>: 1.453ns
The critical path consists of the following:
	'sdiv' operation 20 bit ('sdiv_ln270', MCTSSearcher.cpp:270->MCTSSearcher.cpp:177) [74]  (1.453 ns)

 <State 38>: 1.453ns
The critical path consists of the following:
	'sdiv' operation 20 bit ('sdiv_ln270', MCTSSearcher.cpp:270->MCTSSearcher.cpp:177) [74]  (1.453 ns)

 <State 39>: 1.453ns
The critical path consists of the following:
	'sdiv' operation 20 bit ('sdiv_ln270', MCTSSearcher.cpp:270->MCTSSearcher.cpp:177) [74]  (1.453 ns)

 <State 40>: 1.453ns
The critical path consists of the following:
	'sdiv' operation 20 bit ('sdiv_ln270', MCTSSearcher.cpp:270->MCTSSearcher.cpp:177) [74]  (1.453 ns)

 <State 41>: 1.453ns
The critical path consists of the following:
	'sdiv' operation 20 bit ('sdiv_ln270', MCTSSearcher.cpp:270->MCTSSearcher.cpp:177) [74]  (1.453 ns)

 <State 42>: 1.453ns
The critical path consists of the following:
	'sdiv' operation 20 bit ('sdiv_ln270', MCTSSearcher.cpp:270->MCTSSearcher.cpp:177) [74]  (1.453 ns)

 <State 43>: 1.453ns
The critical path consists of the following:
	'sdiv' operation 20 bit ('sdiv_ln270', MCTSSearcher.cpp:270->MCTSSearcher.cpp:177) [74]  (1.453 ns)

 <State 44>: 1.453ns
The critical path consists of the following:
	'sdiv' operation 20 bit ('sdiv_ln270', MCTSSearcher.cpp:270->MCTSSearcher.cpp:177) [74]  (1.453 ns)

 <State 45>: 1.453ns
The critical path consists of the following:
	'sdiv' operation 20 bit ('sdiv_ln270', MCTSSearcher.cpp:270->MCTSSearcher.cpp:177) [74]  (1.453 ns)

 <State 46>: 1.453ns
The critical path consists of the following:
	'sdiv' operation 20 bit ('sdiv_ln270', MCTSSearcher.cpp:270->MCTSSearcher.cpp:177) [74]  (1.453 ns)

 <State 47>: 1.453ns
The critical path consists of the following:
	'sdiv' operation 20 bit ('sdiv_ln270', MCTSSearcher.cpp:270->MCTSSearcher.cpp:177) [74]  (1.453 ns)

 <State 48>: 1.453ns
The critical path consists of the following:
	'sdiv' operation 20 bit ('sdiv_ln270', MCTSSearcher.cpp:270->MCTSSearcher.cpp:177) [74]  (1.453 ns)

 <State 49>: 1.453ns
The critical path consists of the following:
	'sdiv' operation 20 bit ('sdiv_ln270', MCTSSearcher.cpp:270->MCTSSearcher.cpp:177) [74]  (1.453 ns)

 <State 50>: 1.453ns
The critical path consists of the following:
	'sdiv' operation 20 bit ('sdiv_ln270', MCTSSearcher.cpp:270->MCTSSearcher.cpp:177) [74]  (1.453 ns)

 <State 51>: 1.453ns
The critical path consists of the following:
	'sdiv' operation 20 bit ('sdiv_ln270', MCTSSearcher.cpp:270->MCTSSearcher.cpp:177) [74]  (1.453 ns)

 <State 52>: 1.453ns
The critical path consists of the following:
	'sdiv' operation 20 bit ('sdiv_ln270', MCTSSearcher.cpp:270->MCTSSearcher.cpp:177) [74]  (1.453 ns)

 <State 53>: 3.584ns
The critical path consists of the following:
	'sdiv' operation 20 bit ('sdiv_ln270', MCTSSearcher.cpp:270->MCTSSearcher.cpp:177) [74]  (1.453 ns)
	'add' operation 20 bit ('add_ln270', MCTSSearcher.cpp:270->MCTSSearcher.cpp:177) [76]  (0.894 ns)
	'store' operation 0 bit ('store_ln270', MCTSSearcher.cpp:270->MCTSSearcher.cpp:177) of variable 'add_ln270', MCTSSearcher.cpp:270->MCTSSearcher.cpp:177 on array 'this_meanQ' [77]  (1.237 ns)


============================================================
+ Verbose Summary: Binding
============================================================
N/A
* FSMD analyzer results:
  - Output states:
 - Input state : 
  - Chain level:
	State 1
	State 2
	State 3
	State 4
	State 5
	State 6
	State 7
	State 8
	State 9
	State 10
	State 11
	State 12
	State 13
	State 14
	State 15
	State 16
	State 17
	State 18
	State 19
	State 20
	State 21
	State 22
	State 23
	State 24
	State 25
	State 26
	State 27
	State 28
	State 29
	State 30
	State 31
	State 32
	State 33
	State 34
	State 35
	State 36
	State 37
	State 38
	State 39
	State 40
	State 41
	State 42
	State 43
	State 44
	State 45
	State 46
	State 47
	State 48
	State 49
	State 50
	State 51
	State 52
	State 53


============================================================
+ Verbose Summary: Datapath Resource usage 
============================================================
N/A
