/home/course/aakash27/hex-fpga/mcts.prj/solution1/.autopilot/db/MCTSSearcher.pp.0.cpp:2293:5: warning: Added loop label VITIS_LOOP_676_1:   [xilinx-label-all-loops]
    for (unsigned i = low; i != high+1; ++i) {
    ^~~
    VITIS_LOOP_676_1: 
/home/course/aakash27/hex-fpga/mcts.prj/solution1/.autopilot/db/MCTSSearcher.pp.0.cpp:2293:5: note: FIX-IT applied suggested code changes
/home/course/aakash27/hex-fpga/mcts.prj/solution1/.autopilot/db/MCTSSearcher.pp.0.cpp:2307:5: warning: Added loop label VITIS_LOOP_690_1:   [xilinx-label-all-loops]
    for (unsigned i = low; i != high+1; ++i) {
    ^~~
    VITIS_LOOP_690_1: 
/home/course/aakash27/hex-fpga/mcts.prj/solution1/.autopilot/db/MCTSSearcher.pp.0.cpp:2307:5: note: FIX-IT applied suggested code changes
/home/course/aakash27/hex-fpga/mcts.prj/solution1/.autopilot/db/MCTSSearcher.pp.0.cpp:2321:5: warning: Added loop label VITIS_LOOP_704_1:   [xilinx-label-all-loops]
    for (unsigned i = low; i != high+1; ++i) {
    ^~~
    VITIS_LOOP_704_1: 
/home/course/aakash27/hex-fpga/mcts.prj/solution1/.autopilot/db/MCTSSearcher.pp.0.cpp:2321:5: note: FIX-IT applied suggested code changes
/home/course/aakash27/hex-fpga/mcts.prj/solution1/.autopilot/db/MCTSSearcher.pp.0.cpp:4277:7: warning: Added loop label VITIS_LOOP_1248_1:   [xilinx-label-all-loops]
      for (i = 0; i < __N - 1; ++i) {
      ^~~
      VITIS_LOOP_1248_1: 
/home/course/aakash27/hex-fpga/mcts.prj/solution1/.autopilot/db/MCTSSearcher.pp.0.cpp:4277:7: note: FIX-IT applied suggested code changes
/home/course/aakash27/hex-fpga/mcts.prj/solution1/.autopilot/db/MCTSSearcher.pp.0.cpp:15937:72: error: Invalid Directive: for current device, ROM_1P + LUTRAM is invalid combination for BIND_STORAGE's option 'type + impl' [clang-diagnostic-error]
#pragma HLS BIND_STORAGE variable=fourth_order_double::sin_cos_K0 type=ROM_1P impl=LUTRAM
                                                                       ^
/home/course/aakash27/hex-fpga/mcts.prj/solution1/.autopilot/db/MCTSSearcher.pp.0.cpp:15938:72: error: Invalid Directive: for current device, ROM_1P + LUTRAM is invalid combination for BIND_STORAGE's option 'type + impl' [clang-diagnostic-error]
#pragma HLS BIND_STORAGE variable=fourth_order_double::sin_cos_K1 type=ROM_1P impl=LUTRAM
                                                                       ^
/home/course/aakash27/hex-fpga/mcts.prj/solution1/.autopilot/db/MCTSSearcher.pp.0.cpp:15939:72: error: Invalid Directive: for current device, ROM_1P + LUTRAM is invalid combination for BIND_STORAGE's option 'type + impl' [clang-diagnostic-error]
#pragma HLS BIND_STORAGE variable=fourth_order_double::sin_cos_K2 type=ROM_1P impl=LUTRAM
                                                                       ^
/home/course/aakash27/hex-fpga/mcts.prj/solution1/.autopilot/db/MCTSSearcher.pp.0.cpp:15940:72: error: Invalid Directive: for current device, ROM_1P + LUTRAM is invalid combination for BIND_STORAGE's option 'type + impl' [clang-diagnostic-error]
#pragma HLS BIND_STORAGE variable=fourth_order_double::sin_cos_K3 type=ROM_1P impl=LUTRAM
                                                                       ^
/home/course/aakash27/hex-fpga/mcts.prj/solution1/.autopilot/db/MCTSSearcher.pp.0.cpp:15941:72: error: Invalid Directive: for current device, ROM_1P + LUTRAM is invalid combination for BIND_STORAGE's option 'type + impl' [clang-diagnostic-error]
#pragma HLS BIND_STORAGE variable=fourth_order_double::sin_cos_K4 type=ROM_1P impl=LUTRAM
                                                                       ^
/home/course/aakash27/hex-fpga/mcts.prj/solution1/.autopilot/db/MCTSSearcher.pp.0.cpp:15971:68: error: Invalid Directive: for current device, ROM_1P + LUTRAM is invalid combination for BIND_STORAGE's option 'type + impl' [clang-diagnostic-error]
#pragma HLS BIND_STORAGE variable=fourth_order_double::cos_K0 type=ROM_1P impl=LUTRAM
                                                                   ^
/home/course/aakash27/hex-fpga/mcts.prj/solution1/.autopilot/db/MCTSSearcher.pp.0.cpp:15972:68: error: Invalid Directive: for current device, ROM_1P + LUTRAM is invalid combination for BIND_STORAGE's option 'type + impl' [clang-diagnostic-error]
#pragma HLS BIND_STORAGE variable=fourth_order_double::cos_K1 type=ROM_1P impl=LUTRAM
                                                                   ^
/home/course/aakash27/hex-fpga/mcts.prj/solution1/.autopilot/db/MCTSSearcher.pp.0.cpp:15973:68: error: Invalid Directive: for current device, ROM_1P + LUTRAM is invalid combination for BIND_STORAGE's option 'type + impl' [clang-diagnostic-error]
#pragma HLS BIND_STORAGE variable=fourth_order_double::cos_K2 type=ROM_1P impl=LUTRAM
                                                                   ^
/home/course/aakash27/hex-fpga/mcts.prj/solution1/.autopilot/db/MCTSSearcher.pp.0.cpp:15974:68: error: Invalid Directive: for current device, ROM_1P + LUTRAM is invalid combination for BIND_STORAGE's option 'type + impl' [clang-diagnostic-error]
#pragma HLS BIND_STORAGE variable=fourth_order_double::cos_K3 type=ROM_1P impl=LUTRAM
                                                                   ^
/home/course/aakash27/hex-fpga/mcts.prj/solution1/.autopilot/db/MCTSSearcher.pp.0.cpp:15975:68: error: Invalid Directive: for current device, ROM_1P + LUTRAM is invalid combination for BIND_STORAGE's option 'type + impl' [clang-diagnostic-error]
#pragma HLS BIND_STORAGE variable=fourth_order_double::cos_K4 type=ROM_1P impl=LUTRAM
                                                                   ^
/home/course/aakash27/hex-fpga/mcts.prj/solution1/.autopilot/db/MCTSSearcher.pp.0.cpp:15976:68: error: Invalid Directive: for current device, ROM_1P + LUTRAM is invalid combination for BIND_STORAGE's option 'type + impl' [clang-diagnostic-error]
#pragma HLS BIND_STORAGE variable=fourth_order_double::sin_K0 type=ROM_1P impl=LUTRAM
                                                                   ^
/home/course/aakash27/hex-fpga/mcts.prj/solution1/.autopilot/db/MCTSSearcher.pp.0.cpp:15977:68: error: Invalid Directive: for current device, ROM_1P + LUTRAM is invalid combination for BIND_STORAGE's option 'type + impl' [clang-diagnostic-error]
#pragma HLS BIND_STORAGE variable=fourth_order_double::sin_K1 type=ROM_1P impl=LUTRAM
                                                                   ^
/home/course/aakash27/hex-fpga/mcts.prj/solution1/.autopilot/db/MCTSSearcher.pp.0.cpp:15978:68: error: Invalid Directive: for current device, ROM_1P + LUTRAM is invalid combination for BIND_STORAGE's option 'type + impl' [clang-diagnostic-error]
#pragma HLS BIND_STORAGE variable=fourth_order_double::sin_K2 type=ROM_1P impl=LUTRAM
                                                                   ^
/home/course/aakash27/hex-fpga/mcts.prj/solution1/.autopilot/db/MCTSSearcher.pp.0.cpp:15979:68: error: Invalid Directive: for current device, ROM_1P + LUTRAM is invalid combination for BIND_STORAGE's option 'type + impl' [clang-diagnostic-error]
#pragma HLS BIND_STORAGE variable=fourth_order_double::sin_K3 type=ROM_1P impl=LUTRAM
                                                                   ^
/home/course/aakash27/hex-fpga/mcts.prj/solution1/.autopilot/db/MCTSSearcher.pp.0.cpp:15980:68: error: Invalid Directive: for current device, ROM_1P + LUTRAM is invalid combination for BIND_STORAGE's option 'type + impl' [clang-diagnostic-error]
#pragma HLS BIND_STORAGE variable=fourth_order_double::sin_K4 type=ROM_1P impl=LUTRAM
                                                                   ^
/home/course/aakash27/hex-fpga/mcts.prj/solution1/.autopilot/db/MCTSSearcher.pp.0.cpp:16030:71: error: Invalid Directive: for current device, ROM_1P + LUTRAM is invalid combination for BIND_STORAGE's option 'type + impl' [clang-diagnostic-error]
#pragma HLS BIND_STORAGE variable=second_order_float::sin_cos_K0 type=ROM_1P impl=LUTRAM
                                                                      ^
/home/course/aakash27/hex-fpga/mcts.prj/solution1/.autopilot/db/MCTSSearcher.pp.0.cpp:16031:71: error: Invalid Directive: for current device, ROM_1P + LUTRAM is invalid combination for BIND_STORAGE's option 'type + impl' [clang-diagnostic-error]
#pragma HLS BIND_STORAGE variable=second_order_float::sin_cos_K1 type=ROM_1P impl=LUTRAM
                                                                      ^
/home/course/aakash27/hex-fpga/mcts.prj/solution1/.autopilot/db/MCTSSearcher.pp.0.cpp:16032:71: error: Invalid Directive: for current device, ROM_1P + LUTRAM is invalid combination for BIND_STORAGE's option 'type + impl' [clang-diagnostic-error]
#pragma HLS BIND_STORAGE variable=second_order_float::sin_cos_K2 type=ROM_1P impl=LUTRAM
                                                                      ^
/home/course/aakash27/hex-fpga/mcts.prj/solution1/.autopilot/db/MCTSSearcher.pp.0.cpp:16059:67: error: Invalid Directive: for current device, ROM_1P + LUTRAM is invalid combination for BIND_STORAGE's option 'type + impl' [clang-diagnostic-error]
#pragma HLS BIND_STORAGE variable=second_order_float::cos_K0 type=ROM_1P impl=LUTRAM
                                                                  ^
/home/course/aakash27/hex-fpga/mcts.prj/solution1/.autopilot/db/MCTSSearcher.pp.0.cpp:16060:67: error: Invalid Directive: for current device, ROM_1P + LUTRAM is invalid combination for BIND_STORAGE's option 'type + impl' [clang-diagnostic-error]
#pragma HLS BIND_STORAGE variable=second_order_float::cos_K1 type=ROM_1P impl=LUTRAM
                                                                  ^
/home/course/aakash27/hex-fpga/mcts.prj/solution1/.autopilot/db/MCTSSearcher.pp.0.cpp:16061:67: error: Invalid Directive: for current device, ROM_1P + LUTRAM is invalid combination for BIND_STORAGE's option 'type + impl' [clang-diagnostic-error]
#pragma HLS BIND_STORAGE variable=second_order_float::cos_K2 type=ROM_1P impl=LUTRAM
                                                                  ^
/home/course/aakash27/hex-fpga/mcts.prj/solution1/.autopilot/db/MCTSSearcher.pp.0.cpp:16062:67: error: Invalid Directive: for current device, ROM_1P + LUTRAM is invalid combination for BIND_STORAGE's option 'type + impl' [clang-diagnostic-error]
#pragma HLS BIND_STORAGE variable=second_order_float::sin_K0 type=ROM_1P impl=LUTRAM
                                                                  ^
/home/course/aakash27/hex-fpga/mcts.prj/solution1/.autopilot/db/MCTSSearcher.pp.0.cpp:16063:67: error: Invalid Directive: for current device, ROM_1P + LUTRAM is invalid combination for BIND_STORAGE's option 'type + impl' [clang-diagnostic-error]
#pragma HLS BIND_STORAGE variable=second_order_float::sin_K1 type=ROM_1P impl=LUTRAM
                                                                  ^
/home/course/aakash27/hex-fpga/mcts.prj/solution1/.autopilot/db/MCTSSearcher.pp.0.cpp:16064:67: error: Invalid Directive: for current device, ROM_1P + LUTRAM is invalid combination for BIND_STORAGE's option 'type + impl' [clang-diagnostic-error]
#pragma HLS BIND_STORAGE variable=second_order_float::sin_K2 type=ROM_1P impl=LUTRAM
                                                                  ^
/home/course/aakash27/hex-fpga/mcts.prj/solution1/.autopilot/db/MCTSSearcher.pp.0.cpp:16100:73: error: Invalid Directive: for current device, ROM_1P + LUTRAM is invalid combination for BIND_STORAGE's option 'type + impl' [clang-diagnostic-error]
#pragma HLS BIND_STORAGE variable=first_order_fixed_16::sin_cos_K0 type=ROM_1P impl=LUTRAM
                                                                        ^
/home/course/aakash27/hex-fpga/mcts.prj/solution1/.autopilot/db/MCTSSearcher.pp.0.cpp:16101:73: error: Invalid Directive: for current device, ROM_1P + LUTRAM is invalid combination for BIND_STORAGE's option 'type + impl' [clang-diagnostic-error]
#pragma HLS BIND_STORAGE variable=first_order_fixed_16::sin_cos_K1 type=ROM_1P impl=LUTRAM
                                                                        ^
/home/course/aakash27/hex-fpga/mcts.prj/solution1/.autopilot/db/MCTSSearcher.pp.0.cpp:16375:5: warning: Added loop label VITIS_LOOP_61_1:   [xilinx-label-all-loops]
    for (int n=0; n<Nmax; n++){
    ^~~
    VITIS_LOOP_61_1: 
/home/course/aakash27/hex-fpga/mcts.prj/solution1/.autopilot/db/MCTSSearcher.pp.0.cpp:16375:5: note: FIX-IT applied suggested code changes
/home/course/aakash27/hex-fpga/mcts.prj/solution1/.autopilot/db/MCTSSearcher.pp.0.cpp:16421:5: warning: Added loop label VITIS_LOOP_117_1:   [xilinx-label-all-loops]
    for (int n=0; n<Nmax; n++){
    ^~~
    VITIS_LOOP_117_1: 
/home/course/aakash27/hex-fpga/mcts.prj/solution1/.autopilot/db/MCTSSearcher.pp.0.cpp:16421:5: note: FIX-IT applied suggested code changes
/home/course/aakash27/hex-fpga/mcts.prj/solution1/.autopilot/db/MCTSSearcher.pp.0.cpp:16584:9: warning: Added loop label VITIS_LOOP_289_1:   [xilinx-label-all-loops]
        for(int i=0;i<W-1;i++){
        ^~~
        VITIS_LOOP_289_1: 
/home/course/aakash27/hex-fpga/mcts.prj/solution1/.autopilot/db/MCTSSearcher.pp.0.cpp:16584:9: note: FIX-IT applied suggested code changes
/home/course/aakash27/hex-fpga/mcts.prj/solution1/.autopilot/db/MCTSSearcher.pp.0.cpp:16736:9: warning: Added loop label VITIS_LOOP_449_1:   [xilinx-label-all-loops]
        for(int i=0;i<W-1;i++){
        ^~~
        VITIS_LOOP_449_1: 
/home/course/aakash27/hex-fpga/mcts.prj/solution1/.autopilot/db/MCTSSearcher.pp.0.cpp:16736:9: note: FIX-IT applied suggested code changes
/home/course/aakash27/hex-fpga/mcts.prj/solution1/.autopilot/db/MCTSSearcher.pp.0.cpp:16916:5: warning: Added loop label VITIS_LOOP_629_1:   [xilinx-label-all-loops]
    for(int i=0;i<W+1;i++){
    ^~~
    VITIS_LOOP_629_1: 
/home/course/aakash27/hex-fpga/mcts.prj/solution1/.autopilot/db/MCTSSearcher.pp.0.cpp:16916:5: note: FIX-IT applied suggested code changes
/home/course/aakash27/hex-fpga/mcts.prj/solution1/.autopilot/db/MCTSSearcher.pp.0.cpp:16920:5: warning: Added loop label VITIS_LOOP_633_2:   [xilinx-label-all-loops]
    for(int i=0;i<W+1;i++){
    ^~~
    VITIS_LOOP_633_2: 
/home/course/aakash27/hex-fpga/mcts.prj/solution1/.autopilot/db/MCTSSearcher.pp.0.cpp:16920:5: note: FIX-IT applied suggested code changes
/home/course/aakash27/hex-fpga/mcts.prj/solution1/.autopilot/db/MCTSSearcher.pp.0.cpp:17030:5: warning: Added loop label VITIS_LOOP_743_1:   [xilinx-label-all-loops]
    for (int n=0; n<Nmax; n++){
    ^~~
    VITIS_LOOP_743_1: 
/home/course/aakash27/hex-fpga/mcts.prj/solution1/.autopilot/db/MCTSSearcher.pp.0.cpp:17030:5: note: FIX-IT applied suggested code changes
/home/course/aakash27/hex-fpga/mcts.prj/solution1/.autopilot/db/MCTSSearcher.pp.0.cpp:17120:7: warning: Added loop label VITIS_LOOP_840_1:   [xilinx-label-all-loops]
      for(int i=0;i<W-1;i++){
      ^~~
      VITIS_LOOP_840_1: 
/home/course/aakash27/hex-fpga/mcts.prj/solution1/.autopilot/db/MCTSSearcher.pp.0.cpp:17120:7: note: FIX-IT applied suggested code changes
/home/course/aakash27/hex-fpga/mcts.prj/solution1/.autopilot/db/MCTSSearcher.pp.0.cpp:17139:7: warning: Added loop label VITIS_LOOP_859_2:   [xilinx-label-all-loops]
      for(int i=0;i<W-1;i++){
      ^~~
      VITIS_LOOP_859_2: 
/home/course/aakash27/hex-fpga/mcts.prj/solution1/.autopilot/db/MCTSSearcher.pp.0.cpp:17139:7: note: FIX-IT applied suggested code changes
/home/course/aakash27/hex-fpga/mcts.prj/solution1/.autopilot/db/MCTSSearcher.pp.0.cpp:17429:5: warning: Added loop label VITIS_LOOP_1173_1:   [xilinx-label-all-loops]
    for(int i=0; i<Nmax; i++) {
    ^~~
    VITIS_LOOP_1173_1: 
/home/course/aakash27/hex-fpga/mcts.prj/solution1/.autopilot/db/MCTSSearcher.pp.0.cpp:17429:5: note: FIX-IT applied suggested code changes
/home/course/aakash27/hex-fpga/mcts.prj/solution1/.autopilot/db/MCTSSearcher.pp.0.cpp:17512:5: warning: Added loop label VITIS_LOOP_1256_1:   [xilinx-label-all-loops]
    for(int i=0; i<Nmax; i++) {
    ^~~
    VITIS_LOOP_1256_1: 
/home/course/aakash27/hex-fpga/mcts.prj/solution1/.autopilot/db/MCTSSearcher.pp.0.cpp:17512:5: note: FIX-IT applied suggested code changes
/home/course/aakash27/hex-fpga/mcts.prj/solution1/.autopilot/db/MCTSSearcher.pp.0.cpp:17918:13: warning: Added loop label VITIS_LOOP_68_1:   [xilinx-label-all-loops]
            for (int j = 3; j >= I_+1; j--) {
            ^~~
            VITIS_LOOP_68_1: 
/home/course/aakash27/hex-fpga/mcts.prj/solution1/.autopilot/db/MCTSSearcher.pp.0.cpp:17918:13: note: FIX-IT applied suggested code changes
/home/course/aakash27/hex-fpga/mcts.prj/solution1/.autopilot/db/MCTSSearcher.pp.0.cpp:17924:17: warning: Added loop label VITIS_LOOP_74_2:   [xilinx-label-all-loops]
                for (int j = 3; j >= I_+1; j--){
                ^~~
                VITIS_LOOP_74_2: 
/home/course/aakash27/hex-fpga/mcts.prj/solution1/.autopilot/db/MCTSSearcher.pp.0.cpp:17924:17: note: FIX-IT applied suggested code changes
/home/course/aakash27/hex-fpga/mcts.prj/solution1/.autopilot/db/MCTSSearcher.pp.0.cpp:17928:17: warning: Added loop label VITIS_LOOP_78_3:   [xilinx-label-all-loops]
                for (int j = I_; j >= 0; j--){
                ^~~
                VITIS_LOOP_78_3: 
/home/course/aakash27/hex-fpga/mcts.prj/solution1/.autopilot/db/MCTSSearcher.pp.0.cpp:17928:17: note: FIX-IT applied suggested code changes
/home/course/aakash27/hex-fpga/mcts.prj/solution1/.autopilot/db/MCTSSearcher.pp.0.cpp:17975:13: warning: Added loop label VITIS_LOOP_145_4:   [xilinx-label-all-loops]
            for (int j = 9; j >= I_+4; j--) {
            ^~~
            VITIS_LOOP_145_4: 
/home/course/aakash27/hex-fpga/mcts.prj/solution1/.autopilot/db/MCTSSearcher.pp.0.cpp:17975:13: note: FIX-IT applied suggested code changes
/home/course/aakash27/hex-fpga/mcts.prj/solution1/.autopilot/db/MCTSSearcher.pp.0.cpp:17981:17: warning: Added loop label VITIS_LOOP_151_5:   [xilinx-label-all-loops]
                for (int j = 9; j >= I_+4; j--){
                ^~~
                VITIS_LOOP_151_5: 
/home/course/aakash27/hex-fpga/mcts.prj/solution1/.autopilot/db/MCTSSearcher.pp.0.cpp:17981:17: note: FIX-IT applied suggested code changes
/home/course/aakash27/hex-fpga/mcts.prj/solution1/.autopilot/db/MCTSSearcher.pp.0.cpp:17985:17: warning: Added loop label VITIS_LOOP_155_6:   [xilinx-label-all-loops]
                for (int j = I_+3; j >= 0; j--){
                ^~~
                VITIS_LOOP_155_6: 
/home/course/aakash27/hex-fpga/mcts.prj/solution1/.autopilot/db/MCTSSearcher.pp.0.cpp:17985:17: note: FIX-IT applied suggested code changes
/home/course/aakash27/hex-fpga/mcts.prj/solution1/.autopilot/db/MCTSSearcher.pp.0.cpp:18000:9: warning: Added loop label VITIS_LOOP_170_7:   [xilinx-label-all-loops]
        for (int j = 14; j < 22; j++){
        ^~~
        VITIS_LOOP_170_7: 
/home/course/aakash27/hex-fpga/mcts.prj/solution1/.autopilot/db/MCTSSearcher.pp.0.cpp:18000:9: note: FIX-IT applied suggested code changes
/home/course/aakash27/hex-fpga/mcts.prj/solution1/.autopilot/db/MCTSSearcher.pp.0.cpp:18008:17: warning: Added loop label VITIS_LOOP_178_8:   [xilinx-label-all-loops]
                for (int j = 0; j < 22; j++){
                ^~~
                VITIS_LOOP_178_8: 
/home/course/aakash27/hex-fpga/mcts.prj/solution1/.autopilot/db/MCTSSearcher.pp.0.cpp:18008:17: note: FIX-IT applied suggested code changes
/home/course/aakash27/hex-fpga/mcts.prj/solution1/.autopilot/db/MCTSSearcher.pp.0.cpp:18073:13: warning: Added loop label VITIS_LOOP_243_9:   [xilinx-label-all-loops]
            for (int j = 21; j >= I_+10; j--) {
            ^~~
            VITIS_LOOP_243_9: 
/home/course/aakash27/hex-fpga/mcts.prj/solution1/.autopilot/db/MCTSSearcher.pp.0.cpp:18073:13: note: FIX-IT applied suggested code changes
/home/course/aakash27/hex-fpga/mcts.prj/solution1/.autopilot/db/MCTSSearcher.pp.0.cpp:18079:17: warning: Added loop label VITIS_LOOP_249_10:   [xilinx-label-all-loops]
                for (int j = 21; j >= I_+10; j--) {
                ^~~
                VITIS_LOOP_249_10: 
/home/course/aakash27/hex-fpga/mcts.prj/solution1/.autopilot/db/MCTSSearcher.pp.0.cpp:18079:17: note: FIX-IT applied suggested code changes
/home/course/aakash27/hex-fpga/mcts.prj/solution1/.autopilot/db/MCTSSearcher.pp.0.cpp:18083:17: warning: Added loop label VITIS_LOOP_253_11:   [xilinx-label-all-loops]
                for (int j = I_+9; j >= 0; j--) {
                ^~~
                VITIS_LOOP_253_11: 
/home/course/aakash27/hex-fpga/mcts.prj/solution1/.autopilot/db/MCTSSearcher.pp.0.cpp:18083:17: note: FIX-IT applied suggested code changes
/home/course/aakash27/hex-fpga/mcts.prj/solution1/.autopilot/db/MCTSSearcher.pp.0.cpp:18098:9: warning: Added loop label VITIS_LOOP_268_12:   [xilinx-label-all-loops]
        for (int j = 27; j < 46; j++){
        ^~~
        VITIS_LOOP_268_12: 
/home/course/aakash27/hex-fpga/mcts.prj/solution1/.autopilot/db/MCTSSearcher.pp.0.cpp:18098:9: note: FIX-IT applied suggested code changes
/home/course/aakash27/hex-fpga/mcts.prj/solution1/.autopilot/db/MCTSSearcher.pp.0.cpp:18106:17: warning: Added loop label VITIS_LOOP_276_13:   [xilinx-label-all-loops]
                for (int j = 0; j < 46; j++) {
                ^~~
                VITIS_LOOP_276_13: 
/home/course/aakash27/hex-fpga/mcts.prj/solution1/.autopilot/db/MCTSSearcher.pp.0.cpp:18106:17: note: FIX-IT applied suggested code changes
/home/course/aakash27/hex-fpga/mcts.prj/solution1/.autopilot/db/MCTSSearcher.pp.0.cpp:18335:13: warning: Added loop label VITIS_LOOP_505_14:   [xilinx-label-all-loops]
            for (int j = 45; j >= I_+22; j--) {
            ^~~
            VITIS_LOOP_505_14: 
/home/course/aakash27/hex-fpga/mcts.prj/solution1/.autopilot/db/MCTSSearcher.pp.0.cpp:18335:13: note: FIX-IT applied suggested code changes
/home/course/aakash27/hex-fpga/mcts.prj/solution1/.autopilot/db/MCTSSearcher.pp.0.cpp:18341:17: warning: Added loop label VITIS_LOOP_511_15:   [xilinx-label-all-loops]
                for (int j = 45; j >= I_+22; j--){
                ^~~
                VITIS_LOOP_511_15: 
/home/course/aakash27/hex-fpga/mcts.prj/solution1/.autopilot/db/MCTSSearcher.pp.0.cpp:18341:17: note: FIX-IT applied suggested code changes
/home/course/aakash27/hex-fpga/mcts.prj/solution1/.autopilot/db/MCTSSearcher.pp.0.cpp:18345:17: warning: Added loop label VITIS_LOOP_515_16:   [xilinx-label-all-loops]
                for (int j = I_+21; j >= 0; j--) {
                ^~~
                VITIS_LOOP_515_16: 
/home/course/aakash27/hex-fpga/mcts.prj/solution1/.autopilot/db/MCTSSearcher.pp.0.cpp:18345:17: note: FIX-IT applied suggested code changes
/home/course/aakash27/hex-fpga/mcts.prj/solution1/.autopilot/db/MCTSSearcher.pp.0.cpp:18355:9: warning: Added loop label VITIS_LOOP_525_17:   [xilinx-label-all-loops]
        for (int j = 32-F_; j < 32+I_; j++){
        ^~~
        VITIS_LOOP_525_17: 
/home/course/aakash27/hex-fpga/mcts.prj/solution1/.autopilot/db/MCTSSearcher.pp.0.cpp:18355:9: note: FIX-IT applied suggested code changes
/home/course/aakash27/hex-fpga/mcts.prj/solution1/.autopilot/db/MCTSSearcher.pp.0.cpp:18359:9: warning: Added loop label VITIS_LOOP_529_18:   [xilinx-label-all-loops]
        for (int j = 32+I_; j <= 64; j++){
        ^~~
        VITIS_LOOP_529_18: 
/home/course/aakash27/hex-fpga/mcts.prj/solution1/.autopilot/db/MCTSSearcher.pp.0.cpp:18359:9: note: FIX-IT applied suggested code changes
/home/course/aakash27/hex-fpga/mcts.prj/solution1/.autopilot/db/MCTSSearcher.pp.0.cpp:18369:9: warning: Added loop label VITIS_LOOP_539_19:   [xilinx-label-all-loops]
        for (int j = 37; j < 64; j++) {
        ^~~
        VITIS_LOOP_539_19: 
/home/course/aakash27/hex-fpga/mcts.prj/solution1/.autopilot/db/MCTSSearcher.pp.0.cpp:18369:9: note: FIX-IT applied suggested code changes
/home/course/aakash27/hex-fpga/mcts.prj/solution1/.autopilot/db/MCTSSearcher.pp.0.cpp:18377:17: warning: Added loop label VITIS_LOOP_547_20:   [xilinx-label-all-loops]
                for (int j = 0; j < 64; j++){
                ^~~
                VITIS_LOOP_547_20: 
/home/course/aakash27/hex-fpga/mcts.prj/solution1/.autopilot/db/MCTSSearcher.pp.0.cpp:18377:17: note: FIX-IT applied suggested code changes
/home/course/aakash27/hex-fpga/mcts.prj/solution1/.autopilot/db/MCTSSearcher.pp.0.cpp:18738:13: warning: Added loop label VITIS_LOOP_908_21:   [xilinx-label-all-loops]
            for (int j = 63; j >= I_+31; j--) {
            ^~~
            VITIS_LOOP_908_21: 
/home/course/aakash27/hex-fpga/mcts.prj/solution1/.autopilot/db/MCTSSearcher.pp.0.cpp:18738:13: note: FIX-IT applied suggested code changes
/home/course/aakash27/hex-fpga/mcts.prj/solution1/.autopilot/db/MCTSSearcher.pp.0.cpp:18744:17: warning: Added loop label VITIS_LOOP_914_22:   [xilinx-label-all-loops]
                for (int j = 63; j >= I_+31; j--) {
                ^~~
                VITIS_LOOP_914_22: 
/home/course/aakash27/hex-fpga/mcts.prj/solution1/.autopilot/db/MCTSSearcher.pp.0.cpp:18744:17: note: FIX-IT applied suggested code changes
/home/course/aakash27/hex-fpga/mcts.prj/solution1/.autopilot/db/MCTSSearcher.pp.0.cpp:18748:17: warning: Added loop label VITIS_LOOP_918_23:   [xilinx-label-all-loops]
                for (int j = I_+30; j >= 0; j--) {
                ^~~
                VITIS_LOOP_918_23: 
/home/course/aakash27/hex-fpga/mcts.prj/solution1/.autopilot/db/MCTSSearcher.pp.0.cpp:18748:17: note: FIX-IT applied suggested code changes
/home/course/aakash27/hex-fpga/mcts.prj/solution1/.autopilot/db/MCTSSearcher.pp.0.cpp:18864:13: warning: Added loop label VITIS_LOOP_1034_1:   [xilinx-label-all-loops]
            for (int j = 4; j >= I_+1; j--) {
            ^~~
            VITIS_LOOP_1034_1: 
/home/course/aakash27/hex-fpga/mcts.prj/solution1/.autopilot/db/MCTSSearcher.pp.0.cpp:18864:13: note: FIX-IT applied suggested code changes
/home/course/aakash27/hex-fpga/mcts.prj/solution1/.autopilot/db/MCTSSearcher.pp.0.cpp:18870:17: warning: Added loop label VITIS_LOOP_1040_2:   [xilinx-label-all-loops]
                for (int j = 4; j >= I_+1; j--) {
                ^~~
                VITIS_LOOP_1040_2: 
/home/course/aakash27/hex-fpga/mcts.prj/solution1/.autopilot/db/MCTSSearcher.pp.0.cpp:18870:17: note: FIX-IT applied suggested code changes
/home/course/aakash27/hex-fpga/mcts.prj/solution1/.autopilot/db/MCTSSearcher.pp.0.cpp:18874:17: warning: Added loop label VITIS_LOOP_1044_3:   [xilinx-label-all-loops]
                for (int j = I_; j >= 0; j--) {
                ^~~
                VITIS_LOOP_1044_3: 
/home/course/aakash27/hex-fpga/mcts.prj/solution1/.autopilot/db/MCTSSearcher.pp.0.cpp:18874:17: note: FIX-IT applied suggested code changes
/home/course/aakash27/hex-fpga/mcts.prj/solution1/.autopilot/db/MCTSSearcher.pp.0.cpp:18961:13: warning: Added loop label VITIS_LOOP_1131_4:   [xilinx-label-all-loops]
            for (int j = 10; j >= I_+4; j--) {
            ^~~
            VITIS_LOOP_1131_4: 
/home/course/aakash27/hex-fpga/mcts.prj/solution1/.autopilot/db/MCTSSearcher.pp.0.cpp:18961:13: note: FIX-IT applied suggested code changes
/home/course/aakash27/hex-fpga/mcts.prj/solution1/.autopilot/db/MCTSSearcher.pp.0.cpp:18967:17: warning: Added loop label VITIS_LOOP_1137_5:   [xilinx-label-all-loops]
                for (int j = 10; j >= I_+4; j--) {
                ^~~
                VITIS_LOOP_1137_5: 
/home/course/aakash27/hex-fpga/mcts.prj/solution1/.autopilot/db/MCTSSearcher.pp.0.cpp:18967:17: note: FIX-IT applied suggested code changes
/home/course/aakash27/hex-fpga/mcts.prj/solution1/.autopilot/db/MCTSSearcher.pp.0.cpp:18971:17: warning: Added loop label VITIS_LOOP_1141_6:   [xilinx-label-all-loops]
                for (int j = I_+3; j >= 0; j--) {
                ^~~
                VITIS_LOOP_1141_6: 
/home/course/aakash27/hex-fpga/mcts.prj/solution1/.autopilot/db/MCTSSearcher.pp.0.cpp:18971:17: note: FIX-IT applied suggested code changes
/home/course/aakash27/hex-fpga/mcts.prj/solution1/.autopilot/db/MCTSSearcher.pp.0.cpp:18990:9: warning: Added loop label VITIS_LOOP_1160_7:   [xilinx-label-all-loops]
        for (int j = wf+3; j < w-1; j++) {
        ^~~
        VITIS_LOOP_1160_7: 
/home/course/aakash27/hex-fpga/mcts.prj/solution1/.autopilot/db/MCTSSearcher.pp.0.cpp:18990:9: note: FIX-IT applied suggested code changes
/home/course/aakash27/hex-fpga/mcts.prj/solution1/.autopilot/db/MCTSSearcher.pp.0.cpp:18997:17: warning: Added loop label VITIS_LOOP_1167_8:   [xilinx-label-all-loops]
                for (int j = 0; j < 22; j++) {
                ^~~
                VITIS_LOOP_1167_8: 
/home/course/aakash27/hex-fpga/mcts.prj/solution1/.autopilot/db/MCTSSearcher.pp.0.cpp:18997:17: note: FIX-IT applied suggested code changes
/home/course/aakash27/hex-fpga/mcts.prj/solution1/.autopilot/db/MCTSSearcher.pp.0.cpp:19113:13: warning: Added loop label VITIS_LOOP_1283_9:   [xilinx-label-all-loops]
            for (int j = 22; j >= I_+10; j--) {
            ^~~
            VITIS_LOOP_1283_9: 
/home/course/aakash27/hex-fpga/mcts.prj/solution1/.autopilot/db/MCTSSearcher.pp.0.cpp:19113:13: note: FIX-IT applied suggested code changes
/home/course/aakash27/hex-fpga/mcts.prj/solution1/.autopilot/db/MCTSSearcher.pp.0.cpp:19119:17: warning: Added loop label VITIS_LOOP_1289_10:   [xilinx-label-all-loops]
                for (int j = 22; j >= I_+10; j--){
                ^~~
                VITIS_LOOP_1289_10: 
/home/course/aakash27/hex-fpga/mcts.prj/solution1/.autopilot/db/MCTSSearcher.pp.0.cpp:19119:17: note: FIX-IT applied suggested code changes
/home/course/aakash27/hex-fpga/mcts.prj/solution1/.autopilot/db/MCTSSearcher.pp.0.cpp:19123:17: warning: Added loop label VITIS_LOOP_1293_11:   [xilinx-label-all-loops]
                for (int j = I_+9; j >= 0; j--) {
                ^~~
                VITIS_LOOP_1293_11: 
/home/course/aakash27/hex-fpga/mcts.prj/solution1/.autopilot/db/MCTSSearcher.pp.0.cpp:19123:17: note: FIX-IT applied suggested code changes
/home/course/aakash27/hex-fpga/mcts.prj/solution1/.autopilot/db/MCTSSearcher.pp.0.cpp:19143:9: warning: Added loop label VITIS_LOOP_1313_12:   [xilinx-label-all-loops]
        for (int j = wf+4; j < w-1; j++){
        ^~~
        VITIS_LOOP_1313_12: 
/home/course/aakash27/hex-fpga/mcts.prj/solution1/.autopilot/db/MCTSSearcher.pp.0.cpp:19143:9: note: FIX-IT applied suggested code changes
/home/course/aakash27/hex-fpga/mcts.prj/solution1/.autopilot/db/MCTSSearcher.pp.0.cpp:19150:17: warning: Added loop label VITIS_LOOP_1320_13:   [xilinx-label-all-loops]
                for (int j = 0; j < 46; j++) {
                ^~~
                VITIS_LOOP_1320_13: 
/home/course/aakash27/hex-fpga/mcts.prj/solution1/.autopilot/db/MCTSSearcher.pp.0.cpp:19150:17: note: FIX-IT applied suggested code changes
/home/course/aakash27/hex-fpga/mcts.prj/solution1/.autopilot/db/MCTSSearcher.pp.0.cpp:19412:13: warning: Added loop label VITIS_LOOP_1582_14:   [xilinx-label-all-loops]
            for (int j = 46; j >= I_+22; j--) {
            ^~~
            VITIS_LOOP_1582_14: 
/home/course/aakash27/hex-fpga/mcts.prj/solution1/.autopilot/db/MCTSSearcher.pp.0.cpp:19412:13: note: FIX-IT applied suggested code changes
/home/course/aakash27/hex-fpga/mcts.prj/solution1/.autopilot/db/MCTSSearcher.pp.0.cpp:19418:17: warning: Added loop label VITIS_LOOP_1588_15:   [xilinx-label-all-loops]
                for (int j = 46; j >= I_+22; j--) {
                ^~~
                VITIS_LOOP_1588_15: 
/home/course/aakash27/hex-fpga/mcts.prj/solution1/.autopilot/db/MCTSSearcher.pp.0.cpp:19418:17: note: FIX-IT applied suggested code changes
/home/course/aakash27/hex-fpga/mcts.prj/solution1/.autopilot/db/MCTSSearcher.pp.0.cpp:19422:17: warning: Added loop label VITIS_LOOP_1592_16:   [xilinx-label-all-loops]
                for (int j = I_+21; j >= 0; j--) {
                ^~~
                VITIS_LOOP_1592_16: 
/home/course/aakash27/hex-fpga/mcts.prj/solution1/.autopilot/db/MCTSSearcher.pp.0.cpp:19422:17: note: FIX-IT applied suggested code changes
/home/course/aakash27/hex-fpga/mcts.prj/solution1/.autopilot/db/MCTSSearcher.pp.0.cpp:19446:9: warning: Added loop label VITIS_LOOP_1616_17:   [xilinx-label-all-loops]
        for (int j = wf+5; j < w-1; j++){
        ^~~
        VITIS_LOOP_1616_17: 
/home/course/aakash27/hex-fpga/mcts.prj/solution1/.autopilot/db/MCTSSearcher.pp.0.cpp:19446:9: note: FIX-IT applied suggested code changes
/home/course/aakash27/hex-fpga/mcts.prj/solution1/.autopilot/db/MCTSSearcher.pp.0.cpp:19453:17: warning: Added loop label VITIS_LOOP_1623_18:   [xilinx-label-all-loops]
                for (int j = 0; j < 64; j++) {
                ^~~
                VITIS_LOOP_1623_18: 
/home/course/aakash27/hex-fpga/mcts.prj/solution1/.autopilot/db/MCTSSearcher.pp.0.cpp:19453:17: note: FIX-IT applied suggested code changes
/home/course/aakash27/hex-fpga/mcts.prj/solution1/.autopilot/db/MCTSSearcher.pp.0.cpp:19883:13: warning: Added loop label VITIS_LOOP_2053_19:   [xilinx-label-all-loops]
            for (int j = 64; j >= I_+31; j--) {
            ^~~
            VITIS_LOOP_2053_19: 
/home/course/aakash27/hex-fpga/mcts.prj/solution1/.autopilot/db/MCTSSearcher.pp.0.cpp:19883:13: note: FIX-IT applied suggested code changes
/home/course/aakash27/hex-fpga/mcts.prj/solution1/.autopilot/db/MCTSSearcher.pp.0.cpp:19889:17: warning: Added loop label VITIS_LOOP_2059_20:   [xilinx-label-all-loops]
                for (int j = 64; j >= I_+31; j--) {
                ^~~
                VITIS_LOOP_2059_20: 
/home/course/aakash27/hex-fpga/mcts.prj/solution1/.autopilot/db/MCTSSearcher.pp.0.cpp:19889:17: note: FIX-IT applied suggested code changes
/home/course/aakash27/hex-fpga/mcts.prj/solution1/.autopilot/db/MCTSSearcher.pp.0.cpp:19893:17: warning: Added loop label VITIS_LOOP_2063_21:   [xilinx-label-all-loops]
                for (int j = I_+30; j >= 0; j--) {
                ^~~
                VITIS_LOOP_2063_21: 
/home/course/aakash27/hex-fpga/mcts.prj/solution1/.autopilot/db/MCTSSearcher.pp.0.cpp:19893:17: note: FIX-IT applied suggested code changes
/home/course/aakash27/hex-fpga/mcts.prj/solution1/.autopilot/db/MCTSSearcher.pp.0.cpp:20022:13: warning: Added loop label VITIS_LOOP_2192_1:   [xilinx-label-all-loops]
            for(int j=3; j>=I+1; j--) {
            ^~~
            VITIS_LOOP_2192_1: 
/home/course/aakash27/hex-fpga/mcts.prj/solution1/.autopilot/db/MCTSSearcher.pp.0.cpp:20022:13: note: FIX-IT applied suggested code changes
/home/course/aakash27/hex-fpga/mcts.prj/solution1/.autopilot/db/MCTSSearcher.pp.0.cpp:20029:17: warning: Added loop label VITIS_LOOP_2199_2:   [xilinx-label-all-loops]
                for(int j=3; j>=I+1; j--) {
                ^~~
                VITIS_LOOP_2199_2: 
/home/course/aakash27/hex-fpga/mcts.prj/solution1/.autopilot/db/MCTSSearcher.pp.0.cpp:20029:17: note: FIX-IT applied suggested code changes
/home/course/aakash27/hex-fpga/mcts.prj/solution1/.autopilot/db/MCTSSearcher.pp.0.cpp:20033:17: warning: Added loop label VITIS_LOOP_2203_3:   [xilinx-label-all-loops]
                for(int j=I; j>=0; j--) {
                ^~~
                VITIS_LOOP_2203_3: 
/home/course/aakash27/hex-fpga/mcts.prj/solution1/.autopilot/db/MCTSSearcher.pp.0.cpp:20033:17: note: FIX-IT applied suggested code changes
/home/course/aakash27/hex-fpga/mcts.prj/solution1/.autopilot/db/MCTSSearcher.pp.0.cpp:20080:13: warning: Added loop label VITIS_LOOP_2250_4:   [xilinx-label-all-loops]
            for(int j=7; j>=3+I; j--) {
            ^~~
            VITIS_LOOP_2250_4: 
/home/course/aakash27/hex-fpga/mcts.prj/solution1/.autopilot/db/MCTSSearcher.pp.0.cpp:20080:13: note: FIX-IT applied suggested code changes
/home/course/aakash27/hex-fpga/mcts.prj/solution1/.autopilot/db/MCTSSearcher.pp.0.cpp:20087:17: warning: Added loop label VITIS_LOOP_2257_5:   [xilinx-label-all-loops]
                for(int j=7; j>=3+I; j--) {
                ^~~
                VITIS_LOOP_2257_5: 
/home/course/aakash27/hex-fpga/mcts.prj/solution1/.autopilot/db/MCTSSearcher.pp.0.cpp:20087:17: note: FIX-IT applied suggested code changes
/home/course/aakash27/hex-fpga/mcts.prj/solution1/.autopilot/db/MCTSSearcher.pp.0.cpp:20091:17: warning: Added loop label VITIS_LOOP_2261_6:   [xilinx-label-all-loops]
                for(int j=I+2; j>=0; j--) {
                ^~~
                VITIS_LOOP_2261_6: 
/home/course/aakash27/hex-fpga/mcts.prj/solution1/.autopilot/db/MCTSSearcher.pp.0.cpp:20091:17: note: FIX-IT applied suggested code changes
/home/course/aakash27/hex-fpga/mcts.prj/solution1/.autopilot/db/MCTSSearcher.pp.0.cpp:20109:9: warning: Added loop label VITIS_LOOP_2279_7:   [xilinx-label-all-loops]
        for(int j=11; j<16; j++) {
        ^~~
        VITIS_LOOP_2279_7: 
/home/course/aakash27/hex-fpga/mcts.prj/solution1/.autopilot/db/MCTSSearcher.pp.0.cpp:20109:9: note: FIX-IT applied suggested code changes
/home/course/aakash27/hex-fpga/mcts.prj/solution1/.autopilot/db/MCTSSearcher.pp.0.cpp:20164:13: warning: Added loop label VITIS_LOOP_2334_8:   [xilinx-label-all-loops]
            for(int j=15; j>=7+I; j--) {
            ^~~
            VITIS_LOOP_2334_8: 
/home/course/aakash27/hex-fpga/mcts.prj/solution1/.autopilot/db/MCTSSearcher.pp.0.cpp:20164:13: note: FIX-IT applied suggested code changes
/home/course/aakash27/hex-fpga/mcts.prj/solution1/.autopilot/db/MCTSSearcher.pp.0.cpp:20171:17: warning: Added loop label VITIS_LOOP_2341_9:   [xilinx-label-all-loops]
                for(int j=15; j>=7+I; j--) {
                ^~~
                VITIS_LOOP_2341_9: 
/home/course/aakash27/hex-fpga/mcts.prj/solution1/.autopilot/db/MCTSSearcher.pp.0.cpp:20171:17: note: FIX-IT applied suggested code changes
/home/course/aakash27/hex-fpga/mcts.prj/solution1/.autopilot/db/MCTSSearcher.pp.0.cpp:20175:17: warning: Added loop label VITIS_LOOP_2345_10:   [xilinx-label-all-loops]
                for(int j=6+I; j>=0; j--) {
                ^~~
                VITIS_LOOP_2345_10: 
/home/course/aakash27/hex-fpga/mcts.prj/solution1/.autopilot/db/MCTSSearcher.pp.0.cpp:20175:17: note: FIX-IT applied suggested code changes
/home/course/aakash27/hex-fpga/mcts.prj/solution1/.autopilot/db/MCTSSearcher.pp.0.cpp:20193:9: warning: Added loop label VITIS_LOOP_2363_11:   [xilinx-label-all-loops]
        for(int j=20; j<32; j++) {
        ^~~
        VITIS_LOOP_2363_11: 
/home/course/aakash27/hex-fpga/mcts.prj/solution1/.autopilot/db/MCTSSearcher.pp.0.cpp:20193:9: note: FIX-IT applied suggested code changes
/home/course/aakash27/hex-fpga/mcts.prj/solution1/.autopilot/db/MCTSSearcher.pp.0.cpp:20282:13: warning: Added loop label VITIS_LOOP_2452_12:   [xilinx-label-all-loops]
            for(int j=31; j>=I+15; j--) {
            ^~~
            VITIS_LOOP_2452_12: 
/home/course/aakash27/hex-fpga/mcts.prj/solution1/.autopilot/db/MCTSSearcher.pp.0.cpp:20282:13: note: FIX-IT applied suggested code changes
/home/course/aakash27/hex-fpga/mcts.prj/solution1/.autopilot/db/MCTSSearcher.pp.0.cpp:20289:17: warning: Added loop label VITIS_LOOP_2459_13:   [xilinx-label-all-loops]
                for(int j=31; j>=I+15; j--) {
                ^~~
                VITIS_LOOP_2459_13: 
/home/course/aakash27/hex-fpga/mcts.prj/solution1/.autopilot/db/MCTSSearcher.pp.0.cpp:20289:17: note: FIX-IT applied suggested code changes
/home/course/aakash27/hex-fpga/mcts.prj/solution1/.autopilot/db/MCTSSearcher.pp.0.cpp:20293:17: warning: Added loop label VITIS_LOOP_2463_14:   [xilinx-label-all-loops]
                for(int j=I+14; j>=0; j--) {
                ^~~
                VITIS_LOOP_2463_14: 
/home/course/aakash27/hex-fpga/mcts.prj/solution1/.autopilot/db/MCTSSearcher.pp.0.cpp:20293:17: note: FIX-IT applied suggested code changes
/home/course/aakash27/hex-fpga/mcts.prj/solution1/.autopilot/db/MCTSSearcher.pp.0.cpp:20303:9: warning: Added loop label VITIS_LOOP_2473_15:   [xilinx-label-all-loops]
        for(int j=32-F; j<32+I; j++) {
        ^~~
        VITIS_LOOP_2473_15: 
/home/course/aakash27/hex-fpga/mcts.prj/solution1/.autopilot/db/MCTSSearcher.pp.0.cpp:20303:9: note: FIX-IT applied suggested code changes
/home/course/aakash27/hex-fpga/mcts.prj/solution1/.autopilot/db/MCTSSearcher.pp.0.cpp:20307:9: warning: Added loop label VITIS_LOOP_2477_16:   [xilinx-label-all-loops]
        for(int j=32+I; j<=64; j++) {
        ^~~
        VITIS_LOOP_2477_16: 
/home/course/aakash27/hex-fpga/mcts.prj/solution1/.autopilot/db/MCTSSearcher.pp.0.cpp:20307:9: note: FIX-IT applied suggested code changes
/home/course/aakash27/hex-fpga/mcts.prj/solution1/.autopilot/db/MCTSSearcher.pp.0.cpp:20318:9: warning: Added loop label VITIS_LOOP_2488_17:   [xilinx-label-all-loops]
        for(int j=37; j<64; j++) {
        ^~~
        VITIS_LOOP_2488_17: 
/home/course/aakash27/hex-fpga/mcts.prj/solution1/.autopilot/db/MCTSSearcher.pp.0.cpp:20318:9: note: FIX-IT applied suggested code changes
/home/course/aakash27/hex-fpga/mcts.prj/solution1/.autopilot/db/MCTSSearcher.pp.0.cpp:20326:17: warning: Added loop label VITIS_LOOP_2496_18:   [xilinx-label-all-loops]
                for(int j=0; j<64; j++) {
                ^~~
                VITIS_LOOP_2496_18: 
/home/course/aakash27/hex-fpga/mcts.prj/solution1/.autopilot/db/MCTSSearcher.pp.0.cpp:20326:17: note: FIX-IT applied suggested code changes
/home/course/aakash27/hex-fpga/mcts.prj/solution1/.autopilot/db/MCTSSearcher.pp.0.cpp:20651:13: warning: Added loop label VITIS_LOOP_2821_19:   [xilinx-label-all-loops]
            for(int j=63; j>=I+31; j--) {
            ^~~
            VITIS_LOOP_2821_19: 
/home/course/aakash27/hex-fpga/mcts.prj/solution1/.autopilot/db/MCTSSearcher.pp.0.cpp:20651:13: note: FIX-IT applied suggested code changes
/home/course/aakash27/hex-fpga/mcts.prj/solution1/.autopilot/db/MCTSSearcher.pp.0.cpp:20658:17: warning: Added loop label VITIS_LOOP_2828_20:   [xilinx-label-all-loops]
                for(int j=63; j>=I+31; j--) {
                ^~~
                VITIS_LOOP_2828_20: 
/home/course/aakash27/hex-fpga/mcts.prj/solution1/.autopilot/db/MCTSSearcher.pp.0.cpp:20658:17: note: FIX-IT applied suggested code changes
/home/course/aakash27/hex-fpga/mcts.prj/solution1/.autopilot/db/MCTSSearcher.pp.0.cpp:20662:17: warning: Added loop label VITIS_LOOP_2832_21:   [xilinx-label-all-loops]
                for(int j=I+30; j>=0; j--) {
                ^~~
                VITIS_LOOP_2832_21: 
/home/course/aakash27/hex-fpga/mcts.prj/solution1/.autopilot/db/MCTSSearcher.pp.0.cpp:20662:17: note: FIX-IT applied suggested code changes
/home/course/aakash27/hex-fpga/mcts.prj/solution1/.autopilot/db/MCTSSearcher.pp.0.cpp:20750:4: warning: Added loop label VITIS_LOOP_2920_1:   [xilinx-label-all-loops]
   for(int j = 5; j>=I_+2; j--) {
   ^~~
   VITIS_LOOP_2920_1: 
/home/course/aakash27/hex-fpga/mcts.prj/solution1/.autopilot/db/MCTSSearcher.pp.0.cpp:20750:4: note: FIX-IT applied suggested code changes
/home/course/aakash27/hex-fpga/mcts.prj/solution1/.autopilot/db/MCTSSearcher.pp.0.cpp:20757:5: warning: Added loop label VITIS_LOOP_2927_2:   [xilinx-label-all-loops]
    for(int j = 5; j>=I_+2; j--) {
    ^~~
    VITIS_LOOP_2927_2: 
/home/course/aakash27/hex-fpga/mcts.prj/solution1/.autopilot/db/MCTSSearcher.pp.0.cpp:20757:5: note: FIX-IT applied suggested code changes
/home/course/aakash27/hex-fpga/mcts.prj/solution1/.autopilot/db/MCTSSearcher.pp.0.cpp:20761:5: warning: Added loop label VITIS_LOOP_2931_3:   [xilinx-label-all-loops]
    for(int j = I_+1; j>=0; j--) {
    ^~~
    VITIS_LOOP_2931_3: 
/home/course/aakash27/hex-fpga/mcts.prj/solution1/.autopilot/db/MCTSSearcher.pp.0.cpp:20761:5: note: FIX-IT applied suggested code changes
/home/course/aakash27/hex-fpga/mcts.prj/solution1/.autopilot/db/MCTSSearcher.pp.0.cpp:20776:3: warning: Added loop label VITIS_LOOP_2946_4:   [xilinx-label-all-loops]
  for(int j = 11; j >=7; j--) {
  ^~~
  VITIS_LOOP_2946_4: 
/home/course/aakash27/hex-fpga/mcts.prj/solution1/.autopilot/db/MCTSSearcher.pp.0.cpp:20776:3: note: FIX-IT applied suggested code changes
/home/course/aakash27/hex-fpga/mcts.prj/solution1/.autopilot/db/MCTSSearcher.pp.0.cpp:20808:4: warning: Added loop label VITIS_LOOP_2978_5:   [xilinx-label-all-loops]
   for(int j = 11; j >= I_+5; j--) {
   ^~~
   VITIS_LOOP_2978_5: 
/home/course/aakash27/hex-fpga/mcts.prj/solution1/.autopilot/db/MCTSSearcher.pp.0.cpp:20808:4: note: FIX-IT applied suggested code changes
/home/course/aakash27/hex-fpga/mcts.prj/solution1/.autopilot/db/MCTSSearcher.pp.0.cpp:20815:5: warning: Added loop label VITIS_LOOP_2985_6:   [xilinx-label-all-loops]
    for(int j = 11; j>= I_+5; j--) {
    ^~~
    VITIS_LOOP_2985_6: 
/home/course/aakash27/hex-fpga/mcts.prj/solution1/.autopilot/db/MCTSSearcher.pp.0.cpp:20815:5: note: FIX-IT applied suggested code changes
/home/course/aakash27/hex-fpga/mcts.prj/solution1/.autopilot/db/MCTSSearcher.pp.0.cpp:20819:5: warning: Added loop label VITIS_LOOP_2989_7:   [xilinx-label-all-loops]
    for(int j = I_+4; j>=0; j--) {
    ^~~
    VITIS_LOOP_2989_7: 
/home/course/aakash27/hex-fpga/mcts.prj/solution1/.autopilot/db/MCTSSearcher.pp.0.cpp:20819:5: note: FIX-IT applied suggested code changes
/home/course/aakash27/hex-fpga/mcts.prj/solution1/.autopilot/db/MCTSSearcher.pp.0.cpp:20834:3: warning: Added loop label VITIS_LOOP_3004_8:   [xilinx-label-all-loops]
  for(int j = 25; j>=15; j--) {
  ^~~
  VITIS_LOOP_3004_8: 
/home/course/aakash27/hex-fpga/mcts.prj/solution1/.autopilot/db/MCTSSearcher.pp.0.cpp:20834:3: note: FIX-IT applied suggested code changes
/home/course/aakash27/hex-fpga/mcts.prj/solution1/.autopilot/db/MCTSSearcher.pp.0.cpp:20884:4: warning: Added loop label VITIS_LOOP_3054_9:   [xilinx-label-all-loops]
   for(int j = 25; j>= I_+12; j--) {
   ^~~
   VITIS_LOOP_3054_9: 
/home/course/aakash27/hex-fpga/mcts.prj/solution1/.autopilot/db/MCTSSearcher.pp.0.cpp:20884:4: note: FIX-IT applied suggested code changes
/home/course/aakash27/hex-fpga/mcts.prj/solution1/.autopilot/db/MCTSSearcher.pp.0.cpp:20891:5: warning: Added loop label VITIS_LOOP_3061_10:   [xilinx-label-all-loops]
    for(int j = 25; j>=I_+12; j--) {
    ^~~
    VITIS_LOOP_3061_10: 
/home/course/aakash27/hex-fpga/mcts.prj/solution1/.autopilot/db/MCTSSearcher.pp.0.cpp:20891:5: note: FIX-IT applied suggested code changes
/home/course/aakash27/hex-fpga/mcts.prj/solution1/.autopilot/db/MCTSSearcher.pp.0.cpp:20895:5: warning: Added loop label VITIS_LOOP_3065_11:   [xilinx-label-all-loops]
    for(int j = I_+11; j>=0; j--) {
    ^~~
    VITIS_LOOP_3065_11: 
/home/course/aakash27/hex-fpga/mcts.prj/solution1/.autopilot/db/MCTSSearcher.pp.0.cpp:20895:5: note: FIX-IT applied suggested code changes
/home/course/aakash27/hex-fpga/mcts.prj/solution1/.autopilot/db/MCTSSearcher.pp.0.cpp:20910:3: warning: Added loop label VITIS_LOOP_3080_12:   [xilinx-label-all-loops]
  for(int j = 51; j >= 29; j--) {
  ^~~
  VITIS_LOOP_3080_12: 
/home/course/aakash27/hex-fpga/mcts.prj/solution1/.autopilot/db/MCTSSearcher.pp.0.cpp:20910:3: note: FIX-IT applied suggested code changes
/home/course/aakash27/hex-fpga/mcts.prj/solution1/.autopilot/db/MCTSSearcher.pp.0.cpp:21047:4: warning: Added loop label VITIS_LOOP_3217_13:   [xilinx-label-all-loops]
   for(int j = 51; j >= 25 + I_; j--) {
   ^~~
   VITIS_LOOP_3217_13: 
/home/course/aakash27/hex-fpga/mcts.prj/solution1/.autopilot/db/MCTSSearcher.pp.0.cpp:21047:4: note: FIX-IT applied suggested code changes
/home/course/aakash27/hex-fpga/mcts.prj/solution1/.autopilot/db/MCTSSearcher.pp.0.cpp:21054:5: warning: Added loop label VITIS_LOOP_3224_14:   [xilinx-label-all-loops]
    for(int j = 51; j>=25 + I_; j--) {
    ^~~
    VITIS_LOOP_3224_14: 
/home/course/aakash27/hex-fpga/mcts.prj/solution1/.autopilot/db/MCTSSearcher.pp.0.cpp:21054:5: note: FIX-IT applied suggested code changes
/home/course/aakash27/hex-fpga/mcts.prj/solution1/.autopilot/db/MCTSSearcher.pp.0.cpp:21058:5: warning: Added loop label VITIS_LOOP_3228_15:   [xilinx-label-all-loops]
    for(int j = 24 + I_; j >= 0; j--) {
    ^~~
    VITIS_LOOP_3228_15: 
/home/course/aakash27/hex-fpga/mcts.prj/solution1/.autopilot/db/MCTSSearcher.pp.0.cpp:21058:5: note: FIX-IT applied suggested code changes
/home/course/aakash27/hex-fpga/mcts.prj/solution1/.autopilot/db/MCTSSearcher.pp.0.cpp:21073:3: warning: Added loop label VITIS_LOOP_3243_16:   [xilinx-label-all-loops]
  for(int j = 63; j >= 36; j--) {
  ^~~
  VITIS_LOOP_3243_16: 
/home/course/aakash27/hex-fpga/mcts.prj/solution1/.autopilot/db/MCTSSearcher.pp.0.cpp:21073:3: note: FIX-IT applied suggested code changes
/home/course/aakash27/hex-fpga/mcts.prj/solution1/.autopilot/db/MCTSSearcher.pp.0.cpp:21233:4: warning: Added loop label VITIS_LOOP_3403_17:   [xilinx-label-all-loops]
   for(int j = 63; j >= 31 + I_; j--) {
   ^~~
   VITIS_LOOP_3403_17: 
/home/course/aakash27/hex-fpga/mcts.prj/solution1/.autopilot/db/MCTSSearcher.pp.0.cpp:21233:4: note: FIX-IT applied suggested code changes
/home/course/aakash27/hex-fpga/mcts.prj/solution1/.autopilot/db/MCTSSearcher.pp.0.cpp:21240:5: warning: Added loop label VITIS_LOOP_3410_18:   [xilinx-label-all-loops]
    for(int j = 63; j >= 31 + I_; j--) {
    ^~~
    VITIS_LOOP_3410_18: 
/home/course/aakash27/hex-fpga/mcts.prj/solution1/.autopilot/db/MCTSSearcher.pp.0.cpp:21240:5: note: FIX-IT applied suggested code changes
/home/course/aakash27/hex-fpga/mcts.prj/solution1/.autopilot/db/MCTSSearcher.pp.0.cpp:21244:5: warning: Added loop label VITIS_LOOP_3414_19:   [xilinx-label-all-loops]
    for(int j = 30 + I_; j >= 0; j--) {
    ^~~
    VITIS_LOOP_3414_19: 
/home/course/aakash27/hex-fpga/mcts.prj/solution1/.autopilot/db/MCTSSearcher.pp.0.cpp:21244:5: note: FIX-IT applied suggested code changes
/home/course/aakash27/hex-fpga/mcts.prj/solution1/.autopilot/db/MCTSSearcher.pp.0.cpp:21959:13: warning: Added loop label VITIS_LOOP_703_1:   [xilinx-label-all-loops]
            for (b_exp = I_-1; b_exp >= -F_; b_exp--) {
            ^~~
            VITIS_LOOP_703_1: 
/home/course/aakash27/hex-fpga/mcts.prj/solution1/.autopilot/db/MCTSSearcher.pp.0.cpp:21959:13: note: FIX-IT applied suggested code changes
/home/course/aakash27/hex-fpga/mcts.prj/solution1/.autopilot/db/MCTSSearcher.pp.0.cpp:22177:13: warning: Added loop label VITIS_LOOP_921_1:   [xilinx-label-all-loops]
            for (b_exp = I_-1; b_exp >= -F_; b_exp--) {
            ^~~
            VITIS_LOOP_921_1: 
/home/course/aakash27/hex-fpga/mcts.prj/solution1/.autopilot/db/MCTSSearcher.pp.0.cpp:22177:13: note: FIX-IT applied suggested code changes
/home/course/aakash27/hex-fpga/mcts.prj/solution1/.autopilot/db/MCTSSearcher.pp.0.cpp:22594:13: warning: Added loop label VITIS_LOOP_1345_1:   [xilinx-label-all-loops]
            for (b_exp = I_-1; b_exp >= -F_; b_exp--) {
            ^~~
            VITIS_LOOP_1345_1: 
/home/course/aakash27/hex-fpga/mcts.prj/solution1/.autopilot/db/MCTSSearcher.pp.0.cpp:22594:13: note: FIX-IT applied suggested code changes
/home/course/aakash27/hex-fpga/mcts.prj/solution1/.autopilot/db/MCTSSearcher.pp.0.cpp:22917:9: warning: Added loop label VITIS_LOOP_243_1:   [xilinx-label-all-loops]
        for ( int pos = msbr-1; pos >= 0; pos-- ) {
        ^~~
        VITIS_LOOP_243_1: 
/home/course/aakash27/hex-fpga/mcts.prj/solution1/.autopilot/db/MCTSSearcher.pp.0.cpp:22917:9: note: FIX-IT applied suggested code changes
/home/course/aakash27/hex-fpga/mcts.prj/solution1/.autopilot/db/MCTSSearcher.pp.0.cpp:22945:9: warning: Added loop label VITIS_LOOP_271_2:   [xilinx-label-all-loops]
        for ( int pos = -1; pos >= -F_-1; pos-- ) {
        ^~~
        VITIS_LOOP_271_2: 
/home/course/aakash27/hex-fpga/mcts.prj/solution1/.autopilot/db/MCTSSearcher.pp.0.cpp:22945:9: note: FIX-IT applied suggested code changes
/home/course/aakash27/hex-fpga/mcts.prj/solution1/.autopilot/db/MCTSSearcher.pp.0.cpp:23649:13: warning: Added loop label VITIS_LOOP_48_1:   [xilinx-label-all-loops]
            for (int j = 0; j < W_-1; j++){
            ^~~
            VITIS_LOOP_48_1: 
/home/course/aakash27/hex-fpga/mcts.prj/solution1/.autopilot/db/MCTSSearcher.pp.0.cpp:23649:13: note: FIX-IT applied suggested code changes
/home/course/aakash27/hex-fpga/mcts.prj/solution1/.autopilot/db/MCTSSearcher.pp.0.cpp:23702:5: warning: Added loop label VITIS_LOOP_109_2:   [xilinx-label-all-loops]
    for (int j = F_l+F_+I_m-1; j < F_l+W_+5; j++){
    ^~~
    VITIS_LOOP_109_2: 
/home/course/aakash27/hex-fpga/mcts.prj/solution1/.autopilot/db/MCTSSearcher.pp.0.cpp:23702:5: note: FIX-IT applied suggested code changes
/home/course/aakash27/hex-fpga/mcts.prj/solution1/.autopilot/db/MCTSSearcher.pp.0.cpp:23716:13: warning: Added loop label VITIS_LOOP_123_3:   [xilinx-label-all-loops]
            for (int j = WO_m-1; j >= W_-1; j--) {
            ^~~
            VITIS_LOOP_123_3: 
/home/course/aakash27/hex-fpga/mcts.prj/solution1/.autopilot/db/MCTSSearcher.pp.0.cpp:23716:13: note: FIX-IT applied suggested code changes
/home/course/aakash27/hex-fpga/mcts.prj/solution1/.autopilot/db/MCTSSearcher.pp.0.cpp:23746:13: warning: Added loop label VITIS_LOOP_153_4:   [xilinx-label-all-loops]
            for (int j = W_-2; j >= 0; j--){
            ^~~
            VITIS_LOOP_153_4: 
/home/course/aakash27/hex-fpga/mcts.prj/solution1/.autopilot/db/MCTSSearcher.pp.0.cpp:23746:13: note: FIX-IT applied suggested code changes
/home/course/aakash27/hex-fpga/mcts.prj/solution1/.autopilot/db/MCTSSearcher.pp.0.cpp:23831:12: warning: Added loop label VITIS_LOOP_281_1:   [xilinx-label-all-loops]
           for(int i = wf_log+we_log-2; i > WI_e - 2; --i) {
           ^~~
           VITIS_LOOP_281_1: 
/home/course/aakash27/hex-fpga/mcts.prj/solution1/.autopilot/db/MCTSSearcher.pp.0.cpp:23831:12: note: FIX-IT applied suggested code changes
/home/course/aakash27/hex-fpga/mcts.prj/solution1/.autopilot/db/MCTSSearcher.pp.0.cpp:23851:16: warning: Added loop label VITIS_LOOP_301_2:   [xilinx-label-all-loops]
               for (int j = WO_e-1; j >= W_-1; j--) {
               ^~~
               VITIS_LOOP_301_2: 
/home/course/aakash27/hex-fpga/mcts.prj/solution1/.autopilot/db/MCTSSearcher.pp.0.cpp:23851:16: note: FIX-IT applied suggested code changes
/home/course/aakash27/hex-fpga/mcts.prj/solution1/.autopilot/db/MCTSSearcher.pp.0.cpp:23865:20: warning: Added loop label VITIS_LOOP_315_3:   [xilinx-label-all-loops]
                   for(int i = 0; i < W_-1; ++i) {
                   ^~~
                   VITIS_LOOP_315_3: 
/home/course/aakash27/hex-fpga/mcts.prj/solution1/.autopilot/db/MCTSSearcher.pp.0.cpp:23865:20: note: FIX-IT applied suggested code changes
/home/course/aakash27/hex-fpga/mcts.prj/solution1/.autopilot/db/MCTSSearcher.pp.0.cpp:23958:12: warning: Added loop label VITIS_LOOP_433_1:   [xilinx-label-all-loops]
           for (int j =WO_d-1; j >= W_-1; j--) {
           ^~~
           VITIS_LOOP_433_1: 
/home/course/aakash27/hex-fpga/mcts.prj/solution1/.autopilot/db/MCTSSearcher.pp.0.cpp:23958:12: note: FIX-IT applied suggested code changes
/home/course/aakash27/hex-fpga/mcts.prj/solution1/.autopilot/db/MCTSSearcher.pp.0.cpp:23972:15: warning: Added loop label VITIS_LOOP_447_2:   [xilinx-label-all-loops]
              for(int i = 0; i < W_-1; ++i) {
              ^~~
              VITIS_LOOP_447_2: 
/home/course/aakash27/hex-fpga/mcts.prj/solution1/.autopilot/db/MCTSSearcher.pp.0.cpp:23972:15: note: FIX-IT applied suggested code changes
/home/course/aakash27/hex-fpga/mcts.prj/solution1/.autopilot/db/MCTSSearcher.pp.0.cpp:24092:13: warning: Added loop label VITIS_LOOP_33_1:   [xilinx-label-all-loops]
            for (int i = 0; i < W_-1; i++){
            ^~~
            VITIS_LOOP_33_1: 
/home/course/aakash27/hex-fpga/mcts.prj/solution1/.autopilot/db/MCTSSearcher.pp.0.cpp:24092:13: note: FIX-IT applied suggested code changes
/home/course/aakash27/hex-fpga/mcts.prj/solution1/.autopilot/db/MCTSSearcher.pp.0.cpp:24216:13: warning: Added loop label VITIS_LOOP_183_1:   [xilinx-label-all-loops]
            for (int i = 0; i < W_-1; i++){
            ^~~
            VITIS_LOOP_183_1: 
/home/course/aakash27/hex-fpga/mcts.prj/solution1/.autopilot/db/MCTSSearcher.pp.0.cpp:24216:13: note: FIX-IT applied suggested code changes
/home/course/aakash27/hex-fpga/mcts.prj/solution1/.autopilot/db/MCTSSearcher.pp.0.cpp:24271:13: warning: Added loop label VITIS_LOOP_248_1:   [xilinx-label-all-loops]
            for (int i = 0; i < W_-1; i++){
            ^~~
            VITIS_LOOP_248_1: 
/home/course/aakash27/hex-fpga/mcts.prj/solution1/.autopilot/db/MCTSSearcher.pp.0.cpp:24271:13: note: FIX-IT applied suggested code changes
/home/course/aakash27/hex-fpga/mcts.prj/solution1/.autopilot/db/MCTSSearcher.pp.0.cpp:24538:5: warning: Added loop label VITIS_LOOP_44_1:   [xilinx-label-all-loops]
    for(int l = loop_nm; l > 0; --l){
    ^~~
    VITIS_LOOP_44_1: 
/home/course/aakash27/hex-fpga/mcts.prj/solution1/.autopilot/db/MCTSSearcher.pp.0.cpp:24538:5: note: FIX-IT applied suggested code changes
/home/course/aakash27/hex-fpga/mcts.prj/solution1/.autopilot/db/MCTSSearcher.pp.0.cpp:24789:2: warning: Added loop label VITIS_LOOP_16_1:   [xilinx-label-all-loops]
 for (int i=0; i<W_;i++)
 ^~~
 VITIS_LOOP_16_1: 
/home/course/aakash27/hex-fpga/mcts.prj/solution1/.autopilot/db/MCTSSearcher.pp.0.cpp:24789:2: note: FIX-IT applied suggested code changes
/home/course/aakash27/hex-fpga/mcts.prj/solution1/.autopilot/db/MCTSSearcher.pp.0.cpp:24800:2: warning: Added loop label VITIS_LOOP_27_1:   [xilinx-label-all-loops]
 for (int i=0; i<W_;i++)
 ^~~
 VITIS_LOOP_27_1: 
/home/course/aakash27/hex-fpga/mcts.prj/solution1/.autopilot/db/MCTSSearcher.pp.0.cpp:24800:2: note: FIX-IT applied suggested code changes
/home/course/aakash27/hex-fpga/mcts.prj/solution1/.autopilot/db/MCTSSearcher.pp.0.cpp:24811:2: warning: Added loop label VITIS_LOOP_38_1:   [xilinx-label-all-loops]
 for (int i=0; i<I_;i++)
 ^~~
 VITIS_LOOP_38_1: 
/home/course/aakash27/hex-fpga/mcts.prj/solution1/.autopilot/db/MCTSSearcher.pp.0.cpp:24811:2: note: FIX-IT applied suggested code changes
/home/course/aakash27/hex-fpga/mcts.prj/solution1/.autopilot/db/MCTSSearcher.pp.0.cpp:24822:2: warning: Added loop label VITIS_LOOP_49_1:   [xilinx-label-all-loops]
 for (int i=0; i<I_;i++)
 ^~~
 VITIS_LOOP_49_1: 
/home/course/aakash27/hex-fpga/mcts.prj/solution1/.autopilot/db/MCTSSearcher.pp.0.cpp:24822:2: note: FIX-IT applied suggested code changes
/home/course/aakash27/hex-fpga/mcts.prj/solution1/.autopilot/db/MCTSSearcher.pp.0.cpp:24833:2: warning: Added loop label VITIS_LOOP_60_1:   [xilinx-label-all-loops]
 for (int i=0; i<W_;i++)
 ^~~
 VITIS_LOOP_60_1: 
/home/course/aakash27/hex-fpga/mcts.prj/solution1/.autopilot/db/MCTSSearcher.pp.0.cpp:24833:2: note: FIX-IT applied suggested code changes
/home/course/aakash27/hex-fpga/mcts.prj/solution1/.autopilot/db/MCTSSearcher.pp.0.cpp:24844:2: warning: Added loop label VITIS_LOOP_71_1:   [xilinx-label-all-loops]
 for (int i=0; i<W_;i++)
 ^~~
 VITIS_LOOP_71_1: 
/home/course/aakash27/hex-fpga/mcts.prj/solution1/.autopilot/db/MCTSSearcher.pp.0.cpp:24844:2: note: FIX-IT applied suggested code changes
/home/course/aakash27/hex-fpga/mcts.prj/solution1/.autopilot/db/MCTSSearcher.pp.0.cpp:24855:2: warning: Added loop label VITIS_LOOP_82_1:   [xilinx-label-all-loops]
 for (int i=0; i<I_;i++)
 ^~~
 VITIS_LOOP_82_1: 
/home/course/aakash27/hex-fpga/mcts.prj/solution1/.autopilot/db/MCTSSearcher.pp.0.cpp:24855:2: note: FIX-IT applied suggested code changes
/home/course/aakash27/hex-fpga/mcts.prj/solution1/.autopilot/db/MCTSSearcher.pp.0.cpp:24866:2: warning: Added loop label VITIS_LOOP_93_1:   [xilinx-label-all-loops]
 for (int i=0; i<I_;i++)
 ^~~
 VITIS_LOOP_93_1: 
/home/course/aakash27/hex-fpga/mcts.prj/solution1/.autopilot/db/MCTSSearcher.pp.0.cpp:24866:2: note: FIX-IT applied suggested code changes
/home/course/aakash27/hex-fpga/mcts.prj/solution1/.autopilot/db/MCTSSearcher.pp.0.cpp:27225:12: warning: Added loop label VITIS_LOOP_26_1:   [xilinx-label-all-loops]
           for(int i = 0; i < W_-1; ++i) {
           ^~~
           VITIS_LOOP_26_1: 
/home/course/aakash27/hex-fpga/mcts.prj/solution1/.autopilot/db/MCTSSearcher.pp.0.cpp:27225:12: note: FIX-IT applied suggested code changes
/home/course/aakash27/hex-fpga/mcts.prj/solution1/.autopilot/db/MCTSSearcher.pp.0.cpp:27289:7: warning: Added loop label VITIS_LOOP_40_1:   [xilinx-label-all-loops]
      for(int pos = msbr - 1 ; pos >= -F-1; pos--) {
      ^~~
      VITIS_LOOP_40_1: 
/home/course/aakash27/hex-fpga/mcts.prj/solution1/.autopilot/db/MCTSSearcher.pp.0.cpp:27289:7: note: FIX-IT applied suggested code changes
/home/course/aakash27/hex-fpga/mcts.prj/solution1/.autopilot/db/MCTSSearcher.pp.0.cpp:27406:9: warning: Added loop label VITIS_LOOP_49_1:   [xilinx-label-all-loops]
        for(int pos = msbr - 1; pos >= 0; pos--) {
        ^~~
        VITIS_LOOP_49_1: 
/home/course/aakash27/hex-fpga/mcts.prj/solution1/.autopilot/db/MCTSSearcher.pp.0.cpp:27406:9: note: FIX-IT applied suggested code changes
/home/course/aakash27/hex-fpga/mcts.prj/solution1/.autopilot/db/MCTSSearcher.pp.0.cpp:27431:5: warning: Added loop label VITIS_LOOP_81_2:   [xilinx-label-all-loops]
    for(int pos = -1; pos >= -F-1; pos--) {
    ^~~
    VITIS_LOOP_81_2: 
/home/course/aakash27/hex-fpga/mcts.prj/solution1/.autopilot/db/MCTSSearcher.pp.0.cpp:27431:5: note: FIX-IT applied suggested code changes
/home/course/aakash27/hex-fpga/mcts.prj/solution1/.autopilot/db/MCTSSearcher.pp.0.cpp:27501:8: warning: Added loop label VITIS_LOOP_169_3:   [xilinx-label-all-loops]
       for(int i = 0; i < W - 1; ++i) {
       ^~~
       VITIS_LOOP_169_3: 
/home/course/aakash27/hex-fpga/mcts.prj/solution1/.autopilot/db/MCTSSearcher.pp.0.cpp:27501:8: note: FIX-IT applied suggested code changes
/home/course/aakash27/hex-fpga/mcts.prj/solution1/.autopilot/db/MCTSSearcher.pp.0.cpp:29841:9: warning: Added loop label VITIS_LOOP_114_1:   [xilinx-label-all-loops]
        do {
        ^~
        VITIS_LOOP_114_1: 
/home/course/aakash27/hex-fpga/mcts.prj/solution1/.autopilot/db/MCTSSearcher.pp.0.cpp:29841:9: note: FIX-IT applied suggested code changes
/home/course/aakash27/hex-fpga/mcts.prj/solution1/.autopilot/db/MCTSSearcher.pp.0.cpp:29895:9: warning: Added loop label VITIS_LOOP_42_1:   [xilinx-label-all-loops]
        for (int i = 0; i < HEX_SIZE * HEX_SIZE; i++) {
        ^~~
        VITIS_LOOP_42_1: 
/home/course/aakash27/hex-fpga/mcts.prj/solution1/.autopilot/db/MCTSSearcher.pp.0.cpp:29895:9: note: FIX-IT applied suggested code changes
/home/course/aakash27/hex-fpga/mcts.prj/solution1/.autopilot/db/MCTSSearcher.pp.0.cpp:58542:5: warning: Added loop label VITIS_LOOP_27_1:   [xilinx-label-all-loops]
    for (int child = firstChilds[0]; child != -1; child = nextSiblings[child]) {
    ^~~
    VITIS_LOOP_27_1: 
/home/course/aakash27/hex-fpga/mcts.prj/solution1/.autopilot/db/MCTSSearcher.pp.0.cpp:58542:5: note: FIX-IT applied suggested code changes
/home/course/aakash27/hex-fpga/mcts.prj/solution1/.autopilot/db/MCTSSearcher.pp.0.cpp:58561:5: warning: Added loop label VITIS_LOOP_46_1:   [xilinx-label-all-loops]
    while (i < TOTAL_SIMS) {
    ^~~~~
    VITIS_LOOP_46_1: 
/home/course/aakash27/hex-fpga/mcts.prj/solution1/.autopilot/db/MCTSSearcher.pp.0.cpp:58561:5: note: FIX-IT applied suggested code changes
/home/course/aakash27/hex-fpga/mcts.prj/solution1/.autopilot/db/MCTSSearcher.pp.0.cpp:58588:5: warning: Added loop label VITIS_LOOP_73_1:   [xilinx-label-all-loops]
    for (int a = 0; a < HEX_SIZE * HEX_SIZE; ++a) {
    ^~~
    VITIS_LOOP_73_1: 
/home/course/aakash27/hex-fpga/mcts.prj/solution1/.autopilot/db/MCTSSearcher.pp.0.cpp:58588:5: note: FIX-IT applied suggested code changes
/home/course/aakash27/hex-fpga/mcts.prj/solution1/.autopilot/db/MCTSSearcher.pp.0.cpp:58642:5: warning: Added loop label VITIS_LOOP_127_1:   [xilinx-label-all-loops]
    while (numLegalActions[node] == numChildren[node] && !terminals[node]) {
    ^~~~~
    VITIS_LOOP_127_1: 
/home/course/aakash27/hex-fpga/mcts.prj/solution1/.autopilot/db/MCTSSearcher.pp.0.cpp:58642:5: note: FIX-IT applied suggested code changes
/home/course/aakash27/hex-fpga/mcts.prj/solution1/.autopilot/db/MCTSSearcher.pp.0.cpp:58655:9: warning: Added loop label VITIS_LOOP_140_2:   [xilinx-label-all-loops]
        for (int childNode = firstChilds[node]; childNode != -1; childNode = this->nextSiblings[childNode]) {
        ^~~
        VITIS_LOOP_140_2: 
/home/course/aakash27/hex-fpga/mcts.prj/solution1/.autopilot/db/MCTSSearcher.pp.0.cpp:58655:9: note: FIX-IT applied suggested code changes
/home/course/aakash27/hex-fpga/mcts.prj/solution1/.autopilot/db/MCTSSearcher.pp.0.cpp:58684:9: warning: Added loop label VITIS_LOOP_169_3:   [xilinx-label-all-loops]
        for (int i = 0; i < 4; ++i) {
        ^~~
        VITIS_LOOP_169_3: 
/home/course/aakash27/hex-fpga/mcts.prj/solution1/.autopilot/db/MCTSSearcher.pp.0.cpp:58684:9: note: FIX-IT applied suggested code changes
/home/course/aakash27/hex-fpga/mcts.prj/solution1/.autopilot/db/MCTSSearcher.pp.0.cpp:58704:5: warning: Added loop label VITIS_LOOP_189_1:   [xilinx-label-all-loops]
    for (int i = 0; i < HEX_SIZE * HEX_SIZE; i++) {
    ^~~
    VITIS_LOOP_189_1: 
/home/course/aakash27/hex-fpga/mcts.prj/solution1/.autopilot/db/MCTSSearcher.pp.0.cpp:58704:5: note: FIX-IT applied suggested code changes
/home/course/aakash27/hex-fpga/mcts.prj/solution1/.autopilot/db/MCTSSearcher.pp.0.cpp:58715:5: warning: Added loop label VITIS_LOOP_200_2:   [xilinx-label-all-loops]
    while (!gameState.isTerminal()) {
    ^~~~~
    VITIS_LOOP_200_2: 
/home/course/aakash27/hex-fpga/mcts.prj/solution1/.autopilot/db/MCTSSearcher.pp.0.cpp:58715:5: note: FIX-IT applied suggested code changes
/home/course/aakash27/hex-fpga/mcts.prj/solution1/.autopilot/db/MCTSSearcher.pp.0.cpp:58725:9: warning: Added loop label VITIS_LOOP_230_3:   [xilinx-label-all-loops]
        for (int i = 0; i < HEX_SIZE * HEX_SIZE; i++) {
        ^~~
        VITIS_LOOP_230_3: 
/home/course/aakash27/hex-fpga/mcts.prj/solution1/.autopilot/db/MCTSSearcher.pp.0.cpp:58725:9: note: FIX-IT applied suggested code changes
/home/course/aakash27/hex-fpga/mcts.prj/solution1/.autopilot/db/MCTSSearcher.pp.0.cpp:58754:5: warning: Added loop label VITIS_LOOP_259_1:   [xilinx-label-all-loops]
    while (node != -1) {
    ^~~~~
    VITIS_LOOP_259_1: 
/home/course/aakash27/hex-fpga/mcts.prj/solution1/.autopilot/db/MCTSSearcher.pp.0.cpp:58754:5: note: FIX-IT applied suggested code changes
/home/course/aakash27/hex-fpga/mcts.prj/solution1/.autopilot/db/MCTSSearcher.pp.0.cpp:58777:5: warning: Added loop label VITIS_LOOP_282_1:   [xilinx-label-all-loops]
    for (int i = 0; i < 2; i++) {
    ^~~
    VITIS_LOOP_282_1: 
/home/course/aakash27/hex-fpga/mcts.prj/solution1/.autopilot/db/MCTSSearcher.pp.0.cpp:58777:5: note: FIX-IT applied suggested code changes
