

================================================================
== Vitis HLS Report for 'search'
================================================================
* Date:           Thu Apr 23 22:10:20 2026

* Version:        2025.1 (Build 6135595 on May 21 2025)
* Project:        mcts.prj
* Solution:       solution1 (Vivado IP Flow Target)
* Product family: zynquplus
* Target device:  xck26-sfvc784-2LV-c


================================================================
== Performance Estimates
================================================================
+ Timing: 
    * Summary: 
    +--------+----------+----------+------------+
    |  Clock |  Target  | Estimated| Uncertainty|
    +--------+----------+----------+------------+
    |ap_clk  |  10.00 ns|  7.167 ns|     2.70 ns|
    +--------+----------+----------+------------+

+ Latency: 
    * Summary: 
    +---------+---------+----------+----------+-----+-----+---------+
    |  Latency (cycles) |  Latency (absolute) |  Interval | Pipeline|
    |   min   |   max   |    min   |    max   | min | max |   Type  |
    +---------+---------+----------+----------+-----+-----+---------+
    |        ?|        ?|         ?|         ?|    ?|    ?|       no|
    +---------+---------+----------+----------+-----+-----+---------+

    + Detail: 
        * Instance: 
        N/A

        * Loop: 
        +-------------------+---------+---------+----------+-----------+-----------+------+----------+
        |                   |  Latency (cycles) | Iteration|  Initiation Interval  | Trip |          |
        |     Loop Name     |   min   |   max   |  Latency |  achieved |   target  | Count| Pipelined|
        +-------------------+---------+---------+----------+-----------+-----------+------+----------+
        |- VITIS_LOOP_46_1  |        ?|        ?|         ?|          -|          -|  5000|        no|
        +-------------------+---------+---------+----------+-----------+-----------+------+----------+

============================================================
+ Verbose Summary: Synthesis Manager
============================================================
InlineROM: 1
ExposeGlobal: 0
============================================================
+ Verbose Summary: CDFG Model
============================================================
IsTopModel: 0
ResetActiveHigh: 1
IsCombinational: 0
IsDatapathOnly: 0
HasWiredReturn: 1
HasMFsm: 0
HasVarLatency: 1
IsPipeline: 0
IsRtlPipelined: 0
IsInstanceOverlapped: 0
IsDontTouch: 0
HasImplIP: 0
IsGatedGlobalClock: 0


============================================================
+ Verbose Summary: Schedule
============================================================
* Number of FSM states : 9
* Pipeline : 0
* Dataflow Pipeline: 0

* FSM state transitions: 
1 --> 2 
2 --> 3 
3 --> 4 
4 --> 5 6 
5 --> 4 
6 --> 7 
7 --> 8 
8 --> 9 
9 --> 

* FSM state operations: 

State 1 <SV = 0> <Delay = 0.42>
ST_1 : Operation 10 [1/1] (0.00ns)   --->   "%i_2 = alloca i32 1" [MCTSSearcher.cpp:45->MCTSSearcher.cpp:17]   --->   Operation 10 'alloca' 'i_2' <Predicate = true> <Delay = 0.00>
ST_1 : Operation 11 [1/1] (0.00ns)   --->   "%this_rng_0 = alloca i32 1"   --->   Operation 11 'alloca' 'this_rng_0' <Predicate = true> <Delay = 0.00>
ST_1 : Operation 12 [1/1] (0.00ns)   --->   "%this_nextFree_0 = alloca i32 1"   --->   Operation 12 'alloca' 'this_nextFree_0' <Predicate = true> <Delay = 0.00>
ST_1 : Operation 13 [1/1] (0.00ns)   --->   "%boardState_player2_read = read i49 @_ssdm_op_Read.ap_auto.i49, i49 %boardState_player2_s"   --->   Operation 13 'read' 'boardState_player2_read' <Predicate = true> <Delay = 0.00>
ST_1 : Operation 14 [1/1] (0.00ns)   --->   "%boardState_player1_read = read i49 @_ssdm_op_Read.ap_auto.i49, i49 %boardState_player1_s"   --->   Operation 14 'read' 'boardState_player1_read' <Predicate = true> <Delay = 0.00>
ST_1 : Operation 15 [1/1] (0.00ns)   --->   "%this_rng_read_1 = read i6 @_ssdm_op_Read.ap_auto.i6, i6 %this_rng_read"   --->   Operation 15 'read' 'this_rng_read_1' <Predicate = true> <Delay = 0.00>
ST_1 : Operation 16 [1/1] (0.00ns)   --->   "%bestChildNode_loc = alloca i64 1"   --->   Operation 16 'alloca' 'bestChildNode_loc' <Predicate = true> <Delay = 0.00>
ST_1 : Operation 17 [1/1] (0.00ns)   --->   "%numLegalActions_loc = alloca i64 1"   --->   Operation 17 'alloca' 'numLegalActions_loc' <Predicate = true> <Delay = 0.00>
ST_1 : Operation 18 [1/1] (0.00ns)   --->   "%zext_ln64 = zext i6 %this_rng_read_1" [MCTSSearcher.cpp:64]   --->   Operation 18 'zext' 'zext_ln64' <Predicate = true> <Delay = 0.00>
ST_1 : Operation 19 [1/1] (0.00ns) (grouped into LUT with out node gameState_legalActionMap)   --->   "%or_ln23 = or i49 %boardState_player2_read, i49 %boardState_player1_read" [./GameState.h:23->MCTSSearcher.cpp:42->MCTSSearcher.cpp:17]   --->   Operation 19 'or' 'or_ln23' <Predicate = true> <Delay = 0.00> <CoreInst = "LogicGate">   --->   Core 74 'LogicGate' <Latency = 0> <II = 1> <Delay = 0.21> <FuncUnit> <Opcode : 'and' 'or' 'xor'> <InPorts = 2> <OutPorts = 1>
ST_1 : Operation 20 [1/1] (0.21ns) (out node of the LUT)   --->   "%gameState_legalActionMap = xor i49 %or_ln23, i49 562949953421311" [./GameState.h:23->MCTSSearcher.cpp:42->MCTSSearcher.cpp:17]   --->   Operation 20 'xor' 'gameState_legalActionMap' <Predicate = true> <Delay = 0.21> <CoreInst = "LogicGate">   --->   Core 74 'LogicGate' <Latency = 0> <II = 1> <Delay = 0.21> <FuncUnit> <Opcode : 'and' 'or' 'xor'> <InPorts = 2> <OutPorts = 1>
ST_1 : Operation 21 [2/2] (0.00ns)   --->   "%call_ln23 = call void @search_Pipeline_VITIS_LOOP_42_1, i49 %gameState_legalActionMap, i32 %numLegalActions_loc" [./GameState.h:23->MCTSSearcher.cpp:42->MCTSSearcher.cpp:17]   --->   Operation 21 'call' 'call_ln23' <Predicate = true> <Delay = 0.00> <CoreType = "Generic">   --->   Generic Core
ST_1 : Operation 22 [1/1] (0.42ns)   --->   "%store_ln0 = store i32 1, i32 %this_nextFree_0"   --->   Operation 22 'store' 'store_ln0' <Predicate = true> <Delay = 0.42>
ST_1 : Operation 23 [1/1] (0.42ns)   --->   "%store_ln64 = store i64 %zext_ln64, i64 %this_rng_0" [MCTSSearcher.cpp:64]   --->   Operation 23 'store' 'store_ln64' <Predicate = true> <Delay = 0.42>
ST_1 : Operation 24 [1/1] (0.42ns)   --->   "%store_ln45 = store i13 0, i13 %i_2" [MCTSSearcher.cpp:45->MCTSSearcher.cpp:17]   --->   Operation 24 'store' 'store_ln45' <Predicate = true> <Delay = 0.42>

State 2 <SV = 1> <Delay = 1.20>
ST_2 : Operation 25 [1/2] (1.20ns)   --->   "%call_ln23 = call void @search_Pipeline_VITIS_LOOP_42_1, i49 %gameState_legalActionMap, i32 %numLegalActions_loc" [./GameState.h:23->MCTSSearcher.cpp:42->MCTSSearcher.cpp:17]   --->   Operation 25 'call' 'call_ln23' <Predicate = true> <Delay = 1.20> <CoreType = "Generic">   --->   Generic Core

State 3 <SV = 2> <Delay = 1.23>
ST_3 : Operation 26 [1/1] (0.00ns)   --->   "%isRED_read = read i1 @_ssdm_op_Read.ap_auto.i1, i1 %isRED"   --->   Operation 26 'read' 'isRED_read' <Predicate = true> <Delay = 0.00>
ST_3 : Operation 27 [1/1] (0.00ns)   --->   "%boardState_lastMove_read = read i32 @_ssdm_op_Read.ap_auto.i32, i32 %boardState_lastMove_s"   --->   Operation 27 'read' 'boardState_lastMove_read' <Predicate = true> <Delay = 0.00>
ST_3 : Operation 28 [1/1] (0.00ns)   --->   "%boardState_isPlayer1Turn_read = read i1 @_ssdm_op_Read.ap_auto.i1, i1 %boardState_isPlayer1Turn_s"   --->   Operation 28 'read' 'boardState_isPlayer1Turn_read' <Predicate = true> <Delay = 0.00>
ST_3 : Operation 29 [1/1] (0.00ns)   --->   "%this_parents_addr = getelementptr i32 %this_parents, i64 0, i64 0" [MCTSSearcher.cpp:12]   --->   Operation 29 'getelementptr' 'this_parents_addr' <Predicate = true> <Delay = 0.00>
ST_3 : Operation 30 [1/1] ( I:1.23ns O:1.23ns )   --->   "%store_ln12 = store i32 4294967295, i13 %this_parents_addr" [MCTSSearcher.cpp:12]   --->   Operation 30 'store' 'store_ln12' <Predicate = true> <Delay = 1.23> <CoreInst = "RAM">   --->   Core 82 'RAM' <Latency = 1> <II = 1> <Delay = 1.23> <Storage> <Opcode : 'load' 'store'> <Ports = 2> <Width = 32> <Depth = 5100> <RAM>
ST_3 : Operation 31 [1/1] (0.00ns)   --->   "%this_firstChilds_addr = getelementptr i32 %this_firstChilds, i64 0, i64 0" [MCTSSearcher.cpp:13]   --->   Operation 31 'getelementptr' 'this_firstChilds_addr' <Predicate = true> <Delay = 0.00>
ST_3 : Operation 32 [1/1] ( I:1.23ns O:1.23ns )   --->   "%store_ln13 = store i32 4294967295, i13 %this_firstChilds_addr" [MCTSSearcher.cpp:13]   --->   Operation 32 'store' 'store_ln13' <Predicate = true> <Delay = 1.23> <CoreInst = "RAM">   --->   Core 82 'RAM' <Latency = 1> <II = 1> <Delay = 1.23> <Storage> <Opcode : 'load' 'store'> <Ports = 2> <Width = 32> <Depth = 5100> <RAM>
ST_3 : Operation 33 [1/1] (0.00ns)   --->   "%this_isREDs_addr = getelementptr i1 %this_isREDs, i64 0, i64 0" [MCTSSearcher.cpp:15]   --->   Operation 33 'getelementptr' 'this_isREDs_addr' <Predicate = true> <Delay = 0.00>
ST_3 : Operation 34 [1/1] ( I:1.23ns O:1.23ns )   --->   "%store_ln15 = store i1 %isRED_read, i13 %this_isREDs_addr" [MCTSSearcher.cpp:15]   --->   Operation 34 'store' 'store_ln15' <Predicate = true> <Delay = 1.23> <CoreInst = "RAM">   --->   Core 82 'RAM' <Latency = 1> <II = 1> <Delay = 1.23> <Storage> <Opcode : 'load' 'store'> <Ports = 2> <Width = 1> <Depth = 5100> <RAM>
ST_3 : Operation 35 [1/1] (0.00ns)   --->   "%numLegalActions_loc_load = load i32 %numLegalActions_loc"   --->   Operation 35 'load' 'numLegalActions_loc_load' <Predicate = true> <Delay = 0.00>
ST_3 : Operation 36 [1/1] (0.00ns)   --->   "%this_numLegalActions_addr = getelementptr i32 %this_numLegalActions, i64 0, i64 0" [MCTSSearcher.cpp:43->MCTSSearcher.cpp:17]   --->   Operation 36 'getelementptr' 'this_numLegalActions_addr' <Predicate = true> <Delay = 0.00>
ST_3 : Operation 37 [1/1] ( I:1.23ns O:1.23ns )   --->   "%store_ln43 = store i32 %numLegalActions_loc_load, i13 %this_numLegalActions_addr" [MCTSSearcher.cpp:43->MCTSSearcher.cpp:17]   --->   Operation 37 'store' 'store_ln43' <Predicate = true> <Delay = 1.23> <CoreInst = "RAM">   --->   Core 82 'RAM' <Latency = 1> <II = 1> <Delay = 1.23> <Storage> <Opcode : 'load' 'store'> <Ports = 2> <Width = 32> <Depth = 5100> <RAM>
ST_3 : Operation 38 [1/1] (0.00ns)   --->   "%br_ln46 = br void %while.body.i" [MCTSSearcher.cpp:46->MCTSSearcher.cpp:17]   --->   Operation 38 'br' 'br_ln46' <Predicate = true> <Delay = 0.00>

State 4 <SV = 3> <Delay = 1.24>
ST_4 : Operation 39 [1/1] (0.00ns)   --->   "%i = load i13 %i_2" [MCTSSearcher.cpp:48->MCTSSearcher.cpp:17]   --->   Operation 39 'load' 'i' <Predicate = true> <Delay = 0.00>
ST_4 : Operation 40 [1/1] (0.82ns)   --->   "%icmp_ln46 = icmp_eq  i13 %i, i13 5000" [MCTSSearcher.cpp:46->MCTSSearcher.cpp:17]   --->   Operation 40 'icmp' 'icmp_ln46' <Predicate = true> <Delay = 0.82> <CoreInst = "Cmp">   --->   Core 9 'Cmp' <Latency = 0> <II = 1> <Delay = 0.82> <FuncUnit> <Opcode : 'seteq' 'setne' 'setle' 'setge' 'setlt' 'setgt'> <InPorts = 2> <OutPorts = 1>
ST_4 : Operation 41 [1/1] (0.82ns)   --->   "%i_3 = add i13 %i, i13 1" [MCTSSearcher.cpp:48->MCTSSearcher.cpp:17]   --->   Operation 41 'add' 'i_3' <Predicate = true> <Delay = 0.82> <CoreInst = "Adder">   --->   Core 1 'Adder' <Latency = 0> <II = 1> <Delay = 0.82> <FuncUnit> <Opcode : 'add' 'sub'> <InPorts = 2> <OutPorts = 1>
ST_4 : Operation 42 [1/1] (0.00ns)   --->   "%br_ln46 = br i1 %icmp_ln46, void %while.body.i.split, void %_ZN12MCTSSearcherILi5000EE8mainLoopE3HexILj7EE.exit" [MCTSSearcher.cpp:46->MCTSSearcher.cpp:17]   --->   Operation 42 'br' 'br_ln46' <Predicate = true> <Delay = 0.00>
ST_4 : Operation 43 [1/1] (0.00ns)   --->   "%this_rng_0_load = load i64 %this_rng_0" [MCTSSearcher.cpp:47->MCTSSearcher.cpp:17]   --->   Operation 43 'load' 'this_rng_0_load' <Predicate = (!icmp_ln46)> <Delay = 0.00>
ST_4 : Operation 44 [1/1] (0.00ns)   --->   "%this_nextFree_0_load = load i32 %this_nextFree_0" [MCTSSearcher.cpp:47->MCTSSearcher.cpp:17]   --->   Operation 44 'load' 'this_nextFree_0_load' <Predicate = (!icmp_ln46)> <Delay = 0.00>
ST_4 : Operation 45 [2/2] (0.42ns)   --->   "%call_ret = call i96 @forward, i32 %this_visitCounts, i20 %this_meanQ, i32 %this_parents, i32 %this_firstChilds, i32 %this_numChildren, i32 %this_nextSiblings, i32 %this_numLegalActions, i1 %this_terminals, i6 %this_childActions, i49 %this_triedMask, i1 %this_isREDs, i32 %this_logVisitCounts, i32 %this_nextFree_0_load, i64 %this_rng_0_load, i49 %gameState_legalActionMap, i1 %boardState_isPlayer1Turn_read, i32 %boardState_lastMove_read, i49 %boardState_player1_read, i49 %boardState_player2_read, i6 %log_apfixed_reduce_log_inverse_lut_table_array, i22 %log_apfixed_reduce_log0_lut_table_ap_fixed_0_5_64_array, i18 %log_apfixed_reduce_log_lut_table_ap_fixed_4_4_16_array" [MCTSSearcher.cpp:47->MCTSSearcher.cpp:17]   --->   Operation 45 'call' 'call_ret' <Predicate = (!icmp_ln46)> <Delay = 0.42> <CoreType = "Generic">   --->   Generic Core
ST_4 : Operation 46 [1/1] (0.42ns)   --->   "%store_ln45 = store i13 %i_3, i13 %i_2" [MCTSSearcher.cpp:45->MCTSSearcher.cpp:17]   --->   Operation 46 'store' 'store_ln45' <Predicate = (!icmp_ln46)> <Delay = 0.42>
ST_4 : Operation 47 [2/2] (1.23ns)   --->   "%bestChildNode = load i13 %this_firstChilds_addr" [MCTSSearcher.cpp:22]   --->   Operation 47 'load' 'bestChildNode' <Predicate = (icmp_ln46)> <Delay = 1.23> <CoreInst = "RAM">   --->   Core 82 'RAM' <Latency = 1> <II = 1> <Delay = 1.23> <Storage> <Opcode : 'load' 'store'> <Ports = 2> <Width = 32> <Depth = 5100> <RAM>

State 5 <SV = 4> <Delay = 0.42>
ST_5 : Operation 48 [1/1] (0.00ns)   --->   "%speclooptripcount_ln45 = speclooptripcount void @_ssdm_op_SpecLoopTripCount, i64 5000, i64 5000, i64 5000" [MCTSSearcher.cpp:45->MCTSSearcher.cpp:17]   --->   Operation 48 'speclooptripcount' 'speclooptripcount_ln45' <Predicate = true> <Delay = 0.00>
ST_5 : Operation 49 [1/1] (0.00ns)   --->   "%specloopname_ln46 = specloopname void @_ssdm_op_SpecLoopName, void @empty_13" [MCTSSearcher.cpp:46->MCTSSearcher.cpp:17]   --->   Operation 49 'specloopname' 'specloopname_ln46' <Predicate = true> <Delay = 0.00>
ST_5 : Operation 50 [1/2] (0.00ns)   --->   "%call_ret = call i96 @forward, i32 %this_visitCounts, i20 %this_meanQ, i32 %this_parents, i32 %this_firstChilds, i32 %this_numChildren, i32 %this_nextSiblings, i32 %this_numLegalActions, i1 %this_terminals, i6 %this_childActions, i49 %this_triedMask, i1 %this_isREDs, i32 %this_logVisitCounts, i32 %this_nextFree_0_load, i64 %this_rng_0_load, i49 %gameState_legalActionMap, i1 %boardState_isPlayer1Turn_read, i32 %boardState_lastMove_read, i49 %boardState_player1_read, i49 %boardState_player2_read, i6 %log_apfixed_reduce_log_inverse_lut_table_array, i22 %log_apfixed_reduce_log0_lut_table_ap_fixed_0_5_64_array, i18 %log_apfixed_reduce_log_lut_table_ap_fixed_4_4_16_array" [MCTSSearcher.cpp:47->MCTSSearcher.cpp:17]   --->   Operation 50 'call' 'call_ret' <Predicate = true> <Delay = 0.00> <CoreType = "Generic">   --->   Generic Core
ST_5 : Operation 51 [1/1] (0.00ns)   --->   "%this_nextFree_ret = extractvalue i96 %call_ret" [MCTSSearcher.cpp:47->MCTSSearcher.cpp:17]   --->   Operation 51 'extractvalue' 'this_nextFree_ret' <Predicate = true> <Delay = 0.00>
ST_5 : Operation 52 [1/1] (0.00ns)   --->   "%this_rng_ret = extractvalue i96 %call_ret" [MCTSSearcher.cpp:47->MCTSSearcher.cpp:17]   --->   Operation 52 'extractvalue' 'this_rng_ret' <Predicate = true> <Delay = 0.00>
ST_5 : Operation 53 [1/1] (0.42ns)   --->   "%store_ln47 = store i32 %this_nextFree_ret, i32 %this_nextFree_0" [MCTSSearcher.cpp:47->MCTSSearcher.cpp:17]   --->   Operation 53 'store' 'store_ln47' <Predicate = true> <Delay = 0.42>
ST_5 : Operation 54 [1/1] (0.42ns)   --->   "%store_ln47 = store i64 %this_rng_ret, i64 %this_rng_0" [MCTSSearcher.cpp:47->MCTSSearcher.cpp:17]   --->   Operation 54 'store' 'store_ln47' <Predicate = true> <Delay = 0.42>
ST_5 : Operation 55 [1/1] (0.00ns)   --->   "%br_ln46 = br void %while.body.i" [MCTSSearcher.cpp:46->MCTSSearcher.cpp:17]   --->   Operation 55 'br' 'br_ln46' <Predicate = true> <Delay = 0.00>

State 6 <SV = 4> <Delay = 2.90>
ST_6 : Operation 56 [1/2] ( I:1.23ns O:1.23ns )   --->   "%bestChildNode = load i13 %this_firstChilds_addr" [MCTSSearcher.cpp:22]   --->   Operation 56 'load' 'bestChildNode' <Predicate = true> <Delay = 1.23> <CoreInst = "RAM">   --->   Core 82 'RAM' <Latency = 1> <II = 1> <Delay = 1.23> <Storage> <Opcode : 'load' 'store'> <Ports = 2> <Width = 32> <Depth = 5100> <RAM>
ST_6 : Operation 57 [2/2] (1.66ns)   --->   "%call_ln22 = call void @search_Pipeline_VITIS_LOOP_27_1, i32 %bestChildNode, i32 %this_visitCounts, i32 %this_nextSiblings, i13 %bestChildNode_loc" [MCTSSearcher.cpp:22]   --->   Operation 57 'call' 'call_ln22' <Predicate = true> <Delay = 1.66> <CoreType = "Generic">   --->   Generic Core

State 7 <SV = 5> <Delay = 0.00>
ST_7 : Operation 58 [1/2] (0.00ns)   --->   "%call_ln22 = call void @search_Pipeline_VITIS_LOOP_27_1, i32 %bestChildNode, i32 %this_visitCounts, i32 %this_nextSiblings, i13 %bestChildNode_loc" [MCTSSearcher.cpp:22]   --->   Operation 58 'call' 'call_ln22' <Predicate = true> <Delay = 0.00> <CoreType = "Generic">   --->   Generic Core

State 8 <SV = 6> <Delay = 1.23>
ST_8 : Operation 59 [1/1] (0.00ns)   --->   "%bestChildNode_loc_load = load i13 %bestChildNode_loc"   --->   Operation 59 'load' 'bestChildNode_loc_load' <Predicate = true> <Delay = 0.00>
ST_8 : Operation 60 [1/1] (0.00ns)   --->   "%zext_ln36 = zext i13 %bestChildNode_loc_load" [MCTSSearcher.cpp:36]   --->   Operation 60 'zext' 'zext_ln36' <Predicate = true> <Delay = 0.00>
ST_8 : Operation 61 [1/1] (0.00ns)   --->   "%this_childActions_addr = getelementptr i6 %this_childActions, i64 0, i64 %zext_ln36" [MCTSSearcher.cpp:36]   --->   Operation 61 'getelementptr' 'this_childActions_addr' <Predicate = true> <Delay = 0.00>
ST_8 : Operation 62 [2/2] (1.23ns)   --->   "%this_childActions_load = load i13 %this_childActions_addr" [MCTSSearcher.cpp:36]   --->   Operation 62 'load' 'this_childActions_load' <Predicate = true> <Delay = 1.23> <CoreInst = "RAM">   --->   Core 82 'RAM' <Latency = 1> <II = 1> <Delay = 1.23> <Storage> <Opcode : 'load' 'store'> <Ports = 2> <Width = 6> <Depth = 5100> <RAM>

State 9 <SV = 7> <Delay = 1.23>
ST_9 : Operation 63 [1/2] ( I:1.23ns O:1.23ns )   --->   "%this_childActions_load = load i13 %this_childActions_addr" [MCTSSearcher.cpp:36]   --->   Operation 63 'load' 'this_childActions_load' <Predicate = true> <Delay = 1.23> <CoreInst = "RAM">   --->   Core 82 'RAM' <Latency = 1> <II = 1> <Delay = 1.23> <Storage> <Opcode : 'load' 'store'> <Ports = 2> <Width = 6> <Depth = 5100> <RAM>
ST_9 : Operation 64 [1/1] (0.00ns)   --->   "%ret_ln36 = ret i6 %this_childActions_load" [MCTSSearcher.cpp:36]   --->   Operation 64 'ret' 'ret_ln36' <Predicate = true> <Delay = 0.00>


============================================================
+ Verbose Summary: Timing violations
============================================================
Target clock period: 10.000ns, clock uncertainty: 2.700ns.

 <State 1>: 0.427ns
The critical path consists of the following:
	'alloca' operation 32 bit ('this_nextFree_0') [24]  (0.000 ns)
	'store' operation 0 bit ('store_ln0') of constant 1 on local variable 'this_nextFree_0' [46]  (0.427 ns)

 <State 2>: 1.208ns
The critical path consists of the following:
	'call' operation 0 bit ('call_ln23', ./GameState.h:23->MCTSSearcher.cpp:42->MCTSSearcher.cpp:17) to 'search_Pipeline_VITIS_LOOP_42_1' [42]  (1.208 ns)

 <State 3>: 1.237ns
The critical path consists of the following:
	'getelementptr' operation 13 bit ('this_parents_addr', MCTSSearcher.cpp:12) [34]  (0.000 ns)
	'store' operation 0 bit ('store_ln12', MCTSSearcher.cpp:12) of constant 4294967295 on array 'this_parents' [35]  (1.237 ns)

 <State 4>: 1.247ns
The critical path consists of the following:
	'load' operation 13 bit ('i', MCTSSearcher.cpp:48->MCTSSearcher.cpp:17) on local variable 'i', MCTSSearcher.cpp:45->MCTSSearcher.cpp:17 [51]  (0.000 ns)
	'icmp' operation 1 bit ('icmp_ln46', MCTSSearcher.cpp:46->MCTSSearcher.cpp:17) [52]  (0.820 ns)
	'call' operation 96 bit ('call_ret', MCTSSearcher.cpp:47->MCTSSearcher.cpp:17) to 'forward' [60]  (0.427 ns)

 <State 5>: 0.427ns
The critical path consists of the following:
	'call' operation 96 bit ('call_ret', MCTSSearcher.cpp:47->MCTSSearcher.cpp:17) to 'forward' [60]  (0.000 ns)
	'store' operation 0 bit ('store_ln47', MCTSSearcher.cpp:47->MCTSSearcher.cpp:17) of variable 'this_nextFree_ret', MCTSSearcher.cpp:47->MCTSSearcher.cpp:17 on local variable 'this_nextFree_0' [63]  (0.427 ns)

 <State 6>: 2.901ns
The critical path consists of the following:
	'load' operation 32 bit ('bestChildNode', MCTSSearcher.cpp:22) on array 'this_firstChilds' [68]  (1.237 ns)
	'call' operation 0 bit ('call_ln22', MCTSSearcher.cpp:22) to 'search_Pipeline_VITIS_LOOP_27_1' [69]  (1.664 ns)

 <State 7>: 0.000ns
The critical path consists of the following:

 <State 8>: 1.237ns
The critical path consists of the following:
	'load' operation 13 bit ('bestChildNode_loc_load') on local variable 'bestChildNode_loc' [70]  (0.000 ns)
	'getelementptr' operation 13 bit ('this_childActions_addr', MCTSSearcher.cpp:36) [72]  (0.000 ns)
	'load' operation 6 bit ('this_childActions_load', MCTSSearcher.cpp:36) on array 'this_childActions' [73]  (1.237 ns)

 <State 9>: 1.237ns
The critical path consists of the following:
	'load' operation 6 bit ('this_childActions_load', MCTSSearcher.cpp:36) on array 'this_childActions' [73]  (1.237 ns)


============================================================
+ Verbose Summary: Binding
============================================================
N/A
* FSMD analyzer results:
  - Output states:
 - Input state : 
  - Chain level:
	State 1
	State 2
	State 3
	State 4
	State 5
	State 6
	State 7
	State 8
	State 9


============================================================
+ Verbose Summary: Datapath Resource usage 
============================================================
N/A
