

================================================================
== Vitis HLS Report for 'search_Pipeline_VITIS_LOOP_27_1'
================================================================
* Date:           Thu Apr 23 22:10:20 2026

* Version:        2025.1 (Build 6135595 on May 21 2025)
* Project:        mcts.prj
* Solution:       solution1 (Vivado IP Flow Target)
* Product family: zynquplus
* Target device:  xck26-sfvc784-2LV-c


================================================================
== Performance Estimates
================================================================
+ Timing: 
    * Summary: 
    +--------+----------+----------+------------+
    |  Clock |  Target  | Estimated| Uncertainty|
    +--------+----------+----------+------------+
    |ap_clk  |  10.00 ns|  3.129 ns|     2.70 ns|
    +--------+----------+----------+------------+

+ Latency: 
    * Summary: 
    +---------+---------+----------+----------+-----+-----+------------------------------------------------+
    |  Latency (cycles) |  Latency (absolute) |  Interval |                    Pipeline                    |
    |   min   |   max   |    min   |    max   | min | max |                      Type                      |
    +---------+---------+----------+----------+-----+-----+------------------------------------------------+
    |        ?|        ?|         ?|         ?|    0|    0|  loop auto-rewind stp (delay=0 clock cycles(s))|
    +---------+---------+----------+----------+-----+-----+------------------------------------------------+

    + Detail: 
        * Instance: 
        N/A

        * Loop: 
        +-------------------+---------+---------+----------+-----------+-----------+------+----------+
        |                   |  Latency (cycles) | Iteration|  Initiation Interval  | Trip |          |
        |     Loop Name     |   min   |   max   |  Latency |  achieved |   target  | Count| Pipelined|
        +-------------------+---------+---------+----------+-----------+-----------+------+----------+
        |- VITIS_LOOP_27_1  |        ?|        ?|         2|          1|          1|     ?|       yes|
        +-------------------+---------+---------+----------+-----------+-----------+------+----------+

============================================================
+ Verbose Summary: Synthesis Manager
============================================================
InlineROM: 1
ExposeGlobal: 0
============================================================
+ Verbose Summary: CDFG Model
============================================================
IsTopModel: 0
ResetActiveHigh: 1
IsCombinational: 0
IsDatapathOnly: 0
HasWiredReturn: 1
HasMFsm: 2
HasVarLatency: 1
IsPipeline: 0
IsRtlPipelined: 0
IsInstanceOverlapped: 0
IsDontTouch: 0
HasImplIP: 0
IsGatedGlobalClock: 0

+ Individual pipeline summary: 
  * Pipeline-0: initiation interval (II) = 1, depth = 2


============================================================
+ Verbose Summary: Schedule
============================================================
* Number of FSM states : 2
* Pipeline : 1
  Pipeline-0 : II = 1, D = 2, States = { 1 2 }
* Dataflow Pipeline: 0

* FSM state transitions: 
1 --> 2 
2 --> 

* FSM state operations: 

State 1 <SV = 0> <Delay = 1.66>
ST_1 : Operation 5 [1/1] (0.00ns)   --->   "%child = alloca i32 1" [MCTSSearcher.cpp:27]   --->   Operation 5 'alloca' 'child' <Predicate = true> <Delay = 0.00>
ST_1 : Operation 6 [1/1] (0.00ns)   --->   "%bestChildVisits = alloca i32 1" [MCTSSearcher.cpp:26]   --->   Operation 6 'alloca' 'bestChildVisits' <Predicate = true> <Delay = 0.00>
ST_1 : Operation 7 [1/1] (0.00ns)   --->   "%bestChildNode = alloca i32 1" [MCTSSearcher.cpp:22]   --->   Operation 7 'alloca' 'bestChildNode' <Predicate = true> <Delay = 0.00>
ST_1 : Operation 8 [1/1] (0.00ns)   --->   "%bestChildNode_3_read = read i32 @_ssdm_op_Read.ap_auto.i32, i32 %bestChildNode_3"   --->   Operation 8 'read' 'bestChildNode_3_read' <Predicate = true> <Delay = 0.00>
ST_1 : Operation 9 [1/1] (0.42ns)   --->   "%store_ln22 = store i32 %bestChildNode_3_read, i32 %bestChildNode" [MCTSSearcher.cpp:22]   --->   Operation 9 'store' 'store_ln22' <Predicate = true> <Delay = 0.42>
ST_1 : Operation 10 [1/1] (0.42ns)   --->   "%store_ln26 = store i32 4294967295, i32 %bestChildVisits" [MCTSSearcher.cpp:26]   --->   Operation 10 'store' 'store_ln26' <Predicate = true> <Delay = 0.42>
ST_1 : Operation 11 [1/1] (0.42ns)   --->   "%store_ln27 = store i32 %bestChildNode_3_read, i32 %child" [MCTSSearcher.cpp:27]   --->   Operation 11 'store' 'store_ln27' <Predicate = true> <Delay = 0.42>
ST_1 : Operation 12 [1/1] (0.00ns)   --->   "%br_ln0 = br void %for.cond"   --->   Operation 12 'br' 'br_ln0' <Predicate = true> <Delay = 0.00>
ST_1 : Operation 13 [1/1] (0.00ns)   --->   "%child_1 = load i32 %child" [MCTSSearcher.cpp:29]   --->   Operation 13 'load' 'child_1' <Predicate = true> <Delay = 0.00>
ST_1 : Operation 14 [1/1] (1.01ns)   --->   "%icmp_ln27 = icmp_eq  i32 %child_1, i32 4294967295" [MCTSSearcher.cpp:27]   --->   Operation 14 'icmp' 'icmp_ln27' <Predicate = true> <Delay = 1.01> <CoreInst = "Cmp">   --->   Core 9 'Cmp' <Latency = 0> <II = 1> <Delay = 1.01> <FuncUnit> <Opcode : 'seteq' 'setne' 'setle' 'setge' 'setlt' 'setgt'> <InPorts = 2> <OutPorts = 1>
ST_1 : Operation 15 [1/1] (0.00ns)   --->   "%br_ln27 = br i1 %icmp_ln27, void %for.body, void %for.end.exitStub" [MCTSSearcher.cpp:27]   --->   Operation 15 'br' 'br_ln27' <Predicate = true> <Delay = 0.00>
ST_1 : Operation 16 [1/1] (0.00ns)   --->   "%zext_ln29 = zext i32 %child_1" [MCTSSearcher.cpp:29]   --->   Operation 16 'zext' 'zext_ln29' <Predicate = (!icmp_ln27)> <Delay = 0.00>
ST_1 : Operation 17 [1/1] (0.00ns)   --->   "%this_visitCounts_addr = getelementptr i32 %this_visitCounts, i64 0, i64 %zext_ln29" [MCTSSearcher.cpp:29]   --->   Operation 17 'getelementptr' 'this_visitCounts_addr' <Predicate = (!icmp_ln27)> <Delay = 0.00>
ST_1 : Operation 18 [2/2] (1.23ns)   --->   "%childVisits = load i13 %this_visitCounts_addr" [MCTSSearcher.cpp:29]   --->   Operation 18 'load' 'childVisits' <Predicate = (!icmp_ln27)> <Delay = 1.23> <CoreInst = "RAM">   --->   Core 82 'RAM' <Latency = 1> <II = 1> <Delay = 1.23> <Storage> <Opcode : 'load' 'store'> <Ports = 2> <Width = 32> <Depth = 5100> <RAM>
ST_1 : Operation 19 [1/1] (0.00ns)   --->   "%this_nextSiblings_addr = getelementptr i32 %this_nextSiblings, i64 0, i64 %zext_ln29" [MCTSSearcher.cpp:27]   --->   Operation 19 'getelementptr' 'this_nextSiblings_addr' <Predicate = (!icmp_ln27)> <Delay = 0.00>
ST_1 : Operation 20 [2/2] (1.23ns)   --->   "%child_2 = load i13 %this_nextSiblings_addr" [MCTSSearcher.cpp:27]   --->   Operation 20 'load' 'child_2' <Predicate = (!icmp_ln27)> <Delay = 1.23> <CoreInst = "RAM">   --->   Core 82 'RAM' <Latency = 1> <II = 1> <Delay = 1.23> <Storage> <Opcode : 'load' 'store'> <Ports = 2> <Width = 32> <Depth = 5100> <RAM>

State 2 <SV = 1> <Delay = 3.12>
ST_2 : Operation 21 [1/1] (0.00ns)   --->   "%bestChildNode_1 = load i32 %bestChildNode" [MCTSSearcher.cpp:27]   --->   Operation 21 'load' 'bestChildNode_1' <Predicate = true> <Delay = 0.00>
ST_2 : Operation 22 [1/1] (0.00ns)   --->   "%trunc_ln27 = trunc i32 %bestChildNode_1" [MCTSSearcher.cpp:27]   --->   Operation 22 'trunc' 'trunc_ln27' <Predicate = true> <Delay = 0.00>
ST_2 : Operation 23 [1/1] (0.00ns)   --->   "%bestChildVisits_load = load i32 %bestChildVisits" [MCTSSearcher.cpp:30]   --->   Operation 23 'load' 'bestChildVisits_load' <Predicate = (!icmp_ln27)> <Delay = 0.00>
ST_2 : Operation 24 [1/1] (0.00ns)   --->   "%specpipeline_ln29 = specpipeline void @_ssdm_op_SpecPipeline, i32 4294967295, i32 0, i32 0, i32 0, void @empty_0" [MCTSSearcher.cpp:29]   --->   Operation 24 'specpipeline' 'specpipeline_ln29' <Predicate = (!icmp_ln27)> <Delay = 0.00>
ST_2 : Operation 25 [1/1] (0.00ns)   --->   "%specloopname_ln27 = specloopname void @_ssdm_op_SpecLoopName, void @empty_12" [MCTSSearcher.cpp:27]   --->   Operation 25 'specloopname' 'specloopname_ln27' <Predicate = (!icmp_ln27)> <Delay = 0.00>
ST_2 : Operation 26 [1/2] ( I:1.23ns O:1.23ns )   --->   "%childVisits = load i13 %this_visitCounts_addr" [MCTSSearcher.cpp:29]   --->   Operation 26 'load' 'childVisits' <Predicate = (!icmp_ln27)> <Delay = 1.23> <CoreInst = "RAM">   --->   Core 82 'RAM' <Latency = 1> <II = 1> <Delay = 1.23> <Storage> <Opcode : 'load' 'store'> <Ports = 2> <Width = 32> <Depth = 5100> <RAM>
ST_2 : Operation 27 [1/1] (1.01ns)   --->   "%icmp_ln30 = icmp_sgt  i32 %childVisits, i32 %bestChildVisits_load" [MCTSSearcher.cpp:30]   --->   Operation 27 'icmp' 'icmp_ln30' <Predicate = (!icmp_ln27)> <Delay = 1.01> <CoreInst = "Cmp">   --->   Core 9 'Cmp' <Latency = 0> <II = 1> <Delay = 1.01> <FuncUnit> <Opcode : 'seteq' 'setne' 'setle' 'setge' 'setlt' 'setgt'> <InPorts = 2> <OutPorts = 1>
ST_2 : Operation 28 [1/1] (0.44ns)   --->   "%bestChildNode_2 = select i1 %icmp_ln30, i32 %child_1, i32 %bestChildNode_1" [MCTSSearcher.cpp:30]   --->   Operation 28 'select' 'bestChildNode_2' <Predicate = (!icmp_ln27)> <Delay = 0.44> <CoreInst = "Sel">   --->   Core 73 'Sel' <Latency = 0> <II = 1> <Delay = 0.44> <FuncUnit> <Opcode : 'select'> <InPorts = 3> <OutPorts = 1>
ST_2 : Operation 29 [1/1] (0.44ns)   --->   "%bestChildVisits_1 = select i1 %icmp_ln30, i32 %childVisits, i32 %bestChildVisits_load" [MCTSSearcher.cpp:30]   --->   Operation 29 'select' 'bestChildVisits_1' <Predicate = (!icmp_ln27)> <Delay = 0.44> <CoreInst = "Sel">   --->   Core 73 'Sel' <Latency = 0> <II = 1> <Delay = 0.44> <FuncUnit> <Opcode : 'select'> <InPorts = 3> <OutPorts = 1>
ST_2 : Operation 30 [1/2] ( I:1.23ns O:1.23ns )   --->   "%child_2 = load i13 %this_nextSiblings_addr" [MCTSSearcher.cpp:27]   --->   Operation 30 'load' 'child_2' <Predicate = (!icmp_ln27)> <Delay = 1.23> <CoreInst = "RAM">   --->   Core 82 'RAM' <Latency = 1> <II = 1> <Delay = 1.23> <Storage> <Opcode : 'load' 'store'> <Ports = 2> <Width = 32> <Depth = 5100> <RAM>
ST_2 : Operation 31 [1/1] (0.42ns)   --->   "%store_ln22 = store i32 %bestChildNode_2, i32 %bestChildNode" [MCTSSearcher.cpp:22]   --->   Operation 31 'store' 'store_ln22' <Predicate = (!icmp_ln27)> <Delay = 0.42>
ST_2 : Operation 32 [1/1] (0.42ns)   --->   "%store_ln26 = store i32 %bestChildVisits_1, i32 %bestChildVisits" [MCTSSearcher.cpp:26]   --->   Operation 32 'store' 'store_ln26' <Predicate = (!icmp_ln27)> <Delay = 0.42>
ST_2 : Operation 33 [1/1] (0.42ns)   --->   "%store_ln27 = store i32 %child_2, i32 %child" [MCTSSearcher.cpp:27]   --->   Operation 33 'store' 'store_ln27' <Predicate = (!icmp_ln27)> <Delay = 0.42>
ST_2 : Operation 34 [1/1] (0.00ns)   --->   "%br_ln27 = br void %for.cond" [MCTSSearcher.cpp:27]   --->   Operation 34 'br' 'br_ln27' <Predicate = (!icmp_ln27)> <Delay = 0.00>
ST_2 : Operation 35 [1/1] (0.00ns)   --->   "%write_ln27 = write void @_ssdm_op_Write.ap_auto.i13P0A, i13 %bestChildNode_out, i13 %trunc_ln27" [MCTSSearcher.cpp:27]   --->   Operation 35 'write' 'write_ln27' <Predicate = (icmp_ln27)> <Delay = 0.00>
ST_2 : Operation 36 [1/1] (0.42ns)   --->   "%ret_ln0 = ret"   --->   Operation 36 'ret' 'ret_ln0' <Predicate = (icmp_ln27)> <Delay = 0.42>


============================================================
+ Verbose Summary: Timing violations
============================================================
Target clock period: 10.000ns, clock uncertainty: 2.700ns.

 <State 1>: 1.664ns
The critical path consists of the following:
	'store' operation 0 bit ('store_ln27', MCTSSearcher.cpp:27) of variable 'bestChildNode_3_read' on local variable 'child', MCTSSearcher.cpp:27 [11]  (0.427 ns)
	'load' operation 32 bit ('child', MCTSSearcher.cpp:29) on local variable 'child', MCTSSearcher.cpp:27 [14]  (0.000 ns)
	'getelementptr' operation 13 bit ('this_visitCounts_addr', MCTSSearcher.cpp:29) [24]  (0.000 ns)
	'load' operation 32 bit ('childVisits', MCTSSearcher.cpp:29) on array 'this_visitCounts' [25]  (1.237 ns)

 <State 2>: 3.129ns
The critical path consists of the following:
	'load' operation 32 bit ('childVisits', MCTSSearcher.cpp:29) on array 'this_visitCounts' [25]  (1.237 ns)
	'icmp' operation 1 bit ('icmp_ln30', MCTSSearcher.cpp:30) [26]  (1.016 ns)
	'select' operation 32 bit ('bestChildNode', MCTSSearcher.cpp:30) [27]  (0.449 ns)
	'store' operation 0 bit ('store_ln22', MCTSSearcher.cpp:22) of variable 'bestChildNode', MCTSSearcher.cpp:30 on local variable 'bestChildNode', MCTSSearcher.cpp:22 [31]  (0.427 ns)


============================================================
+ Verbose Summary: Binding
============================================================
N/A
* FSMD analyzer results:
  - Output states:
 - Input state : 
  - Chain level:
	State 1
	State 2


============================================================
+ Verbose Summary: Datapath Resource usage 
============================================================
N/A
