

================================================================
== Vitis HLS Report for 'search_Pipeline_VITIS_LOOP_27_1'
================================================================
* Date:           Thu Apr 23 22:10:20 2026

* Version:        2025.1 (Build 6135595 on May 21 2025)
* Project:        mcts.prj
* Solution:       solution1 (Vivado IP Flow Target)
* Product family: zynquplus
* Target device:  xck26-sfvc784-2LV-c


================================================================
== Performance Estimates
================================================================
+ Timing: 
    * Summary: 
    +--------+----------+----------+------------+
    |  Clock |  Target  | Estimated| Uncertainty|
    +--------+----------+----------+------------+
    |ap_clk  |  10.00 ns|  3.129 ns|     2.70 ns|
    +--------+----------+----------+------------+

+ Latency: 
    * Summary: 
    +---------+---------+----------+----------+-----+-----+------------------------------------------------+
    |  Latency (cycles) |  Latency (absolute) |  Interval |                    Pipeline                    |
    |   min   |   max   |    min   |    max   | min | max |                      Type                      |
    +---------+---------+----------+----------+-----+-----+------------------------------------------------+
    |        ?|        ?|         ?|         ?|    0|    0|  loop auto-rewind stp (delay=0 clock cycles(s))|
    +---------+---------+----------+----------+-----+-----+------------------------------------------------+

    + Detail: 
        * Instance: 
        N/A

        * Loop: 
        +-------------------+---------+---------+----------+-----------+-----------+------+----------+
        |                   |  Latency (cycles) | Iteration|  Initiation Interval  | Trip |          |
        |     Loop Name     |   min   |   max   |  Latency |  achieved |   target  | Count| Pipelined|
        +-------------------+---------+---------+----------+-----------+-----------+------+----------+
        |- VITIS_LOOP_27_1  |        ?|        ?|         2|          1|          1|     ?|       yes|
        +-------------------+---------+---------+----------+-----------+-----------+------+----------+

============================================================
+ Verbose Summary: Synthesis Manager
============================================================
InlineROM: 1
ExposeGlobal: 0
============================================================
+ Verbose Summary: CDFG Model
============================================================
IsTopModel: 0
ResetActiveHigh: 1
IsCombinational: 0
IsDatapathOnly: 0
HasWiredReturn: 1
HasMFsm: 2
HasVarLatency: 1
IsPipeline: 0
IsRtlPipelined: 0
IsInstanceOverlapped: 0
IsDontTouch: 0
HasImplIP: 0
IsGatedGlobalClock: 0

+ Individual pipeline summary: 
  * Pipeline-0: initiation interval (II) = 1, depth = 2


============================================================
+ Verbose Summary: Schedule
============================================================
* Number of FSM states : 2
* Pipeline : 1
  Pipeline-0 : II = 1, D = 2, States = { 1 2 }
* Dataflow Pipeline: 0

* FSM state transitions: 
1 --> 2 
2 --> 

* FSM state operations: 

State 1 <SV = 0> <Delay = 1.66>
ST_1 : Operation 5 [1/1] (0.00ns)   --->   "%child = alloca i32 1" [MCTSSearcher.cpp:27]   --->   Operation 5 'alloca' 'child' <Predicate = true> <Delay = 0.00>
ST_1 : Operation 6 [1/1] (0.00ns)   --->   "%bestChildVisits = alloca i32 1" [MCTSSearcher.cpp:26]   --->   Operation 6 'alloca' 'bestChildVisits' <Predicate = true> <Delay = 0.00>
ST_1 : Operation 7 [1/1] (0.00ns)   --->   "%bestChildNode = alloca i32 1" [MCTSSearcher.cpp:22]   --->   Operation 7 'alloca' 'bestChildNode' <Predicate = true> <Delay = 0.00>
ST_1 : Operation 8 [1/1] (0.00ns)   --->   "%bestChildNode_3_read = read i32 @_ssdm_op_Read.ap_auto.i32, i32 %bestChildNode_3"   --->   Operation 8 'read' 'bestChildNode_3_read' <Predicate = true> <Delay = 0.00>
ST_1 : Operation 9 [1/1] (0.42ns)   --->   "%store_ln22 = store i32 %bestChildNode_3_read, i32 %bestChildNode" [MCTSSearcher.cpp:22]   --->   Operation 9 'store' 'store_ln22' <Predicate = true> <Delay = 0.42>
ST_1 : Operation 10 [1/1] (0.42ns)   --->   "%store_ln26 = store i32 4294967295, i32 %bestChildVisits" [MCTSSearcher.cpp:26]   --->   Operation 10 'store' 'store_ln26' <Predicate = true> <Delay = 0.42>
ST_1 : Operation 11 [1/1] (0.42ns)   --->   "%store_ln27 = store i32 %bestChildNode_3_read, i32 %child" [MCTSSearcher.cpp:27]   --->   Operation 11 'store' 'store_ln27' <Predicate = true> <Delay = 0.42>
ST_1 : Operation 12 [1/1] (0.00ns)   --->   "%br_ln0 = br void %for.cond"   --->   Operation 12 'br' 'br_ln0' <Predicate = true> <Delay = 0.00>
ST_1 : Operation 13 [1/1] (0.00ns)   --->   "%child_1 = load i32 %child" [MCTSSearcher.cpp:29]   --->   Operation 13 'load' 'child_1' <Predicate = true> <Delay = 0.00>
ST_1 : Operation 14 [1/1] (1.01ns)   --->   "%icmp_ln27 = icmp_eq  i32 %child_1, i32 4294967295" [MCTSSearcher.cpp:27]   --->   Operation 14 'icmp' 'icmp_ln27' <Predicate = true> <Delay = 1.01> <CoreInst = "Cmp">   --->   Core 9 'Cmp' <Latency = 0> <II = 1> <Delay = 1.01> <FuncUnit> <Opcode : 'seteq' 'setne' 'setle' 'setge' 'setlt' 'setgt'> <InPorts = 2> <OutPorts = 1>
ST_1 : Operation 15 [1/1] (0.00ns)   --->   "%br_ln27 = br i1 %icmp_ln27, void %for.body, void %for.end.exitStub" [MCTSSearcher.cpp:27]   --->   Operation 15 'br' 'br_ln27' <Predicate = true> <Delay = 0.00>
ST_1 : Operation 16 [1/1] (0.00ns)   --->   "%zext_ln29 = zext i32 %child_1" [MCTSSearcher.cpp:29]   --->   Operation 16 'zext' 'zext_ln29' <Predicate = (!icmp_ln27)> <Delay = 0.00>
ST_1 : Operation 17 [1/1] (0.00ns)   --->   "%this_visitCounts_addr = getelementptr i32 %this_visitCounts, i64 0, i64 %zext_ln29" [MCTSSearcher.cpp:29]   --->   Operation 17 'getelementptr' 'this_visitCounts_addr' <Predicate = (!icmp_ln27)> <Delay = 0.00>
ST_1 : Operation 18 [2/2] (1.23ns)   --->   "%childVisits = load i13 %this_visitCounts_addr" [MCTSSearcher.cpp:29]   --->   Operation 18 'load' 'childVisits' <Predicate = (!icmp_ln27)> <Delay = 1.23> <CoreInst = "RAM">   --->   Core 82 'RAM' <Latency = 1> <II = 1> <Delay = 1.23> <Storage> <Opcode : 'load' 'store'> <Ports = 2> <Width = 32> <Depth = 5100> <RAM>
ST_1 : Operation 19 [1/1] (0.00ns)   --->   "%this_nextSiblings_addr = getelementptr i32 %this_nextSiblings, i64 0, i64 %zext_ln29" [MCTSSearcher.cpp:27]   --->   Operation 19 'getelementptr' 'this_nextSiblings_addr' <Predicate = (!icmp_ln27)> <Delay = 0.00>
ST_1 : Operation 20 [2/2] (1.23ns)   --->   "%child_2 = load i13 %this_nextSiblings_addr" [MCTSSearcher.cpp:27]   --->   Operation 20 'load' 'child_2' <Predicate = (!icmp_ln27)> <Delay = 1.23> <CoreInst = "RAM">   --->   Core 82 'RAM' <Latency = 1> <II = 1> <Delay = 1.23> <Storage> <Opcode : 'load' 'store'> <Ports = 2> <Width = 32> <Depth = 5100> <RAM>

State 2 <SV = 1> <Delay = 3.12>
ST_2 : Operation 21 [1/1] (0.00ns)   --->   "%bestChildNode_1 = load i32 %bestChildNode" [MCTSSearcher.cpp:27]   --->   Operation 21 'load' 'bestChildNode_1' <Predicate = true> <Delay = 0.00>
ST_2 : Operation 22 [1/1] (0.00ns)   --->   "%trunc_ln27 = trunc i32 %bestChildNode_1" [MCTSSearcher.cpp:27]   --->   Operation 22 'trunc' 'trunc_ln27' <Predicate = true> <Delay = 0.00>
ST_2 : Operation 23 [1/1] (0.00ns)   --->   "%bestChildVisits_load = load i32 %bestChildVisits" [MCTSSearcher.cpp:30]   --->   Operation 23 'load' 'bestChildVisits_load' <Predicate = (!icmp_ln27)> <Delay = 0.00>
ST_2 : Operation 24 [1/1] (0.00ns)   --->   "%specpipeline_ln29 = specpipeline void @_ssdm_op_SpecPipeline, i32 4294967295, i32 0, i32 0, i32 0, void @empty_0" [MCTSSearcher.cpp:29]   --->   Operation 24 'specpipeline' 'specpipeline_ln29' <Predicate = (!icmp_ln27)> <Delay = 0.00>
ST_2 : Operation 25 [1/1] (0.00ns)   --->   "%specloopname_ln27 = specloopname void @_ssdm_op_SpecLoopName, void @empty_12" [MCTSSearcher.cpp:27]   --->   Operation 25 'specloopname' 'specloopname_ln27' <Predicate = (!icmp_ln27)> <Delay = 0.00>
ST_2 : Operation 26 [1/2] ( I:1.23ns O:1.23ns )   --->   "%childVisits = load i13 %this_visitCounts_addr" [MCTSSearcher.cpp:29]   --->   Operation 26 'load' 'childVisits' <Predicate = (!icmp_ln27)> <Delay = 1.23> <CoreInst = "RAM">   --->   Core 82 'RAM' <Latency = 1> <II = 1> <Delay = 1.23> <Storage> <Opcode : 'load' 'store'> <Ports = 2> <Width = 32> <Depth = 5100> <RAM>
ST_2 : Operation 27 [1/1] (1.01ns)   --->   "%icmp_ln30 = icmp_sgt  i32 %childVisits, i32 %bestChildVisits_load" [MCTSSearcher.cpp:30]   --->   Operation 27 'icmp' 'icmp_ln30' <Predicate = (!icmp_ln27)> <Delay = 1.01> <CoreInst = "Cmp">   --->   Core 9 'Cmp' <Latency = 0> <II = 1> <Delay = 1.01> <FuncUnit> <Opcode : 'seteq' 'setne' 'setle' 'setge' 'setlt' 'setgt'> <InPorts = 2> <OutPorts = 1>
ST_2 : Operation 28 [1/1] (0.44ns)   --->   "%bestChildNode_2 = select i1 %icmp_ln30, i32 %child_1, i32 %bestChildNode_1" [MCTSSearcher.cpp:30]   --->   Operation 28 'select' 'bestChildNode_2' <Predicate = (!icmp_ln27)> <Delay = 0.44> <CoreInst = "Sel">   --->   Core 73 'Sel' <Latency = 0> <II = 1> <Delay = 0.44> <FuncUnit> <Opcode : 'select'> <InPorts = 3> <OutPorts = 1>
ST_2 : Operation 29 [1/1] (0.44ns)   --->   "%bestChildVisits_1 = select i1 %icmp_ln30, i32 %childVisits, i32 %bestChildVisits_load" [MCTSSearcher.cpp:30]   --->   Operation 29 'select' 'bestChildVisits_1' <Predicate = (!icmp_ln27)> <Delay = 0.44> <CoreInst = "Sel">   --->   Core 73 'Sel' <Latency = 0> <II = 1> <Delay = 0.44> <FuncUnit> <Opcode : 'select'> <InPorts = 3> <OutPorts = 1>
ST_2 : Operation 30 [1/2] ( I:1.23ns O:1.23ns )   --->   "%child_2 = load i13 %this_nextSiblings_addr" [MCTSSearcher.cpp:27]   --->   Operation 30 'load' 'child_2' <Predicate = (!icmp_ln27)> <Delay = 1.23> <CoreInst = "RAM">   --->   Core 82 'RAM' <Latency = 1> <II = 1> <Delay = 1.23> <Storage> <Opcode : 'load' 'store'> <Ports = 2> <Width = 32> <Depth = 5100> <RAM>
ST_2 : Operation 31 [1/1] (0.42ns)   --->   "%store_ln22 = store i32 %bestChildNode_2, i32 %bestChildNode" [MCTSSearcher.cpp:22]   --->   Operation 31 'store' 'store_ln22' <Predicate = (!icmp_ln27)> <Delay = 0.42>
ST_2 : Operation 32 [1/1] (0.42ns)   --->   "%store_ln26 = store i32 %bestChildVisits_1, i32 %bestChildVisits" [MCTSSearcher.cpp:26]   --->   Operation 32 'store' 'store_ln26' <Predicate = (!icmp_ln27)> <Delay = 0.42>
ST_2 : Operation 33 [1/1] (0.42ns)   --->   "%store_ln27 = store i32 %child_2, i32 %child" [MCTSSearcher.cpp:27]   --->   Operation 33 'store' 'store_ln27' <Predicate = (!icmp_ln27)> <Delay = 0.42>
ST_2 : Operation 34 [1/1] (0.00ns)   --->   "%br_ln27 = br void %for.cond" [MCTSSearcher.cpp:27]   --->   Operation 34 'br' 'br_ln27' <Predicate = (!icmp_ln27)> <Delay = 0.00>
ST_2 : Operation 35 [1/1] (0.00ns)   --->   "%write_ln27 = write void @_ssdm_op_Write.ap_auto.i13P0A, i13 %bestChildNode_out, i13 %trunc_ln27" [MCTSSearcher.cpp:27]   --->   Operation 35 'write' 'write_ln27' <Predicate = (icmp_ln27)> <Delay = 0.00>
ST_2 : Operation 36 [1/1] (0.42ns)   --->   "%ret_ln0 = ret"   --->   Operation 36 'ret' 'ret_ln0' <Predicate = (icmp_ln27)> <Delay = 0.42>


============================================================
+ Verbose Summary: Binding
============================================================
STG Binding: 
---------------- STG Properties BEGIN ----------------
- Is combinational: 0
- Is one-state seq: 0
- Is datapath-only: 0
- Is pipelined: 0
- Is top level: 0
Port [ Return ] is wired: 1; IO mode=ap_ctrl_hs:ce=0
Port [ bestChildNode_3]:  wired=1; compound=0; hidden=0; nouse=0; global=0; static=0; extern=0; dir=0; type=0; pingpong=0; private_global=0; IO mode=ap_none:ce=0
Port [ this_visitCounts]:  wired=1; compound=1; hidden=0; nouse=0; global=0; static=0; extern=0; dir=0; type=1; pingpong=0; private_global=0; MemPort=[13]; IO mode=ap_memory:ce=0
Port [ this_nextSiblings]:  wired=1; compound=1; hidden=0; nouse=0; global=0; static=0; extern=0; dir=0; type=1; pingpong=0; private_global=0; MemPort=[13]; IO mode=ap_memory:ce=0
Port [ bestChildNode_out]:  wired=1; compound=0; hidden=0; nouse=0; global=0; static=0; extern=0; dir=1; type=0; pingpong=0; private_global=0; IO mode=ap_vld:ce=0
---------------- STG Properties END ------------------

---------------- Datapath Model BEGIN ----------------

<LifeTime>
<method=bitvector/>
child                  (alloca       ) [ 011]
bestChildVisits        (alloca       ) [ 011]
bestChildNode          (alloca       ) [ 011]
bestChildNode_3_read   (read         ) [ 000]
store_ln22             (store        ) [ 000]
store_ln26             (store        ) [ 000]
store_ln27             (store        ) [ 000]
br_ln0                 (br           ) [ 000]
child_1                (load         ) [ 011]
icmp_ln27              (icmp         ) [ 011]
br_ln27                (br           ) [ 000]
zext_ln29              (zext         ) [ 000]
this_visitCounts_addr  (getelementptr) [ 011]
this_nextSiblings_addr (getelementptr) [ 011]
bestChildNode_1        (load         ) [ 000]
trunc_ln27             (trunc        ) [ 000]
bestChildVisits_load   (load         ) [ 000]
specpipeline_ln29      (specpipeline ) [ 000]
specloopname_ln27      (specloopname ) [ 000]
childVisits            (load         ) [ 000]
icmp_ln30              (icmp         ) [ 000]
bestChildNode_2        (select       ) [ 000]
bestChildVisits_1      (select       ) [ 000]
child_2                (load         ) [ 000]
store_ln22             (store        ) [ 000]
store_ln26             (store        ) [ 000]
store_ln27             (store        ) [ 000]
br_ln27                (br           ) [ 000]
write_ln27             (write        ) [ 000]
ret_ln0                (ret          ) [ 000]
</LifeTime>

<model>

<comp_list>
<comp id="0" class="1000" name="bestChildNode_3">
<pin_list>
<pin id="1" dir="1" index="0" bw="1" slack="0"/>
</pin_list>
<bind>
<StgValue><ssdm name="bestChildNode_3"/></StgValue>
</bind>
</comp>

<comp id="2" class="1000" name="this_visitCounts">
<pin_list>
<pin id="3" dir="1" index="0" bw="1" slack="0"/>
</pin_list>
<bind>
<StgValue><ssdm name="this_visitCounts"/><MemPortTyVec>1 3 </MemPortTyVec>
</StgValue>
</bind>
</comp>

<comp id="4" class="1000" name="this_nextSiblings">
<pin_list>
<pin id="5" dir="1" index="0" bw="1" slack="0"/>
</pin_list>
<bind>
<StgValue><ssdm name="this_nextSiblings"/><MemPortTyVec>1 3 </MemPortTyVec>
</StgValue>
</bind>
</comp>

<comp id="6" class="1000" name="bestChildNode_out">
<pin_list>
<pin id="7" dir="1" index="0" bw="1" slack="0"/>
</pin_list>
<bind>
<StgValue><ssdm name="bestChildNode_out"/></StgValue>
</bind>
</comp>

<comp id="8" class="1001" name="const_8">
<pin_list>
<pin id="9" dir="1" index="0" bw="1" slack="0"/>
</pin_list>
<bind>
<StgValue><ssdm name=""/></StgValue>
</bind>
</comp>

<comp id="10" class="1001" name="const_10">
<pin_list>
<pin id="11" dir="1" index="0" bw="1" slack="0"/>
</pin_list>
<bind>
<StgValue><ssdm name="_ssdm_op_Read.ap_auto.i32"/></StgValue>
</bind>
</comp>

<comp id="12" class="1001" name="const_12">
<pin_list>
<pin id="13" dir="1" index="0" bw="1" slack="0"/>
</pin_list>
<bind>
<StgValue><ssdm name=""/></StgValue>
</bind>
</comp>

<comp id="14" class="1001" name="const_14">
<pin_list>
<pin id="15" dir="1" index="0" bw="1" slack="0"/>
</pin_list>
<bind>
<StgValue><ssdm name=""/></StgValue>
</bind>
</comp>

<comp id="16" class="1001" name="const_16">
<pin_list>
<pin id="17" dir="1" index="0" bw="1" slack="2147483647"/>
</pin_list>
<bind>
<StgValue><ssdm name="_ssdm_op_SpecPipeline"/></StgValue>
</bind>
</comp>

<comp id="18" class="1001" name="const_18">
<pin_list>
<pin id="19" dir="1" index="0" bw="1" slack="2147483647"/>
</pin_list>
<bind>
<StgValue><ssdm name=""/></StgValue>
</bind>
</comp>

<comp id="20" class="1001" name="const_20">
<pin_list>
<pin id="21" dir="1" index="0" bw="1" slack="2147483647"/>
</pin_list>
<bind>
<StgValue><ssdm name="empty_0"/></StgValue>
</bind>
</comp>

<comp id="22" class="1001" name="const_22">
<pin_list>
<pin id="23" dir="1" index="0" bw="1" slack="2147483647"/>
</pin_list>
<bind>
<StgValue><ssdm name="_ssdm_op_SpecLoopName"/></StgValue>
</bind>
</comp>

<comp id="24" class="1001" name="const_24">
<pin_list>
<pin id="25" dir="1" index="0" bw="1" slack="2147483647"/>
</pin_list>
<bind>
<StgValue><ssdm name="empty_12"/></StgValue>
</bind>
</comp>

<comp id="26" class="1001" name="const_26">
<pin_list>
<pin id="27" dir="1" index="0" bw="1" slack="0"/>
</pin_list>
<bind>
<StgValue><ssdm name="_ssdm_op_Write.ap_auto.i13P0A"/></StgValue>
</bind>
</comp>

<comp id="28" class="1004" name="child_fu_28">
<pin_list>
<pin id="29" dir="0" index="0" bw="1" slack="0"/>
<pin id="30" dir="1" index="1" bw="32" slack="0"/>
</pin_list>
<bind>
<opcode="alloca(26) " fcode="alloca"/>
<opset="child/1 "/>
</bind>
</comp>

<comp id="32" class="1004" name="bestChildVisits_fu_32">
<pin_list>
<pin id="33" dir="0" index="0" bw="1" slack="0"/>
<pin id="34" dir="1" index="1" bw="32" slack="0"/>
</pin_list>
<bind>
<opcode="alloca(26) " fcode="alloca"/>
<opset="bestChildVisits/1 "/>
</bind>
</comp>

<comp id="36" class="1004" name="bestChildNode_fu_36">
<pin_list>
<pin id="37" dir="0" index="0" bw="1" slack="0"/>
<pin id="38" dir="1" index="1" bw="32" slack="0"/>
</pin_list>
<bind>
<opcode="alloca(26) " fcode="alloca"/>
<opset="bestChildNode/1 "/>
</bind>
</comp>

<comp id="40" class="1004" name="bestChildNode_3_read_read_fu_40">
<pin_list>
<pin id="41" dir="0" index="0" bw="32" slack="0"/>
<pin id="42" dir="0" index="1" bw="32" slack="0"/>
<pin id="43" dir="1" index="2" bw="32" slack="0"/>
</pin_list>
<bind>
<opcode="read(1150) " fcode="read"/>
<opset="bestChildNode_3_read/1 "/>
</bind>
</comp>

<comp id="46" class="1004" name="write_ln27_write_fu_46">
<pin_list>
<pin id="47" dir="0" index="0" bw="0" slack="0"/>
<pin id="48" dir="0" index="1" bw="13" slack="0"/>
<pin id="49" dir="0" index="2" bw="13" slack="0"/>
<pin id="50" dir="1" index="3" bw="0" slack="2147483647"/>
</pin_list>
<bind>
<opcode="write(1151) " fcode="write"/>
<opset="write_ln27/2 "/>
</bind>
</comp>

<comp id="53" class="1004" name="this_visitCounts_addr_gep_fu_53">
<pin_list>
<pin id="54" dir="0" index="0" bw="32" slack="0"/>
<pin id="55" dir="0" index="1" bw="1" slack="0"/>
<pin id="56" dir="0" index="2" bw="32" slack="0"/>
<pin id="57" dir="1" index="3" bw="13" slack="0"/>
</pin_list>
<bind>
<opcode="getelementptr(29) " fcode="getelementptr"/>
<opset="this_visitCounts_addr/1 "/>
</bind>
</comp>

<comp id="60" class="1004" name="grp_access_fu_60">
<pin_list>
<pin id="61" dir="0" index="0" bw="13" slack="0"/>
<pin id="62" dir="0" index="1" bw="32" slack="2147483647"/>
<pin id="63" dir="0" index="2" bw="0" slack="2147483647"/>
<pin id="64" dir="1" index="3" bw="32" slack="0"/>
</pin_list>
<bind>
<opcode="load(27) " fcode="load"/>
<opset="childVisits/1 "/>
</bind>
</comp>

<comp id="66" class="1004" name="this_nextSiblings_addr_gep_fu_66">
<pin_list>
<pin id="67" dir="0" index="0" bw="32" slack="0"/>
<pin id="68" dir="0" index="1" bw="1" slack="0"/>
<pin id="69" dir="0" index="2" bw="32" slack="0"/>
<pin id="70" dir="1" index="3" bw="13" slack="0"/>
</pin_list>
<bind>
<opcode="getelementptr(29) " fcode="getelementptr"/>
<opset="this_nextSiblings_addr/1 "/>
</bind>
</comp>

<comp id="73" class="1004" name="grp_access_fu_73">
<pin_list>
<pin id="74" dir="0" index="0" bw="13" slack="0"/>
<pin id="75" dir="0" index="1" bw="32" slack="2147483647"/>
<pin id="76" dir="0" index="2" bw="0" slack="2147483647"/>
<pin id="77" dir="1" index="3" bw="32" slack="0"/>
</pin_list>
<bind>
<opcode="load(27) " fcode="load"/>
<opset="child_2/1 "/>
</bind>
</comp>

<comp id="79" class="1004" name="store_ln22_store_fu_79">
<pin_list>
<pin id="80" dir="0" index="0" bw="32" slack="0"/>
<pin id="81" dir="0" index="1" bw="32" slack="0"/>
<pin id="82" dir="1" index="2" bw="0" slack="2147483647"/>
</pin_list>
<bind>
<opcode="store(28) " fcode="store"/>
<opset="store_ln22/1 "/>
</bind>
</comp>

<comp id="84" class="1004" name="store_ln26_store_fu_84">
<pin_list>
<pin id="85" dir="0" index="0" bw="1" slack="0"/>
<pin id="86" dir="0" index="1" bw="32" slack="0"/>
<pin id="87" dir="1" index="2" bw="0" slack="2147483647"/>
</pin_list>
<bind>
<opcode="store(28) " fcode="store"/>
<opset="store_ln26/1 "/>
</bind>
</comp>

<comp id="89" class="1004" name="store_ln27_store_fu_89">
<pin_list>
<pin id="90" dir="0" index="0" bw="32" slack="0"/>
<pin id="91" dir="0" index="1" bw="32" slack="0"/>
<pin id="92" dir="1" index="2" bw="0" slack="2147483647"/>
</pin_list>
<bind>
<opcode="store(28) " fcode="store"/>
<opset="store_ln27/1 "/>
</bind>
</comp>

<comp id="94" class="1004" name="child_1_load_fu_94">
<pin_list>
<pin id="95" dir="0" index="0" bw="32" slack="0"/>
<pin id="96" dir="1" index="1" bw="32" slack="0"/>
</pin_list>
<bind>
<opcode="load(27) " fcode="load"/>
<opset="child_1/1 "/>
</bind>
</comp>

<comp id="97" class="1004" name="icmp_ln27_fu_97">
<pin_list>
<pin id="98" dir="0" index="0" bw="32" slack="0"/>
<pin id="99" dir="0" index="1" bw="1" slack="0"/>
<pin id="100" dir="1" index="2" bw="1" slack="1"/>
</pin_list>
<bind>
<opcode="icmp(45) " fcode="icmp"/>
<opset="icmp_ln27/1 "/>
</bind>
</comp>

<comp id="103" class="1004" name="zext_ln29_fu_103">
<pin_list>
<pin id="104" dir="0" index="0" bw="32" slack="0"/>
<pin id="105" dir="1" index="1" bw="64" slack="0"/>
</pin_list>
<bind>
<opcode="zext(34) " fcode="zext"/>
<opset="zext_ln29/1 "/>
</bind>
</comp>

<comp id="109" class="1004" name="bestChildNode_1_load_fu_109">
<pin_list>
<pin id="110" dir="0" index="0" bw="32" slack="1"/>
<pin id="111" dir="1" index="1" bw="32" slack="0"/>
</pin_list>
<bind>
<opcode="load(27) " fcode="load"/>
<opset="bestChildNode_1/2 "/>
</bind>
</comp>

<comp id="112" class="1004" name="trunc_ln27_fu_112">
<pin_list>
<pin id="113" dir="0" index="0" bw="32" slack="0"/>
<pin id="114" dir="1" index="1" bw="13" slack="0"/>
</pin_list>
<bind>
<opcode="trunc(33) " fcode="trunc"/>
<opset="trunc_ln27/2 "/>
</bind>
</comp>

<comp id="117" class="1004" name="bestChildVisits_load_load_fu_117">
<pin_list>
<pin id="118" dir="0" index="0" bw="32" slack="1"/>
<pin id="119" dir="1" index="1" bw="32" slack="0"/>
</pin_list>
<bind>
<opcode="load(27) " fcode="load"/>
<opset="bestChildVisits_load/2 "/>
</bind>
</comp>

<comp id="120" class="1004" name="icmp_ln30_fu_120">
<pin_list>
<pin id="121" dir="0" index="0" bw="32" slack="0"/>
<pin id="122" dir="0" index="1" bw="32" slack="0"/>
<pin id="123" dir="1" index="2" bw="1" slack="0"/>
</pin_list>
<bind>
<opcode="icmp(45) " fcode="icmp"/>
<opset="icmp_ln30/2 "/>
</bind>
</comp>

<comp id="126" class="1004" name="bestChildNode_2_fu_126">
<pin_list>
<pin id="127" dir="0" index="0" bw="1" slack="0"/>
<pin id="128" dir="0" index="1" bw="32" slack="1"/>
<pin id="129" dir="0" index="2" bw="32" slack="0"/>
<pin id="130" dir="1" index="3" bw="32" slack="0"/>
</pin_list>
<bind>
<opcode="select(49) " fcode="select"/>
<opset="bestChildNode_2/2 "/>
</bind>
</comp>

<comp id="133" class="1004" name="bestChildVisits_1_fu_133">
<pin_list>
<pin id="134" dir="0" index="0" bw="1" slack="0"/>
<pin id="135" dir="0" index="1" bw="32" slack="0"/>
<pin id="136" dir="0" index="2" bw="32" slack="0"/>
<pin id="137" dir="1" index="3" bw="32" slack="0"/>
</pin_list>
<bind>
<opcode="select(49) " fcode="select"/>
<opset="bestChildVisits_1/2 "/>
</bind>
</comp>

<comp id="141" class="1004" name="store_ln22_store_fu_141">
<pin_list>
<pin id="142" dir="0" index="0" bw="32" slack="0"/>
<pin id="143" dir="0" index="1" bw="32" slack="1"/>
<pin id="144" dir="1" index="2" bw="0" slack="2147483647"/>
</pin_list>
<bind>
<opcode="store(28) " fcode="store"/>
<opset="store_ln22/2 "/>
</bind>
</comp>

<comp id="146" class="1004" name="store_ln26_store_fu_146">
<pin_list>
<pin id="147" dir="0" index="0" bw="32" slack="0"/>
<pin id="148" dir="0" index="1" bw="32" slack="1"/>
<pin id="149" dir="1" index="2" bw="0" slack="2147483647"/>
</pin_list>
<bind>
<opcode="store(28) " fcode="store"/>
<opset="store_ln26/2 "/>
</bind>
</comp>

<comp id="151" class="1004" name="store_ln27_store_fu_151">
<pin_list>
<pin id="152" dir="0" index="0" bw="32" slack="0"/>
<pin id="153" dir="0" index="1" bw="32" slack="1"/>
<pin id="154" dir="1" index="2" bw="0" slack="2147483647"/>
</pin_list>
<bind>
<opcode="store(28) " fcode="store"/>
<opset="store_ln27/2 "/>
</bind>
</comp>

<comp id="156" class="1005" name="child_reg_156">
<pin_list>
<pin id="157" dir="0" index="0" bw="32" slack="0"/>
<pin id="158" dir="1" index="1" bw="32" slack="0"/>
</pin_list>
<bind>
<opset="child "/>
</bind>
</comp>

<comp id="163" class="1005" name="bestChildVisits_reg_163">
<pin_list>
<pin id="164" dir="0" index="0" bw="32" slack="0"/>
<pin id="165" dir="1" index="1" bw="32" slack="0"/>
</pin_list>
<bind>
<opset="bestChildVisits "/>
</bind>
</comp>

<comp id="170" class="1005" name="bestChildNode_reg_170">
<pin_list>
<pin id="171" dir="0" index="0" bw="32" slack="0"/>
<pin id="172" dir="1" index="1" bw="32" slack="0"/>
</pin_list>
<bind>
<opset="bestChildNode "/>
</bind>
</comp>

<comp id="177" class="1005" name="child_1_reg_177">
<pin_list>
<pin id="178" dir="0" index="0" bw="32" slack="1"/>
<pin id="179" dir="1" index="1" bw="32" slack="1"/>
</pin_list>
<bind>
<opset="child_1 "/>
</bind>
</comp>

<comp id="182" class="1005" name="icmp_ln27_reg_182">
<pin_list>
<pin id="183" dir="0" index="0" bw="1" slack="1"/>
<pin id="184" dir="1" index="1" bw="1" slack="2147483647"/>
</pin_list>
<bind>
<opset="icmp_ln27 "/>
</bind>
</comp>

<comp id="186" class="1005" name="this_visitCounts_addr_reg_186">
<pin_list>
<pin id="187" dir="0" index="0" bw="13" slack="1"/>
<pin id="188" dir="1" index="1" bw="13" slack="1"/>
</pin_list>
<bind>
<opset="this_visitCounts_addr "/>
</bind>
</comp>

<comp id="191" class="1005" name="this_nextSiblings_addr_reg_191">
<pin_list>
<pin id="192" dir="0" index="0" bw="13" slack="1"/>
<pin id="193" dir="1" index="1" bw="13" slack="1"/>
</pin_list>
<bind>
<opset="this_nextSiblings_addr "/>
</bind>
</comp>

</comp_list>

<net_list>
<net id="31"><net_src comp="8" pin="0"/><net_sink comp="28" pin=0"/></net>

<net id="35"><net_src comp="8" pin="0"/><net_sink comp="32" pin=0"/></net>

<net id="39"><net_src comp="8" pin="0"/><net_sink comp="36" pin=0"/></net>

<net id="44"><net_src comp="10" pin="0"/><net_sink comp="40" pin=0"/></net>

<net id="45"><net_src comp="0" pin="0"/><net_sink comp="40" pin=1"/></net>

<net id="51"><net_src comp="26" pin="0"/><net_sink comp="46" pin=0"/></net>

<net id="52"><net_src comp="6" pin="0"/><net_sink comp="46" pin=1"/></net>

<net id="58"><net_src comp="2" pin="0"/><net_sink comp="53" pin=0"/></net>

<net id="59"><net_src comp="14" pin="0"/><net_sink comp="53" pin=1"/></net>

<net id="65"><net_src comp="53" pin="3"/><net_sink comp="60" pin=0"/></net>

<net id="71"><net_src comp="4" pin="0"/><net_sink comp="66" pin=0"/></net>

<net id="72"><net_src comp="14" pin="0"/><net_sink comp="66" pin=1"/></net>

<net id="78"><net_src comp="66" pin="3"/><net_sink comp="73" pin=0"/></net>

<net id="83"><net_src comp="40" pin="2"/><net_sink comp="79" pin=0"/></net>

<net id="88"><net_src comp="12" pin="0"/><net_sink comp="84" pin=0"/></net>

<net id="93"><net_src comp="40" pin="2"/><net_sink comp="89" pin=0"/></net>

<net id="101"><net_src comp="94" pin="1"/><net_sink comp="97" pin=0"/></net>

<net id="102"><net_src comp="12" pin="0"/><net_sink comp="97" pin=1"/></net>

<net id="106"><net_src comp="94" pin="1"/><net_sink comp="103" pin=0"/></net>

<net id="107"><net_src comp="103" pin="1"/><net_sink comp="53" pin=2"/></net>

<net id="108"><net_src comp="103" pin="1"/><net_sink comp="66" pin=2"/></net>

<net id="115"><net_src comp="109" pin="1"/><net_sink comp="112" pin=0"/></net>

<net id="116"><net_src comp="112" pin="1"/><net_sink comp="46" pin=2"/></net>

<net id="124"><net_src comp="60" pin="3"/><net_sink comp="120" pin=0"/></net>

<net id="125"><net_src comp="117" pin="1"/><net_sink comp="120" pin=1"/></net>

<net id="131"><net_src comp="120" pin="2"/><net_sink comp="126" pin=0"/></net>

<net id="132"><net_src comp="109" pin="1"/><net_sink comp="126" pin=2"/></net>

<net id="138"><net_src comp="120" pin="2"/><net_sink comp="133" pin=0"/></net>

<net id="139"><net_src comp="60" pin="3"/><net_sink comp="133" pin=1"/></net>

<net id="140"><net_src comp="117" pin="1"/><net_sink comp="133" pin=2"/></net>

<net id="145"><net_src comp="126" pin="3"/><net_sink comp="141" pin=0"/></net>

<net id="150"><net_src comp="133" pin="3"/><net_sink comp="146" pin=0"/></net>

<net id="155"><net_src comp="73" pin="3"/><net_sink comp="151" pin=0"/></net>

<net id="159"><net_src comp="28" pin="1"/><net_sink comp="156" pin=0"/></net>

<net id="160"><net_src comp="156" pin="1"/><net_sink comp="89" pin=1"/></net>

<net id="161"><net_src comp="156" pin="1"/><net_sink comp="94" pin=0"/></net>

<net id="162"><net_src comp="156" pin="1"/><net_sink comp="151" pin=1"/></net>

<net id="166"><net_src comp="32" pin="1"/><net_sink comp="163" pin=0"/></net>

<net id="167"><net_src comp="163" pin="1"/><net_sink comp="84" pin=1"/></net>

<net id="168"><net_src comp="163" pin="1"/><net_sink comp="117" pin=0"/></net>

<net id="169"><net_src comp="163" pin="1"/><net_sink comp="146" pin=1"/></net>

<net id="173"><net_src comp="36" pin="1"/><net_sink comp="170" pin=0"/></net>

<net id="174"><net_src comp="170" pin="1"/><net_sink comp="79" pin=1"/></net>

<net id="175"><net_src comp="170" pin="1"/><net_sink comp="109" pin=0"/></net>

<net id="176"><net_src comp="170" pin="1"/><net_sink comp="141" pin=1"/></net>

<net id="180"><net_src comp="94" pin="1"/><net_sink comp="177" pin=0"/></net>

<net id="181"><net_src comp="177" pin="1"/><net_sink comp="126" pin=1"/></net>

<net id="185"><net_src comp="97" pin="2"/><net_sink comp="182" pin=0"/></net>

<net id="189"><net_src comp="53" pin="3"/><net_sink comp="186" pin=0"/></net>

<net id="190"><net_src comp="186" pin="1"/><net_sink comp="60" pin=0"/></net>

<net id="194"><net_src comp="66" pin="3"/><net_sink comp="191" pin=0"/></net>

<net id="195"><net_src comp="191" pin="1"/><net_sink comp="73" pin=0"/></net>

</net_list>

</model> 
---------------- Datapath Model END ------------------

* FSMD analyzer results:
  - Output states:
	Port: bestChildNode_out | {2 }
 - Input state : 
	Port: search_Pipeline_VITIS_LOOP_27_1 : bestChildNode_3 | {1 }
	Port: search_Pipeline_VITIS_LOOP_27_1 : this_visitCounts | {1 2 }
	Port: search_Pipeline_VITIS_LOOP_27_1 : this_nextSiblings | {1 2 }
  - Chain level:
	State 1
		store_ln26 : 1
		child_1 : 1
		icmp_ln27 : 2
		br_ln27 : 3
		zext_ln29 : 2
		this_visitCounts_addr : 3
		childVisits : 4
		this_nextSiblings_addr : 3
		child_2 : 4
	State 2
		trunc_ln27 : 1
		icmp_ln30 : 1
		bestChildNode_2 : 2
		bestChildVisits_1 : 2
		store_ln22 : 3
		store_ln26 : 3
		store_ln27 : 1
		write_ln27 : 2


============================================================
+ Verbose Summary: Datapath Resource usage 
============================================================

* Functional unit list:
|----------|---------------------------------|---------|---------|
| Operation|         Functional Unit         |    FF   |   LUT   |
|----------|---------------------------------|---------|---------|
|   icmp   |         icmp_ln27_fu_97         |    0    |    39   |
|          |         icmp_ln30_fu_120        |    0    |    39   |
|----------|---------------------------------|---------|---------|
|  select  |      bestChildNode_2_fu_126     |    0    |    32   |
|          |     bestChildVisits_1_fu_133    |    0    |    32   |
|----------|---------------------------------|---------|---------|
|   read   | bestChildNode_3_read_read_fu_40 |    0    |    0    |
|----------|---------------------------------|---------|---------|
|   write  |      write_ln27_write_fu_46     |    0    |    0    |
|----------|---------------------------------|---------|---------|
|   zext   |         zext_ln29_fu_103        |    0    |    0    |
|----------|---------------------------------|---------|---------|
|   trunc  |        trunc_ln27_fu_112        |    0    |    0    |
|----------|---------------------------------|---------|---------|
|   Total  |                                 |    0    |   142   |
|----------|---------------------------------|---------|---------|

Memories:
N/A

* Register list:
+------------------------------+--------+
|                              |   FF   |
+------------------------------+--------+
|     bestChildNode_reg_170    |   32   |
|    bestChildVisits_reg_163   |   32   |
|        child_1_reg_177       |   32   |
|         child_reg_156        |   32   |
|       icmp_ln27_reg_182      |    1   |
|this_nextSiblings_addr_reg_191|   13   |
| this_visitCounts_addr_reg_186|   13   |
+------------------------------+--------+
|             Total            |   155  |
+------------------------------+--------+

* Multiplexer (MUX) list: 
|------------------|------|------|------|--------||---------||---------||---------|
|       Comp       |  Pin | Size |  BW  | S x BW ||  Delay  ||    FF   ||   LUT   |
|------------------|------|------|------|--------||---------||---------||---------|
| grp_access_fu_60 |  p0  |   2  |  13  |   26   ||    0    ||    9    |
| grp_access_fu_73 |  p0  |   2  |  13  |   26   ||    0    ||    9    |
|------------------|------|------|------|--------||---------||---------||---------|
|       Total      |      |      |      |   52   ||  0.854  ||    0    ||    18   |
|------------------|------|------|------|--------||---------||---------||---------|



* Summary:
+-----------+--------+--------+--------+
|           |  Delay |   FF   |   LUT  |
+-----------+--------+--------+--------+
|  Function |    -   |    0   |   142  |
|   Memory  |    -   |    -   |    -   |
|Multiplexer|    0   |    0   |   18   |
|  Register |    -   |   155  |    -   |
+-----------+--------+--------+--------+
|   Total   |    0   |   155  |   160  |
+-----------+--------+--------+--------+
